2023-05-22 16:39:08.426 [main] INFO  org.restct.RESTCT -         9-th operation all parameters covering array size: 52, parameters: 18
2023-05-22 16:39:08.430 [main] INFO  org.restct.RESTCT - ****************************************************************************************************
2023-05-22 16:39:36.040 [main] INFO  org.restct.RESTCT -    unresolved parameters:
2023-05-22 16:39:36.044 [main] INFO  org.restct.RESTCT - Uncovered combinations: 8, sequence length: 9
2023-05-22 16:39:36.046 [main] INFO  org.restct.RESTCT - 1-th operation: get*https://dev.virtualearth.net/REST/v1/Imagery/Map/{imagerySet}/{query}
2023-05-22 16:39:36.495 [main] INFO  org.restct.RESTCT -         1-th operation essential parameters covering array size: 10, parameters: 2, constraints: 0
2023-05-22 16:39:42.442 [main] INFO  org.restct.RESTCT -         1-th operation all parameters covering array size: 44, parameters: 18
2023-05-22 16:39:42.442 [main] INFO  org.restct.RESTCT - ****************************************************************************************************
2023-05-22 16:39:48.332 [main] INFO  org.restct.RESTCT - Start running program.
2023-05-22 16:39:48.467 [main] INFO  org.restct.RESTCT - Operations: 5
2023-05-22 16:39:48.468 [main] INFO  org.restct.RESTCT - Examples found: 11
2023-05-22 16:39:48.509 [main] INFO  org.restct.RESTCT - Uncovered combinations: 10, sequence length: 5
2023-05-22 16:39:48.511 [main] INFO  org.restct.RESTCT - Uncovered combinations: 5, sequence length: 5
2023-05-22 16:39:48.513 [main] INFO  org.restct.RESTCT - Uncovered combinations: 2, sequence length: 4
2023-05-22 16:39:48.515 [main] INFO  org.restct.RESTCT - Uncovered combinations: 1, sequence length: 3
2023-05-22 16:39:48.516 [main] INFO  org.restct.RESTCT - Uncovered combinations: 0, sequence length: 2
2023-05-22 16:39:48.524 [main] INFO  org.restct.RESTCT - 1-th operation: get*http://dev.virtualearth.net/REST/v1/Locations
2023-05-22 16:39:48.547 [main] INFO  org.restct.RESTCT -         generate new domains...
2023-05-22 16:39:48.547 [main] INFO  org.restct.RESTCT -             key: 1 - [Enum=AlHl96AYbOKB8QxE_ETFXpSNVAFZP6wx0k30DlO7X8OIc3CzRtbUFThxUEj_byNG]
2023-05-22 16:39:49.066 [main] INFO  org.restct.RESTCT -         1-th operation essential parameters covering array size: 1, parameters: 1, constraints: 0
2023-05-22 16:39:51.892 [main] INFO  org.restct.RESTCT -         1-th operation all parameters covering array size: 15, parameters: 10
2023-05-22 16:39:51.903 [main] INFO  org.restct.RESTCT - ****************************************************************************************************
