2023-05-22 00:44:18.228 [main] INFO  org.restct.RESTCT - Start running program.
2023-05-22 00:44:18.743 [main] INFO  org.restct.RESTCT - Operations: 14
2023-05-22 00:44:18.744 [main] INFO  org.restct.RESTCT - Examples found: 18
2023-05-22 00:44:18.875 [main] INFO  org.restct.RESTCT - Uncovered combinations: 91, sequence length: 14
2023-05-22 00:44:18.911 [main] INFO  org.restct.RESTCT - Uncovered combinations: 66, sequence length: 14
2023-05-22 00:44:18.950 [main] INFO  org.restct.RESTCT - Uncovered combinations: 46, sequence length: 13
2023-05-22 00:44:18.971 [main] INFO  org.restct.RESTCT - Uncovered combinations: 28, sequence length: 12
2023-05-22 00:44:18.985 [main] INFO  org.restct.RESTCT - Uncovered combinations: 16, sequence length: 11
2023-05-22 00:44:18.992 [main] INFO  org.restct.RESTCT - Uncovered combinations: 5, sequence length: 9
2023-05-22 00:44:18.999 [main] INFO  org.restct.RESTCT - Uncovered combinations: 2, sequence length: 6
2023-05-22 00:44:19.007 [main] INFO  org.restct.RESTCT - Uncovered combinations: 0, sequence length: 4
2023-05-22 00:44:19.016 [main] INFO  org.restct.RESTCT - 1-th operation: get*http://dev.virtualearth.net/REST/v1/Routes/LocalInsights
2023-05-22 00:44:20.157 [main] INFO  org.restct.RESTCT -         1-th operation essential parameters covering array size: 14, parameters: 3, constraints: 0
2023-05-22 00:44:23.274 [main] INFO  org.restct.RESTCT -         1-th operation all parameters covering array size: 35, parameters: 10
2023-05-22 00:44:23.290 [main] INFO  org.restct.RESTCT - ****************************************************************************************************
2023-05-22 00:44:43.504 [main] INFO  org.restct.RESTCT - 2-th operation: get*http://dev.virtualearth.net/REST/v1/Routes
2023-05-22 00:44:44.296 [main] INFO  org.restct.RESTCT -         2-th operation essential parameters covering array size: 2, parameters: 2, constraints: 0
2023-05-22 00:44:45.020 [main] INFO  org.restct.RESTCT -         2-th operation all parameters covering array size: 51, parameters: 17
2023-05-22 00:44:45.022 [main] INFO  org.restct.RESTCT - ****************************************************************************************************
2023-05-22 00:44:52.569 [main] INFO  org.restct.RESTCT - 3-th operation: post*http://dev.virtualearth.net/REST/v1/Routes/OptimizeItineraryAsync
2023-05-22 00:44:52.971 [main] ERROR org.restct.RESTCT - Program execution failed: Index: 1, Size: 1
java.lang.IndexOutOfBoundsException: Index: 1, Size: 1
	at java.util.ArrayList.rangeCheck(ArrayList.java:657) ~[?:1.8.0_231]
	at java.util.ArrayList.get(ArrayList.java:433) ~[?:1.8.0_231]
	at org.restct.ACTS.parseOutput(CoveringArray.java:635) ~[classes/:?]
	at org.restct.ACTS.run(CoveringArray.java:656) ~[classes/:?]
	at org.restct.CoveringArray.genEssentialParamsCase(CoveringArray.java:205) ~[classes/:?]
	at org.restct.CoveringArray.run(CoveringArray.java:99) ~[classes/:?]
	at org.restct.RESTCT.run(RESTCT.java:121) [classes/:?]
	at org.restct.Main.main(Main.java:11) [classes/:?]
2023-05-22 00:44:52.983 [main] INFO  org.restct.RESTCT - Program execution time: 38073 ms.
