2023-05-22 15:40:00.520 [main] DEBUG org.restct.RESTCT - ACTS Exited with code 0
2023-05-22 15:40:00.562 [main] INFO  org.restct.RESTCT -         1-th operation essential parameters covering array size: 1, parameters: 1, constraints: 0
2023-05-22 15:40:01.736 [main] DEBUG org.restct.RESTCT -         generate new domains...
2023-05-22 15:40:01.737 [main] DEBUG org.restct.RESTCT -             userLocation: 3 - [NULL=null, Default=48.604311,-122.981998,5000, Random=48.604311,-1d22.981998,5000]
2023-05-22 15:40:01.737 [main] DEBUG org.restct.RESTCT -             userCircularMapView: 3 - [NULL=null, Default=48.604311,-122.981998,5000, Random=48.604311,-122.98i1998,5000]
2023-05-22 15:40:01.737 [main] DEBUG org.restct.RESTCT -             query: 3 - [Default=White%20House, NULL=null, Random=Whie%20House]
2023-05-22 15:40:01.738 [main] DEBUG org.restct.RESTCT -             userMapView: 3 - [Random=29.8171041,-122.98195,48.604311,-95.5413725, NULL=null, Default=29.8171041,-122.981995,48.604311,-95.5413725]
2023-05-22 15:40:01.738 [main] DEBUG org.restct.RESTCT -             key: 1 - [Enum=AlHl96AYbOKB8QxE_ETFXpSNVAFZP6wx0k30DlO7X8OIc3CzRtbUFThxUEj_byNG]
2023-05-22 15:40:01.738 [main] DEBUG org.restct.RESTCT -             maxResults: 2 - [NULL=null, Default=5]
2023-05-22 15:40:01.739 [main] DEBUG org.restct.RESTCT -             type: 8 - [Enum=Parking, NULL=null, Enum=EatDrink, Enum=HotelsAndMotels, Enum=Shop, Enum=SeeDo, Enum=BanksAndCreditUnions, Enum=Hospitals]
2023-05-22 15:40:02.219 [main] DEBUG org.restct.RESTCT - ACTS Exited with code 0
2023-05-22 15:40:02.219 [main] INFO  org.restct.RESTCT -         1-th operation all parameters covering array size: 24, parameters: 7
2023-05-22 15:40:02.231 [main] INFO  org.restct.RESTCT - ****************************************************************************************************
2023-05-22 15:40:08.954 [main] INFO  org.restct.RESTCT - 2-th operation: get*http://dev.virtualearth.net/REST/v1/Locations/{point}
2023-05-22 15:40:08.955 [main] DEBUG org.restct.RESTCT -         generate new domains...
2023-05-22 15:40:08.955 [main] DEBUG org.restct.RESTCT -             key: 1 - [Enum]
2023-05-22 15:40:08.955 [main] DEBUG org.restct.RESTCT -             point: 2 - [Random, Default]
2023-05-22 15:40:09.880 [main] DEBUG org.restct.RESTCT - ACTS Exited with code 0
2023-05-22 15:40:09.882 [main] INFO  org.restct.RESTCT -         2-th operation essential parameters covering array size: 2, parameters: 2, constraints: 0
2023-05-22 15:40:10.502 [main] DEBUG org.restct.RESTCT -         generate new domains...
2023-05-22 15:40:10.502 [main] DEBUG org.restct.RESTCT -             key: 1 - [Enum=AlHl96AYbOKB8QxE_ETFXpSNVAFZP6wx0k30DlO7X8OIc3CzRtbUFThxUEj_byNG]
2023-05-22 15:40:10.503 [main] DEBUG org.restct.RESTCT -             point: 2 - [Default=47.64054,-122.12934, Random=47.64054,-122.f12934]
2023-05-22 15:40:10.503 [main] DEBUG org.restct.RESTCT -             includeNeighborhood: 3 - [NULL=null, Enum=0, Enum=1]
2023-05-22 15:40:10.503 [main] DEBUG org.restct.RESTCT -             includeEntityTypes: 8 - [Enum=Address, NULL=null, Enum=Neighborhood, Enum=AdminDivision1, Enum=PopulatedPlace, Enum=Postcode1, Enum=AdminDivision2, Enum=CountryRegion]
2023-05-22 15:40:10.503 [main] DEBUG org.restct.RESTCT -             include: 2 - [NULL=null, Enum=ciso2]
2023-05-22 15:40:10.504 [main] DEBUG org.restct.RESTCT -             verboseplacenames: 3 - [Enum=false, NULL=null, Enum=true]
2023-05-22 15:40:11.051 [main] DEBUG org.restct.RESTCT - ACTS Exited with code 0
2023-05-22 15:40:11.053 [main] INFO  org.restct.RESTCT -         2-th operation all parameters covering array size: 24, parameters: 6
2023-05-22 15:40:11.053 [main] INFO  org.restct.RESTCT - ****************************************************************************************************
2023-05-22 15:40:19.373 [main] INFO  org.restct.RESTCT - 3-th operation: get*http://dev.virtualearth.net/REST/v1/Locations
2023-05-22 15:40:19.374 [main] DEBUG org.restct.RESTCT -         generate new domains...
2023-05-22 15:40:19.375 [main] DEBUG org.restct.RESTCT -             key: 1 - [Enum]
2023-05-22 15:40:20.104 [main] DEBUG org.restct.RESTCT - ACTS Exited with code 0
2023-05-22 15:40:20.104 [main] INFO  org.restct.RESTCT -         3-th operation essential parameters covering array size: 1, parameters: 1, constraints: 0
2023-05-22 15:40:20.612 [main] DEBUG org.restct.RESTCT -         generate new domains...
2023-05-22 15:40:20.612 [main] DEBUG org.restct.RESTCT -             include: 2 - [NULL=null, Enum=ciso2]
2023-05-22 15:40:20.612 [main] DEBUG org.restct.RESTCT -             key: 1 - [Enum=AlHl96AYbOKB8QxE_ETFXpSNVAFZP6wx0k30DlO7X8OIc3CzRtbUFThxUEj_byNG]
2023-05-22 15:40:20.613 [main] DEBUG org.restct.RESTCT -             postalCode: 3 - [NULL=null, Default=98178, Random=9878]
2023-05-22 15:40:20.613 [main] DEBUG org.restct.RESTCT -             maxResults: 4 - [Random=18, NULL=null, Random=17, Random=9]
2023-05-22 15:40:20.613 [main] DEBUG org.restct.RESTCT -             includeNeighborhood: 3 - [NULL=null, Enum=0, Enum=1]
2023-05-22 15:40:20.614 [main] DEBUG org.restct.RESTCT -             strictMatch: 3 - [NULL=null, Enum=0, Enum=1]
2023-05-22 15:40:20.614 [main] DEBUG org.restct.RESTCT -             adminDistrict: 3 - [Default=WA, NULL=null, Random=W]
2023-05-22 15:40:20.615 [main] DEBUG org.restct.RESTCT -             locality: 3 - [Random=Settle, Default=Seattle, NULL=null]
2023-05-22 15:40:20.615 [main] DEBUG org.restct.RESTCT -             countryRegion: 3 - [Random=mAU, NULL=null, Default=AU]
2023-05-22 15:40:20.616 [main] DEBUG org.restct.RESTCT -             addressLine: 3 - [NULL=null, Default=1 Microsoft Way, Random=1 Microsoft Wa]
2023-05-22 15:40:21.275 [main] DEBUG org.restct.RESTCT - ACTS Exited with code 0
2023-05-22 15:40:21.276 [main] INFO  org.restct.RESTCT -         3-th operation all parameters covering array size: 15, parameters: 10
2023-05-22 15:40:21.277 [main] INFO  org.restct.RESTCT - ****************************************************************************************************
2023-05-22 15:40:28.385 [main] INFO  org.restct.RESTCT - 4-th operation: get*http://dev.virtualearth.net/REST/v1/Locations/{query}
2023-05-22 15:40:28.386 [main] DEBUG org.restct.RESTCT -         generate new domains...
2023-05-22 15:40:28.386 [main] DEBUG org.restct.RESTCT -             key: 1 - [Enum]
2023-05-22 15:40:28.387 [main] DEBUG org.restct.RESTCT -             query: 2 - [Random, Default]
2023-05-22 15:40:28.763 [main] DEBUG org.restct.RESTCT - ACTS Exited with code 0
2023-05-22 15:40:28.764 [main] INFO  org.restct.RESTCT -         4-th operation essential parameters covering array size: 2, parameters: 2, constraints: 0
2023-05-22 15:40:30.369 [main] DEBUG org.restct.RESTCT -         generate new domains...
2023-05-22 15:40:30.370 [main] DEBUG org.restct.RESTCT -             key: 1 - [Enum=AlHl96AYbOKB8QxE_ETFXpSNVAFZP6wx0k30DlO7X8OIc3CzRtbUFThxUEj_byNG]
2023-05-22 15:40:30.370 [main] DEBUG org.restct.RESTCT -             includeNeighborhood: 3 - [NULL=null, Enum=0, Enum=1]
2023-05-22 15:40:30.370 [main] DEBUG org.restct.RESTCT -             include: 5 - [Enum=queryParse, ciso2, NULL=null, Enum=queryParse, Enum=ciso2, Enum=ciso2, queryParse]
2023-05-22 15:40:30.371 [main] DEBUG org.restct.RESTCT -             query: 1 - [Default=White%20House]
2023-05-22 15:40:30.371 [main] DEBUG org.restct.RESTCT -             maxResults: 4 - [NULL=null, Random=1, Random=9]
2023-05-22 15:40:30.781 [main] DEBUG org.restct.RESTCT - ACTS Exited with code 0
2023-05-22 15:40:30.782 [main] INFO  org.restct.RESTCT -         4-th operation all parameters covering array size: 20, parameters: 5
2023-05-22 15:40:30.782 [main] INFO  org.restct.RESTCT - ****************************************************************************************************
2023-05-22 15:40:43.375 [main] INFO  org.restct.RESTCT - 5-th operation: get*http://dev.virtualearth.net/REST/v1/LocationRecog/{point}
2023-05-22 15:40:43.378 [main] DEBUG org.restct.RESTCT -         generate new domains...
2023-05-22 15:40:43.379 [main] DEBUG org.restct.RESTCT -             point: 2 - [Random, Default]
2023-05-22 15:40:43.381 [main] DEBUG org.restct.RESTCT -             key: 1 - [Enum]
2023-05-22 15:40:43.755 [main] DEBUG org.restct.RESTCT - ACTS Exited with code 0
2023-05-22 15:40:43.756 [main] INFO  org.restct.RESTCT -         5-th operation essential parameters covering array size: 2, parameters: 2, constraints: 0
2023-05-22 15:40:44.560 [main] DEBUG org.restct.RESTCT -         generate new domains...
2023-05-22 15:40:44.560 [main] DEBUG org.restct.RESTCT -             radius: 4 - [Random=0, NULL=null, Random=1]
2023-05-22 15:40:44.561 [main] DEBUG org.restct.RESTCT -             type: 8 - [Enum=Parking, NULL=null, Enum=EatDrink, Enum=HotelsAndMotels, Enum=Shop, Enum=SeeDo, Enum=BanksAndCreditUnions, Enum=Hospitals]
2023-05-22 15:40:44.561 [main] DEBUG org.restct.RESTCT -             includeEntityTypes: 4 - [Enum=businessAndPOI, NULL=null, Enum=address, Enum=naturalPOI]
2023-05-22 15:40:44.561 [main] DEBUG org.restct.RESTCT -             point: 1 - [Default=47.64054,-122.12934]
2023-05-22 15:40:44.562 [main] DEBUG org.restct.RESTCT -             top: 4 - [NULL=null, Random=12, Random=7, Random=9]
2023-05-22 15:40:44.562 [main] DEBUG org.restct.RESTCT -             key: 1 - [Enum=AlHl96AYbOKB8QxE_ETFXpSNVAFZP6wx0k30DlO7X8OIc3CzRtbUFThxUEj_byNG]
2023-05-22 15:40:44.562 [main] DEBUG org.restct.RESTCT -             dateTime: 3 - [Random=201y8-05-09 13:34:42Z, NULL=null, Default=2018-05-09 13:34:42Z]
2023-05-22 15:40:44.563 [main] DEBUG org.restct.RESTCT -             distanceUnit: 5 - [Enum=mile, Enum=kilometer, NULL=null, Enum=ml, Enum=km]
2023-05-22 15:40:44.563 [main] DEBUG org.restct.RESTCT -             output: 3 - [Enum=XML, NULL=null, Enum=JSON]
2023-05-22 15:40:44.563 [main] DEBUG org.restct.RESTCT -             verboseplacenames: 3 - [Enum=false, NULL=null, Enum=true]
2023-05-22 15:40:45.214 [main] DEBUG org.restct.RESTCT - ACTS Exited with code 0
2023-05-22 15:40:45.215 [main] INFO  org.restct.RESTCT -         5-th operation all parameters covering array size: 40, parameters: 10
2023-05-22 15:40:45.215 [main] INFO  org.restct.RESTCT - ****************************************************************************************************
