2023-05-22 16:51:02.714 [main] INFO  org.restct.RESTCT -    unresolved parameters:
2023-05-22 16:51:02.727 [main] INFO  org.restct.RESTCT - 1-th operation: get*http://dev.virtualearth.net/REST/v1/Locations/{query}
2023-05-22 16:51:02.728 [main] INFO  org.restct.RESTCT -         generate new domains...
2023-05-22 16:51:02.728 [main] INFO  org.restct.RESTCT -             key: 1 - [Enum=AlHl96AYbOKB8QxE_ETFXpSNVAFZP6wx0k30DlO7X8OIc3CzRtbUFThxUEj_byNG]
2023-05-22 16:51:02.728 [main] INFO  org.restct.RESTCT -             query: 2 - [Random=Whte%20House, Default=White%20House]
2023-05-22 16:51:03.721 [main] INFO  org.restct.RESTCT -         1-th operation essential parameters covering array size: 2, parameters: 2, constraints: 0
2023-05-22 16:51:05.032 [main] INFO  org.restct.RESTCT -         1-th operation all parameters covering array size: 20, parameters: 5
2023-05-22 16:51:05.033 [main] INFO  org.restct.RESTCT - ****************************************************************************************************
2023-05-22 16:51:16.705 [main] INFO  org.restct.RESTCT - 2-th operation: get*http://dev.virtualearth.net/REST/v1/Locations
2023-05-22 16:51:16.705 [main] INFO  org.restct.RESTCT -         generate new domains...
2023-05-22 16:51:16.706 [main] INFO  org.restct.RESTCT -             key: 1 - [Enum=AlHl96AYbOKB8QxE_ETFXpSNVAFZP6wx0k30DlO7X8OIc3CzRtbUFThxUEj_byNG]
2023-05-22 16:51:17.182 [main] INFO  org.restct.RESTCT -         2-th operation essential parameters covering array size: 1, parameters: 1, constraints: 0
2023-05-22 16:51:18.413 [main] INFO  org.restct.RESTCT -         2-th operation all parameters covering array size: 15, parameters: 10
2023-05-22 16:51:18.413 [main] INFO  org.restct.RESTCT - ****************************************************************************************************
2023-05-22 16:51:26.593 [main] INFO  org.restct.RESTCT - 3-th operation: get*http://dev.virtualearth.net/REST/v1/LocationRecog/{point}
2023-05-22 16:51:26.593 [main] INFO  org.restct.RESTCT -         generate new domains...
2023-05-22 16:51:26.594 [main] INFO  org.restct.RESTCT -             point: 1 - [Default=47.64054,-122.12934]
2023-05-22 16:51:26.594 [main] INFO  org.restct.RESTCT -             key: 1 - [Enum=AlHl96AYbOKB8QxE_ETFXpSNVAFZP6wx0k30DlO7X8OIc3CzRtbUFThxUEj_byNG]
2023-05-22 16:51:27.016 [main] INFO  org.restct.RESTCT -         3-th operation essential parameters covering array size: 1, parameters: 2, constraints: 0
2023-05-22 16:51:27.920 [main] INFO  org.restct.RESTCT -         3-th operation all parameters covering array size: 40, parameters: 10
2023-05-22 16:51:27.920 [main] INFO  org.restct.RESTCT - ****************************************************************************************************
2023-05-22 16:51:43.964 [main] INFO  org.restct.RESTCT - 4-th operation: get*http://dev.virtualearth.net/REST/v1/Locations/{point}
2023-05-22 16:51:43.965 [main] INFO  org.restct.RESTCT -         generate new domains...
2023-05-22 16:51:43.966 [main] INFO  org.restct.RESTCT -             key: 1 - [Enum=AlHl96AYbOKB8QxE_ETFXpSNVAFZP6wx0k30DlO7X8OIc3CzRtbUFThxUEj_byNG]
2023-05-22 16:51:43.966 [main] INFO  org.restct.RESTCT -             point: 2 - [Random=47.6054,-122.12934, Default=47.64054,-122.12934]
2023-05-22 16:51:44.333 [main] INFO  org.restct.RESTCT -         4-th operation essential parameters covering array size: 2, parameters: 2, constraints: 0
2023-05-22 16:51:45.682 [main] INFO  org.restct.RESTCT -         4-th operation all parameters covering array size: 24, parameters: 6
2023-05-22 16:51:45.683 [main] INFO  org.restct.RESTCT - ****************************************************************************************************
2023-05-22 16:51:56.681 [main] INFO  org.restct.RESTCT -    unresolved parameters:
2023-05-22 16:51:56.684 [main] INFO  org.restct.RESTCT - 1-th operation: get*http://dev.virtualearth.net/REST/v1/Locations/{point}
2023-05-22 16:51:56.684 [main] INFO  org.restct.RESTCT -         generate new domains...
2023-05-22 16:51:56.684 [main] INFO  org.restct.RESTCT -             key: 1 - [Enum=AlHl96AYbOKB8QxE_ETFXpSNVAFZP6wx0k30DlO7X8OIc3CzRtbUFThxUEj_byNG]
2023-05-22 16:51:56.685 [main] INFO  org.restct.RESTCT -             point: 2 - [Random=47.6054,-122.12934, Default=47.64054,-122.12934]
2023-05-22 16:51:57.190 [main] INFO  org.restct.RESTCT -         1-th operation essential parameters covering array size: 2, parameters: 2, constraints: 0
2023-05-22 16:51:58.485 [main] INFO  org.restct.RESTCT -         1-th operation all parameters covering array size: 24, parameters: 6
2023-05-22 16:51:58.485 [main] INFO  org.restct.RESTCT - ****************************************************************************************************
