2023-05-22 14:50:05.161 [main] INFO  org.restct.RESTCT - 2-th operation: get*https://dev.virtualearth.net/REST/v1/Imagery/Map/Streetside/{centerPoint}/{zoomLevel}
2023-05-22 14:50:05.706 [main] INFO  org.restct.RESTCT -         2-th operation essential parameters covering array size: 6, parameters: 3, constraints: 0
2023-05-22 14:50:09.788 [main] INFO  org.restct.RESTCT -         2-th operation all parameters covering array size: 25, parameters: 18
2023-05-22 14:50:09.788 [main] INFO  org.restct.RESTCT - ****************************************************************************************************
2023-05-22 14:50:21.181 [main] INFO  org.restct.RESTCT -         2-th operation essential parameters covering array size: 6, parameters: 3, constraints: 0
2023-05-22 14:50:25.537 [main] INFO  org.restct.RESTCT -         2-th operation all parameters covering array size: 25, parameters: 18
2023-05-22 14:50:25.537 [main] INFO  org.restct.RESTCT - ****************************************************************************************************
2023-05-22 14:50:36.562 [main] INFO  org.restct.RESTCT -         2-th operation essential parameters covering array size: 6, parameters: 3, constraints: 0
2023-05-22 14:50:40.806 [main] INFO  org.restct.RESTCT -         2-th operation all parameters covering array size: 25, parameters: 18
2023-05-22 14:50:40.806 [main] INFO  org.restct.RESTCT - ****************************************************************************************************
2023-05-22 14:50:50.935 [main] INFO  org.restct.RESTCT - 3-th operation: get*https://dev.virtualearth.net/REST/v1/Imagery/Map/{imagerySet}/{query}
2023-05-22 14:50:51.707 [main] INFO  org.restct.RESTCT -         3-th operation essential parameters covering array size: 10, parameters: 2, constraints: 0
2023-05-22 14:50:57.764 [main] INFO  org.restct.RESTCT -         3-th operation all parameters covering array size: 44, parameters: 18
2023-05-22 14:50:57.766 [main] INFO  org.restct.RESTCT - ****************************************************************************************************
d combinations: 45, sequence length: 10
2023-05-22 14:50:52.788 [main] INFO  org.restct.RESTCT - Uncovered combinations: 26, sequence length: 10
2023-05-22 14:50:52.793 [main] INFO  org.restct.RESTCT - Uncovered combinations: 17, sequence length: 9
2023-05-22 14:50:52.799 [main] INFO  org.restct.RESTCT - Uncovered combinations: 4, sequence length: 8
2023-05-22 14:50:52.806 [main] INFO  org.restct.RESTCT - Uncovered combinations: 0, sequence length: 5
2023-05-22 14:50:52.812 [main] INFO  org.restct.RESTCT - 1-th operation: get*https://dev.virtualearth.net/REST/v1/Imagery/BasicMetadata/{imagerySet}/{centerPoint}
2023-05-22 14:50:52.823 [main] INFO  org.restct.RESTCT -         generate new domains...
2023-05-22 14:50:52.823 [main] INFO  org.restct.RESTCT -             centerPoint: 2 - [Random=47.610,-122.07, Default=47.610,-122.107]
2023-05-22 14:50:52.824 [main] INFO  org.restct.RESTCT -             key: 1 - [Enum=Av4fQ9XDFL4V7pk6Y0_gwG71JhO_ABjvJDdudpG8bztUgaHiWllH7Dmo9IYnwgVb]
2023-05-22 14:50:52.824 [main] INFO  org.restct.RESTCT -             imagerySet: 11 - [Enum=Aerial, Enum=AerialWithLabels, Enum=AerialWithLabelsOnDemand, Enum=Birdseye, Enum=BirdseyeWithLabels, Enum=BirdseyeV2, Enum=BirdseyeV2WithLabels, Enum=CanvasDark, Enum=CanvasLight, Enum=CanvasGray, Enum=OrdnanceSurvey]
2023-05-22 14:50:53.359 [main] INFO  org.restct.RESTCT -         1-th operation essential parameters covering array size: 22, parameters: 3, constraints: 0
