2023-05-22 14:52:01.102 [main] INFO  org.restct.RESTCT -         2-th operation all parameters covering array size: 44, parameters: 18
2023-05-22 14:52:01.112 [main] INFO  org.restct.RESTCT - ****************************************************************************************************
2023-05-22 14:52:13.068 [main] INFO  org.restct.RESTCT - 3-th operation: get*https://dev.virtualearth.net/REST/v1/Imagery/Metadata/{imagerySet}/{centerPoint}
2023-05-22 14:52:13.069 [main] INFO  org.restct.RESTCT -         generate new domains...
2023-05-22 14:52:13.070 [main] INFO  org.restct.RESTCT -             imagerySet: 11 - [Enum=Aerial, Enum=AerialWithLabels, Enum=AerialWithLabelsOnDemand, Enum=Birdseye, Enum=BirdseyeWithLabels, Enum=BirdseyeV2, Enum=BirdseyeV2WithLabels, Enum=CanvasDark, Enum=CanvasLight, Enum=CanvasGray, Enum=OrdnanceSurvey]
2023-05-22 14:52:13.071 [main] INFO  org.restct.RESTCT -             centerPoint: 2 - [Random=47.10,-122.107, Default=47.610,-122.107]
2023-05-22 14:52:13.071 [main] INFO  org.restct.RESTCT -             key: 1 - [Enum=Av4fQ9XDFL4V7pk6Y0_gwG71JhO_ABjvJDdudpG8bztUgaHiWllH7Dmo9IYnwgVb]
2023-05-22 14:52:13.413 [main] INFO  org.restct.RESTCT -         3-th operation essential parameters covering array size: 22, parameters: 3, constraints: 0
2023-05-22 14:52:21.002 [main] INFO  org.restct.RESTCT -         3-th operation all parameters covering array size: 66, parameters: 8
2023-05-22 14:52:21.003 [main] INFO  org.restct.RESTCT - ****************************************************************************************************
2023-05-22 14:52:44.267 [main] INFO  org.restct.RESTCT - 4-th operation: get*https://dev.virtualearth.net/REST/v1/Imagery/Map/Streetside/{centerPoint}/{zoomLevel}
2023-05-22 14:52:44.269 [main] INFO  org.restct.RESTCT -         generate new domains...
2023-05-22 14:52:44.269 [main] INFO  org.restct.RESTCT -             centerPoint: 2 - [Random=47.61x0,-122.107, Default=47.610,-122.107]
2023-05-22 14:52:44.270 [main] INFO  org.restct.RESTCT -             zoomLevel: 3 - [Random=11, Random=5, Random=15]
2023-05-22 14:52:44.270 [main] INFO  org.restct.RESTCT -             key: 1 - [Enum=Av4fQ9XDFL4V7pk6Y0_gwG71JhO_ABjvJDdudpG8bztUgaHiWllH7Dmo9IYnwgVb]
2023-05-22 14:52:44.620 [main] INFO  org.restct.RESTCT -         4-th operation essential parameters covering array size: 6, parameters: 3, constraints: 0
2023-05-22 14:52:47.896 [main] INFO  org.restct.RESTCT -         4-th operation all parameters covering array size: 25, parameters: 18
2023-05-22 14:52:47.896 [main] INFO  org.restct.RESTCT - ****************************************************************************************************
2023-05-22 14:52:55.194 [main] INFO  org.restct.RESTCT -         generate new domains...
2023-05-22 14:52:55.195 [main] INFO  org.restct.RESTCT -             centerPoint: 2 - [Random=4a7.610,-122.107, Default=47.610,-122.107]
2023-05-22 14:52:55.195 [main] INFO  org.restct.RESTCT -             zoomLevel: 3 - [Random=6, Random=18, Random=1]
2023-05-22 14:52:55.196 [main] INFO  org.restct.RESTCT -             key: 1 - [Enum=Av4fQ9XDFL4V7pk6Y0_gwG71JhO_ABjvJDdudpG8bztUgaHiWllH7Dmo9IYnwgVb]
2023-05-22 14:52:55.548 [main] INFO  org.restct.RESTCT -         4-th operation essential parameters covering array size: 6, parameters: 3, constraints: 0
2023-05-22 14:52:58.561 [main] INFO  org.restct.RESTCT -         4-th operation all parameters covering array size: 25, parameters: 18
2023-05-22 14:52:58.562 [main] INFO  org.restct.RESTCT - ****************************************************************************************************
