2023-05-22 15:36:02.475 [main] INFO  org.restct.RESTCT - 6-th operation: get*https://dev.virtualearth.net/REST/v1/Imagery/Map/Streetside/{address}
2023-05-22 15:36:02.485 [main] INFO  org.restct.RESTCT -         generate new domains...
2023-05-22 15:36:02.486 [main] INFO  org.restct.RESTCT -             zoomLevel: 3 - [Random=9, Random=8, Random=1]
2023-05-22 15:36:02.486 [main] INFO  org.restct.RESTCT -             key: 1 - [Enum=Av4fQ9XDFL4V7pk6Y0_gwG71JhO_ABjvJDdudpG8bztUgaHiWllH7Dmo9IYnwgVb]
2023-05-22 15:36:02.834 [main] INFO  org.restct.RESTCT -         6-th operation essential parameters covering array size: 3, parameters: 2, constraints: 0
2023-05-22 15:36:05.074 [main] INFO  org.restct.RESTCT -         6-th operation all parameters covering array size: 25, parameters: 18
2023-05-22 15:36:05.074 [main] INFO  org.restct.RESTCT - ****************************************************************************************************
2023-05-22 15:36:17.599 [main] INFO  org.restct.RESTCT -         generate new domains...
2023-05-22 15:36:17.599 [main] INFO  org.restct.RESTCT -             zoomLevel: 3 - [Random=9, Random=8, Random=1]
2023-05-22 15:36:17.600 [main] INFO  org.restct.RESTCT -             key: 1 - [Enum=Av4fQ9XDFL4V7pk6Y0_gwG71JhO_ABjvJDdudpG8bztUgaHiWllH7Dmo9IYnwgVb]
2023-05-22 15:36:18.014 [main] INFO  org.restct.RESTCT -         6-th operation essential parameters covering array size: 3, parameters: 2, constraints: 0
2023-05-22 15:36:20.287 [main] INFO  org.restct.RESTCT -         6-th operation all parameters covering array size: 25, parameters: 18
2023-05-22 15:36:20.288 [main] INFO  org.restct.RESTCT - ****************************************************************************************************
2023-05-22 15:36:31.556 [main] INFO  org.restct.RESTCT -         generate new domains...
2023-05-22 15:36:31.557 [main] INFO  org.restct.RESTCT -             zoomLevel: 3 - [Random=9, Random=8, Random=1]
2023-05-22 15:36:31.557 [main] INFO  org.restct.RESTCT -             key: 1 - [Enum=Av4fQ9XDFL4V7pk6Y0_gwG71JhO_ABjvJDdudpG8bztUgaHiWllH7Dmo9IYnwgVb]
2023-05-22 15:36:31.939 [main] INFO  org.restct.RESTCT -         6-th operation essential parameters covering array size: 3, parameters: 2, constraints: 0
2023-05-22 15:36:33.881 [main] INFO  org.restct.RESTCT -         6-th operation all parameters covering array size: 25, parameters: 18
2023-05-22 15:36:33.882 [main] INFO  org.restct.RESTCT - ****************************************************************************************************
2023-05-22 15:36:42.800 [main] INFO  org.restct.RESTCT - 7-th operation: get*https://dev.virtualearth.net/REST/v1/Imagery/Metadata/{imagerySet}/{centerPoint}
2023-05-22 15:36:42.801 [main] INFO  org.restct.RESTCT -         generate new domains...
2023-05-22 15:36:42.801 [main] INFO  org.restct.RESTCT -             imagerySet: 11 - [Enum=Aerial, Enum=AerialWithLabels, Enum=AerialWithLabelsOnDemand, Enum=Birdseye, Enum=BirdseyeWithLabels, Enum=BirdseyeV2, Enum=BirdseyeV2WithLabels, Enum=CanvasDark, Enum=CanvasLight, Enum=CanvasGray, Enum=OrdnanceSurvey]
2023-05-22 15:36:42.801 [main] INFO  org.restct.RESTCT -             centerPoint: 2 - [Random=47.610,-122.10, Default=47.610,-122.107]
2023-05-22 15:36:42.802 [main] INFO  org.restct.RESTCT -             key: 1 - [Enum=Av4fQ9XDFL4V7pk6Y0_gwG71JhO_ABjvJDdudpG8bztUgaHiWllH7Dmo9IYnwgVb]
2023-05-22 15:36:43.259 [main] INFO  org.restct.RESTCT -         7-th operation essential parameters covering array size: 22, parameters: 3, constraints: 0
2023-05-22 15:36:50.933 [main] INFO  org.restct.RESTCT -         7-th operation all parameters covering array size: 66, parameters: 8
2023-05-22 15:36:50.934 [main] INFO  org.restct.RESTCT - ****************************************************************************************************
