2023-05-22 15:33:15.303 [main] INFO  org.restct.RESTCT - 3-th operation: get*https://dev.virtualearth.net/REST/v1/Imagery/Map/{imagerySet}
2023-05-22 15:33:15.318 [main] INFO  org.restct.RESTCT -         generate new domains...
2023-05-22 15:33:15.324 [main] INFO  org.restct.RESTCT -             imagerySet: 10 - [Enum=Aerial, Enum=AerialWithLabels, Enum=AerialWithLabelsOnDemand, Enum=Birdseye, Enum=BirdseyeWithLabels, Enum=CanvasDark, Enum=CanvasLight, Enum=CanvasGray, Enum=Road, Enum=Streetside]
2023-05-22 15:33:15.325 [main] INFO  org.restct.RESTCT -             key: 1 - [Enum=Av4fQ9XDFL4V7pk6Y0_gwG71JhO_ABjvJDdudpG8bztUgaHiWllH7Dmo9IYnwgVb]
2023-05-22 15:33:15.738 [main] INFO  org.restct.RESTCT -         3-th operation essential parameters covering array size: 10, parameters: 2, constraints: 0
2023-05-22 15:33:21.156 [main] INFO  org.restct.RESTCT -         3-th operation all parameters covering array size: 44, parameters: 18
2023-05-22 15:33:21.157 [main] INFO  org.restct.RESTCT - ****************************************************************************************************
2023-05-22 15:33:40.151 [main] INFO  org.restct.RESTCT -         generate new domains...
2023-05-22 15:33:40.151 [main] INFO  org.restct.RESTCT -             imagerySet: 10 - [Enum=Aerial, Enum=AerialWithLabels, Enum=AerialWithLabelsOnDemand, Enum=Birdseye, Enum=BirdseyeWithLabels, Enum=CanvasDark, Enum=CanvasLight, Enum=CanvasGray, Enum=Road, Enum=Streetside]
2023-05-22 15:33:40.152 [main] INFO  org.restct.RESTCT -             key: 1 - [Enum=Av4fQ9XDFL4V7pk6Y0_gwG71JhO_ABjvJDdudpG8bztUgaHiWllH7Dmo9IYnwgVb]
2023-05-22 15:33:40.553 [main] INFO  org.restct.RESTCT -         3-th operation essential parameters covering array size: 10, parameters: 2, constraints: 0
2023-05-22 15:33:45.035 [main] INFO  org.restct.RESTCT -         3-th operation all parameters covering array size: 44, parameters: 18
2023-05-22 15:33:45.035 [main] INFO  org.restct.RESTCT - ****************************************************************************************************
[main] DEBUG org.restct.RESTCT - uncoveredSet remove 2
2023-05-22 15:33:21.709 [main] INFO  org.restct.RESTCT - Uncovered combinations: 10, sequence length: 5
2023-05-22 15:33:21.713 [main] DEBUG org.restct.RESTCT - budget 3600 , now cost: 1.975
2023-05-22 15:33:21.716 [main] INFO  org.restct.RESTCT - 1-th operation: get*http://dev.virtualearth.net/REST/v1/Locations
2023-05-22 15:33:21.726 [main] DEBUG org.restct.RESTCT -         generate new domains...
2023-05-22 15:33:21.727 [main] DEBUG org.restct.RESTCT -             key: 1 - [Enum]
2023-05-22 15:33:22.122 [main] DEBUG org.restct.RESTCT - ACTS Exited with code 0
2023-05-22 15:33:22.124 [main] INFO  org.restct.RESTCT -         1-th operation essential parameters covering array size: 1, parameters: 1, constraints: 0
2023-05-22 15:33:26.822 [main] DEBUG org.restct.RESTCT -         generate new domains...
2023-05-22 15:33:26.822 [main] DEBUG org.restct.RESTCT -             include: 2 - [Enum=ciso2, NULL=null]
2023-05-22 15:33:26.823 [main] DEBUG org.restct.RESTCT -             key: 1 - [Enum=AlHl96AYbOKB8QxE_ETFXpSNVAFZP6wx0k30DlO7X8OIc3CzRtbUFThxUEj_byNG]
2023-05-22 15:33:26.823 [main] DEBUG org.restct.RESTCT -             postalCode: 3 - [Default=98178, NULL=null, Random=9818]
2023-05-22 15:33:26.823 [main] DEBUG org.restct.RESTCT -             maxResults: 4 - [Random=1, Random=7, NULL=null, Random=19]
2023-05-22 15:33:26.823 [main] DEBUG org.restct.RESTCT -             includeNeighborhood: 3 - [NULL=null, Enum=0, Enum=1]
2023-05-22 15:33:26.824 [main] DEBUG org.restct.RESTCT -             strictMatch: 3 - [NULL=null, Enum=0, Enum=1]
2023-05-22 15:33:26.824 [main] DEBUG org.restct.RESTCT -             adminDistrict: 3 - [Random=A, NULL=null, Default=WA]
2023-05-22 15:33:26.825 [main] DEBUG org.restct.RESTCT -             locality: 3 - [Default=Seattle, NULL=null, Random=Seatte]
2023-05-22 15:33:26.825 [main] DEBUG org.restct.RESTCT -             countryRegion: 3 - [Default=AU, Random=AiU, NULL=null]
2023-05-22 15:33:26.825 [main] DEBUG org.restct.RESTCT -             addressLine: 3 - [Default=1 Microsoft Way, Random=1 Microisoft Way, NULL=null]
2023-05-22 15:33:27.292 [main] DEBUG org.restct.RESTCT - ACTS Exited with code 0
2023-05-22 15:33:27.294 [main] INFO  org.restct.RESTCT -         1-th operation all parameters covering array size: 15, parameters: 10
2023-05-22 15:33:27.308 [main] INFO  org.restct.RESTCT - ****************************************************************************************************
2023-05-22 15:33:34.933 [main] INFO  org.restct.RESTCT - 2-th operation: get*http://dev.virtualearth.net/REST/v1/LocationRecog/{point}
2023-05-22 15:33:34.934 [main] DEBUG org.restct.RESTCT -         generate new domains...
2023-05-22 15:33:34.934 [main] DEBUG org.restct.RESTCT -             point: 2 - [Default, Random]
2023-05-22 15:33:34.934 [main] DEBUG org.restct.RESTCT -             key: 1 - [Enum]
2023-05-22 15:33:35.311 [main] DEBUG org.restct.RESTCT - ACTS Exited with code 0
2023-05-22 15:33:35.312 [main] INFO  org.restct.RESTCT -         2-th operation essential parameters covering array size: 2, parameters: 2, constraints: 0
2023-05-22 15:33:35.840 [main] DEBUG org.restct.RESTCT -         generate new domains...
2023-05-22 15:33:35.841 [main] DEBUG org.restct.RESTCT -             radius: 4 - [Random=2, Random=1, NULL=null]
2023-05-22 15:33:35.841 [main] DEBUG org.restct.RESTCT -             type: 8 - [Enum=Parking, Enum=EatDrink, Enum=HotelsAndMotels, NULL=null, Enum=Shop, Enum=SeeDo, Enum=BanksAndCreditUnions, Enum=Hospitals]
2023-05-22 15:33:35.842 [main] DEBUG org.restct.RESTCT -             includeEntityTypes: 4 - [Enum=businessAndPOI, Enum=address, NULL=null, Enum=naturalPOI]
2023-05-22 15:33:35.842 [main] DEBUG org.restct.RESTCT -             point: 1 - [Default=47.64054,-122.12934]
2023-05-22 15:33:35.843 [main] DEBUG org.restct.RESTCT -             top: 4 - [Random=14, NULL=null, Random=4, Random=6]
2023-05-22 15:33:35.843 [main] DEBUG org.restct.RESTCT -             key: 1 - [Enum=AlHl96AYbOKB8QxE_ETFXpSNVAFZP6wx0k30DlO7X8OIc3CzRtbUFThxUEj_byNG]
2023-05-22 15:33:35.843 [main] DEBUG org.restct.RESTCT -             dateTime: 3 - [NULL=null, Default=2018-05-09 13:34:42Z, Random=218-05-09 13:34:42Z]
2023-05-22 15:33:35.843 [main] DEBUG org.restct.RESTCT -             distanceUnit: 5 - [Enum=mile, Enum=kilometer, NULL=null, Enum=ml, Enum=km]
2023-05-22 15:33:35.844 [main] DEBUG org.restct.RESTCT -             output: 3 - [Enum=XML, Enum=JSON, NULL=null]
2023-05-22 15:33:35.844 [main] DEBUG org.restct.RESTCT -             verboseplacenames: 3 - [Enum=false, NULL=null, Enum=true]
2023-05-22 15:33:36.283 [main] DEBUG org.restct.RESTCT - ACTS Exited with code 0
2023-05-22 15:33:36.285 [main] INFO  org.restct.RESTCT -         2-th operation all parameters covering array size: 40, parameters: 10
2023-05-22 15:33:36.285 [main] INFO  org.restct.RESTCT - ****************************************************************************************************
2023-05-22 15:33:47.686 [main] INFO  org.restct.RESTCT - 3-th operation: get*http://dev.virtualearth.net/REST/v1/LocalSearch
2023-05-22 15:33:47.686 [main] DEBUG org.restct.RESTCT -         generate new domains...
2023-05-22 15:33:47.687 [main] DEBUG org.restct.RESTCT -             key: 1 - [Enum]
2023-05-22 15:33:48.102 [main] DEBUG org.restct.RESTCT - ACTS Exited with code 0
2023-05-22 15:33:48.103 [main] INFO  org.restct.RESTCT -         3-th operation essential parameters covering array size: 1, parameters: 1, constraints: 0
2023-05-22 15:33:48.364 [main] DEBUG org.restct.RESTCT -         generate new domains...
2023-05-22 15:33:48.364 [main] DEBUG org.restct.RESTCT -             userLocation: 3 - [Default=48.604311,-122.981998,5000, NULL=null, Random=48.60431v1,-122.981998,5000]
2023-05-22 15:33:48.365 [main] DEBUG org.restct.RESTCT -             userCircularMapView: 3 - [Default=48.604311,-122.981998,5000, Random=48604311,-122.981998,5000, NULL=null]
2023-05-22 15:33:48.366 [main] DEBUG org.restct.RESTCT -             query: 3 - [NULL=null, Random=Wite%20House, Default=White%20House]
2023-05-22 15:33:48.367 [main] DEBUG org.restct.RESTCT -             userMapView: 3 - [Random=29.8171041,-122.981995,48.04311,-95.5413725, NULL=null, Default=29.8171041,-122.981995,48.604311,-95.5413725]
2023-05-22 15:33:48.368 [main] DEBUG org.restct.RESTCT -             key: 1 - [Enum=AlHl96AYbOKB8QxE_ETFXpSNVAFZP6wx0k30DlO7X8OIc3CzRtbUFThxUEj_byNG]
2023-05-22 15:33:48.368 [main] DEBUG org.restct.RESTCT -             maxResults: 2 - [NULL=null, Default=5]
2023-05-22 15:33:48.369 [main] DEBUG org.restct.RESTCT -             type: 8 - [Enum=Parking, Enum=EatDrink, Enum=HotelsAndMotels, NULL=null, Enum=Shop, Enum=SeeDo, Enum=BanksAndCreditUnions, Enum=Hospitals]
2023-05-22 15:33:48.933 [main] DEBUG org.restct.RESTCT - ACTS Exited with code 0
2023-05-22 15:33:48.934 [main] INFO  org.restct.RESTCT -         3-th operation all parameters covering array size: 24, parameters: 7
2023-05-22 15:33:48.934 [main] INFO  org.restct.RESTCT - ****************************************************************************************************
2023-05-22 15:33:56.263 [main] INFO  org.restct.RESTCT - 4-th operation: get*http://dev.virtualearth.net/REST/v1/Locations/{point}
2023-05-22 15:33:56.264 [main] DEBUG org.restct.RESTCT -         generate new domains...
2023-05-22 15:33:56.264 [main] DEBUG org.restct.RESTCT -             key: 1 - [Enum]
2023-05-22 15:33:56.264 [main] DEBUG org.restct.RESTCT -             point: 2 - [Default, Random]
2023-05-22 15:33:56.719 [main] DEBUG org.restct.RESTCT - ACTS Exited with code 0
2023-05-22 15:33:56.720 [main] INFO  org.restct.RESTCT -         4-th operation essential parameters covering array size: 2, parameters: 2, constraints: 0
2023-05-22 15:33:57.350 [main] DEBUG org.restct.RESTCT -         generate new domains...
2023-05-22 15:33:57.351 [main] DEBUG org.restct.RESTCT -             key: 1 - [Enum=AlHl96AYbOKB8QxE_ETFXpSNVAFZP6wx0k30DlO7X8OIc3CzRtbUFThxUEj_byNG]
2023-05-22 15:33:57.351 [main] DEBUG org.restct.RESTCT -             point: 2 - [Random=47.64054,-122.1294, Default=47.64054,-122.12934]
2023-05-22 15:33:57.351 [main] DEBUG org.restct.RESTCT -             includeNeighborhood: 3 - [NULL=null, Enum=0, Enum=1]
2023-05-22 15:33:57.352 [main] DEBUG org.restct.RESTCT -             includeEntityTypes: 8 - [Enum=Address, Enum=Neighborhood, Enum=AdminDivision1, NULL=null, Enum=PopulatedPlace, Enum=Postcode1, Enum=AdminDivision2, Enum=CountryRegion]
2023-05-22 15:33:57.352 [main] DEBUG org.restct.RESTCT -             include: 2 - [Enum=ciso2, NULL=null]
2023-05-22 15:33:57.352 [main] DEBUG org.restct.RESTCT -             verboseplacenames: 3 - [Enum=false, NULL=null, Enum=true]
2023-05-22 15:33:57.773 [main] DEBUG org.restct.RESTCT - ACTS Exited with code 0
2023-05-22 15:33:57.774 [main] INFO  org.restct.RESTCT -         4-th operation all parameters covering array size: 24, parameters: 6
2023-05-22 15:33:57.775 [main] INFO  org.restct.RESTCT - ****************************************************************************************************
