2023-05-22 14:19:26.239 [main] INFO  org.restct.RESTCT - 4-th operation: get*https://dev.virtualearth.net/REST/v1/TimeZone/{point}
2023-05-22 14:19:26.244 [main] INFO  org.restct.RESTCT -         generate new domains...
2023-05-22 14:19:26.245 [main] INFO  org.restct.RESTCT -             key: 1 - [Enum=Av4fQ9XDFL4V7pk6Y0_gwG71JhO_ABjvJDdudpG8bztUgaHiWllH7Dmo9IYnwgVb]
2023-05-22 14:19:26.245 [main] INFO  org.restct.RESTCT -             point: 2 - [Random=47.610679194331169,-122.1s0788659751415, Default=47.610679194331169,-122.10788659751415]
2023-05-22 14:19:26.651 [main] INFO  org.restct.RESTCT -         4-th operation essential parameters covering array size: 2, parameters: 2, constraints: 0
2023-05-22 14:19:28.049 [main] INFO  org.restct.RESTCT -         4-th operation all parameters covering array size: 9, parameters: 5
2023-05-22 14:19:28.049 [main] INFO  org.restct.RESTCT - ****************************************************************************************************
2023-05-22 14:19:31.695 [main] INFO  org.restct.RESTCT -    unresolved parameters:
2023-05-22 14:19:31.696 [main] INFO  org.restct.RESTCT - 1-th operation: get*https://dev.virtualearth.net/REST/v1/TimeZone/{point}
2023-05-22 14:19:31.697 [main] INFO  org.restct.RESTCT -         generate new domains...
2023-05-22 14:19:31.697 [main] INFO  org.restct.RESTCT -             key: 1 - [Enum=Av4fQ9XDFL4V7pk6Y0_gwG71JhO_ABjvJDdudpG8bztUgaHiWllH7Dmo9IYnwgVb]
2023-05-22 14:19:31.697 [main] INFO  org.restct.RESTCT -             point: 2 - [Random=47.610679194331169,-122.1s0788659751415, Default=47.610679194331169,-122.10788659751415]
2023-05-22 14:19:32.117 [main] INFO  org.restct.RESTCT -         1-th operation essential parameters covering array size: 2, parameters: 2, constraints: 0
2023-05-22 14:19:33.498 [main] INFO  org.restct.RESTCT -         1-th operation all parameters covering array size: 9, parameters: 5
2023-05-22 14:19:33.498 [main] INFO  org.restct.RESTCT - ****************************************************************************************************
2023-05-22 14:19:37.152 [main] INFO  org.restct.RESTCT - 2-th operation: get*https://dev.virtualearth.net/REST/v1/TimeZone/Convert/
2023-05-22 14:19:37.153 [main] INFO  org.restct.RESTCT -         generate new domains...
2023-05-22 14:19:37.153 [main] INFO  org.restct.RESTCT -             desttz: 75 - [Enum=Dateline Standard Time, Enum=Samoa Standard Time, Enum=Hawaiian Standard Time, Enum=Alaskan Standard Time, Enum=Pacific Standard Time, Enum=Mountain Standard Time, Enum=Mexico Standard Time 2, Enum=U.S. Mountain Standard Time, Enum=Central Standard Time, Enum=Canada Central Standard Time, Enum=Mexico Standard Time, Enum=Central America Standard Time, Enum=Eastern Standard Time, Enum=U.S. Eastern Standard Time, Enum=S.A. Pacific Standard Time, Enum=Atlantic Standard Time, Enum=S.A. Western Standard Time, Enum=Pacific S.A. Standard Time, Enum=Newfoundland and Labrador Standard Time, Enum=E. South America Standard Time, Enum=S.A. Eastern Standard Time, Enum=Greenland Standard Time, Enum=Mid-Atlantic Standard Time, Enum=Azores Standard Time, Enum=Cape Verde Standard Time, Enum=GMT Standard Time, Enum=Greenwich Standard Time, Enum=Central Europe Standard Time, Enum=Central European Standard Time, Enum=Romance Standard Time, Enum=W. Europe Standard Time, Enum=W. Central Africa Standard Time, Enum=E. Europe Standard Time, Enum=Egypt Standard Time, Enum=FLE Standard Time, Enum=GTB Standard Time, Enum=Israel Standard Time, Enum=South Africa Standard Time, Enum=Russian Standard Time, Enum=Arab Standard Time, Enum=E. Africa Standard Time, Enum=Arabic Standard Time, Enum=Iran Standard Time, Enum=Arabian Standard Time, Enum=Caucasus Standard Time, Enum=Transitional Islamic State of Afghanistan Standard Time, Enum=Ekaterinburg Standard Time, Enum=West Asia Standard Time, Enum=India Standard Time, Enum=Nepal Standard Time, Enum=Central Asia Standard Time, Enum=Sri Lanka Standard Time, Enum=N. Central Asia Standard Time, Enum=Myanmar Standard Time, Enum=S.E. Asia Standard Time, Enum=North Asia Standard Time, Enum=China Standard Time, Enum=Singapore Standard Time, Enum=Taipei Standard Time, Enum=W. Australia Standard Time, Enum=North Asia East Standard Time, Enum=Korea Standard Time, Enum=Tokyo Standard Time, Enum=Yakutsk Standard Time, Enum=A.U.S. Central Standard Time, Enum=Cen. Australia Standard Time, Enum=A.U.S. Eastern Standard Time, Enum=E. Australia Standard Time, Enum=Tasmania Standard Time, Enum=Vladivostok Standard Time, Enum=West Pacific Standard Time, Enum=Central Pacific Standard Time, Enum=Fiji Islands Standard Time, Enum=New Zealand Standard Time, Enum=Tonga Standard Time]
2023-05-22 14:19:37.154 [main] INFO  org.restct.RESTCT -             key: 1 - [Enum=Av4fQ9XDFL4V7pk6Y0_gwG71JhO_ABjvJDdudpG8bztUgaHiWllH7Dmo9IYnwgVb]
2023-05-22 14:19:37.154 [main] INFO  org.restct.RESTCT -             dateTime: 2 - [Random=2018-05-15T13:14:1Z, Default=2018-05-15T13:14:15Z]
2023-05-22 14:19:37.562 [main] INFO  org.restct.RESTCT -         2-th operation essential parameters covering array size: 150, parameters: 3, constraints: 0
