2023-05-22 18:01:37.407 [main] INFO  org.restct.RESTCT -         2-th operation essential parameters covering array size: 3034, parameters: 23, constraints: 0
2023-05-22 18:01:39.547 [main] INFO  org.restct.RESTCT -         2-th operation all parameters covering array size: 577, parameters: 23
2023-05-22 18:01:39.547 [main] INFO  org.restct.RESTCT - ****************************************************************************************************
2023-05-22 18:01:39.745 [main] INFO  org.restct.RESTCT - 3-th operation: get*http://dev.virtualearth.net/REST/v1/Routes/Isochrones
2023-05-22 18:01:39.745 [main] INFO  org.restct.RESTCT -         generate new domains...
2023-05-22 18:01:39.745 [main] INFO  org.restct.RESTCT -             key: 1 - [Enum=Av4fQ9XDFL4V7pk6Y0_gwG71JhO_ABjvJDdudpG8bztUgaHiWllH7Dmo9IYnwgVb]
2023-05-22 18:01:39.745 [main] INFO  org.restct.RESTCT -             waypoint: 2 - [Random=47.g610,-122.107 , Default=47.610,-122.107 ]
2023-05-22 18:01:40.295 [main] INFO  org.restct.RESTCT -         3-th operation essential parameters covering array size: 2, parameters: 2, constraints: 0
2023-05-22 18:01:40.828 [main] INFO  org.restct.RESTCT -         3-th operation all parameters covering array size: 25, parameters: 9
2023-05-22 18:01:40.828 [main] INFO  org.restct.RESTCT - ****************************************************************************************************
2023-05-22 18:01:40.836 [main] INFO  org.restct.RESTCT -    unresolved parameters:
2023-05-22 18:01:40.837 [main] INFO  org.restct.RESTCT - 1-th operation: get*http://dev.virtualearth.net/REST/v1/Routes/Isochrones
2023-05-22 18:01:40.837 [main] INFO  org.restct.RESTCT -         generate new domains...
2023-05-22 18:01:40.837 [main] INFO  org.restct.RESTCT -             key: 1 - [Enum=Av4fQ9XDFL4V7pk6Y0_gwG71JhO_ABjvJDdudpG8bztUgaHiWllH7Dmo9IYnwgVb]
2023-05-22 18:01:40.837 [main] INFO  org.restct.RESTCT -             waypoint: 2 - [Random=47.g610,-122.107 , Default=47.610,-122.107 ]
2023-05-22 18:01:41.328 [main] INFO  org.restct.RESTCT -         1-th operation essential parameters covering array size: 2, parameters: 2, constraints: 0
2023-05-22 18:01:41.877 [main] INFO  org.restct.RESTCT -         1-th operation all parameters covering array size: 25, parameters: 9
2023-05-22 18:01:41.877 [main] INFO  org.restct.RESTCT - ****************************************************************************************************
2023-05-22 18:01:41.885 [main] INFO  org.restct.RESTCT - 2-th operation: post*http://dev.virtualearth.net/REST/v1/Routes/SnapToRoadAsyncCallback
2023-05-22 18:01:41.885 [main] INFO  org.restct.RESTCT -         generate new domains...
2023-05-22 18:01:41.885 [main] INFO  org.restct.RESTCT -             key: 1 - [Enum=Av4fQ9XDFL4V7pk6Y0_gwG71JhO_ABjvJDdudpG8bztUgaHiWllH7Dmo9IYnwgVb]
2023-05-22 18:01:41.885 [main] INFO  org.restct.RESTCT -             latitude: 3 - [Random=50.433866042836144, Random=43.017629112731754, Random=50.36498440489689]
2023-05-22 18:01:41.885 [main] INFO  org.restct.RESTCT -             longitude: 3 - [Random=117.54882512177073, Random=-175.83015982296968, Random=-94.03189963157386]
2023-05-22 18:01:41.885 [main] INFO  org.restct.RESTCT -             interpolate: 3 - [Enum=false, Enum=true, NULL=null]
2023-05-22 18:01:41.886 [main] INFO  org.restct.RESTCT -             includeSpeedLimit: 3 - [Enum=false, Enum=true, NULL=null]
2023-05-22 18:01:41.886 [main] INFO  org.restct.RESTCT -             includeTruckSpeedLimit: 3 - [Enum=false, Enum=true, NULL=null]
2023-05-22 18:01:41.886 [main] INFO  org.restct.RESTCT -             speedUnit: 3 - [Enum=MPH, Enum=KPH, NULL=null]
2023-05-22 18:01:41.886 [main] INFO  org.restct.RESTCT -             travelMode: 3 - [Enum=driving, Enum=walking, NULL=null]
2023-05-22 18:01:41.886 [main] INFO  org.restct.RESTCT -             dimensionUnit: 5 - [Enum=meter, Enum=m, Enum=foot, Enum=ft, NULL=null]
2023-05-22 18:01:41.886 [main] INFO  org.restct.RESTCT -             weightUnit: 5 - [Enum=kilogram , Enum=kg, Enum=pound , Enum=lb, NULL=null]
2023-05-22 18:01:41.886 [main] INFO  org.restct.RESTCT -             vehicleHeight: 3 - [Random=1, Default=5, NULL=null]
2023-05-22 18:01:41.886 [main] INFO  org.restct.RESTCT -             vehicleWidth: 3 - [Random=3.5e, Default=3.5, NULL=null]
2023-05-22 18:01:41.886 [main] INFO  org.restct.RESTCT -             vehicleLength: 3 - [Random=6, Default=30, NULL=null]
2023-05-22 18:01:41.886 [main] INFO  org.restct.RESTCT -             vehicleWeight: 3 - [Random=9, Default=30000, NULL=null]
2023-05-22 18:01:41.886 [main] INFO  org.restct.RESTCT -             vehicleAxles: 3 - [Random=4, Default=3, NULL=null]
2023-05-22 18:01:41.886 [main] INFO  org.restct.RESTCT -             vehicleTrailers: 3 - [Random=1, Default=2, NULL=null]
2023-05-22 18:01:41.886 [main] INFO  org.restct.RESTCT -             vehicleSemi: 3 - [Enum=false, Enum=true, NULL=null]
2023-05-22 18:01:41.886 [main] INFO  org.restct.RESTCT -             vehicleMaxGradient: 3 - [Random=4, Default=10, NULL=null]
2023-05-22 18:01:41.886 [main] INFO  org.restct.RESTCT -             vehicleMinTurnRadius: 3 - [Random=5, Default=15, NULL=null]
2023-05-22 18:01:41.887 [main] INFO  org.restct.RESTCT -             vehicleAvoidCrossWind: 3 - [Enum=false, Enum=true, NULL=null]
2023-05-22 18:01:41.887 [main] INFO  org.restct.RESTCT -             vehicleAvoidGroundingRisk: 3 - [Enum=false, Enum=true, NULL=null]
2023-05-22 18:01:41.887 [main] INFO  org.restct.RESTCT -             vehicleHazardousMaterials: 25 - [Enum=Combustable, Enum=C, Enum=Corrosive, Enum=Cr, Enum=Explosive, Enum=E, Enum=Flammable, Enum=F, Enum=FlammableSolid, Enum=FS, Enum=Gas, Enum=G, Enum=GoodsHarmfulToWater, Enum=WH, Enum=Organic, Enum=O, Enum=Other, Enum=Poison, Enum=P, Enum=PoisonousInhalation, Enum=PI, Enum=Radioactive, Enum=R, Enum=None, NULL=null]
2023-05-22 18:01:41.887 [main] INFO  org.restct.RESTCT -             vehicleHazardousPermits: 23 - [Enum=AllAppropriateForLoad, Enum=Combustable, Enum=C, Enum=Corrosive, Enum=Cr, Enum=Explosive, Enum=E, Enum=Flammable, Enum=F, Enum=FlammableSolid, Enum=FS, Enum=Gas, Enum=G, Enum=Organic, Enum=O, Enum=Poison, Enum=P, Enum=PoisonousInhalation, Enum=PI, Enum=Radioactive, Enum=R, Enum=None, NULL=null]
2023-05-22 18:01:43.869 [main] INFO  org.restct.RESTCT -         2-th operation essential parameters covering array size: 3034, parameters: 23, constraints: 0
2023-05-22 18:01:45.536 [main] INFO  org.restct.RESTCT -         2-th operation all parameters covering array size: 577, parameters: 23
2023-05-22 18:01:45.536 [main] INFO  org.restct.RESTCT - ****************************************************************************************************
2023-05-22 18:01:45.698 [main] INFO  org.restct.RESTCT -    unresolved parameters:
2023-05-22 18:01:45.711 [main] INFO  org.restct.RESTCT - Route,2,3,2,10.0,8.60,0.29,0.03,182,2,81607,72,56.22

2023-05-22 18:01:45.711 [main] INFO  org.restct.RESTCT - Program execution time: 3372930 ms.
