2023-05-22 15:31:00.705 [main] INFO  org.restct.RESTCT -    unresolved parameters:
2023-05-22 15:31:00.714 [main] DEBUG org.restct.RESTCT - uncoveredSet remove 2
2023-05-22 15:31:00.714 [main] INFO  org.restct.RESTCT - Uncovered combinations: 0, sequence length: 2
2023-05-22 15:31:00.715 [main] DEBUG org.restct.RESTCT - budget 3600 , now cost: 88.612
2023-05-22 15:31:00.715 [main] INFO  org.restct.RESTCT - 1-th operation: get*http://dev.virtualearth.net/REST/v1/Elevation/Polyline
2023-05-22 15:31:00.715 [main] DEBUG org.restct.RESTCT -         generate new domains...
2023-05-22 15:31:00.715 [main] DEBUG org.restct.RESTCT -             key: 1 - [Enum]
2023-05-22 15:31:00.716 [main] DEBUG org.restct.RESTCT -             points: 2 - [Default, Random]
2023-05-22 15:31:00.716 [main] DEBUG org.restct.RESTCT -             samples: 2 - [Default, Random]
2023-05-22 15:31:01.237 [main] DEBUG org.restct.RESTCT - ACTS Exited with code 0
2023-05-22 15:31:01.237 [main] INFO  org.restct.RESTCT -         1-th operation essential parameters covering array size: 4, parameters: 3, constraints: 0
2023-05-22 15:31:02.834 [main] DEBUG org.restct.RESTCT -         generate new domains...
2023-05-22 15:31:02.835 [main] DEBUG org.restct.RESTCT -             key: 1 - [Enum=AkZxRYtSbfisLxUcZO1-iXl9g0XNRBkq17TFotpXeNWFuERIJ1yqMcu2dbcolA0P]
2023-05-22 15:31:02.835 [main] DEBUG org.restct.RESTCT -             heights: 3 - [Enum=ellipsoid, Enum=sealevel, NULL=null]
2023-05-22 15:31:02.835 [main] DEBUG org.restct.RESTCT -             points: 2 - [Default=35.89431,-110.72522,35.89393,-110.72578,35.89374, Random=35.89431,-110.72522,35.89393,-110.72578,35.8937]
2023-05-22 15:31:02.835 [main] DEBUG org.restct.RESTCT -             samples: 2 - [Default=30, Random=5]
2023-05-22 15:31:03.456 [main] DEBUG org.restct.RESTCT - ACTS Exited with code 0
2023-05-22 15:31:03.457 [main] INFO  org.restct.RESTCT -         1-th operation all parameters covering array size: 6, parameters: 4
2023-05-22 15:31:03.457 [main] INFO  org.restct.RESTCT - ****************************************************************************************************
2023-05-22 15:31:05.843 [main] INFO  org.restct.RESTCT - 2-th operation: get*http://dev.virtualearth.net/REST/v1/Elevation/SeaLevel
2023-05-22 15:31:05.844 [main] DEBUG org.restct.RESTCT -         generate new domains...
2023-05-22 15:31:05.844 [main] DEBUG org.restct.RESTCT -             key: 1 - [Enum]
2023-05-22 15:31:05.845 [main] DEBUG org.restct.RESTCT -             points: 2 - [Default, Random]
2023-05-22 15:31:06.758 [main] DEBUG org.restct.RESTCT - ACTS Exited with code 0
2023-05-22 15:31:06.758 [main] INFO  org.restct.RESTCT -         2-th operation essential parameters covering array size: 2, parameters: 2, constraints: 0
2023-05-22 15:31:07.670 [main] DEBUG org.restct.RESTCT -         generate new domains...
2023-05-22 15:31:07.671 [main] DEBUG org.restct.RESTCT -             key: 1 - [Enum=AkZxRYtSbfisLxUcZO1-iXl9g0XNRBkq17TFotpXeNWFuERIJ1yqMcu2dbcolA0P]
2023-05-22 15:31:07.672 [main] DEBUG org.restct.RESTCT -             points: 2 - [Default=35.89431,-110.72522,35.89393,-110.72578,35.89374, Random=35.89431,-110.725y22,35.89393,-110.72578,35.89374]
2023-05-22 15:31:08.151 [main] DEBUG org.restct.RESTCT - ACTS Exited with code 0
2023-05-22 15:31:08.152 [main] INFO  org.restct.RESTCT -         2-th operation all parameters covering array size: 2, parameters: 2
2023-05-22 15:31:08.152 [main] INFO  org.restct.RESTCT - ****************************************************************************************************
2023-05-22 15:31:08.984 [main] INFO  org.restct.RESTCT -    unresolved parameters:
2023-05-22 15:31:08.994 [main] DEBUG org.restct.RESTCT - computeCombinations [[GET***http://dev.virtualearth.net/REST/v1/Elevation/Bounds]]
2023-05-22 15:31:08.995 [main] DEBUG org.restct.RESTCT - computeCombinations [[GET***http://dev.virtualearth.net/REST/v1/Elevation/List], [GET***http://dev.virtualearth.net/REST/v1/Elevation/Bounds], [GET***http://dev.virtualearth.net/REST/v1/Elevation/SeaLevel], [GET***http://dev.virtualearth.net/REST/v1/Elevation/Polyline]]
2023-05-22 15:31:08.995 [main] DEBUG org.restct.RESTCT - computeCombinations []
2023-05-22 15:31:08.996 [main] DEBUG org.restct.RESTCT - computeCombinations [[GET***http://dev.virtualearth.net/REST/v1/Elevation/Bounds, GET***http://dev.virtualearth.net/REST/v1/Elevation/List], [GET***http://dev.virtualearth.net/REST/v1/Elevation/List, GET***http://dev.virtualearth.net/REST/v1/Elevation/SeaLevel], [GET***http://dev.virtualearth.net/REST/v1/Elevation/Polyline, GET***http://dev.virtualearth.net/REST/v1/Elevation/SeaLevel], [GET***http://dev.virtualearth.net/REST/v1/Elevation/Bounds, GET***http://dev.virtualearth.net/REST/v1/Elevation/SeaLevel], [GET***http://dev.virtualearth.net/REST/v1/Elevation/Bounds, GET***http://dev.virtualearth.net/REST/v1/Elevation/Polyline], [GET***http://dev.virtualearth.net/REST/v1/Elevation/Polyline, GET***http://dev.virtualearth.net/REST/v1/Elevation/List], [GET***http://dev.virtualearth.net/REST/v1/Elevation/SeaLevel, GET***http://dev.virtualearth.net/REST/v1/Elevation/Polyline], [GET***http://dev.virtualearth.net/REST/v1/Elevation/List, GET***http://dev.virtualearth.net/REST/v1/Elevation/Polyline], [GET***http://dev.virtualearth.net/REST/v1/Elevation/List, GET***http://dev.virtualearth.net/REST/v1/Elevation/Bounds], [GET***http://dev.virtualearth.net/REST/v1/Elevation/Polyline, GET***http://dev.virtualearth.net/REST/v1/Elevation/Bounds], [GET***http://dev.virtualearth.net/REST/v1/Elevation/SeaLevel, GET***http://dev.virtualearth.net/REST/v1/Elevation/Bounds], [GET***http://dev.virtualearth.net/REST/v1/Elevation/SeaLevel, GET***http://dev.virtualearth.net/REST/v1/Elevation/List]]
2023-05-22 15:31:08.997 [main] DEBUG org.restct.RESTCT - computeCombinations [[GET***http://dev.virtualearth.net/REST/v1/Elevation/Bounds]]
2023-05-22 15:31:08.997 [main] DEBUG org.restct.RESTCT - computeCombinations [[GET***http://dev.virtualearth.net/REST/v1/Elevation/List], [GET***http://dev.virtualearth.net/REST/v1/Elevation/Bounds], [GET***http://dev.virtualearth.net/REST/v1/Elevation/SeaLevel], [GET***http://dev.virtualearth.net/REST/v1/Elevation/Polyline]]
2023-05-22 15:31:08.997 [main] DEBUG org.restct.RESTCT - computeCombinations []
2023-05-22 15:31:08.998 [main] DEBUG org.restct.RESTCT - computeCombinations [[GET***http://dev.virtualearth.net/REST/v1/Elevation/Bounds, GET***http://dev.virtualearth.net/REST/v1/Elevation/List], [GET***http://dev.virtualearth.net/REST/v1/Elevation/List, GET***http://dev.virtualearth.net/REST/v1/Elevation/SeaLevel], [GET***http://dev.virtualearth.net/REST/v1/Elevation/Polyline, GET***http://dev.virtualearth.net/REST/v1/Elevation/SeaLevel], [GET***http://dev.virtualearth.net/REST/v1/Elevation/Bounds, GET***http://dev.virtualearth.net/REST/v1/Elevation/SeaLevel], [GET***http://dev.virtualearth.net/REST/v1/Elevation/Bounds, GET***http://dev.virtualearth.net/REST/v1/Elevation/Polyline], [GET***http://dev.virtualearth.net/REST/v1/Elevation/Polyline, GET***http://dev.virtualearth.net/REST/v1/Elevation/List], [GET***http://dev.virtualearth.net/REST/v1/Elevation/SeaLevel, GET***http://dev.virtualearth.net/REST/v1/Elevation/Polyline], [GET***http://dev.virtualearth.net/REST/v1/Elevation/List, GET***http://dev.virtualearth.net/REST/v1/Elevation/Polyline], [GET***http://dev.virtualearth.net/REST/v1/Elevation/List, GET***http://dev.virtualearth.net/REST/v1/Elevation/Bounds], [GET***http://dev.virtualearth.net/REST/v1/Elevation/Polyline, GET***http://dev.virtualearth.net/REST/v1/Elevation/Bounds], [GET***http://dev.virtualearth.net/REST/v1/Elevation/SeaLevel, GET***http://dev.virtualearth.net/REST/v1/Elevation/Bounds], [GET***http://dev.virtualearth.net/REST/v1/Elevation/SeaLevel, GET***http://dev.virtualearth.net/REST/v1/Elevation/List]]
2023-05-22 15:31:08.998 [main] DEBUG org.restct.RESTCT - computeCombinations [[GET***http://dev.virtualearth.net/REST/v1/Elevation/Bounds]]
2023-05-22 15:31:08.998 [main] DEBUG org.restct.RESTCT - computeCombinations [[GET***http://dev.virtualearth.net/REST/v1/Elevation/List], [GET***http://dev.virtualearth.net/REST/v1/Elevation/Bounds], [GET***http://dev.virtualearth.net/REST/v1/Elevation/SeaLevel], [GET***http://dev.virtualearth.net/REST/v1/Elevation/Polyline]]
2023-05-22 15:31:08.999 [main] DEBUG org.restct.RESTCT - computeCombinations []
2023-05-22 15:31:08.999 [main] DEBUG org.restct.RESTCT - computeCombinations [[GET***http://dev.virtualearth.net/REST/v1/Elevation/Bounds, GET***http://dev.virtualearth.net/REST/v1/Elevation/List], [GET***http://dev.virtualearth.net/REST/v1/Elevation/List, GET***http://dev.virtualearth.net/REST/v1/Elevation/SeaLevel], [GET***http://dev.virtualearth.net/REST/v1/Elevation/Polyline, GET***http://dev.virtualearth.net/REST/v1/Elevation/SeaLevel], [GET***http://dev.virtualearth.net/REST/v1/Elevation/Bounds, GET***http://dev.virtualearth.net/REST/v1/Elevation/SeaLevel], [GET***http://dev.virtualearth.net/REST/v1/Elevation/Bounds, GET***http://dev.virtualearth.net/REST/v1/Elevation/Polyline], [GET***http://dev.virtualearth.net/REST/v1/Elevation/Polyline, GET***http://dev.virtualearth.net/REST/v1/Elevation/List], [GET***http://dev.virtualearth.net/REST/v1/Elevation/SeaLevel, GET***http://dev.virtualearth.net/REST/v1/Elevation/Polyline], [GET***http://dev.virtualearth.net/REST/v1/Elevation/List, GET***http://dev.virtualearth.net/REST/v1/Elevation/Polyline], [GET***http://dev.virtualearth.net/REST/v1/Elevation/List, GET***http://dev.virtualearth.net/REST/v1/Elevation/Bounds], [GET***http://dev.virtualearth.net/REST/v1/Elevation/Polyline, GET***http://dev.virtualearth.net/REST/v1/Elevation/Bounds], [GET***http://dev.virtualearth.net/REST/v1/Elevation/SeaLevel, GET***http://dev.virtualearth.net/REST/v1/Elevation/Bounds], [GET***http://dev.virtualearth.net/REST/v1/Elevation/SeaLevel, GET***http://dev.virtualearth.net/REST/v1/Elevation/List]]
2023-05-22 15:31:09.001 [main] DEBUG org.restct.RESTCT - computeCombinations [[GET***http://dev.virtualearth.net/REST/v1/Elevation/Bounds]]
2023-05-22 15:31:09.001 [main] DEBUG org.restct.RESTCT - computeCombinations [[GET***http://dev.virtualearth.net/REST/v1/Elevation/List], [GET***http://dev.virtualearth.net/REST/v1/Elevation/Bounds], [GET***http://dev.virtualearth.net/REST/v1/Elevation/SeaLevel], [GET***http://dev.virtualearth.net/REST/v1/Elevation/Polyline]]
2023-05-22 15:31:09.002 [main] DEBUG org.restct.RESTCT - computeCombinations []
2023-05-22 15:31:09.002 [main] DEBUG org.restct.RESTCT - computeCombinations [[GET***http://dev.virtualearth.net/REST/v1/Elevation/Bounds, GET***http://dev.virtualearth.net/REST/v1/Elevation/List], [GET***http://dev.virtualearth.net/REST/v1/Elevation/List, GET***http://dev.virtualearth.net/REST/v1/Elevation/SeaLevel], [GET***http://dev.virtualearth.net/REST/v1/Elevation/Polyline, GET***http://dev.virtualearth.net/REST/v1/Elevation/SeaLevel], [GET***http://dev.virtualearth.net/REST/v1/Elevation/Bounds, GET***http://dev.virtualearth.net/REST/v1/Elevation/SeaLevel], [GET***http://dev.virtualearth.net/REST/v1/Elevation/Bounds, GET***http://dev.virtualearth.net/REST/v1/Elevation/Polyline], [GET***http://dev.virtualearth.net/REST/v1/Elevation/Polyline, GET***http://dev.virtualearth.net/REST/v1/Elevation/List], [GET***http://dev.virtualearth.net/REST/v1/Elevation/SeaLevel, GET***http://dev.virtualearth.net/REST/v1/Elevation/Polyline], [GET***http://dev.virtualearth.net/REST/v1/Elevation/List, GET***http://dev.virtualearth.net/REST/v1/Elevation/Polyline], [GET***http://dev.virtualearth.net/REST/v1/Elevation/List, GET***http://dev.virtualearth.net/REST/v1/Elevation/Bounds], [GET***http://dev.virtualearth.net/REST/v1/Elevation/Polyline, GET***http://dev.virtualearth.net/REST/v1/Elevation/Bounds], [GET***http://dev.virtualearth.net/REST/v1/Elevation/SeaLevel, GET***http://dev.virtualearth.net/REST/v1/Elevation/Bounds], [GET***http://dev.virtualearth.net/REST/v1/Elevation/SeaLevel, GET***http://dev.virtualearth.net/REST/v1/Elevation/List]]
2023-05-22 15:31:09.003 [main] DEBUG org.restct.RESTCT - computeCombinations [[GET***http://dev.virtualearth.net/REST/v1/Elevation/Bounds]]
2023-05-22 15:31:09.003 [main] DEBUG org.restct.RESTCT - computeCombinations [[GET***http://dev.virtualearth.net/REST/v1/Elevation/List], [GET***http://dev.virtualearth.net/REST/v1/Elevation/Bounds], [GET***http://dev.virtualearth.net/REST/v1/Elevation/SeaLevel], [GET***http://dev.virtualearth.net/REST/v1/Elevation/Polyline]]
2023-05-22 15:31:09.004 [main] DEBUG org.restct.RESTCT - computeCombinations []
2023-05-22 15:31:09.004 [main] DEBUG org.restct.RESTCT - computeCombinations [[GET***http://dev.virtualearth.net/REST/v1/Elevation/Bounds, GET***http://dev.virtualearth.net/REST/v1/Elevation/List], [GET***http://dev.virtualearth.net/REST/v1/Elevation/List, GET***http://dev.virtualearth.net/REST/v1/Elevation/SeaLevel], [GET***http://dev.virtualearth.net/REST/v1/Elevation/Polyline, GET***http://dev.virtualearth.net/REST/v1/Elevation/SeaLevel], [GET***http://dev.virtualearth.net/REST/v1/Elevation/Bounds, GET***http://dev.virtualearth.net/REST/v1/Elevation/SeaLevel], [GET***http://dev.virtualearth.net/REST/v1/Elevation/Bounds, GET***http://dev.virtualearth.net/REST/v1/Elevation/Polyline], [GET***http://dev.virtualearth.net/REST/v1/Elevation/Polyline, GET***http://dev.virtualearth.net/REST/v1/Elevation/List], [GET***http://dev.virtualearth.net/REST/v1/Elevation/SeaLevel, GET***http://dev.virtualearth.net/REST/v1/Elevation/Polyline], [GET***http://dev.virtualearth.net/REST/v1/Elevation/List, GET***http://dev.virtualearth.net/REST/v1/Elevation/Polyline], [GET***http://dev.virtualearth.net/REST/v1/Elevation/List, GET***http://dev.virtualearth.net/REST/v1/Elevation/Bounds], [GET***http://dev.virtualearth.net/REST/v1/Elevation/Polyline, GET***http://dev.virtualearth.net/REST/v1/Elevation/Bounds], [GET***http://dev.virtualearth.net/REST/v1/Elevation/SeaLevel, GET***http://dev.virtualearth.net/REST/v1/Elevation/Bounds], [GET***http://dev.virtualearth.net/REST/v1/Elevation/SeaLevel, GET***http://dev.virtualearth.net/REST/v1/Elevation/List]]
2023-05-22 15:31:09.004 [main] DEBUG org.restct.RESTCT - computeCombinations [[GET***http://dev.virtualearth.net/REST/v1/Elevation/Bounds]]
2023-05-22 15:31:09.005 [main] DEBUG org.restct.RESTCT - computeCombinations [[GET***http://dev.virtualearth.net/REST/v1/Elevation/List], [GET***http://dev.virtualearth.net/REST/v1/Elevation/Bounds], [GET***http://dev.virtualearth.net/REST/v1/Elevation/SeaLevel], [GET***http://dev.virtualearth.net/REST/v1/Elevation/Polyline]]
2023-05-22 15:31:09.005 [main] DEBUG org.restct.RESTCT - computeCombinations []
2023-05-22 15:31:09.005 [main] DEBUG org.restct.RESTCT - computeCombinations [[GET***http://dev.virtualearth.net/REST/v1/Elevation/Bounds, GET***http://dev.virtualearth.net/REST/v1/Elevation/List], [GET***http://dev.virtualearth.net/REST/v1/Elevation/List, GET***http://dev.virtualearth.net/REST/v1/Elevation/SeaLevel], [GET***http://dev.virtualearth.net/REST/v1/Elevation/Polyline, GET***http://dev.virtualearth.net/REST/v1/Elevation/SeaLevel], [GET***http://dev.virtualearth.net/REST/v1/Elevation/Bounds, GET***http://dev.virtualearth.net/REST/v1/Elevation/SeaLevel], [GET***http://dev.virtualearth.net/REST/v1/Elevation/Bounds, GET***http://dev.virtualearth.net/REST/v1/Elevation/Polyline], [GET***http://dev.virtualearth.net/REST/v1/Elevation/Polyline, GET***http://dev.virtualearth.net/REST/v1/Elevation/List], [GET***http://dev.virtualearth.net/REST/v1/Elevation/SeaLevel, GET***http://dev.virtualearth.net/REST/v1/Elevation/Polyline], [GET***http://dev.virtualearth.net/REST/v1/Elevation/List, GET***http://dev.virtualearth.net/REST/v1/Elevation/Polyline], [GET***http://dev.virtualearth.net/REST/v1/Elevation/List, GET***http://dev.virtualearth.net/REST/v1/Elevation/Bounds], [GET***http://dev.virtualearth.net/REST/v1/Elevation/Polyline, GET***http://dev.virtualearth.net/REST/v1/Elevation/Bounds], [GET***http://dev.virtualearth.net/REST/v1/Elevation/SeaLevel, GET***http://dev.virtualearth.net/REST/v1/Elevation/Bounds], [GET***http://dev.virtualearth.net/REST/v1/Elevation/SeaLevel, GET***http://dev.virtualearth.net/REST/v1/Elevation/List]]
2023-05-22 15:31:09.006 [main] DEBUG org.restct.RESTCT - SequenceInfo [5, 3]
 Sequence Tested [1, 4, 0, 12, 12]
, bug 0
, total 156
 cost 1.6146833333333332

2023-05-22 15:31:09.010 [main] INFO  org.restct.RESTCT - Elevations,2,3,2,5.0,3.00,0.25,0.00,12,0,156,17,1.61

2023-05-22 15:31:09.010 [main] INFO  org.restct.RESTCT - Program execution time: 96907 ms.
