2023-05-22 14:40:26.480 [main] INFO  org.restct.RESTCT -         5-th operation essential parameters covering array size: 6, parameters: 3, constraints: 0
2023-05-22 14:40:27.500 [main] INFO  org.restct.RESTCT -         5-th operation all parameters covering array size: 25, parameters: 18
2023-05-22 14:40:27.501 [main] INFO  org.restct.RESTCT - ****************************************************************************************************
2023-05-22 14:40:27.510 [main] INFO  org.restct.RESTCT - 6-th operation: get*https://dev.virtualearth.net/REST/v1/Imagery/BasicMetadata/{imagerySet}/{centerPoint}
2023-05-22 14:40:28.220 [main] INFO  org.restct.RESTCT -         6-th operation essential parameters covering array size: 28, parameters: 3, constraints: 0
2023-05-22 14:40:28.911 [main] INFO  org.restct.RESTCT -         6-th operation all parameters covering array size: 84, parameters: 8
2023-05-22 14:40:28.911 [main] INFO  org.restct.RESTCT - ****************************************************************************************************
2023-05-22 14:40:28.945 [main] INFO  org.restct.RESTCT - 7-th operation: get*https://dev.virtualearth.net/REST/v1/Imagery/Map/{imagerySet}/{centerPoint}/{zoomLevel}/Routes/{travelMode}
2023-05-22 14:40:29.729 [main] INFO  org.restct.RESTCT -         7-th operation essential parameters covering array size: 60, parameters: 6, constraints: 0
2023-05-22 14:40:30.477 [main] INFO  org.restct.RESTCT -         7-th operation all parameters covering array size: 52, parameters: 19
2023-05-22 14:40:30.477 [main] INFO  org.restct.RESTCT - ****************************************************************************************************
2023-05-22 14:40:30.495 [main] INFO  org.restct.RESTCT - 8-th operation: get*https://dev.virtualearth.net/REST/v1/Imagery/Map/{imagerySet}
2023-05-22 14:40:31.042 [main] INFO  org.restct.RESTCT -         8-th operation essential parameters covering array size: 10, parameters: 2, constraints: 0
2023-05-22 14:40:31.680 [main] INFO  org.restct.RESTCT -         8-th operation all parameters covering array size: 44, parameters: 18
2023-05-22 14:40:31.680 [main] INFO  org.restct.RESTCT - ****************************************************************************************************
2023-05-22 14:40:31.699 [main] INFO  org.restct.RESTCT -    unresolved parameters:
2023-05-22 14:40:31.699 [main] INFO  org.restct.RESTCT - 1-th operation: get*https://dev.virtualearth.net/REST/v1/Imagery/Map/{imagerySet}
2023-05-22 14:40:32.041 [main] INFO  org.restct.RESTCT -         1-th operation essential parameters covering array size: 10, parameters: 2, constraints: 0
2023-05-22 14:40:32.441 [main] INFO  org.restct.RESTCT -         1-th operation all parameters covering array size: 44, parameters: 18
2023-05-22 14:40:32.441 [main] INFO  org.restct.RESTCT - ****************************************************************************************************
2023-05-22 14:40:32.453 [main] INFO  org.restct.RESTCT - 2-th operation: get*https://dev.virtualearth.net/REST/v1/Imagery/BasicMetadata/{imagerySet}/{centerPoint}
2023-05-22 14:40:32.769 [main] INFO  org.restct.RESTCT -         2-th operation essential parameters covering array size: 28, parameters: 3, constraints: 0
2023-05-22 14:40:33.139 [main] INFO  org.restct.RESTCT -         2-th operation all parameters covering array size: 84, parameters: 8
2023-05-22 14:40:33.140 [main] INFO  org.restct.RESTCT - ****************************************************************************************************
2023-05-22 14:40:33.165 [main] INFO  org.restct.RESTCT - 3-th operation: get*https://dev.virtualearth.net/REST/v1/Imagery/Map/{imagerySet}/Routes/{travelMode}
2023-05-22 14:40:33.498 [main] INFO  org.restct.RESTCT -         3-th operation essential parameters covering array size: 60, parameters: 5, constraints: 0
2023-05-22 14:40:33.903 [main] INFO  org.restct.RESTCT -         3-th operation all parameters covering array size: 52, parameters: 18
2023-05-22 14:40:33.903 [main] INFO  org.restct.RESTCT - ****************************************************************************************************
2023-05-22 14:40:33.917 [main] INFO  org.restct.RESTCT - 4-th operation: get*https://dev.virtualearth.net/REST/v1/Imagery/Map/Streetside/{address}
2023-05-22 14:40:34.249 [main] INFO  org.restct.RESTCT -         4-th operation essential parameters covering array size: 3, parameters: 2, constraints: 0
2023-05-22 14:40:34.582 [main] INFO  org.restct.RESTCT -         4-th operation all parameters covering array size: 25, parameters: 18
2023-05-22 14:40:34.582 [main] INFO  org.restct.RESTCT - ****************************************************************************************************
2023-05-22 14:40:34.592 [main] INFO  org.restct.RESTCT - 5-th operation: get*https://dev.virtualearth.net/REST/v1/Imagery/Map/{imagerySet}/{centerPoint}/{zoomLevel}/Routes/{travelMode}
2023-05-22 14:40:34.913 [main] INFO  org.restct.RESTCT -         5-th operation essential parameters covering array size: 60, parameters: 6, constraints: 0
2023-05-22 14:40:35.279 [main] INFO  org.restct.RESTCT -         5-th operation all parameters covering array size: 52, parameters: 19
2023-05-22 14:40:35.279 [main] INFO  org.restct.RESTCT - ****************************************************************************************************
2023-05-22 14:40:35.296 [main] INFO  org.restct.RESTCT -    unresolved parameters:
2023-05-22 14:40:35.296 [main] INFO  org.restct.RESTCT - 1-th operation: get*https://dev.virtualearth.net/REST/v1/Imagery/Map/{imagerySet}/{centerPoint}/{zoomLevel}/Routes/{travelMode}
2023-05-22 14:40:35.613 [main] INFO  org.restct.RESTCT -         1-th operation essential parameters covering array size: 60, parameters: 6, constraints: 0
2023-05-22 14:40:35.972 [main] INFO  org.restct.RESTCT -         1-th operation all parameters covering array size: 52, parameters: 19
2023-05-22 14:40:35.972 [main] INFO  org.restct.RESTCT - ****************************************************************************************************
2023-05-22 14:40:35.988 [main] INFO  org.restct.RESTCT - 2-th operation: get*https://dev.virtualearth.net/REST/v1/Imagery/Map/{imagerySet}/Routes/{travelMode}
2023-05-22 14:40:36.577 [main] INFO  org.restct.RESTCT -         2-th operation essential parameters covering array size: 60, parameters: 5, constraints: 0
2023-05-22 14:40:39.177 [main] INFO  org.restct.RESTCT -         2-th operation all parameters covering array size: 52, parameters: 18
2023-05-22 14:40:39.178 [main] INFO  org.restct.RESTCT - ****************************************************************************************************
2023-05-22 14:40:39.276 [main] INFO  org.restct.RESTCT -    unresolved parameters:
2023-05-22 14:40:39.361 [main] INFO  org.restct.RESTCT - Imagery,2,3,2,6.0,7.00,0.70,0.26,90,2,4794,164,17.93

2023-05-22 14:40:39.362 [main] INFO  org.restct.RESTCT - Program execution time: 1075894 ms.
