2023-05-22 00:48:17.578 [main] INFO  org.restct.RESTCT - bugFile written successfully.

2023-05-22 00:48:18.077 [main] INFO  org.restct.RESTCT -         2-th operation essential parameters covering array size: 2, parameters: 2, constraints: 0
2023-05-22 00:48:18.674 [main] INFO  org.restct.RESTCT -         2-th operation all parameters covering array size: 51, parameters: 18
2023-05-22 00:48:18.675 [main] INFO  org.restct.RESTCT - ****************************************************************************************************
2023-05-22 00:48:24.916 [main] INFO  org.restct.RESTCT - bugFile written successfully.

2023-05-22 00:48:25.203 [main] ERROR org.restct.RESTCT - Program execution failed: 12
java.lang.ArrayIndexOutOfBoundsException: 12
	at org.restct.ACTS.getName(CoveringArray.java:514) ~[classes/:?]
	at org.restct.ACTS.lambda$parseOutput$0(CoveringArray.java:618) ~[classes/:?]
	at java.util.stream.ReferencePipeline$3$1.accept(ReferencePipeline.java:193) ~[?:1.8.0_231]
	at java.util.Spliterators$ArraySpliterator.forEachRemaining(Spliterators.java:948) ~[?:1.8.0_231]
	at java.util.stream.AbstractPipeline.copyInto(AbstractPipeline.java:482) ~[?:1.8.0_231]
	at java.util.stream.AbstractPipeline.wrapAndCopyInto(AbstractPipeline.java:472) ~[?:1.8.0_231]
	at java.util.stream.ReduceOps$ReduceOp.evaluateSequential(ReduceOps.java:708) ~[?:1.8.0_231]
	at java.util.stream.AbstractPipeline.evaluate(AbstractPipeline.java:234) ~[?:1.8.0_231]
	at java.util.stream.ReferencePipeline.collect(ReferencePipeline.java:499) ~[?:1.8.0_231]
	at org.restct.ACTS.parseOutput(CoveringArray.java:619) ~[classes/:?]
	at org.restct.ACTS.run(CoveringArray.java:650) ~[classes/:?]
	at org.restct.CoveringArray.genEssentialParamsCase(CoveringArray.java:197) ~[classes/:?]
	at org.restct.CoveringArray.run(CoveringArray.java:99) ~[classes/:?]
	at org.restct.RESTCT.run(RESTCT.java:121) [classes/:?]
	at org.restct.Main.main(Main.java:11) [classes/:?]
2023-05-22 00:48:25.213 [main] INFO  org.restct.RESTCT - Program execution time: 113170 ms.
