2023-05-22 15:54:05.119 [main] INFO  org.restct.RESTCT -         9-th operation essential parameters covering array size: 1, parameters: 3, constraints: 0
2023-05-22 15:54:06.243 [main] INFO  org.restct.RESTCT -         9-th operation all parameters covering array size: 25, parameters: 18
2023-05-22 15:54:06.243 [main] INFO  org.restct.RESTCT - ****************************************************************************************************
2023-05-22 15:54:16.231 [main] INFO  org.restct.RESTCT -         9-th operation essential parameters covering array size: 1, parameters: 3, constraints: 0
2023-05-22 15:54:17.119 [main] INFO  org.restct.RESTCT -         9-th operation all parameters covering array size: 25, parameters: 18
2023-05-22 15:54:17.120 [main] INFO  org.restct.RESTCT - ****************************************************************************************************
2023-05-22 15:54:26.971 [main] INFO  org.restct.RESTCT -    unresolved parameters:
2023-05-22 15:54:26.974 [main] INFO  org.restct.RESTCT - 1-th operation: get*https://dev.virtualearth.net/REST/v1/Imagery/Map/Streetside/{centerPoint}/{zoomLevel}
2023-05-22 15:54:26.975 [main] INFO  org.restct.RESTCT -         generate new domains...
2023-05-22 15:54:26.975 [main] INFO  org.restct.RESTCT -             centerPoint: 1 - [Random=47.60,-122.107]
2023-05-22 15:54:26.976 [main] INFO  org.restct.RESTCT -             zoomLevel: 1 - [Random=3]
2023-05-22 15:54:26.976 [main] INFO  org.restct.RESTCT -             key: 1 - [Enum=Av4fQ9XDFL4V7pk6Y0_gwG71JhO_ABjvJDdudpG8bztUgaHiWllH7Dmo9IYnwgVb]
2023-05-22 15:54:27.400 [main] INFO  org.restct.RESTCT -         1-th operation essential parameters covering array size: 1, parameters: 3, constraints: 0
2023-05-22 15:54:28.281 [main] INFO  org.restct.RESTCT -         1-th operation all parameters covering array size: 25, parameters: 18
2023-05-22 15:54:28.282 [main] INFO  org.restct.RESTCT - ****************************************************************************************************
2023-05-22 15:54:38.056 [main] INFO  org.restct.RESTCT - 2-th operation: get*https://dev.virtualearth.net/REST/v1/Imagery/Map/{imagerySet}/{centerPoint}/{zoomLevel}/Routes/{travelMode}
2023-05-22 15:54:38.057 [main] INFO  org.restct.RESTCT -         generate new domains...
2023-05-22 15:54:38.057 [main] INFO  org.restct.RESTCT -             centerPoint: 1 - [Default=47.610,-122.107]
2023-05-22 15:54:38.058 [main] INFO  org.restct.RESTCT -             key: 1 - [Enum=Av4fQ9XDFL4V7pk6Y0_gwG71JhO_ABjvJDdudpG8bztUgaHiWllH7Dmo9IYnwgVb]
2023-05-22 15:54:38.058 [main] INFO  org.restct.RESTCT -             waypoint.0: 2 - [Random=Seattlse,WA;64;1, Default=Seattle,WA;64;1]
2023-05-22 15:54:38.058 [main] INFO  org.restct.RESTCT -             zoomLevel: 2 - [Random=18, Random=17]
2023-05-22 15:54:38.058 [main] INFO  org.restct.RESTCT -             imagerySet: 10 - [Enum=Aerial, Enum=AerialWithLabels, Enum=AerialWithLabelsOnDemand, Enum=Birdseye, Enum=BirdseyeWithLabels, Enum=CanvasDark, Enum=CanvasLight, Enum=CanvasGray, Enum=Road, Enum=Streetside]
2023-05-22 15:54:38.059 [main] INFO  org.restct.RESTCT -             waypoint.1: 2 - [Random=xRedmond,WA;66;2, Default=Redmond,WA;66;2]
2023-05-22 15:54:38.474 [main] INFO  org.restct.RESTCT -         2-th operation essential parameters covering array size: 40, parameters: 6, constraints: 0
2023-05-22 15:54:55.121 [main] INFO  org.restct.RESTCT -         2-th operation all parameters covering array size: 52, parameters: 19
2023-05-22 15:54:55.122 [main] INFO  org.restct.RESTCT - ****************************************************************************************************
