2023-05-22 20:04:17.756 [main] INFO  org.restct.RESTCT -         4-th operation all parameters covering array size: 42, parameters: 21
2023-05-22 20:04:17.760 [main] INFO  org.restct.RESTCT - ****************************************************************************************************
2023-05-22 20:04:35.791 [main] INFO  org.restct.RESTCT - 5-th operation: post*http://dev.virtualearth.net/REST/v1/Routes/SnapToRoadAsyncCallback
2023-05-22 20:04:35.792 [main] INFO  org.restct.RESTCT -         generate new domains...
2023-05-22 20:04:35.792 [main] INFO  org.restct.RESTCT -             latitude: 3 - [Random=-78.79998669299661, Random=-66.46543267035528, Random=12.560540235726066]
2023-05-22 20:04:35.793 [main] INFO  org.restct.RESTCT -             longitude: 3 - [Random=-77.33015402508758, Random=-83.64777614565149, Random=-167.26242283537147]
2023-05-22 20:04:35.794 [main] INFO  org.restct.RESTCT -             interpolate: 3 - [Enum=false, Enum=true, NULL=null]
2023-05-22 20:04:35.794 [main] INFO  org.restct.RESTCT -             includeSpeedLimit: 3 - [Enum=false, Enum=true, NULL=null]
2023-05-22 20:04:35.794 [main] INFO  org.restct.RESTCT -             includeTruckSpeedLimit: 3 - [Enum=false, Enum=true, NULL=null]
2023-05-22 20:04:35.794 [main] INFO  org.restct.RESTCT -             speedUnit: 3 - [Enum=MPH, Enum=KPH, NULL=null]
2023-05-22 20:04:35.795 [main] INFO  org.restct.RESTCT -             travelMode: 3 - [Enum=driving, Enum=walking, NULL=null]
2023-05-22 20:04:35.795 [main] INFO  org.restct.RESTCT -             dimensionUnit: 5 - [Enum=meter, Enum=m, Enum=foot, Enum=ft, NULL=null]
2023-05-22 20:04:35.795 [main] INFO  org.restct.RESTCT -             weightUnit: 5 - [Enum=kilogram , Enum=kg, Enum=pound , Enum=lb, NULL=null]
2023-05-22 20:04:35.795 [main] INFO  org.restct.RESTCT -             vehicleHeight: 3 - [Random=1, Default=5, NULL=null]
2023-05-22 20:04:35.796 [main] INFO  org.restct.RESTCT -             vehicleWidth: 3 - [Random=3., Default=3.5, NULL=null]
2023-05-22 20:04:35.796 [main] INFO  org.restct.RESTCT -             vehicleLength: 3 - [Random=8, Default=30, NULL=null]
2023-05-22 20:04:35.796 [main] INFO  org.restct.RESTCT -             vehicleWeight: 3 - [Random=4, Default=30000, NULL=null]
2023-05-22 20:04:35.797 [main] INFO  org.restct.RESTCT -             vehicleAxles: 3 - [Random=8, Default=3, NULL=null]
2023-05-22 20:04:35.797 [main] INFO  org.restct.RESTCT -             vehicleTrailers: 3 - [Random=4, Default=2, NULL=null]
2023-05-22 20:04:35.797 [main] INFO  org.restct.RESTCT -             vehicleSemi: 3 - [Enum=false, Enum=true, NULL=null]
2023-05-22 20:04:35.797 [main] INFO  org.restct.RESTCT -             vehicleMaxGradient: 3 - [Random=5, Default=10, NULL=null]
2023-05-22 20:04:35.797 [main] INFO  org.restct.RESTCT -             vehicleMinTurnRadius: 3 - [Random=1, Default=15, NULL=null]
2023-05-22 20:04:35.798 [main] INFO  org.restct.RESTCT -             vehicleAvoidCrossWind: 3 - [Enum=false, Enum=true, NULL=null]
2023-05-22 20:04:35.798 [main] INFO  org.restct.RESTCT -             vehicleAvoidGroundingRisk: 3 - [Enum=false, Enum=true, NULL=null]
2023-05-22 20:04:35.798 [main] INFO  org.restct.RESTCT -             vehicleHazardousMaterials: 25 - [Enum=Combustable, Enum=C, Enum=Corrosive, Enum=Cr, Enum=Explosive, Enum=E, Enum=Flammable, Enum=F, Enum=FlammableSolid, Enum=FS, Enum=Gas, Enum=G, Enum=GoodsHarmfulToWater, Enum=WH, Enum=Organic, Enum=O, Enum=Other, Enum=Poison, Enum=P, Enum=PoisonousInhalation, Enum=PI, Enum=Radioactive, Enum=R, Enum=None, NULL=null]
2023-05-22 20:04:35.798 [main] INFO  org.restct.RESTCT -             vehicleHazardousPermits: 23 - [Enum=AllAppropriateForLoad, Enum=Combustable, Enum=C, Enum=Corrosive, Enum=Cr, Enum=Explosive, Enum=E, Enum=Flammable, Enum=F, Enum=FlammableSolid, Enum=FS, Enum=Gas, Enum=G, Enum=Organic, Enum=O, Enum=Poison, Enum=P, Enum=PoisonousInhalation, Enum=PI, Enum=Radioactive, Enum=R, Enum=None, NULL=null]
2023-05-22 20:04:35.799 [main] INFO  org.restct.RESTCT -             key: 1 - [Enum=Av4fQ9XDFL4V7pk6Y0_gwG71JhO_ABjvJDdudpG8bztUgaHiWllH7Dmo9IYnwgVb]
2023-05-22 20:04:37.070 [main] INFO  org.restct.RESTCT -         5-th operation essential parameters covering array size: 3034, parameters: 23, constraints: 0
