2023-05-22 14:58:00.833 [main] INFO  org.restct.RESTCT - 10-th operation: get*https://dev.virtualearth.net/REST/v1/Imagery/Map/Streetside/{address}
2023-05-22 14:58:00.848 [main] INFO  org.restct.RESTCT -         generate new domains...
2023-05-22 14:58:00.848 [main] INFO  org.restct.RESTCT -             zoomLevel: 3 - [Random=3, Random=19, Random=7]
2023-05-22 14:58:00.849 [main] INFO  org.restct.RESTCT -             key: 1 - [Enum=Av4fQ9XDFL4V7pk6Y0_gwG71JhO_ABjvJDdudpG8bztUgaHiWllH7Dmo9IYnwgVb]
2023-05-22 14:58:01.292 [main] INFO  org.restct.RESTCT -         10-th operation essential parameters covering array size: 3, parameters: 2, constraints: 0
2023-05-22 14:58:03.013 [main] INFO  org.restct.RESTCT -         10-th operation all parameters covering array size: 25, parameters: 18
2023-05-22 14:58:03.013 [main] INFO  org.restct.RESTCT - ****************************************************************************************************
2023-05-22 14:58:09.274 [main] INFO  org.restct.RESTCT -         generate new domains...
2023-05-22 14:58:09.275 [main] INFO  org.restct.RESTCT -             zoomLevel: 3 - [Random=3, Random=19, Random=7]
2023-05-22 14:58:09.275 [main] INFO  org.restct.RESTCT -             key: 1 - [Enum=Av4fQ9XDFL4V7pk6Y0_gwG71JhO_ABjvJDdudpG8bztUgaHiWllH7Dmo9IYnwgVb]
2023-05-22 14:58:09.654 [main] INFO  org.restct.RESTCT -         10-th operation essential parameters covering array size: 3, parameters: 2, constraints: 0
2023-05-22 14:58:11.251 [main] INFO  org.restct.RESTCT -         10-th operation all parameters covering array size: 25, parameters: 18
2023-05-22 14:58:11.251 [main] INFO  org.restct.RESTCT - ****************************************************************************************************
2023-05-22 14:58:26.062 [main] INFO  org.restct.RESTCT -         generate new domains...
2023-05-22 14:58:26.062 [main] INFO  org.restct.RESTCT -             zoomLevel: 3 - [Random=3, Random=19, Random=7]
2023-05-22 14:58:26.063 [main] INFO  org.restct.RESTCT -             key: 1 - [Enum=Av4fQ9XDFL4V7pk6Y0_gwG71JhO_ABjvJDdudpG8bztUgaHiWllH7Dmo9IYnwgVb]
2023-05-22 14:58:26.468 [main] INFO  org.restct.RESTCT -         10-th operation essential parameters covering array size: 3, parameters: 2, constraints: 0
2023-05-22 14:58:30.214 [main] INFO  org.restct.RESTCT -         10-th operation all parameters covering array size: 25, parameters: 18
2023-05-22 14:58:30.215 [main] INFO  org.restct.RESTCT - ****************************************************************************************************
2023-05-22 14:58:57.743 [main] INFO  org.restct.RESTCT -    unresolved parameters:
2023-05-22 14:58:57.745 [main] INFO  org.restct.RESTCT - 1-th operation: get*https://dev.virtualearth.net/REST/v1/Imagery/Map/Streetside/{address}
2023-05-22 14:58:57.746 [main] INFO  org.restct.RESTCT -         generate new domains...
2023-05-22 14:58:57.746 [main] INFO  org.restct.RESTCT -             zoomLevel: 3 - [Random=3, Random=19, Random=7]
2023-05-22 14:58:57.746 [main] INFO  org.restct.RESTCT -             key: 1 - [Enum=Av4fQ9XDFL4V7pk6Y0_gwG71JhO_ABjvJDdudpG8bztUgaHiWllH7Dmo9IYnwgVb]
2023-05-22 14:58:58.140 [main] INFO  org.restct.RESTCT -         1-th operation essential parameters covering array size: 3, parameters: 2, constraints: 0
