2023-05-22 16:32:02.284 [main] INFO  org.restct.RESTCT - 2-th operation: get*http://dev.virtualearth.net/REST/v1/LocationRecog/{point}
2023-05-22 16:32:02.682 [main] INFO  org.restct.RESTCT -         2-th operation essential parameters covering array size: 2, parameters: 2, constraints: 0
2023-05-22 16:32:03.682 [main] INFO  org.restct.RESTCT -         2-th operation all parameters covering array size: 40, parameters: 10
2023-05-22 16:32:03.682 [main] INFO  org.restct.RESTCT - ****************************************************************************************************
2023-05-22 16:32:15.954 [main] INFO  org.restct.RESTCT - 3-th operation: get*http://dev.virtualearth.net/REST/v1/Locations/{point}
2023-05-22 16:32:16.322 [main] INFO  org.restct.RESTCT -         3-th operation essential parameters covering array size: 2, parameters: 2, constraints: 0
2023-05-22 16:32:17.483 [main] INFO  org.restct.RESTCT -         3-th operation all parameters covering array size: 24, parameters: 6
2023-05-22 16:32:17.483 [main] INFO  org.restct.RESTCT - ****************************************************************************************************
2023-05-22 16:32:26.734 [main] INFO  org.restct.RESTCT - 4-th operation: get*http://dev.virtualearth.net/REST/v1/LocalSearch
2023-05-22 16:32:27.286 [main] INFO  org.restct.RESTCT -         4-th operation essential parameters covering array size: 1, parameters: 1, constraints: 0
2023-05-22 16:32:28.146 [main] INFO  org.restct.RESTCT -         4-th operation all parameters covering array size: 24, parameters: 7
2023-05-22 16:32:28.147 [main] INFO  org.restct.RESTCT - ****************************************************************************************************
2023-05-22 16:32:35.701 [main] INFO  org.restct.RESTCT - 5-th operation: get*http://dev.virtualearth.net/REST/v1/Locations
2023-05-22 16:32:36.038 [main] INFO  org.restct.RESTCT -         5-th operation essential parameters covering array size: 1, parameters: 1, constraints: 0
2023-05-22 16:32:36.936 [main] INFO  org.restct.RESTCT -         5-th operation all parameters covering array size: 15, parameters: 10
2023-05-22 16:32:36.936 [main] INFO  org.restct.RESTCT - ****************************************************************************************************
2023-05-22 16:32:43.318 [main] INFO  org.restct.RESTCT -    unresolved parameters:
2023-05-22 16:32:43.320 [main] INFO  org.restct.RESTCT - 1-th operation: get*http://dev.virtualearth.net/REST/v1/Locations
2023-05-22 16:32:43.677 [main] INFO  org.restct.RESTCT -         1-th operation essential parameters covering array size: 1, parameters: 1, constraints: 0
2023-05-22 16:32:44.598 [main] INFO  org.restct.RESTCT -         1-th operation all parameters covering array size: 15, parameters: 10
2023-05-22 16:32:44.598 [main] INFO  org.restct.RESTCT - ****************************************************************************************************
2023-05-22 16:32:51.321 [main] INFO  org.restct.RESTCT - 2-th operation: get*http://dev.virtualearth.net/REST/v1/LocalSearch
2023-05-22 16:32:51.690 [main] INFO  org.restct.RESTCT -         2-th operation essential parameters covering array size: 1, parameters: 1, constraints: 0
2023-05-22 16:32:52.440 [main] INFO  org.restct.RESTCT -         2-th operation all parameters covering array size: 24, parameters: 7
2023-05-22 16:32:52.441 [main] INFO  org.restct.RESTCT - ****************************************************************************************************
2023-05-22 16:32:59.312 [main] INFO  org.restct.RESTCT - 3-th operation: get*http://dev.virtualearth.net/REST/v1/Locations/{point}
2023-05-22 16:32:59.695 [main] INFO  org.restct.RESTCT -         3-th operation essential parameters covering array size: 2, parameters: 2, constraints: 0
