2023-05-22 15:33:00.205 [main] DEBUG org.restct.RESTCT - ACTS Exited with code 0
2023-05-22 15:33:00.219 [main] INFO  org.restct.RESTCT -         3-th operation all parameters covering array size: 2, parameters: 2
2023-05-22 15:33:00.219 [main] INFO  org.restct.RESTCT - ****************************************************************************************************
2023-05-22 15:33:00.734 [main] DEBUG org.restct.RESTCT -         generate new domains...
2023-05-22 15:33:00.735 [main] DEBUG org.restct.RESTCT -             key: 1 - [Enum]
2023-05-22 15:33:00.735 [main] DEBUG org.restct.RESTCT -             points: 2 - [Default, Random]
2023-05-22 15:33:01.108 [main] DEBUG org.restct.RESTCT - ACTS Exited with code 0
2023-05-22 15:33:01.109 [main] INFO  org.restct.RESTCT -         3-th operation essential parameters covering array size: 2, parameters: 2, constraints: 0
2023-05-22 15:33:01.577 [main] DEBUG org.restct.RESTCT -         generate new domains...
2023-05-22 15:33:01.577 [main] DEBUG org.restct.RESTCT -             key: 1 - [Enum=AkZxRYtSbfisLxUcZO1-iXl9g0XNRBkq17TFotpXeNWFuERIJ1yqMcu2dbcolA0P]
2023-05-22 15:33:01.577 [main] DEBUG org.restct.RESTCT -             points: 2 - [Default=35.89431,-110.72522,35.89393,-110.72578,35.89374, Random=35.89431,-110.72522,35.8933,-110.72578,35.89374]
2023-05-22 15:33:01.940 [main] DEBUG org.restct.RESTCT - ACTS Exited with code 0
2023-05-22 15:33:01.941 [main] INFO  org.restct.RESTCT -         3-th operation all parameters covering array size: 2, parameters: 2
2023-05-22 15:33:01.941 [main] INFO  org.restct.RESTCT - ****************************************************************************************************
2023-05-22 15:33:02.403 [main] INFO  org.restct.RESTCT -    unresolved parameters:
2023-05-22 15:33:02.404 [main] DEBUG org.restct.RESTCT - uncoveredSet remove 2
2023-05-22 15:33:02.405 [main] INFO  org.restct.RESTCT - Uncovered combinations: 0, sequence length: 2
2023-05-22 15:33:02.405 [main] DEBUG org.restct.RESTCT - budget 3600 , now cost: 56.446
2023-05-22 15:33:02.406 [main] INFO  org.restct.RESTCT - 1-th operation: get*http://dev.virtualearth.net/REST/v1/Elevation/Polyline
2023-05-22 15:33:02.406 [main] DEBUG org.restct.RESTCT -         generate new domains...
2023-05-22 15:33:02.406 [main] DEBUG org.restct.RESTCT -             key: 1 - [Enum]
2023-05-22 15:33:02.407 [main] DEBUG org.restct.RESTCT -             points: 2 - [Default, Random]
2023-05-22 15:33:02.407 [main] DEBUG org.restct.RESTCT -             samples: 2 - [Default, Random]
2023-05-22 15:33:02.808 [main] DEBUG org.restct.RESTCT - ACTS Exited with code 0
2023-05-22 15:33:02.809 [main] INFO  org.restct.RESTCT -         1-th operation essential parameters covering array size: 4, parameters: 3, constraints: 0
2023-05-22 15:33:03.720 [main] DEBUG org.restct.RESTCT -         generate new domains...
2023-05-22 15:33:03.721 [main] DEBUG org.restct.RESTCT -             key: 1 - [Enum=AkZxRYtSbfisLxUcZO1-iXl9g0XNRBkq17TFotpXeNWFuERIJ1yqMcu2dbcolA0P]
2023-05-22 15:33:03.721 [main] DEBUG org.restct.RESTCT -             heights: 3 - [Enum=ellipsoid, NULL=null, Enum=sealevel]
2023-05-22 15:33:03.721 [main] DEBUG org.restct.RESTCT -             points: 2 - [Default=35.89431,-110.72522,35.89393,-110.72578,35.89374, Random=35.89431,-110.72522,35.89393,-110.725x78,35.89374]
2023-05-22 15:33:03.721 [main] DEBUG org.restct.RESTCT -             samples: 2 - [Default=30, Random=8]
2023-05-22 15:33:04.106 [main] DEBUG org.restct.RESTCT - ACTS Exited with code 0
2023-05-22 15:33:04.107 [main] INFO  org.restct.RESTCT -         1-th operation all parameters covering array size: 6, parameters: 4
2023-05-22 15:33:04.107 [main] INFO  org.restct.RESTCT - ****************************************************************************************************
2023-05-22 15:33:05.508 [main] INFO  org.restct.RESTCT - 2-th operation: get*http://dev.virtualearth.net/REST/v1/Elevation/List
2023-05-22 15:33:05.519 [main] DEBUG org.restct.RESTCT -         generate new domains...
2023-05-22 15:33:05.520 [main] DEBUG org.restct.RESTCT -             key: 1 - [Enum]
2023-05-22 15:33:05.520 [main] DEBUG org.restct.RESTCT -             points: 2 - [Default, Random]
2023-05-22 15:33:05.876 [main] DEBUG org.restct.RESTCT - ACTS Exited with code 0
2023-05-22 15:33:05.876 [main] INFO  org.restct.RESTCT -         2-th operation essential parameters covering array size: 2, parameters: 2, constraints: 0
2023-05-22 15:33:06.313 [main] DEBUG org.restct.RESTCT -         generate new domains...
2023-05-22 15:33:06.313 [main] DEBUG org.restct.RESTCT -             key: 1 - [Enum=AkZxRYtSbfisLxUcZO1-iXl9g0XNRBkq17TFotpXeNWFuERIJ1yqMcu2dbcolA0P]
2023-05-22 15:33:06.313 [main] DEBUG org.restct.RESTCT -             points: 2 - [Random=35.89431,-110.72522,35.89393,-o110.72578,35.89374, Default=35.89431,-110.72522,35.89393,-110.72578,35.89374]
2023-05-22 15:33:06.314 [main] DEBUG org.restct.RESTCT -             heights: 3 - [Enum=ellipsoid, NULL=null, Enum=sealevel]
2023-05-22 15:33:06.684 [main] DEBUG org.restct.RESTCT - ACTS Exited with code 0
2023-05-22 15:33:06.684 [main] INFO  org.restct.RESTCT -         2-th operation all parameters covering array size: 6, parameters: 3
2023-05-22 15:33:06.684 [main] INFO  org.restct.RESTCT - ****************************************************************************************************
2023-05-22 15:33:08.106 [main] INFO  org.restct.RESTCT -    unresolved parameters:
2023-05-22 15:33:08.111 [main] DEBUG org.restct.RESTCT - computeCombinations [[GET***http://dev.virtualearth.net/REST/v1/Elevation/Bounds]]
2023-05-22 15:33:08.111 [main] DEBUG org.restct.RESTCT - computeCombinations [[GET***http://dev.virtualearth.net/REST/v1/Elevation/List], [GET***http://dev.virtualearth.net/REST/v1/Elevation/Bounds], [GET***http://dev.virtualearth.net/REST/v1/Elevation/SeaLevel], [GET***http://dev.virtualearth.net/REST/v1/Elevation/Polyline]]
2023-05-22 15:33:08.112 [main] DEBUG org.restct.RESTCT - computeCombinations []
2023-05-22 15:33:08.112 [main] DEBUG org.restct.RESTCT - computeCombinations [[GET***http://dev.virtualearth.net/REST/v1/Elevation/Bounds, GET***http://dev.virtualearth.net/REST/v1/Elevation/List], [GET***http://dev.virtualearth.net/REST/v1/Elevation/List, GET***http://dev.virtualearth.net/REST/v1/Elevation/SeaLevel], [GET***http://dev.virtualearth.net/REST/v1/Elevation/Polyline, GET***http://dev.virtualearth.net/REST/v1/Elevation/SeaLevel], [GET***http://dev.virtualearth.net/REST/v1/Elevation/Bounds, GET***http://dev.virtualearth.net/REST/v1/Elevation/SeaLevel], [GET***http://dev.virtualearth.net/REST/v1/Elevation/Bounds, GET***http://dev.virtualearth.net/REST/v1/Elevation/Polyline], [GET***http://dev.virtualearth.net/REST/v1/Elevation/Polyline, GET***http://dev.virtualearth.net/REST/v1/Elevation/List], [GET***http://dev.virtualearth.net/REST/v1/Elevation/SeaLevel, GET***http://dev.virtualearth.net/REST/v1/Elevation/Polyline], [GET***http://dev.virtualearth.net/REST/v1/Elevation/List, GET***http://dev.virtualearth.net/REST/v1/Elevation/Polyline], [GET***http://dev.virtualearth.net/REST/v1/Elevation/List, GET***http://dev.virtualearth.net/REST/v1/Elevation/Bounds], [GET***http://dev.virtualearth.net/REST/v1/Elevation/SeaLevel, GET***http://dev.virtualearth.net/REST/v1/Elevation/Bounds], [GET***http://dev.virtualearth.net/REST/v1/Elevation/SeaLevel, GET***http://dev.virtualearth.net/REST/v1/Elevation/List], [GET***http://dev.virtualearth.net/REST/v1/Elevation/Polyline, GET***http://dev.virtualearth.net/REST/v1/Elevation/Bounds]]
2023-05-22 15:33:08.112 [main] DEBUG org.restct.RESTCT - computeCombinations [[GET***http://dev.virtualearth.net/REST/v1/Elevation/Bounds]]
2023-05-22 15:33:08.112 [main] DEBUG org.restct.RESTCT - computeCombinations [[GET***http://dev.virtualearth.net/REST/v1/Elevation/List], [GET***http://dev.virtualearth.net/REST/v1/Elevation/Bounds], [GET***http://dev.virtualearth.net/REST/v1/Elevation/SeaLevel], [GET***http://dev.virtualearth.net/REST/v1/Elevation/Polyline]]
2023-05-22 15:33:08.113 [main] DEBUG org.restct.RESTCT - computeCombinations []
2023-05-22 15:33:08.113 [main] DEBUG org.restct.RESTCT - computeCombinations [[GET***http://dev.virtualearth.net/REST/v1/Elevation/Bounds, GET***http://dev.virtualearth.net/REST/v1/Elevation/List], [GET***http://dev.virtualearth.net/REST/v1/Elevation/List, GET***http://dev.virtualearth.net/REST/v1/Elevation/SeaLevel], [GET***http://dev.virtualearth.net/REST/v1/Elevation/Polyline, GET***http://dev.virtualearth.net/REST/v1/Elevation/SeaLevel], [GET***http://dev.virtualearth.net/REST/v1/Elevation/Bounds, GET***http://dev.virtualearth.net/REST/v1/Elevation/SeaLevel], [GET***http://dev.virtualearth.net/REST/v1/Elevation/Bounds, GET***http://dev.virtualearth.net/REST/v1/Elevation/Polyline], [GET***http://dev.virtualearth.net/REST/v1/Elevation/Polyline, GET***http://dev.virtualearth.net/REST/v1/Elevation/List], [GET***http://dev.virtualearth.net/REST/v1/Elevation/SeaLevel, GET***http://dev.virtualearth.net/REST/v1/Elevation/Polyline], [GET***http://dev.virtualearth.net/REST/v1/Elevation/List, GET***http://dev.virtualearth.net/REST/v1/Elevation/Polyline], [GET***http://dev.virtualearth.net/REST/v1/Elevation/List, GET***http://dev.virtualearth.net/REST/v1/Elevation/Bounds], [GET***http://dev.virtualearth.net/REST/v1/Elevation/SeaLevel, GET***http://dev.virtualearth.net/REST/v1/Elevation/Bounds], [GET***http://dev.virtualearth.net/REST/v1/Elevation/SeaLevel, GET***http://dev.virtualearth.net/REST/v1/Elevation/List], [GET***http://dev.virtualearth.net/REST/v1/Elevation/Polyline, GET***http://dev.virtualearth.net/REST/v1/Elevation/Bounds]]
2023-05-22 15:33:08.113 [main] DEBUG org.restct.RESTCT - computeCombinations [[GET***http://dev.virtualearth.net/REST/v1/Elevation/Bounds]]
2023-05-22 15:33:08.114 [main] DEBUG org.restct.RESTCT - computeCombinations [[GET***http://dev.virtualearth.net/REST/v1/Elevation/List], [GET***http://dev.virtualearth.net/REST/v1/Elevation/Bounds], [GET***http://dev.virtualearth.net/REST/v1/Elevation/SeaLevel], [GET***http://dev.virtualearth.net/REST/v1/Elevation/Polyline]]
2023-05-22 15:33:08.114 [main] DEBUG org.restct.RESTCT - computeCombinations []
2023-05-22 15:33:08.114 [main] DEBUG org.restct.RESTCT - computeCombinations [[GET***http://dev.virtualearth.net/REST/v1/Elevation/Bounds, GET***http://dev.virtualearth.net/REST/v1/Elevation/List], [GET***http://dev.virtualearth.net/REST/v1/Elevation/List, GET***http://dev.virtualearth.net/REST/v1/Elevation/SeaLevel], [GET***http://dev.virtualearth.net/REST/v1/Elevation/Polyline, GET***http://dev.virtualearth.net/REST/v1/Elevation/SeaLevel], [GET***http://dev.virtualearth.net/REST/v1/Elevation/Bounds, GET***http://dev.virtualearth.net/REST/v1/Elevation/SeaLevel], [GET***http://dev.virtualearth.net/REST/v1/Elevation/Bounds, GET***http://dev.virtualearth.net/REST/v1/Elevation/Polyline], [GET***http://dev.virtualearth.net/REST/v1/Elevation/Polyline, GET***http://dev.virtualearth.net/REST/v1/Elevation/List], [GET***http://dev.virtualearth.net/REST/v1/Elevation/SeaLevel, GET***http://dev.virtualearth.net/REST/v1/Elevation/Polyline], [GET***http://dev.virtualearth.net/REST/v1/Elevation/List, GET***http://dev.virtualearth.net/REST/v1/Elevation/Polyline], [GET***http://dev.virtualearth.net/REST/v1/Elevation/List, GET***http://dev.virtualearth.net/REST/v1/Elevation/Bounds], [GET***http://dev.virtualearth.net/REST/v1/Elevation/SeaLevel, GET***http://dev.virtualearth.net/REST/v1/Elevation/Bounds], [GET***http://dev.virtualearth.net/REST/v1/Elevation/SeaLevel, GET***http://dev.virtualearth.net/REST/v1/Elevation/List], [GET***http://dev.virtualearth.net/REST/v1/Elevation/Polyline, GET***http://dev.virtualearth.net/REST/v1/Elevation/Bounds]]
2023-05-22 15:33:08.114 [main] DEBUG org.restct.RESTCT - computeCombinations [[GET***http://dev.virtualearth.net/REST/v1/Elevation/Bounds]]
2023-05-22 15:33:08.114 [main] DEBUG org.restct.RESTCT - computeCombinations [[GET***http://dev.virtualearth.net/REST/v1/Elevation/List], [GET***http://dev.virtualearth.net/REST/v1/Elevation/Bounds], [GET***http://dev.virtualearth.net/REST/v1/Elevation/SeaLevel], [GET***http://dev.virtualearth.net/REST/v1/Elevation/Polyline]]
2023-05-22 15:33:08.115 [main] DEBUG org.restct.RESTCT - computeCombinations []
2023-05-22 15:33:08.115 [main] DEBUG org.restct.RESTCT - computeCombinations [[GET***http://dev.virtualearth.net/REST/v1/Elevation/Bounds, GET***http://dev.virtualearth.net/REST/v1/Elevation/List], [GET***http://dev.virtualearth.net/REST/v1/Elevation/List, GET***http://dev.virtualearth.net/REST/v1/Elevation/SeaLevel], [GET***http://dev.virtualearth.net/REST/v1/Elevation/Polyline, GET***http://dev.virtualearth.net/REST/v1/Elevation/SeaLevel], [GET***http://dev.virtualearth.net/REST/v1/Elevation/Bounds, GET***http://dev.virtualearth.net/REST/v1/Elevation/SeaLevel], [GET***http://dev.virtualearth.net/REST/v1/Elevation/Bounds, GET***http://dev.virtualearth.net/REST/v1/Elevation/Polyline], [GET***http://dev.virtualearth.net/REST/v1/Elevation/Polyline, GET***http://dev.virtualearth.net/REST/v1/Elevation/List], [GET***http://dev.virtualearth.net/REST/v1/Elevation/SeaLevel, GET***http://dev.virtualearth.net/REST/v1/Elevation/Polyline], [GET***http://dev.virtualearth.net/REST/v1/Elevation/List, GET***http://dev.virtualearth.net/REST/v1/Elevation/Polyline], [GET***http://dev.virtualearth.net/REST/v1/Elevation/List, GET***http://dev.virtualearth.net/REST/v1/Elevation/Bounds], [GET***http://dev.virtualearth.net/REST/v1/Elevation/SeaLevel, GET***http://dev.virtualearth.net/REST/v1/Elevation/Bounds], [GET***http://dev.virtualearth.net/REST/v1/Elevation/SeaLevel, GET***http://dev.virtualearth.net/REST/v1/Elevation/List], [GET***http://dev.virtualearth.net/REST/v1/Elevation/Polyline, GET***http://dev.virtualearth.net/REST/v1/Elevation/Bounds]]
2023-05-22 15:33:08.115 [main] DEBUG org.restct.RESTCT - computeCombinations [[GET***http://dev.virtualearth.net/REST/v1/Elevation/Bounds]]
2023-05-22 15:33:08.116 [main] DEBUG org.restct.RESTCT - computeCombinations [[GET***http://dev.virtualearth.net/REST/v1/Elevation/List], [GET***http://dev.virtualearth.net/REST/v1/Elevation/Bounds], [GET***http://dev.virtualearth.net/REST/v1/Elevation/SeaLevel], [GET***http://dev.virtualearth.net/REST/v1/Elevation/Polyline]]
2023-05-22 15:33:08.117 [main] DEBUG org.restct.RESTCT - computeCombinations []
2023-05-22 15:33:08.117 [main] DEBUG org.restct.RESTCT - computeCombinations [[GET***http://dev.virtualearth.net/REST/v1/Elevation/Bounds, GET***http://dev.virtualearth.net/REST/v1/Elevation/List], [GET***http://dev.virtualearth.net/REST/v1/Elevation/List, GET***http://dev.virtualearth.net/REST/v1/Elevation/SeaLevel], [GET***http://dev.virtualearth.net/REST/v1/Elevation/Polyline, GET***http://dev.virtualearth.net/REST/v1/Elevation/SeaLevel], [GET***http://dev.virtualearth.net/REST/v1/Elevation/Bounds, GET***http://dev.virtualearth.net/REST/v1/Elevation/SeaLevel], [GET***http://dev.virtualearth.net/REST/v1/Elevation/Bounds, GET***http://dev.virtualearth.net/REST/v1/Elevation/Polyline], [GET***http://dev.virtualearth.net/REST/v1/Elevation/Polyline, GET***http://dev.virtualearth.net/REST/v1/Elevation/List], [GET***http://dev.virtualearth.net/REST/v1/Elevation/SeaLevel, GET***http://dev.virtualearth.net/REST/v1/Elevation/Polyline], [GET***http://dev.virtualearth.net/REST/v1/Elevation/List, GET***http://dev.virtualearth.net/REST/v1/Elevation/Polyline], [GET***http://dev.virtualearth.net/REST/v1/Elevation/List, GET***http://dev.virtualearth.net/REST/v1/Elevation/Bounds], [GET***http://dev.virtualearth.net/REST/v1/Elevation/SeaLevel, GET***http://dev.virtualearth.net/REST/v1/Elevation/Bounds], [GET***http://dev.virtualearth.net/REST/v1/Elevation/SeaLevel, GET***http://dev.virtualearth.net/REST/v1/Elevation/List], [GET***http://dev.virtualearth.net/REST/v1/Elevation/Polyline, GET***http://dev.virtualearth.net/REST/v1/Elevation/Bounds]]
2023-05-22 15:33:08.118 [main] DEBUG org.restct.RESTCT - computeCombinations [[GET***http://dev.virtualearth.net/REST/v1/Elevation/Bounds]]
2023-05-22 15:33:08.119 [main] DEBUG org.restct.RESTCT - computeCombinations [[GET***http://dev.virtualearth.net/REST/v1/Elevation/List], [GET***http://dev.virtualearth.net/REST/v1/Elevation/Bounds], [GET***http://dev.virtualearth.net/REST/v1/Elevation/SeaLevel], [GET***http://dev.virtualearth.net/REST/v1/Elevation/Polyline]]
2023-05-22 15:33:08.119 [main] DEBUG org.restct.RESTCT - computeCombinations []
2023-05-22 15:33:08.120 [main] DEBUG org.restct.RESTCT - computeCombinations [[GET***http://dev.virtualearth.net/REST/v1/Elevation/Bounds, GET***http://dev.virtualearth.net/REST/v1/Elevation/List], [GET***http://dev.virtualearth.net/REST/v1/Elevation/List, GET***http://dev.virtualearth.net/REST/v1/Elevation/SeaLevel], [GET***http://dev.virtualearth.net/REST/v1/Elevation/Polyline, GET***http://dev.virtualearth.net/REST/v1/Elevation/SeaLevel], [GET***http://dev.virtualearth.net/REST/v1/Elevation/Bounds, GET***http://dev.virtualearth.net/REST/v1/Elevation/SeaLevel], [GET***http://dev.virtualearth.net/REST/v1/Elevation/Bounds, GET***http://dev.virtualearth.net/REST/v1/Elevation/Polyline], [GET***http://dev.virtualearth.net/REST/v1/Elevation/Polyline, GET***http://dev.virtualearth.net/REST/v1/Elevation/List], [GET***http://dev.virtualearth.net/REST/v1/Elevation/SeaLevel, GET***http://dev.virtualearth.net/REST/v1/Elevation/Polyline], [GET***http://dev.virtualearth.net/REST/v1/Elevation/List, GET***http://dev.virtualearth.net/REST/v1/Elevation/Polyline], [GET***http://dev.virtualearth.net/REST/v1/Elevation/List, GET***http://dev.virtualearth.net/REST/v1/Elevation/Bounds], [GET***http://dev.virtualearth.net/REST/v1/Elevation/SeaLevel, GET***http://dev.virtualearth.net/REST/v1/Elevation/Bounds], [GET***http://dev.virtualearth.net/REST/v1/Elevation/SeaLevel, GET***http://dev.virtualearth.net/REST/v1/Elevation/List], [GET***http://dev.virtualearth.net/REST/v1/Elevation/Polyline, GET***http://dev.virtualearth.net/REST/v1/Elevation/Bounds]]
2023-05-22 15:33:08.120 [main] DEBUG org.restct.RESTCT - SequenceInfo [4, 3]
 Sequence Tested [1, 4, 0, 12, 12]
, bug 0
, total 152
 cost 1.0357833333333333

2023-05-22 15:33:08.123 [main] INFO  org.restct.RESTCT - Elevations,2,3,2,4.0,3.00,0.25,0.00,12,0,152,19,1.04

2023-05-22 15:33:08.124 [main] INFO  org.restct.RESTCT - Program execution time: 62165 ms.
