2023-05-22 17:46:12.492 [main] INFO  org.restct.RESTCT -         3-th operation essential parameters covering array size: 3034, parameters: 23, constraints: 0
2023-05-22 17:46:14.152 [main] INFO  org.restct.RESTCT -         3-th operation all parameters covering array size: 577, parameters: 23
2023-05-22 17:46:14.152 [main] INFO  org.restct.RESTCT - ****************************************************************************************************
2023-05-22 17:46:14.328 [main] INFO  org.restct.RESTCT - 4-th operation: get*http://dev.virtualearth.net/REST/v1/Routes/IsochronesAsyncCallback
2023-05-22 17:46:14.328 [main] INFO  org.restct.RESTCT -         generate new domains...
2023-05-22 17:46:14.328 [main] INFO  org.restct.RESTCT -             waypoint: 2 - [Random=47610,-122.107 , Default=47.610,-122.107 ]
2023-05-22 17:46:14.329 [main] INFO  org.restct.RESTCT -             key: 1 - [Enum=Av4fQ9XDFL4V7pk6Y0_gwG71JhO_ABjvJDdudpG8bztUgaHiWllH7Dmo9IYnwgVb]
2023-05-22 17:46:14.805 [main] INFO  org.restct.RESTCT -         4-th operation essential parameters covering array size: 2, parameters: 2, constraints: 0
2023-05-22 17:46:15.386 [main] INFO  org.restct.RESTCT -         4-th operation all parameters covering array size: 25, parameters: 9
2023-05-22 17:46:15.386 [main] INFO  org.restct.RESTCT - ****************************************************************************************************
2023-05-22 17:46:15.394 [main] INFO  org.restct.RESTCT - 5-th operation: get*http://dev.virtualearth.net/REST/v1/Routes
2023-05-22 17:46:15.394 [main] INFO  org.restct.RESTCT -         generate new domains...
2023-05-22 17:46:15.394 [main] INFO  org.restct.RESTCT -             key: 1 - [Enum=Av4fQ9XDFL4V7pk6Y0_gwG71JhO_ABjvJDdudpG8bztUgaHiWllH7Dmo9IYnwgVb]
2023-05-22 17:46:15.394 [main] INFO  org.restct.RESTCT -             waypoint.1: 2 - [Random=Sattle, Default=Seattle]
2023-05-22 17:46:15.879 [main] INFO  org.restct.RESTCT -         5-th operation essential parameters covering array size: 2, parameters: 2, constraints: 0
2023-05-22 17:46:16.390 [main] INFO  org.restct.RESTCT -         5-th operation all parameters covering array size: 51, parameters: 17
2023-05-22 17:46:16.390 [main] INFO  org.restct.RESTCT - ****************************************************************************************************
2023-05-22 17:46:16.407 [main] INFO  org.restct.RESTCT - 6-th operation: post*http://dev.virtualearth.net/REST/v1/Routes/OptimizeItinerary
2023-05-22 17:46:16.407 [main] INFO  org.restct.RESTCT -         generate new domains...
2023-05-22 17:46:16.407 [main] INFO  org.restct.RESTCT -             key: 1 - [Enum=Av4fQ9XDFL4V7pk6Y0_gwG71JhO_ABjvJDdudpG8bztUgaHiWllH7Dmo9IYnwgVb]
2023-05-22 17:46:16.408 [main] INFO  org.restct.RESTCT -             name: 3 - [Random=GnzaVodLQHncAuxAZPAxXTLknQuk7ykW3j, Random=DurQ0G1On87ECx3OOF3vtayvcLQhwgMJRW, Random=jO6TFl5zPwE6OzZ4Rt]
2023-05-22 17:46:16.408 [main] INFO  org.restct.RESTCT -             startTime: 6 - [Random=Random, Random=2023-05-22T17:21:59, Random=Random, Random=2023-05-21T17:21:59, Random=Random, Random=2023-05-24T17:21:59]
2023-05-22 17:46:16.408 [main] INFO  org.restct.RESTCT -             latitude: 3 - [Random=-83.28036985215388, Random=-55.04370146247012, Random=14.945283899170505]
2023-05-22 17:46:16.408 [main] INFO  org.restct.RESTCT -             longitude: 3 - [Random=145.64876007543592, Random=68.30211406538041, Random=-32.07644360622183]
2023-05-22 17:46:16.408 [main] INFO  org.restct.RESTCT -             endTime: 6 - [Random=Random, Random=2023-05-22T17:21:59, Random=Random, Random=2023-05-21T17:21:59, Random=Random, Random=2023-05-24T17:21:59]
2023-05-22 17:46:16.408 [main] INFO  org.restct.RESTCT -             duration: 4 - [Random=cK0S5VpCWxwVeCxoOIPRwLPaQSNlNhmNg6, Random=ZiToIWDTI80nlirfTtMQ, Random=gI2GqJDbWHoqpF7oq, NULL=null]
2023-05-22 17:46:16.408 [main] INFO  org.restct.RESTCT -             fixedPrice: 3 - [Random=32.52604544115682, Random=43.706626938860936, Random=15.256324030384516]
2023-05-22 17:46:16.408 [main] INFO  org.restct.RESTCT -             pricePerKM: 3 - [Random=11.435121956280703, Random=25.184387300878107, Random=9.332589668198777]
2023-05-22 17:46:16.408 [main] INFO  org.restct.RESTCT -             pricePerHour: 3 - [Random=85.31422241812261, Random=94.97581470898416, Random=67.1622118242403]
2023-05-22 17:46:16.408 [main] INFO  org.restct.RESTCT -             capacity: 4 - [Random=68, Random=9, Random=79, NULL=null]
2023-05-22 17:46:16.408 [main] INFO  org.restct.RESTCT -             openingTime: 6 - [Random=Random, Random=2023-05-22T17:21:59, Random=Random, Random=2023-05-21T17:21:59, Random=Random, Random=2023-05-24T17:21:59]
2023-05-22 17:46:16.408 [main] INFO  org.restct.RESTCT -             closingTime: 6 - [Random=Random, Random=2023-05-22T17:21:59, Random=Random, Random=2023-05-21T17:21:59, Random=Random, Random=2023-05-24T17:21:59]
2023-05-22 17:46:16.408 [main] INFO  org.restct.RESTCT -             dwellTime: 3 - [Random=HXt52PwoTQ3eA6mptX8aK, Random=9DqU63DfOJDyceSaQayPZV4hRwLq, Random=npmghkxUTfuox82PeAlDSvSqYgo]
2023-05-22 17:46:16.408 [main] INFO  org.restct.RESTCT -             priority: 3 - [Random=36, Random=26, Random=51]
2023-05-22 17:46:16.408 [main] INFO  org.restct.RESTCT -             quantity: 4 - [Random=28, Random=15, Random=93, NULL=null]
2023-05-22 17:46:16.408 [main] INFO  org.restct.RESTCT -             depot: 3 - [Enum=false, Enum=true, NULL=null]
2023-05-22 17:46:16.408 [main] INFO  org.restct.RESTCT -             dropOffFrom: 4 - [Random=IG4zGcgi5, Random=qZpB7JnPupWACn2Cjc6Ou8AWPr2M6, Random=tQIAftHhe, NULL=null]
2023-05-22 17:46:16.408 [main] INFO  org.restct.RESTCT -             type: 3 - [Enum=SimpleRequest, Enum=TrafficRequest, NULL=null]
2023-05-22 17:46:16.408 [main] INFO  org.restct.RESTCT -             roadnetwork: 3 - [Enum=false, Enum=true, NULL=null]
2023-05-22 17:46:16.408 [main] INFO  org.restct.RESTCT -             costvalue: 4 - [Enum=TravelTime, Enum=Distance, Enum=Price, NULL=null]
2023-05-22 17:46:17.061 [main] INFO  org.restct.RESTCT -         6-th operation essential parameters covering array size: 294, parameters: 21, constraints: 0
2023-05-22 17:46:17.722 [main] INFO  org.restct.RESTCT -         6-th operation all parameters covering array size: 42, parameters: 21
2023-05-22 17:46:17.722 [main] INFO  org.restct.RESTCT - ****************************************************************************************************
2023-05-22 17:46:17.737 [main] INFO  org.restct.RESTCT - 7-th operation: post*http://dev.virtualearth.net/REST/v1/Routes/SnapToRoadAsync
2023-05-22 17:46:17.737 [main] INFO  org.restct.RESTCT -         generate new domains...
2023-05-22 17:46:17.737 [main] INFO  org.restct.RESTCT -             key: 1 - [Enum=Av4fQ9XDFL4V7pk6Y0_gwG71JhO_ABjvJDdudpG8bztUgaHiWllH7Dmo9IYnwgVb]
2023-05-22 17:46:17.737 [main] INFO  org.restct.RESTCT -             latitude: 3 - [Random=89.68837616537729, Random=-6.797313559652565, Random=68.92218337079444]
2023-05-22 17:46:17.737 [main] INFO  org.restct.RESTCT -             longitude: 3 - [Random=-110.1817663952278, Random=-112.70599932798659, Random=-126.7922949575393]
2023-05-22 17:46:17.737 [main] INFO  org.restct.RESTCT -             interpolate: 3 - [Enum=false, Enum=true, NULL=null]
2023-05-22 17:46:17.737 [main] INFO  org.restct.RESTCT -             includeSpeedLimit: 3 - [Enum=false, Enum=true, NULL=null]
2023-05-22 17:46:17.737 [main] INFO  org.restct.RESTCT -             includeTruckSpeedLimit: 3 - [Enum=false, Enum=true, NULL=null]
2023-05-22 17:46:17.737 [main] INFO  org.restct.RESTCT -             speedUnit: 3 - [Enum=MPH, Enum=KPH, NULL=null]
2023-05-22 17:46:17.737 [main] INFO  org.restct.RESTCT -             travelMode: 3 - [Enum=driving, Enum=walking, NULL=null]
2023-05-22 17:46:17.737 [main] INFO  org.restct.RESTCT -             dimensionUnit: 5 - [Enum=meter, Enum=m, Enum=foot, Enum=ft, NULL=null]
2023-05-22 17:46:17.737 [main] INFO  org.restct.RESTCT -             weightUnit: 5 - [Enum=kilogram , Enum=kg, Enum=pound , Enum=lb, NULL=null]
2023-05-22 17:46:17.737 [main] INFO  org.restct.RESTCT -             vehicleHeight: 3 - [Random=8, Default=5, NULL=null]
2023-05-22 17:46:17.737 [main] INFO  org.restct.RESTCT -             vehicleWidth: 3 - [Random=3.5d, Default=3.5, NULL=null]
2023-05-22 17:46:17.737 [main] INFO  org.restct.RESTCT -             vehicleLength: 3 - [Random=5, Default=30, NULL=null]
2023-05-22 17:46:17.737 [main] INFO  org.restct.RESTCT -             vehicleWeight: 3 - [Random=2, Default=30000, NULL=null]
2023-05-22 17:46:17.737 [main] INFO  org.restct.RESTCT -             vehicleAxles: 3 - [Random=7, Default=3, NULL=null]
2023-05-22 17:46:17.737 [main] INFO  org.restct.RESTCT -             vehicleTrailers: 3 - [Random=2, Default=2, NULL=null]
2023-05-22 17:46:17.737 [main] INFO  org.restct.RESTCT -             vehicleSemi: 3 - [Enum=false, Enum=true, NULL=null]
2023-05-22 17:46:17.738 [main] INFO  org.restct.RESTCT -             vehicleMaxGradient: 3 - [Random=2, Default=10, NULL=null]
2023-05-22 17:46:17.738 [main] INFO  org.restct.RESTCT -             vehicleMinTurnRadius: 3 - [Random=9, Default=15, NULL=null]
2023-05-22 17:46:17.738 [main] INFO  org.restct.RESTCT -             vehicleAvoidCrossWind: 3 - [Enum=false, Enum=true, NULL=null]
2023-05-22 17:46:17.738 [main] INFO  org.restct.RESTCT -             vehicleAvoidGroundingRisk: 3 - [Enum=false, Enum=true, NULL=null]
2023-05-22 17:46:17.738 [main] INFO  org.restct.RESTCT -             vehicleHazardousMaterials: 25 - [Enum=Combustable, Enum=C, Enum=Corrosive, Enum=Cr, Enum=Explosive, Enum=E, Enum=Flammable, Enum=F, Enum=FlammableSolid, Enum=FS, Enum=Gas, Enum=G, Enum=GoodsHarmfulToWater, Enum=WH, Enum=Organic, Enum=O, Enum=Other, Enum=Poison, Enum=P, Enum=PoisonousInhalation, Enum=PI, Enum=Radioactive, Enum=R, Enum=None, NULL=null]
2023-05-22 17:46:17.738 [main] INFO  org.restct.RESTCT -             vehicleHazardousPermits: 23 - [Enum=AllAppropriateForLoad, Enum=Combustable, Enum=C, Enum=Corrosive, Enum=Cr, Enum=Explosive, Enum=E, Enum=Flammable, Enum=F, Enum=FlammableSolid, Enum=FS, Enum=Gas, Enum=G, Enum=Organic, Enum=O, Enum=Poison, Enum=P, Enum=PoisonousInhalation, Enum=PI, Enum=Radioactive, Enum=R, Enum=None, NULL=null]
2023-05-22 17:46:19.288 [main] INFO  org.restct.RESTCT -         7-th operation essential parameters covering array size: 3034, parameters: 23, constraints: 0
2023-05-22 17:46:20.926 [main] INFO  org.restct.RESTCT -         7-th operation all parameters covering array size: 577, parameters: 23
2023-05-22 17:46:20.927 [main] INFO  org.restct.RESTCT - ****************************************************************************************************
2023-05-22 17:46:21.097 [main] INFO  org.restct.RESTCT - 8-th operation: get*http://dev.virtualearth.net/REST/v1/Routes/Isochrones
2023-05-22 17:46:21.097 [main] INFO  org.restct.RESTCT -         generate new domains...
2023-05-22 17:46:21.097 [main] INFO  org.restct.RESTCT -             key: 1 - [Enum=Av4fQ9XDFL4V7pk6Y0_gwG71JhO_ABjvJDdudpG8bztUgaHiWllH7Dmo9IYnwgVb]
2023-05-22 17:46:21.097 [main] INFO  org.restct.RESTCT -             waypoint: 2 - [Random=47.g610,-122.107 , Default=47.610,-122.107 ]
2023-05-22 17:46:21.579 [main] INFO  org.restct.RESTCT -         8-th operation essential parameters covering array size: 2, parameters: 2, constraints: 0
2023-05-22 17:46:24.590 [main] INFO  org.restct.RESTCT -         8-th operation all parameters covering array size: 25, parameters: 9
2023-05-22 17:46:24.590 [main] INFO  org.restct.RESTCT - ****************************************************************************************************
2023-05-22 17:46:24.635 [main] INFO  org.restct.RESTCT - 9-th operation: get*http://dev.virtualearth.net/REST/v1/Routes/FromMajorRoads
2023-05-22 17:46:24.636 [main] INFO  org.restct.RESTCT -         generate new domains...
2023-05-22 17:46:24.637 [main] INFO  org.restct.RESTCT -             destination: 2 - [Random=4g7.610,-122.107, Default=47.610,-122.107]
2023-05-22 17:46:24.637 [main] INFO  org.restct.RESTCT -             key: 1 - [Enum=Av4fQ9XDFL4V7pk6Y0_gwG71JhO_ABjvJDdudpG8bztUgaHiWllH7Dmo9IYnwgVb]
2023-05-22 17:46:27.753 [main] INFO  org.restct.RESTCT -         9-th operation essential parameters covering array size: 2, parameters: 2, constraints: 0
2023-05-22 17:46:29.553 [main] INFO  org.restct.RESTCT -         9-th operation all parameters covering array size: 15, parameters: 6
2023-05-22 17:46:29.553 [main] INFO  org.restct.RESTCT - ****************************************************************************************************
2023-05-22 17:46:29.566 [main] INFO  org.restct.RESTCT - 10-th operation: get*http://dev.virtualearth.net/REST/v1/Routes/{travelMode}
2023-05-22 17:46:29.567 [main] INFO  org.restct.RESTCT -         generate new domains...
2023-05-22 17:46:29.567 [main] INFO  org.restct.RESTCT -             key: 1 - [Enum=Av4fQ9XDFL4V7pk6Y0_gwG71JhO_ABjvJDdudpG8bztUgaHiWllH7Dmo9IYnwgVb]
2023-05-22 17:46:29.567 [main] INFO  org.restct.RESTCT -             waypoint.1: 2 - [Random=Settle, Default=Seattle]
2023-05-22 17:46:31.050 [main] INFO  org.restct.RESTCT -         10-th operation essential parameters covering array size: 2, parameters: 2, constraints: 0
2023-05-22 17:46:32.717 [main] INFO  org.restct.RESTCT -         10-th operation all parameters covering array size: 51, parameters: 18
2023-05-22 17:46:32.717 [main] INFO  org.restct.RESTCT - ****************************************************************************************************
2023-05-22 17:46:32.775 [main] INFO  org.restct.RESTCT - 11-th operation: post*http://dev.virtualearth.net/REST/v1/Routes/DistanceMatrixAsync
2023-05-22 17:46:32.777 [main] INFO  org.restct.RESTCT -         generate new domains...
2023-05-22 17:46:32.777 [main] INFO  org.restct.RESTCT -             key: 1 - [Enum=Av4fQ9XDFL4V7pk6Y0_gwG71JhO_ABjvJDdudpG8bztUgaHiWllH7Dmo9IYnwgVb]
2023-05-22 17:46:32.777 [main] INFO  org.restct.RESTCT -             latitude: 3 - [Random=-24.68897026218147, Random=19.849045068605193, Random=-26.69502319696533]
2023-05-22 17:46:32.777 [main] INFO  org.restct.RESTCT -             longitude: 3 - [Random=-21.316846697362223, Random=-1.5537119842211666, Random=-8.902698773075286]
2023-05-22 17:46:32.778 [main] INFO  org.restct.RESTCT -             travelMode: 3 - [Enum=driving, Enum=walking, Enum=transit]
2023-05-22 17:46:32.778 [main] INFO  org.restct.RESTCT -             startTime: 7 - [Random=Random, Random=2023-05-22T17:22:47, Random=Random, Random=2023-05-21T17:22:47, Random=Random, Random=2023-05-24T17:22:47, NULL=null]
2023-05-22 17:46:32.778 [main] INFO  org.restct.RESTCT -             endTime: 7 - [Random=Random, Random=2023-05-22T17:22:47, Random=Random, Random=2023-05-21T17:22:47, Random=Random, Random=2023-05-24T17:22:47, NULL=null]
2023-05-22 17:46:32.778 [main] INFO  org.restct.RESTCT -             resolution: 5 - [Enum=1, Enum=2, Enum=3, Enum=4, NULL=null]
2023-05-22 17:46:32.778 [main] INFO  org.restct.RESTCT -             distanceUnit: 5 - [Enum=mile, Enum=mi, Enum=kilometer, Enum=km, NULL=null]
2023-05-22 17:46:32.778 [main] INFO  org.restct.RESTCT -             timeUnit: 3 - [Enum=minute, Enum=second, NULL=null]
2023-05-22 17:46:34.512 [main] INFO  org.restct.RESTCT -         11-th operation essential parameters covering array size: 272, parameters: 9, constraints: 0
2023-05-22 17:46:36.675 [main] INFO  org.restct.RESTCT -         11-th operation all parameters covering array size: 50, parameters: 9
2023-05-22 17:46:36.675 [main] INFO  org.restct.RESTCT - ****************************************************************************************************
2023-05-22 17:46:36.733 [main] INFO  org.restct.RESTCT - 12-th operation: post*http://dev.virtualearth.net/REST/v1/Routes/OptimizeItineraryAsync
2023-05-22 17:46:36.734 [main] INFO  org.restct.RESTCT -         generate new domains...
2023-05-22 17:46:36.735 [main] INFO  org.restct.RESTCT -             name: 3 - [Random=WeYlJXwdxEzL7LIe2db5gO1C, Random=m9MdM, Random=F51FSaLLHh]
2023-05-22 17:46:36.735 [main] INFO  org.restct.RESTCT -             startTime: 6 - [Random=Random, Random=2023-05-22T17:22:46, Random=Random, Random=2023-05-21T17:22:46, Random=Random, Random=2023-05-24T17:22:46]
2023-05-22 17:46:36.735 [main] INFO  org.restct.RESTCT -             latitude: 3 - [Random=-30.92922018438157, Random=-2.9447726726918972, Random=62.26823521145647]
2023-05-22 17:46:36.736 [main] INFO  org.restct.RESTCT -             longitude: 3 - [Random=-60.504472427666684, Random=7.2052234226940755, Random=118.70327602307106]
2023-05-22 17:46:36.736 [main] INFO  org.restct.RESTCT -             endTime: 6 - [Random=Random, Random=2023-05-22T17:22:46, Random=Random, Random=2023-05-21T17:22:46, Random=Random, Random=2023-05-24T17:22:46]
2023-05-22 17:46:36.736 [main] INFO  org.restct.RESTCT -             duration: 4 - [Random=53hQ7w1gMx9dX1s, Random=jfCJlgUtJ, Random=6DIDojUvjYj1, NULL=null]
2023-05-22 17:46:36.736 [main] INFO  org.restct.RESTCT -             fixedPrice: 3 - [Random=7.441721258336398, Random=32.28984245222916, Random=75.8927121230554]
2023-05-22 17:46:36.737 [main] INFO  org.restct.RESTCT -             pricePerKM: 3 - [Random=79.05470666427432, Random=93.59495561350593, Random=6.121825434784622]
2023-05-22 17:46:36.737 [main] INFO  org.restct.RESTCT -             pricePerHour: 3 - [Random=54.63463471390884, Random=64.89768824942212, Random=97.56665595570564]
2023-05-22 17:46:36.737 [main] INFO  org.restct.RESTCT -             capacity: 4 - [Random=40, Random=37, Random=48, NULL=null]
2023-05-22 17:46:36.737 [main] INFO  org.restct.RESTCT -             openingTime: 6 - [Random=Random, Random=2023-05-22T17:22:46, Random=Random, Random=2023-05-21T17:22:46, Random=Random, Random=2023-05-24T17:22:46]
2023-05-22 17:46:36.738 [main] INFO  org.restct.RESTCT -             closingTime: 6 - [Random=Random, Random=2023-05-22T17:22:46, Random=Random, Random=2023-05-21T17:22:46, Random=Random, Random=2023-05-24T17:22:46]
2023-05-22 17:46:36.738 [main] INFO  org.restct.RESTCT -             dwellTime: 3 - [Random=4TVWq1IfRDgiPRmALaYHz, Random=eg, Random=TXP6ZIjKoTqLWs7DvNCPKtdYStyA]
2023-05-22 17:46:36.738 [main] INFO  org.restct.RESTCT -             priority: 3 - [Random=17, Random=6, Random=13]
2023-05-22 17:46:36.738 [main] INFO  org.restct.RESTCT -             quantity: 4 - [Random=32, Random=18, Random=31, NULL=null]
2023-05-22 17:46:36.739 [main] INFO  org.restct.RESTCT -             depot: 3 - [Enum=false, Enum=true, NULL=null]
2023-05-22 17:46:36.739 [main] INFO  org.restct.RESTCT -             dropOffFrom: 4 - [Random=Vc4Q4fiH9x6z1dlcgdlsSNl, Random=k27xw, Random=9Nz8ddaMfbYPTdSMJm, NULL=null]
2023-05-22 17:46:36.740 [main] INFO  org.restct.RESTCT -             type: 3 - [Enum=SimpleRequest, Enum=TrafficRequest, NULL=null]
2023-05-22 17:46:36.740 [main] INFO  org.restct.RESTCT -             roadnetwork: 3 - [Enum=false, Enum=true, NULL=null]
2023-05-22 17:46:36.741 [main] INFO  org.restct.RESTCT -             costvalue: 4 - [Enum=TravelTime, Enum=Distance, Enum=Price, NULL=null]
2023-05-22 17:46:36.741 [main] INFO  org.restct.RESTCT -             key: 1 - [Enum=Av4fQ9XDFL4V7pk6Y0_gwG71JhO_ABjvJDdudpG8bztUgaHiWllH7Dmo9IYnwgVb]
2023-05-22 17:46:39.001 [main] INFO  org.restct.RESTCT -         12-th operation essential parameters covering array size: 294, parameters: 21, constraints: 0
2023-05-22 17:46:41.315 [main] INFO  org.restct.RESTCT -         12-th operation all parameters covering array size: 42, parameters: 21
2023-05-22 17:46:41.315 [main] INFO  org.restct.RESTCT - ****************************************************************************************************
2023-05-22 17:46:41.374 [main] INFO  org.restct.RESTCT - 13-th operation: get*http://dev.virtualearth.net/REST/v1/Routes/LocalInsightsAsync
2023-05-22 17:46:41.375 [main] INFO  org.restct.RESTCT -         generate new domains...
2023-05-22 17:46:41.375 [main] INFO  org.restct.RESTCT -             waypoint: 2 - [Random=47.610,-22.107 , Default=47.610,-122.107 ]
2023-05-22 17:46:41.375 [main] INFO  org.restct.RESTCT -             key: 1 - [Enum=Av4fQ9XDFL4V7pk6Y0_gwG71JhO_ABjvJDdudpG8bztUgaHiWllH7Dmo9IYnwgVb]
2023-05-22 17:46:41.375 [main] INFO  org.restct.RESTCT -             type: 7 - [Enum=EatDrink, Enum=SeeDo, Enum=Shop, Enum=BanksAndCreditUnions, Enum=Hospitals, Enum=HotelsAndMotels, Enum=Parking]
2023-05-22 17:46:42.884 [main] INFO  org.restct.RESTCT -         13-th operation essential parameters covering array size: 14, parameters: 3, constraints: 0
2023-05-22 17:46:44.314 [main] INFO  org.restct.RESTCT -         13-th operation all parameters covering array size: 35, parameters: 10
2023-05-22 17:46:44.314 [main] INFO  org.restct.RESTCT - ****************************************************************************************************
2023-05-22 17:46:44.344 [main] INFO  org.restct.RESTCT -    unresolved parameters:
2023-05-22 17:46:44.345 [main] INFO  org.restct.RESTCT - 1-th operation: get*http://dev.virtualearth.net/REST/v1/Routes/LocalInsightsAsync
2023-05-22 17:46:44.345 [main] INFO  org.restct.RESTCT -         generate new domains...
2023-05-22 17:46:44.345 [main] INFO  org.restct.RESTCT -             waypoint: 2 - [Random=47.610,-22.107 , Default=47.610,-122.107 ]
2023-05-22 17:46:44.346 [main] INFO  org.restct.RESTCT -             key: 1 - [Enum=Av4fQ9XDFL4V7pk6Y0_gwG71JhO_ABjvJDdudpG8bztUgaHiWllH7Dmo9IYnwgVb]
2023-05-22 17:46:44.346 [main] INFO  org.restct.RESTCT -             type: 7 - [Enum=EatDrink, Enum=SeeDo, Enum=Shop, Enum=BanksAndCreditUnions, Enum=Hospitals, Enum=HotelsAndMotels, Enum=Parking]
2023-05-22 17:46:45.662 [main] INFO  org.restct.RESTCT -         1-th operation essential parameters covering array size: 14, parameters: 3, constraints: 0
2023-05-22 17:46:47.417 [main] INFO  org.restct.RESTCT -         1-th operation all parameters covering array size: 35, parameters: 10
2023-05-22 17:46:47.418 [main] INFO  org.restct.RESTCT - ****************************************************************************************************
2023-05-22 17:46:47.448 [main] INFO  org.restct.RESTCT - 2-th operation: get*http://dev.virtualearth.net/REST/v1/Routes/IsochronesAsyncCallback
2023-05-22 17:46:47.448 [main] INFO  org.restct.RESTCT -         generate new domains...
2023-05-22 17:46:47.448 [main] INFO  org.restct.RESTCT -             waypoint: 2 - [Random=47610,-122.107 , Default=47.610,-122.107 ]
2023-05-22 17:46:47.449 [main] INFO  org.restct.RESTCT -             key: 1 - [Enum=Av4fQ9XDFL4V7pk6Y0_gwG71JhO_ABjvJDdudpG8bztUgaHiWllH7Dmo9IYnwgVb]
2023-05-22 17:46:48.912 [main] INFO  org.restct.RESTCT -         2-th operation essential parameters covering array size: 2, parameters: 2, constraints: 0
2023-05-22 17:46:50.388 [main] INFO  org.restct.RESTCT -         2-th operation all parameters covering array size: 25, parameters: 9
2023-05-22 17:46:50.388 [main] INFO  org.restct.RESTCT - ****************************************************************************************************
2023-05-22 17:46:50.407 [main] INFO  org.restct.RESTCT - 3-th operation: post*http://dev.virtualearth.net/REST/v1/Routes/SnapToRoadAsyncCallback
2023-05-22 17:46:50.408 [main] INFO  org.restct.RESTCT -         generate new domains...
2023-05-22 17:46:50.408 [main] INFO  org.restct.RESTCT -             key: 1 - [Enum=Av4fQ9XDFL4V7pk6Y0_gwG71JhO_ABjvJDdudpG8bztUgaHiWllH7Dmo9IYnwgVb]
2023-05-22 17:46:50.408 [main] INFO  org.restct.RESTCT -             latitude: 3 - [Random=50.433866042836144, Random=43.017629112731754, Random=50.36498440489689]
2023-05-22 17:46:50.408 [main] INFO  org.restct.RESTCT -             longitude: 3 - [Random=117.54882512177073, Random=-175.83015982296968, Random=-94.03189963157386]
2023-05-22 17:46:50.408 [main] INFO  org.restct.RESTCT -             interpolate: 3 - [Enum=false, Enum=true, NULL=null]
2023-05-22 17:46:50.408 [main] INFO  org.restct.RESTCT -             includeSpeedLimit: 3 - [Enum=false, Enum=true, NULL=null]
2023-05-22 17:46:50.408 [main] INFO  org.restct.RESTCT -             includeTruckSpeedLimit: 3 - [Enum=false, Enum=true, NULL=null]
2023-05-22 17:46:50.409 [main] INFO  org.restct.RESTCT -             speedUnit: 3 - [Enum=MPH, Enum=KPH, NULL=null]
2023-05-22 17:46:50.409 [main] INFO  org.restct.RESTCT -             travelMode: 3 - [Enum=driving, Enum=walking, NULL=null]
2023-05-22 17:46:50.409 [main] INFO  org.restct.RESTCT -             dimensionUnit: 5 - [Enum=meter, Enum=m, Enum=foot, Enum=ft, NULL=null]
2023-05-22 17:46:50.409 [main] INFO  org.restct.RESTCT -             weightUnit: 5 - [Enum=kilogram , Enum=kg, Enum=pound , Enum=lb, NULL=null]
2023-05-22 17:46:50.409 [main] INFO  org.restct.RESTCT -             vehicleHeight: 3 - [Random=1, Default=5, NULL=null]
2023-05-22 17:46:50.409 [main] INFO  org.restct.RESTCT -             vehicleWidth: 3 - [Random=3.5e, Default=3.5, NULL=null]
2023-05-22 17:46:50.410 [main] INFO  org.restct.RESTCT -             vehicleLength: 3 - [Random=6, Default=30, NULL=null]
2023-05-22 17:46:50.410 [main] INFO  org.restct.RESTCT -             vehicleWeight: 3 - [Random=9, Default=30000, NULL=null]
2023-05-22 17:46:50.410 [main] INFO  org.restct.RESTCT -             vehicleAxles: 3 - [Random=4, Default=3, NULL=null]
2023-05-22 17:46:50.410 [main] INFO  org.restct.RESTCT -             vehicleTrailers: 3 - [Random=1, Default=2, NULL=null]
2023-05-22 17:46:50.410 [main] INFO  org.restct.RESTCT -             vehicleSemi: 3 - [Enum=false, Enum=true, NULL=null]
2023-05-22 17:46:50.410 [main] INFO  org.restct.RESTCT -             vehicleMaxGradient: 3 - [Random=4, Default=10, NULL=null]
2023-05-22 17:46:50.410 [main] INFO  org.restct.RESTCT -             vehicleMinTurnRadius: 3 - [Random=5, Default=15, NULL=null]
2023-05-22 17:46:50.410 [main] INFO  org.restct.RESTCT -             vehicleAvoidCrossWind: 3 - [Enum=false, Enum=true, NULL=null]
2023-05-22 17:46:50.410 [main] INFO  org.restct.RESTCT -             vehicleAvoidGroundingRisk: 3 - [Enum=false, Enum=true, NULL=null]
2023-05-22 17:46:50.410 [main] INFO  org.restct.RESTCT -             vehicleHazardousMaterials: 25 - [Enum=Combustable, Enum=C, Enum=Corrosive, Enum=Cr, Enum=Explosive, Enum=E, Enum=Flammable, Enum=F, Enum=FlammableSolid, Enum=FS, Enum=Gas, Enum=G, Enum=GoodsHarmfulToWater, Enum=WH, Enum=Organic, Enum=O, Enum=Other, Enum=Poison, Enum=P, Enum=PoisonousInhalation, Enum=PI, Enum=Radioactive, Enum=R, Enum=None, NULL=null]
2023-05-22 17:46:50.411 [main] INFO  org.restct.RESTCT -             vehicleHazardousPermits: 23 - [Enum=AllAppropriateForLoad, Enum=Combustable, Enum=C, Enum=Corrosive, Enum=Cr, Enum=Explosive, Enum=E, Enum=Flammable, Enum=F, Enum=FlammableSolid, Enum=FS, Enum=Gas, Enum=G, Enum=Organic, Enum=O, Enum=Poison, Enum=P, Enum=PoisonousInhalation, Enum=PI, Enum=Radioactive, Enum=R, Enum=None, NULL=null]
2023-05-22 17:46:55.771 [main] INFO  org.restct.RESTCT -         3-th operation essential parameters covering array size: 3034, parameters: 23, constraints: 0
