2023-05-22 00:56:22.629 [main] INFO  org.restct.RESTCT - Start running program.
2023-05-22 00:56:22.859 [main] INFO  org.restct.RESTCT - Operations: 14
2023-05-22 00:56:22.860 [main] INFO  org.restct.RESTCT - Examples found: 18
2023-05-22 00:56:22.961 [main] INFO  org.restct.RESTCT - Uncovered combinations: 91, sequence length: 14
2023-05-22 00:56:22.976 [main] INFO  org.restct.RESTCT - Uncovered combinations: 48, sequence length: 14
2023-05-22 00:56:23.003 [main] INFO  org.restct.RESTCT - Uncovered combinations: 24, sequence length: 12
2023-05-22 00:56:23.020 [main] INFO  org.restct.RESTCT - Uncovered combinations: 17, sequence length: 11
2023-05-22 00:56:23.035 [main] INFO  org.restct.RESTCT - Uncovered combinations: 11, sequence length: 10
2023-05-22 00:56:23.038 [main] INFO  org.restct.RESTCT - Uncovered combinations: 5, sequence length: 8
2023-05-22 00:56:23.045 [main] INFO  org.restct.RESTCT - Uncovered combinations: 2, sequence length: 5
2023-05-22 00:56:23.050 [main] INFO  org.restct.RESTCT - Uncovered combinations: 0, sequence length: 3
2023-05-22 00:56:23.055 [main] INFO  org.restct.RESTCT - 1-th operation: post*http://dev.virtualearth.net/REST/v1/Routes/SnapToRoadAsyncCallback
2023-05-22 00:56:23.817 [main] ERROR org.restct.RESTCT - Program execution failed: Index: 1, Size: 0
java.lang.IndexOutOfBoundsException: Index: 1, Size: 0
	at java.util.ArrayList.rangeCheck(ArrayList.java:657) ~[?:1.8.0_231]
	at java.util.ArrayList.get(ArrayList.java:433) ~[?:1.8.0_231]
	at org.restct.ACTS.parseOutput(CoveringArray.java:636) ~[classes/:?]
	at org.restct.ACTS.run(CoveringArray.java:657) ~[classes/:?]
	at org.restct.CoveringArray.genEssentialParamsCase(CoveringArray.java:206) ~[classes/:?]
	at org.restct.CoveringArray.run(CoveringArray.java:99) ~[classes/:?]
	at org.restct.RESTCT.run(RESTCT.java:121) [classes/:?]
	at org.restct.Main.main(Main.java:11) [classes/:?]
2023-05-22 00:56:23.825 [main] INFO  org.restct.RESTCT - Program execution time: 2901 ms.
