2023-05-22 16:40:04.626 [main] INFO  org.restct.RESTCT - 2-th operation: get*http://dev.virtualearth.net/REST/v1/Locations/{point}
2023-05-22 16:40:04.647 [main] INFO  org.restct.RESTCT -         generate new domains...
2023-05-22 16:40:04.647 [main] INFO  org.restct.RESTCT -             key: 1 - [Enum=AlHl96AYbOKB8QxE_ETFXpSNVAFZP6wx0k30DlO7X8OIc3CzRtbUFThxUEj_byNG]
2023-05-22 16:40:04.647 [main] INFO  org.restct.RESTCT -             point: 2 - [Random=47.64054-122.12934, Default=47.64054,-122.12934]
2023-05-22 16:40:05.125 [main] INFO  org.restct.RESTCT -         2-th operation essential parameters covering array size: 2, parameters: 2, constraints: 0
2023-05-22 16:40:07.045 [main] INFO  org.restct.RESTCT -         2-th operation all parameters covering array size: 24, parameters: 6
2023-05-22 16:40:07.045 [main] INFO  org.restct.RESTCT - ****************************************************************************************************
2023-05-22 16:40:23.459 [main] INFO  org.restct.RESTCT - 3-th operation: get*http://dev.virtualearth.net/REST/v1/Locations/{query}
2023-05-22 16:40:23.460 [main] INFO  org.restct.RESTCT -         generate new domains...
2023-05-22 16:40:23.460 [main] INFO  org.restct.RESTCT -             key: 1 - [Enum=AlHl96AYbOKB8QxE_ETFXpSNVAFZP6wx0k30DlO7X8OIc3CzRtbUFThxUEj_byNG]
2023-05-22 16:40:23.460 [main] INFO  org.restct.RESTCT -             query: 2 - [Random=Whit%20House, Default=White%20House]
2023-05-22 16:40:23.901 [main] INFO  org.restct.RESTCT -         3-th operation essential parameters covering array size: 2, parameters: 2, constraints: 0
2023-05-22 16:40:25.986 [main] INFO  org.restct.RESTCT -         3-th operation all parameters covering array size: 20, parameters: 5
2023-05-22 16:40:25.986 [main] INFO  org.restct.RESTCT - ****************************************************************************************************
2023-05-22 16:40:42.623 [main] INFO  org.restct.RESTCT - 4-th operation: get*http://dev.virtualearth.net/REST/v1/LocationRecog/{point}
2023-05-22 16:40:42.624 [main] INFO  org.restct.RESTCT -         generate new domains...
2023-05-22 16:40:42.624 [main] INFO  org.restct.RESTCT -             point: 2 - [Random=47.64054,-122.12934y, Default=47.64054,-122.12934]
2023-05-22 16:40:42.624 [main] INFO  org.restct.RESTCT -             key: 1 - [Enum=AlHl96AYbOKB8QxE_ETFXpSNVAFZP6wx0k30DlO7X8OIc3CzRtbUFThxUEj_byNG]
2023-05-22 16:40:43.014 [main] INFO  org.restct.RESTCT -         4-th operation essential parameters covering array size: 2, parameters: 2, constraints: 0
2023-05-22 16:40:45.131 [main] INFO  org.restct.RESTCT -         4-th operation all parameters covering array size: 40, parameters: 10
2023-05-22 16:40:45.131 [main] INFO  org.restct.RESTCT - ****************************************************************************************************
