2023-05-22 13:21:04.857 [main] INFO  org.restct.RESTCT -         7-th operation all parameters covering array size: 25, parameters: 18
2023-05-22 13:21:04.861 [main] INFO  org.restct.RESTCT - ****************************************************************************************************
2023-05-22 13:21:15.799 [main] INFO  org.restct.RESTCT -         7-th operation essential parameters covering array size: 6, parameters: 3, constraints: 0
2023-05-22 13:21:19.858 [main] INFO  org.restct.RESTCT -         7-th operation all parameters covering array size: 25, parameters: 18
2023-05-22 13:21:19.858 [main] INFO  org.restct.RESTCT - ****************************************************************************************************
2023-05-22 13:21:33.818 [main] INFO  org.restct.RESTCT -         7-th operation essential parameters covering array size: 6, parameters: 3, constraints: 0
2023-05-22 13:21:38.884 [main] INFO  org.restct.RESTCT -         7-th operation all parameters covering array size: 25, parameters: 18
2023-05-22 13:21:38.884 [main] INFO  org.restct.RESTCT - ****************************************************************************************************
2023-05-22 13:21:50.420 [main] INFO  org.restct.RESTCT -         8-th operation essential parameters covering array size: 14, parameters: 2, constraints: 0
2023-05-22 13:21:56.745 [main] INFO  org.restct.RESTCT -         8-th operation all parameters covering array size: 84, parameters: 6
2023-05-22 13:21:56.746 [main] INFO  org.restct.RESTCT - ****************************************************************************************************
, parameters: 2, constraints: 0
2023-05-22 13:21:21.754 [main] INFO  org.restct.RESTCT -         3-th operation all parameters covering array size: 6, parameters: 3
2023-05-22 13:21:21.754 [main] INFO  org.restct.RESTCT - ****************************************************************************************************
2023-05-22 13:21:24.261 [main] INFO  org.restct.RESTCT -         4-th operation essential parameters covering array size: 8, parameters: 4, constraints: 0
2023-05-22 13:21:30.038 [main] INFO  org.restct.RESTCT -         4-th operation all parameters covering array size: 6, parameters: 5
2023-05-22 13:21:30.039 [main] INFO  org.restct.RESTCT - ****************************************************************************************************
2023-05-22 13:21:33.261 [main] INFO  org.restct.RESTCT -    unresolved parameters:
2023-05-22 13:21:33.262 [main] INFO  org.restct.RESTCT - Uncovered combinations: 3, sequence length: 3
2023-05-22 13:21:33.264 [main] INFO  org.restct.RESTCT -         1-th operation essential parameters covering array size: 1, parameters: 4, constraints: 0
2023-05-22 13:21:33.567 [main] INFO  org.restct.RESTCT -         1-th operation all parameters covering array size: 1, parameters: 5
2023-05-22 13:21:33.567 [main] INFO  org.restct.RESTCT - ****************************************************************************************************
2023-05-22 13:21:34.971 [main] INFO  org.restct.RESTCT -         2-th operation essential parameters covering array size: 4, parameters: 2, constraints: 0
2023-05-22 13:21:36.526 [main] INFO  org.restct.RESTCT -         2-th operation all parameters covering array size: 6, parameters: 3
2023-05-22 13:21:36.526 [main] INFO  org.restct.RESTCT - ****************************************************************************************************
2023-05-22 13:21:38.935 [main] INFO  org.restct.RESTCT -         2-th operation essential parameters covering array size: 4, parameters: 2, constraints: 0
2023-05-22 13:21:40.313 [main] INFO  org.restct.RESTCT -         2-th operation all parameters covering array size: 6, parameters: 3
2023-05-22 13:21:40.314 [main] INFO  org.restct.RESTCT - ****************************************************************************************************
2023-05-22 13:21:42.182 [main] INFO  org.restct.RESTCT -         3-th operation essential parameters covering array size: 4, parameters: 2, constraints: 0
2023-05-22 13:21:43.633 [main] INFO  org.restct.RESTCT -         3-th operation all parameters covering array size: 4, parameters: 2
2023-05-22 13:21:43.633 [main] INFO  org.restct.RESTCT - ****************************************************************************************************
2023-05-22 13:21:45.045 [main] INFO  org.restct.RESTCT -         3-th operation essential parameters covering array size: 4, parameters: 2, constraints: 0
2023-05-22 13:21:46.519 [main] INFO  org.restct.RESTCT -         3-th operation all parameters covering array size: 4, parameters: 2
2023-05-22 13:21:46.519 [main] INFO  org.restct.RESTCT - ****************************************************************************************************
2023-05-22 13:21:47.595 [main] INFO  org.restct.RESTCT -    unresolved parameters:
2023-05-22 13:21:47.597 [main] INFO  org.restct.RESTCT - Uncovered combinations: 2, sequence length: 2
2023-05-22 13:21:47.597 [main] INFO  org.restct.RESTCT -         1-th operation essential parameters covering array size: 1, parameters: 4, constraints: 0
2023-05-22 13:21:48.342 [main] INFO  org.restct.RESTCT -         1-th operation all parameters covering array size: 1, parameters: 5
2023-05-22 13:21:48.343 [main] INFO  org.restct.RESTCT - ****************************************************************************************************
2023-05-22 13:21:49.137 [main] INFO  org.restct.RESTCT -         2-th operation essential parameters covering array size: 8, parameters: 3, constraints: 0
2023-05-22 13:21:52.952 [main] INFO  org.restct.RESTCT -         2-th operation all parameters covering array size: 6, parameters: 4
2023-05-22 13:21:52.953 [main] INFO  org.restct.RESTCT - ****************************************************************************************************
2023-05-22 13:21:54.907 [main] INFO  org.restct.RESTCT -         2-th operation essential parameters covering array size: 8, parameters: 3, constraints: 0
2023-05-22 13:21:57.434 [main] INFO  org.restct.RESTCT -         2-th operation all parameters covering array size: 6, parameters: 4
2023-05-22 13:21:57.434 [main] INFO  org.restct.RESTCT - ****************************************************************************************************
2023-05-22 13:21:59.365 [main] INFO  org.restct.RESTCT -         2-th operation essential parameters covering array size: 8, parameters: 3, constraints: 0
