2023-05-22 15:02:12.122 [main] INFO  org.restct.RESTCT - 5-th operation: get*https://dev.virtualearth.net/REST/v1/Imagery/Map/Streetside/{centerPoint}/{zoomLevel}
2023-05-22 15:02:12.128 [main] INFO  org.restct.RESTCT -         generate new domains...
2023-05-22 15:02:12.129 [main] INFO  org.restct.RESTCT -             centerPoint: 2 - [Random=47.610-122.107, Default=47.610,-122.107]
2023-05-22 15:02:12.129 [main] INFO  org.restct.RESTCT -             zoomLevel: 3 - [Random=8, Random=3, Random=6]
2023-05-22 15:02:12.129 [main] INFO  org.restct.RESTCT -             key: 1 - [Enum=Av4fQ9XDFL4V7pk6Y0_gwG71JhO_ABjvJDdudpG8bztUgaHiWllH7Dmo9IYnwgVb]
2023-05-22 15:02:12.543 [main] INFO  org.restct.RESTCT -         5-th operation essential parameters covering array size: 6, parameters: 3, constraints: 0
2023-05-22 15:02:16.910 [main] INFO  org.restct.RESTCT -         5-th operation all parameters covering array size: 25, parameters: 18
2023-05-22 15:02:16.910 [main] INFO  org.restct.RESTCT - ****************************************************************************************************
2023-05-22 15:02:27.108 [main] INFO  org.restct.RESTCT -         generate new domains...
2023-05-22 15:02:27.108 [main] INFO  org.restct.RESTCT -             centerPoint: 2 - [Random=47.610,-122.107s, Default=47.610,-122.107]
2023-05-22 15:02:27.108 [main] INFO  org.restct.RESTCT -             zoomLevel: 3 - [Random=18, Random=4, Random=16]
2023-05-22 15:02:27.109 [main] INFO  org.restct.RESTCT -             key: 1 - [Enum=Av4fQ9XDFL4V7pk6Y0_gwG71JhO_ABjvJDdudpG8bztUgaHiWllH7Dmo9IYnwgVb]
2023-05-22 15:02:27.470 [main] INFO  org.restct.RESTCT -         5-th operation essential parameters covering array size: 6, parameters: 3, constraints: 0
2023-05-22 15:02:31.264 [main] INFO  org.restct.RESTCT -         5-th operation all parameters covering array size: 25, parameters: 18
2023-05-22 15:02:31.264 [main] INFO  org.restct.RESTCT - ****************************************************************************************************
2023-05-22 15:02:41.269 [main] INFO  org.restct.RESTCT -         generate new domains...
2023-05-22 15:02:41.269 [main] INFO  org.restct.RESTCT -             centerPoint: 2 - [Random=47.610,-e122.107, Default=47.610,-122.107]
2023-05-22 15:02:41.270 [main] INFO  org.restct.RESTCT -             zoomLevel: 3 - [Random=8, Random=5, Random=13]
2023-05-22 15:02:41.271 [main] INFO  org.restct.RESTCT -             key: 1 - [Enum=Av4fQ9XDFL4V7pk6Y0_gwG71JhO_ABjvJDdudpG8bztUgaHiWllH7Dmo9IYnwgVb]
2023-05-22 15:02:41.797 [main] INFO  org.restct.RESTCT -         5-th operation essential parameters covering array size: 6, parameters: 3, constraints: 0
2023-05-22 15:02:46.137 [main] INFO  org.restct.RESTCT -         5-th operation all parameters covering array size: 25, parameters: 18
2023-05-22 15:02:46.137 [main] INFO  org.restct.RESTCT - ****************************************************************************************************
2023-05-22 15:02:56.319 [main] INFO  org.restct.RESTCT - 6-th operation: get*https://dev.virtualearth.net/REST/v1/Imagery/Metadata/{imagerySet}/{centerPoint}
2023-05-22 15:02:56.319 [main] INFO  org.restct.RESTCT -         generate new domains...
2023-05-22 15:02:56.320 [main] INFO  org.restct.RESTCT -             imagerySet: 11 - [Enum=Aerial, Enum=AerialWithLabels, Enum=AerialWithLabelsOnDemand, Enum=Birdseye, Enum=BirdseyeWithLabels, Enum=BirdseyeV2, Enum=BirdseyeV2WithLabels, Enum=CanvasDark, Enum=CanvasLight, Enum=CanvasGray, Enum=OrdnanceSurvey]
2023-05-22 15:02:56.320 [main] INFO  org.restct.RESTCT -             centerPoint: 2 - [Default=47.610,-122.107, Random=47.10,-122.107]
2023-05-22 15:02:56.320 [main] INFO  org.restct.RESTCT -             key: 1 - [Enum=Av4fQ9XDFL4V7pk6Y0_gwG71JhO_ABjvJDdudpG8bztUgaHiWllH7Dmo9IYnwgVb]
2023-05-22 15:02:56.974 [main] INFO  org.restct.RESTCT -         6-th operation essential parameters covering array size: 22, parameters: 3, constraints: 0
