2023-05-22 19:57:15.347 [main] INFO  org.restct.RESTCT - Start running program.
2023-05-22 19:57:15.531 [main] INFO  org.restct.RESTCT - Operations: 14
2023-05-22 19:57:15.531 [main] INFO  org.restct.RESTCT - Examples found: 18
2023-05-22 19:57:15.631 [main] INFO  org.restct.RESTCT - Uncovered combinations: 91, sequence length: 14
2023-05-22 19:57:15.646 [main] INFO  org.restct.RESTCT - Uncovered combinations: 67, sequence length: 14
2023-05-22 19:57:15.669 [main] INFO  org.restct.RESTCT - Uncovered combinations: 41, sequence length: 13
2023-05-22 19:57:15.675 [main] INFO  org.restct.RESTCT - Uncovered combinations: 27, sequence length: 12
2023-05-22 19:57:15.685 [main] INFO  org.restct.RESTCT - Uncovered combinations: 18, sequence length: 11
2023-05-22 19:57:15.692 [main] INFO  org.restct.RESTCT - Uncovered combinations: 8, sequence length: 10
2023-05-22 19:57:15.696 [main] INFO  org.restct.RESTCT - Uncovered combinations: 3, sequence length: 8
2023-05-22 19:57:15.705 [main] INFO  org.restct.RESTCT - Uncovered combinations: 1, sequence length: 4
2023-05-22 19:57:15.707 [main] INFO  org.restct.RESTCT - Uncovered combinations: 0, sequence length: 2
2023-05-22 19:57:15.713 [main] INFO  org.restct.RESTCT - 1-th operation: post*http://dev.virtualearth.net/REST/v1/Routes/DistanceMatrix
2023-05-22 19:57:15.724 [main] INFO  org.restct.RESTCT -         generate new domains...
2023-05-22 19:57:15.725 [main] INFO  org.restct.RESTCT -             latitude: 3 - [Random=80.8635329066436, Random=-85.44108057270543, Random=4.438962779823427]
2023-05-22 19:57:15.726 [main] INFO  org.restct.RESTCT -             longitude: 3 - [Random=143.15915577374562, Random=-68.8262626754658, Random=136.6243050696553]
2023-05-22 19:57:15.726 [main] INFO  org.restct.RESTCT -             travelMode: 3 - [Enum=driving, Enum=walking, Enum=transit]
2023-05-22 19:57:15.727 [main] INFO  org.restct.RESTCT -             startTime: 7 - [Random=Random, Random=2023-05-22T19:57:15, Random=Random, Random=2023-05-21T19:57:15, Random=Random, Random=2023-05-24T19:57:15, NULL=null]
2023-05-22 19:57:15.727 [main] INFO  org.restct.RESTCT -             endTime: 7 - [Random=Random, Random=2023-05-22T19:57:15, Random=Random, Random=2023-05-21T19:57:15, Random=Random, Random=2023-05-24T19:57:15, NULL=null]
2023-05-22 19:57:15.728 [main] INFO  org.restct.RESTCT -             resolution: 5 - [Enum=1, Enum=2, Enum=3, Enum=4, NULL=null]
2023-05-22 19:57:15.729 [main] INFO  org.restct.RESTCT -             distanceUnit: 5 - [Enum=mile, Enum=mi, Enum=kilometer, Enum=km, NULL=null]
2023-05-22 19:57:15.729 [main] INFO  org.restct.RESTCT -             timeUnit: 3 - [Enum=minute, Enum=second, NULL=null]
2023-05-22 19:57:15.729 [main] INFO  org.restct.RESTCT -             key: 1 - [Enum=Av4fQ9XDFL4V7pk6Y0_gwG71JhO_ABjvJDdudpG8bztUgaHiWllH7Dmo9IYnwgVb]
2023-05-22 19:57:16.249 [main] INFO  org.restct.RESTCT -         1-th operation essential parameters covering array size: 272, parameters: 9, constraints: 0
