2023-05-22 14:30:00.217 [main] INFO  org.restct.RESTCT -         4-th operation all parameters covering array size: 33, parameters: 5
2023-05-22 14:30:00.233 [main] INFO  org.restct.RESTCT - ****************************************************************************************************
2023-05-22 14:30:13.794 [main] INFO  org.restct.RESTCT -    unresolved parameters:
2023-05-22 14:30:13.796 [main] INFO  org.restct.RESTCT - 1-th operation: get*https://dev.virtualearth.net/REST/v1/TimeZone
2023-05-22 14:30:13.796 [main] INFO  org.restct.RESTCT -         generate new domains...
2023-05-22 14:30:13.796 [main] INFO  org.restct.RESTCT -             key: 1 - [Enum=Av4fQ9XDFL4V7pk6Y0_gwG71JhO_ABjvJDdudpG8bztUgaHiWllH7Dmo9IYnwgVb]
2023-05-22 14:30:13.797 [main] INFO  org.restct.RESTCT -             desttz: 11 - [Enum=Dateline Standard Time, Enum=Samoa Standard Time, Enum=Hawaiian Standard Time, Enum=Alaskan Standard Time, Enum=Pacific Standard Time, Enum=Mountain Standard Time, Enum=Mexico Standard Time 2, Enum=U.S. Mountain Standard Time, Enum=Central Standard Time, Enum=Canada Central Standard Time, Enum=Mexico Standard Time]
2023-05-22 14:30:13.797 [main] INFO  org.restct.RESTCT -             timezonestandard: 2 - [Enum=IANA, Enum=Windows]
2023-05-22 14:30:14.160 [main] INFO  org.restct.RESTCT -         1-th operation essential parameters covering array size: 22, parameters: 3, constraints: 0
2023-05-22 14:30:24.415 [main] INFO  org.restct.RESTCT -         1-th operation all parameters covering array size: 33, parameters: 5
2023-05-22 14:30:24.415 [main] INFO  org.restct.RESTCT - ****************************************************************************************************
2023-05-22 14:30:37.948 [main] INFO  org.restct.RESTCT - 2-th operation: get*https://dev.virtualearth.net/REST/v1/TimeZone/{point}
2023-05-22 14:30:37.950 [main] INFO  org.restct.RESTCT -         generate new domains...
2023-05-22 14:30:37.950 [main] INFO  org.restct.RESTCT -             key: 1 - [Enum=Av4fQ9XDFL4V7pk6Y0_gwG71JhO_ABjvJDdudpG8bztUgaHiWllH7Dmo9IYnwgVb]
2023-05-22 14:30:37.951 [main] INFO  org.restct.RESTCT -             point: 2 - [Random=47.6106791943311n69,-122.10788659751415, Default=47.610679194331169,-122.10788659751415]
2023-05-22 14:30:38.318 [main] INFO  org.restct.RESTCT -         2-th operation essential parameters covering array size: 2, parameters: 2, constraints: 0
2023-05-22 14:30:39.620 [main] INFO  org.restct.RESTCT -         2-th operation all parameters covering array size: 9, parameters: 5
2023-05-22 14:30:39.620 [main] INFO  org.restct.RESTCT - ****************************************************************************************************
2023-05-22 14:30:43.540 [main] INFO  org.restct.RESTCT - 3-th operation: get*https://dev.virtualearth.net/REST/v1/TimeZone/
2023-05-22 14:30:43.541 [main] INFO  org.restct.RESTCT -         generate new domains...
2023-05-22 14:30:43.541 [main] INFO  org.restct.RESTCT -             query: 2 - [Random=bellevue,mwa,us, Default=bellevue,wa,us]
2023-05-22 14:30:43.542 [main] INFO  org.restct.RESTCT -             key: 1 - [Enum=Av4fQ9XDFL4V7pk6Y0_gwG71JhO_ABjvJDdudpG8bztUgaHiWllH7Dmo9IYnwgVb]
2023-05-22 14:30:43.886 [main] INFO  org.restct.RESTCT -         3-th operation essential parameters covering array size: 2, parameters: 2, constraints: 0
2023-05-22 14:30:45.178 [main] INFO  org.restct.RESTCT -         3-th operation all parameters covering array size: 9, parameters: 5
2023-05-22 14:30:45.178 [main] INFO  org.restct.RESTCT - ****************************************************************************************************
2023-05-22 14:30:49.516 [main] INFO  org.restct.RESTCT - 4-th operation: get*https://dev.virtualearth.net/REST/v1/TimeZone/Convert/
2023-05-22 14:30:49.517 [main] INFO  org.restct.RESTCT -         generate new domains...
2023-05-22 14:30:49.517 [main] INFO  org.restct.RESTCT -             desttz: 11 - [Enum=Dateline Standard Time, Enum=Samoa Standard Time, Enum=Hawaiian Standard Time, Enum=Alaskan Standard Time, Enum=Pacific Standard Time, Enum=Mountain Standard Time, Enum=Mexico Standard Time 2, Enum=U.S. Mountain Standard Time, Enum=Central Standard Time, Enum=Canada Central Standard Time, Enum=Mexico Standard Time]
2023-05-22 14:30:49.518 [main] INFO  org.restct.RESTCT -             key: 1 - [Enum=Av4fQ9XDFL4V7pk6Y0_gwG71JhO_ABjvJDdudpG8bztUgaHiWllH7Dmo9IYnwgVb]
2023-05-22 14:30:49.518 [main] INFO  org.restct.RESTCT -             dateTime: 2 - [Random=2018-05-15T1:14:15Z, Default=2018-05-15T13:14:15Z]
2023-05-22 14:30:49.873 [main] INFO  org.restct.RESTCT -         4-th operation essential parameters covering array size: 22, parameters: 3, constraints: 0
2023-05-22 14:30:59.587 [main] INFO  org.restct.RESTCT -         4-th operation all parameters covering array size: 33, parameters: 5
2023-05-22 14:30:59.588 [main] INFO  org.restct.RESTCT - ****************************************************************************************************
