2023-05-22 14:43:01.837 [main] INFO  org.restct.RESTCT - 2-th operation: get*https://dev.virtualearth.net/REST/v1/TimeZone/
2023-05-22 14:43:01.843 [main] INFO  org.restct.RESTCT -         generate new domains...
2023-05-22 14:43:01.843 [main] INFO  org.restct.RESTCT -             query: 2 - [Random=belleue,wa,us, Default=bellevue,wa,us]
2023-05-22 14:43:01.843 [main] INFO  org.restct.RESTCT -             key: 1 - [Enum=Av4fQ9XDFL4V7pk6Y0_gwG71JhO_ABjvJDdudpG8bztUgaHiWllH7Dmo9IYnwgVb]
2023-05-22 14:43:02.463 [main] INFO  org.restct.RESTCT -         2-th operation essential parameters covering array size: 2, parameters: 2, constraints: 0
2023-05-22 14:43:04.093 [main] INFO  org.restct.RESTCT -         2-th operation all parameters covering array size: 9, parameters: 5
2023-05-22 14:43:04.093 [main] INFO  org.restct.RESTCT - ****************************************************************************************************
2023-05-22 14:43:08.699 [main] INFO  org.restct.RESTCT - 3-th operation: get*https://dev.virtualearth.net/REST/v1/TimeZone/Convert/
2023-05-22 14:43:08.700 [main] INFO  org.restct.RESTCT -         generate new domains...
2023-05-22 14:43:08.701 [main] INFO  org.restct.RESTCT -             desttz: 11 - [Enum=Dateline Standard Time, Enum=Samoa Standard Time, Enum=Hawaiian Standard Time, Enum=Alaskan Standard Time, Enum=Pacific Standard Time, Enum=Mountain Standard Time, Enum=Mexico Standard Time 2, Enum=U.S. Mountain Standard Time, Enum=Central Standard Time, Enum=Canada Central Standard Time, Enum=Mexico Standard Time]
2023-05-22 14:43:08.701 [main] INFO  org.restct.RESTCT -             dateTime: 2 - [Random=20j18-05-15T13:14:15Z, Default=2018-05-15T13:14:15Z]
2023-05-22 14:43:08.701 [main] INFO  org.restct.RESTCT -             key: 1 - [Enum=Av4fQ9XDFL4V7pk6Y0_gwG71JhO_ABjvJDdudpG8bztUgaHiWllH7Dmo9IYnwgVb]
2023-05-22 14:43:09.048 [main] INFO  org.restct.RESTCT -         3-th operation essential parameters covering array size: 22, parameters: 3, constraints: 0
2023-05-22 14:43:18.857 [main] INFO  org.restct.RESTCT -         3-th operation all parameters covering array size: 33, parameters: 5
2023-05-22 14:43:18.857 [main] INFO  org.restct.RESTCT - ****************************************************************************************************
2023-05-22 14:43:32.762 [main] INFO  org.restct.RESTCT - 4-th operation: get*https://dev.virtualearth.net/REST/v1/TimeZone
2023-05-22 14:43:32.762 [main] INFO  org.restct.RESTCT -         generate new domains...
2023-05-22 14:43:32.762 [main] INFO  org.restct.RESTCT -             desttz: 11 - [Enum=Dateline Standard Time, Enum=Samoa Standard Time, Enum=Hawaiian Standard Time, Enum=Alaskan Standard Time, Enum=Pacific Standard Time, Enum=Mountain Standard Time, Enum=Mexico Standard Time 2, Enum=U.S. Mountain Standard Time, Enum=Central Standard Time, Enum=Canada Central Standard Time, Enum=Mexico Standard Time]
2023-05-22 14:43:32.763 [main] INFO  org.restct.RESTCT -             timezonestandard: 2 - [Enum=IANA, Enum=Windows]
2023-05-22 14:43:32.764 [main] INFO  org.restct.RESTCT -             key: 1 - [Enum=Av4fQ9XDFL4V7pk6Y0_gwG71JhO_ABjvJDdudpG8bztUgaHiWllH7Dmo9IYnwgVb]
2023-05-22 14:43:33.119 [main] INFO  org.restct.RESTCT -         4-th operation essential parameters covering array size: 22, parameters: 3, constraints: 0
2023-05-22 14:43:43.202 [main] INFO  org.restct.RESTCT -         4-th operation all parameters covering array size: 33, parameters: 5
2023-05-22 14:43:43.203 [main] INFO  org.restct.RESTCT - ****************************************************************************************************
2023-05-22 14:43:56.730 [main] INFO  org.restct.RESTCT -    unresolved parameters:
2023-05-22 14:43:56.731 [main] INFO  org.restct.RESTCT - 1-th operation: get*https://dev.virtualearth.net/REST/v1/TimeZone
2023-05-22 14:43:56.731 [main] INFO  org.restct.RESTCT -         generate new domains...
2023-05-22 14:43:56.732 [main] INFO  org.restct.RESTCT -             desttz: 11 - [Enum=Dateline Standard Time, Enum=Samoa Standard Time, Enum=Hawaiian Standard Time, Enum=Alaskan Standard Time, Enum=Pacific Standard Time, Enum=Mountain Standard Time, Enum=Mexico Standard Time 2, Enum=U.S. Mountain Standard Time, Enum=Central Standard Time, Enum=Canada Central Standard Time, Enum=Mexico Standard Time]
2023-05-22 14:43:56.732 [main] INFO  org.restct.RESTCT -             timezonestandard: 2 - [Enum=IANA, Enum=Windows]
2023-05-22 14:43:56.732 [main] INFO  org.restct.RESTCT -             key: 1 - [Enum=Av4fQ9XDFL4V7pk6Y0_gwG71JhO_ABjvJDdudpG8bztUgaHiWllH7Dmo9IYnwgVb]
2023-05-22 14:43:57.559 [main] INFO  org.restct.RESTCT -         1-th operation essential parameters covering array size: 22, parameters: 3, constraints: 0
