2023-05-22 17:54:39.325 [main] INFO  org.restct.RESTCT -         7-th operation essential parameters covering array size: 2, parameters: 2, constraints: 0
2023-05-22 17:54:40.371 [main] INFO  org.restct.RESTCT -         7-th operation all parameters covering array size: 51, parameters: 18
2023-05-22 17:54:40.371 [main] INFO  org.restct.RESTCT - ****************************************************************************************************
2023-05-22 17:54:40.389 [main] INFO  org.restct.RESTCT - 8-th operation: get*http://dev.virtualearth.net/REST/v1/Routes/LocalInsights
2023-05-22 17:54:40.890 [main] INFO  org.restct.RESTCT -         8-th operation essential parameters covering array size: 14, parameters: 3, constraints: 0
2023-05-22 17:54:41.412 [main] INFO  org.restct.RESTCT -         8-th operation all parameters covering array size: 35, parameters: 10
2023-05-22 17:54:41.413 [main] INFO  org.restct.RESTCT - ****************************************************************************************************
2023-05-22 17:54:41.424 [main] INFO  org.restct.RESTCT - 9-th operation: post*http://dev.virtualearth.net/REST/v1/Routes/SnapToRoadAsync
2023-05-22 17:54:43.717 [main] INFO  org.restct.RESTCT -         9-th operation essential parameters covering array size: 3034, parameters: 23, constraints: 0
2023-05-22 17:54:45.387 [main] INFO  org.restct.RESTCT -         9-th operation all parameters covering array size: 577, parameters: 23
2023-05-22 17:54:45.388 [main] INFO  org.restct.RESTCT - ****************************************************************************************************
2023-05-22 17:54:45.557 [main] INFO  org.restct.RESTCT - 10-th operation: post*http://dev.virtualearth.net/REST/v1/Routes/DistanceMatrix
2023-05-22 17:54:46.230 [main] INFO  org.restct.RESTCT -         10-th operation essential parameters covering array size: 272, parameters: 9, constraints: 0
2023-05-22 17:54:46.868 [main] INFO  org.restct.RESTCT -         10-th operation all parameters covering array size: 50, parameters: 9
2023-05-22 17:54:46.868 [main] INFO  org.restct.RESTCT - ****************************************************************************************************
2023-05-22 17:54:46.882 [main] INFO  org.restct.RESTCT - 11-th operation: get*http://dev.virtualearth.net/REST/v1/Routes/Isochrones
2023-05-22 17:54:47.381 [main] INFO  org.restct.RESTCT -         11-th operation essential parameters covering array size: 2, parameters: 2, constraints: 0
2023-05-22 17:54:47.915 [main] INFO  org.restct.RESTCT -         11-th operation all parameters covering array size: 25, parameters: 9
2023-05-22 17:54:47.916 [main] INFO  org.restct.RESTCT - ****************************************************************************************************
2023-05-22 17:54:47.923 [main] INFO  org.restct.RESTCT - 12-th operation: post*http://dev.virtualearth.net/REST/v1/Routes/DistanceMatrixAsync
2023-05-22 17:54:48.482 [main] INFO  org.restct.RESTCT -         12-th operation essential parameters covering array size: 272, parameters: 9, constraints: 0
2023-05-22 17:54:49.126 [main] INFO  org.restct.RESTCT -         12-th operation all parameters covering array size: 50, parameters: 9
2023-05-22 17:54:49.126 [main] INFO  org.restct.RESTCT - ****************************************************************************************************
2023-05-22 17:54:49.142 [main] INFO  org.restct.RESTCT -    unresolved parameters:
2023-05-22 17:54:49.142 [main] INFO  org.restct.RESTCT - 1-th operation: get*http://dev.virtualearth.net/REST/v1/Routes/Isochrones
2023-05-22 17:54:51.793 [main] INFO  org.restct.RESTCT -         1-th operation essential parameters covering array size: 2, parameters: 2, constraints: 0
2023-05-22 17:54:54.615 [main] INFO  org.restct.RESTCT -         1-th operation all parameters covering array size: 25, parameters: 9
2023-05-22 17:54:54.616 [main] INFO  org.restct.RESTCT - ****************************************************************************************************
2023-05-22 17:54:54.661 [main] INFO  org.restct.RESTCT - 2-th operation: post*http://dev.virtualearth.net/REST/v1/Routes/SnapToRoadAsync
