2023-05-22 00:54:11.281 [main] INFO  org.restct.RESTCT - Start running program.
2023-05-22 00:54:11.486 [main] INFO  org.restct.RESTCT - Operations: 14
2023-05-22 00:54:11.486 [main] INFO  org.restct.RESTCT - Examples found: 18
2023-05-22 00:54:11.578 [main] INFO  org.restct.RESTCT - Uncovered combinations: 91, sequence length: 14
2023-05-22 00:54:11.588 [main] INFO  org.restct.RESTCT - Uncovered combinations: 63, sequence length: 14
2023-05-22 00:54:11.598 [main] INFO  org.restct.RESTCT - Uncovered combinations: 46, sequence length: 13
2023-05-22 00:54:11.627 [main] INFO  org.restct.RESTCT - Uncovered combinations: 27, sequence length: 12
2023-05-22 00:54:11.632 [main] INFO  org.restct.RESTCT - Uncovered combinations: 13, sequence length: 11
2023-05-22 00:54:11.639 [main] INFO  org.restct.RESTCT - Uncovered combinations: 7, sequence length: 9
2023-05-22 00:54:11.643 [main] INFO  org.restct.RESTCT - Uncovered combinations: 4, sequence length: 7
2023-05-22 00:54:11.645 [main] INFO  org.restct.RESTCT - Uncovered combinations: 2, sequence length: 5
2023-05-22 00:54:11.647 [main] INFO  org.restct.RESTCT - Uncovered combinations: 0, sequence length: 4
2023-05-22 00:54:11.654 [main] INFO  org.restct.RESTCT - 1-th operation: get*http://dev.virtualearth.net/REST/v1/Routes
2023-05-22 00:54:12.430 [main] INFO  org.restct.RESTCT -         1-th operation essential parameters covering array size: 2, parameters: 2, constraints: 0
2023-05-22 00:54:13.636 [main] INFO  org.restct.RESTCT -         1-th operation all parameters covering array size: 51, parameters: 17
2023-05-22 00:54:13.651 [main] INFO  org.restct.RESTCT - ****************************************************************************************************
2023-05-22 00:54:21.824 [main] INFO  org.restct.RESTCT - 2-th operation: post*http://dev.virtualearth.net/REST/v1/Routes/OptimizeItineraryAsync
2023-05-22 00:54:22.166 [main] ERROR org.restct.RESTCT - Program execution failed: Index: 1, Size: 1
java.lang.IndexOutOfBoundsException: Index: 1, Size: 1
	at java.util.ArrayList.rangeCheck(ArrayList.java:657) ~[?:1.8.0_231]
	at java.util.ArrayList.get(ArrayList.java:433) ~[?:1.8.0_231]
	at org.restct.ACTS.parseOutput(CoveringArray.java:636) ~[classes/:?]
	at org.restct.ACTS.run(CoveringArray.java:657) ~[classes/:?]
	at org.restct.CoveringArray.genEssentialParamsCase(CoveringArray.java:206) ~[classes/:?]
	at org.restct.CoveringArray.run(CoveringArray.java:99) ~[classes/:?]
	at org.restct.RESTCT.run(RESTCT.java:121) [classes/:?]
	at org.restct.Main.main(Main.java:11) [classes/:?]
2023-05-22 00:54:22.179 [main] INFO  org.restct.RESTCT - Program execution time: 12536 ms.
