2023-05-22 15:12:19.770 [main] INFO  org.restct.RESTCT -         generate new domains...
2023-05-22 15:12:19.774 [main] INFO  org.restct.RESTCT -             imagerySet: 10 - [Enum=Aerial, Enum=AerialWithLabels, Enum=AerialWithLabelsOnDemand, Enum=Birdseye, Enum=BirdseyeWithLabels, Enum=CanvasDark, Enum=CanvasLight, Enum=CanvasGray, Enum=Road, Enum=Streetside]
2023-05-22 15:12:19.774 [main] INFO  org.restct.RESTCT -             key: 1 - [Enum=Av4fQ9XDFL4V7pk6Y0_gwG71JhO_ABjvJDdudpG8bztUgaHiWllH7Dmo9IYnwgVb]
2023-05-22 15:12:20.476 [main] INFO  org.restct.RESTCT -         6-th operation essential parameters covering array size: 10, parameters: 2, constraints: 0
2023-05-22 15:12:26.953 [main] INFO  org.restct.RESTCT -         6-th operation all parameters covering array size: 44, parameters: 18
2023-05-22 15:12:26.954 [main] INFO  org.restct.RESTCT - ****************************************************************************************************
2023-05-22 15:12:48.283 [main] INFO  org.restct.RESTCT -         generate new domains...
2023-05-22 15:12:48.283 [main] INFO  org.restct.RESTCT -             imagerySet: 10 - [Enum=Aerial, Enum=AerialWithLabels, Enum=AerialWithLabelsOnDemand, Enum=Birdseye, Enum=BirdseyeWithLabels, Enum=CanvasDark, Enum=CanvasLight, Enum=CanvasGray, Enum=Road, Enum=Streetside]
2023-05-22 15:12:48.284 [main] INFO  org.restct.RESTCT -             key: 1 - [Enum=Av4fQ9XDFL4V7pk6Y0_gwG71JhO_ABjvJDdudpG8bztUgaHiWllH7Dmo9IYnwgVb]
2023-05-22 15:12:48.735 [main] INFO  org.restct.RESTCT -         6-th operation essential parameters covering array size: 10, parameters: 2, constraints: 0
2023-05-22 15:12:54.881 [main] INFO  org.restct.RESTCT -         6-th operation all parameters covering array size: 44, parameters: 18
2023-05-22 15:12:54.882 [main] INFO  org.restct.RESTCT - ****************************************************************************************************
12:44.884 [main] DEBUG org.restct.RESTCT - uncoveredSet remove GET***https://dev.virtualearth.net/REST/v1/Imagery/Metadata/{imagerySet}
2023-05-22 15:12:44.885 [main] DEBUG org.restct.RESTCT - uncoveredSet remove GET***https://dev.virtualearth.net/REST/v1/Imagery/Map/{imagerySet}/Routes/{travelMode}
2023-05-22 15:12:44.885 [main] DEBUG org.restct.RESTCT - uncoveredSet remove GET***https://dev.virtualearth.net/REST/v1/Imagery/Map/{imagerySet}/Routes/{travelMode}
2023-05-22 15:12:44.885 [main] DEBUG org.restct.RESTCT - uncoveredSet remove GET***https://dev.virtualearth.net/REST/v1/Imagery/BasicMetadata/{imagerySet}/{centerPoint}
2023-05-22 15:12:44.885 [main] DEBUG org.restct.RESTCT - uncoveredSet remove GET***https://dev.virtualearth.net/REST/v1/Imagery/Map/Streetside/{address}
2023-05-22 15:12:44.885 [main] DEBUG org.restct.RESTCT - uncoveredSet remove GET***https://dev.virtualearth.net/REST/v1/Imagery/Metadata/{imagerySet}/{centerPoint}
2023-05-22 15:12:44.886 [main] DEBUG org.restct.RESTCT - uncoveredSet remove GET***https://dev.virtualearth.net/REST/v1/Imagery/Map/{imagerySet}
2023-05-22 15:12:44.886 [main] DEBUG org.restct.RESTCT - uncoveredSet remove GET***https://dev.virtualearth.net/REST/v1/Imagery/Map/Streetside/{centerPoint}/{zoomLevel}
2023-05-22 15:12:44.886 [main] DEBUG org.restct.RESTCT - uncoveredSet remove GET***https://dev.virtualearth.net/REST/v1/Imagery/Map/{imagerySet}/{query}
2023-05-22 15:12:44.886 [main] DEBUG org.restct.RESTCT - uncoveredSet remove GET***https://dev.virtualearth.net/REST/v1/Imagery/Map/{imagerySet}/{centerPoint}/{zoomLevel}/Routes/{travelMode}
2023-05-22 15:12:44.887 [main] DEBUG org.restct.RESTCT - uncoveredSet remove GET***https://dev.virtualearth.net/REST/v1/Imagery/Map/{imagerySet}/Routes/{travelMode}
2023-05-22 15:12:44.890 [main] DEBUG org.restct.RESTCT - uncoveredSet remove GET***https://dev.virtualearth.net/REST/v1/Imagery/Map/Streetside/{centerPoint}/{zoomLevel}
2023-05-22 15:12:44.891 [main] DEBUG org.restct.RESTCT - uncoveredSet remove GET***https://dev.virtualearth.net/REST/v1/Imagery/Map/{imagerySet}/{query}
2023-05-22 15:12:44.891 [main] DEBUG org.restct.RESTCT - uncoveredSet remove GET***https://dev.virtualearth.net/REST/v1/Imagery/Map/Streetside/{address}
2023-05-22 15:12:44.892 [main] DEBUG org.restct.RESTCT - uncoveredSet remove GET***https://dev.virtualearth.net/REST/v1/Imagery/Map/{imagerySet}/Routes/{travelMode}
2023-05-22 15:12:44.892 [main] DEBUG org.restct.RESTCT - uncoveredSet remove GET***https://dev.virtualearth.net/REST/v1/Imagery/Map/{imagerySet}/{centerPoint}/{zoomLevel}/Routes/{travelMode}
2023-05-22 15:12:44.893 [main] DEBUG org.restct.RESTCT - uncoveredSet remove GET***https://dev.virtualearth.net/REST/v1/Imagery/Map/{imagerySet}/Routes/{travelMode}
2023-05-22 15:12:44.893 [main] DEBUG org.restct.RESTCT - uncoveredSet remove GET***https://dev.virtualearth.net/REST/v1/Imagery/Map/Streetside/{address}
2023-05-22 15:12:44.893 [main] DEBUG org.restct.RESTCT - uncoveredSet remove GET***https://dev.virtualearth.net/REST/v1/Imagery/Map/Streetside/{address}
2023-05-22 15:12:44.894 [main] DEBUG org.restct.RESTCT - uncoveredSet remove GET***https://dev.virtualearth.net/REST/v1/Imagery/Map/Streetside/{address}
2023-05-22 15:12:44.895 [main] DEBUG org.restct.RESTCT - uncoveredSet remove GET***https://dev.virtualearth.net/REST/v1/Imagery/Metadata/{imagerySet}/{centerPoint}
2023-05-22 15:12:44.896 [main] DEBUG org.restct.RESTCT - uncoveredSet remove GET***https://dev.virtualearth.net/REST/v1/Imagery/Metadata/{imagerySet}/{centerPoint}
2023-05-22 15:12:44.896 [main] DEBUG org.restct.RESTCT - uncoveredSet remove GET***https://dev.virtualearth.net/REST/v1/Imagery/Metadata/{imagerySet}/{centerPoint}
2023-05-22 15:12:44.897 [main] DEBUG org.restct.RESTCT - uncoveredSet remove GET***https://dev.virtualearth.net/REST/v1/Imagery/Map/{imagerySet}/Routes/{travelMode}
2023-05-22 15:12:44.898 [main] DEBUG org.restct.RESTCT - uncoveredSet remove GET***https://dev.virtualearth.net/REST/v1/Imagery/Map/{imagerySet}/{centerPoint}/{zoomLevel}/Routes/{travelMode}
2023-05-22 15:12:44.898 [main] DEBUG org.restct.RESTCT - uncoveredSet remove GET***https://dev.virtualearth.net/REST/v1/Imagery/Map/{imagerySet}/{centerPoint}/{zoomLevel}/Routes/{travelMode}
2023-05-22 15:12:44.899 [main] DEBUG org.restct.RESTCT - uncoveredSet remove GET***https://dev.virtualearth.net/REST/v1/Imagery/Map/Streetside/{centerPoint}/{zoomLevel}
2023-05-22 15:12:44.899 [main] DEBUG org.restct.RESTCT - uncoveredSet remove GET***https://dev.virtualearth.net/REST/v1/Imagery/Map/{imagerySet}/{centerPoint}/{zoomLevel}/Routes/{travelMode}
2023-05-22 15:12:44.899 [main] DEBUG org.restct.RESTCT - uncoveredSet remove GET***https://dev.virtualearth.net/REST/v1/Imagery/Map/{imagerySet}/Routes/{travelMode}
2023-05-22 15:12:44.900 [main] DEBUG org.restct.RESTCT - uncoveredSet remove GET***https://dev.virtualearth.net/REST/v1/Imagery/Map/{imagerySet}/Routes/{travelMode}
2023-05-22 15:12:44.900 [main] DEBUG org.restct.RESTCT - uncoveredSet remove GET***https://dev.virtualearth.net/REST/v1/Imagery/Map/Streetside/{address}
2023-05-22 15:12:44.900 [main] DEBUG org.restct.RESTCT - uncoveredSet remove GET***https://dev.virtualearth.net/REST/v1/Imagery/Map/{imagerySet}
2023-05-22 15:12:44.900 [main] DEBUG org.restct.RESTCT - uncoveredSet remove GET***https://dev.virtualearth.net/REST/v1/Imagery/Metadata/{imagerySet}/{centerPoint}
2023-05-22 15:12:44.900 [main] DEBUG org.restct.RESTCT - uncoveredSet remove GET***https://dev.virtualearth.net/REST/v1/Imagery/Map/{imagerySet}/{query}
2023-05-22 15:12:44.900 [main] DEBUG org.restct.RESTCT - uncoveredSet remove GET***https://dev.virtualearth.net/REST/v1/Imagery/Map/Streetside/{centerPoint}/{zoomLevel}
2023-05-22 15:12:44.901 [main] DEBUG org.restct.RESTCT - uncoveredSet remove GET***https://dev.virtualearth.net/REST/v1/Imagery/Map/{imagerySet}/{query}
2023-05-22 15:12:44.901 [main] DEBUG org.restct.RESTCT - uncoveredSet remove GET***https://dev.virtualearth.net/REST/v1/Imagery/Map/Streetside/{address}
2023-05-22 15:12:44.901 [main] DEBUG org.restct.RESTCT - uncoveredSet remove GET***https://dev.virtualearth.net/REST/v1/Imagery/Map/{imagerySet}/{centerPoint}/{zoomLevel}/Routes/{travelMode}
2023-05-22 15:12:44.901 [main] DEBUG org.restct.RESTCT - uncoveredSet remove GET***https://dev.virtualearth.net/REST/v1/Imagery/Metadata/{imagerySet}/{centerPoint}
2023-05-22 15:12:44.902 [main] DEBUG org.restct.RESTCT - uncoveredSet remove GET***https://dev.virtualearth.net/REST/v1/Imagery/Map/{imagerySet}/Routes/{travelMode}
2023-05-22 15:12:44.902 [main] DEBUG org.restct.RESTCT - uncoveredSet remove GET***https://dev.virtualearth.net/REST/v1/Imagery/BasicMetadata/{imagerySet}/{centerPoint}
2023-05-22 15:12:44.902 [main] INFO  org.restct.RESTCT - Uncovered combinations: 45, sequence length: 10
2023-05-22 15:12:44.905 [main] DEBUG org.restct.RESTCT - budget 3600 , now cost: 2.722
2023-05-22 15:12:44.910 [main] INFO  org.restct.RESTCT - 1-th operation: get*https://dev.virtualearth.net/REST/v1/Imagery/Map/{imagerySet}/Routes/{travelMode}
2023-05-22 15:12:44.931 [main] DEBUG org.restct.RESTCT -         generate new domains...
2023-05-22 15:12:44.933 [main] DEBUG org.restct.RESTCT -             imagerySet: 10 - [Enum]
2023-05-22 15:12:44.934 [main] DEBUG org.restct.RESTCT -             key: 1 - [Enum]
2023-05-22 15:12:44.934 [main] DEBUG org.restct.RESTCT -             waypoint.1: 2 - [Random, Default]
2023-05-22 15:12:44.934 [main] DEBUG org.restct.RESTCT -             waypoint.0: 2 - [Random, Default]
2023-05-22 15:12:44.935 [main] DEBUG org.restct.RESTCT -             zoomLevel: 3 - [Random]
2023-05-22 15:12:45.534 [main] DEBUG org.restct.RESTCT - ACTS Exited with code 0
2023-05-22 15:12:45.538 [main] INFO  org.restct.RESTCT -         1-th operation essential parameters covering array size: 60, parameters: 5, constraints: 0
