2023-05-22 01:08:38.196 [main] INFO  org.restct.RESTCT - Start running program.
2023-05-22 01:08:38.370 [main] INFO  org.restct.RESTCT - Operations: 14
2023-05-22 01:08:38.370 [main] INFO  org.restct.RESTCT - Examples found: 18
2023-05-22 01:08:38.464 [main] INFO  org.restct.RESTCT - Uncovered combinations: 91, sequence length: 14
2023-05-22 01:08:38.481 [main] INFO  org.restct.RESTCT - Uncovered combinations: 59, sequence length: 14
2023-05-22 01:08:38.490 [main] INFO  org.restct.RESTCT - Uncovered combinations: 38, sequence length: 13
2023-05-22 01:08:38.508 [main] INFO  org.restct.RESTCT - Uncovered combinations: 24, sequence length: 12
2023-05-22 01:08:38.521 [main] INFO  org.restct.RESTCT - Uncovered combinations: 14, sequence length: 11
2023-05-22 01:08:38.524 [main] INFO  org.restct.RESTCT - Uncovered combinations: 8, sequence length: 10
2023-05-22 01:08:38.531 [main] INFO  org.restct.RESTCT - Uncovered combinations: 5, sequence length: 7
2023-05-22 01:08:38.536 [main] INFO  org.restct.RESTCT - Uncovered combinations: 2, sequence length: 6
2023-05-22 01:08:38.546 [main] INFO  org.restct.RESTCT - Uncovered combinations: 1, sequence length: 3
2023-05-22 01:08:38.548 [main] INFO  org.restct.RESTCT - Uncovered combinations: 0, sequence length: 2
2023-05-22 01:08:39.297 [main] INFO  org.restct.RESTCT -         1-th operation essential parameters covering array size: 2, parameters: 2, constraints: 0
2023-05-22 01:08:40.540 [main] INFO  org.restct.RESTCT -         1-th operation all parameters covering array size: 25, parameters: 9
2023-05-22 01:08:40.551 [main] INFO  org.restct.RESTCT - ****************************************************************************************************
2023-05-22 01:08:46.194 [main] INFO  org.restct.RESTCT - bugFile written successfully.

2023-05-22 01:08:46.524 [main] INFO  org.restct.RESTCT -         2-th operation essential parameters covering array size: 2, parameters: 2, constraints: 0
2023-05-22 01:08:47.109 [main] INFO  org.restct.RESTCT -         2-th operation all parameters covering array size: 51, parameters: 17
2023-05-22 01:08:47.110 [main] INFO  org.restct.RESTCT - ****************************************************************************************************
2023-05-22 01:08:54.486 [main] INFO  org.restct.RESTCT - bugFile written successfully.

2023-05-22 01:08:54.976 [main] INFO  org.restct.RESTCT -         3-th operation essential parameters covering array size: 294, parameters: 21, constraints: 0
