2023-05-22 17:40:48.713 [main] INFO  org.restct.RESTCT -         9-th operation all parameters covering array size: 577, parameters: 23
2023-05-22 17:40:48.717 [main] INFO  org.restct.RESTCT - ****************************************************************************************************
2023-05-22 17:40:48.948 [main] INFO  org.restct.RESTCT -         generate new domains...
2023-05-22 17:40:48.948 [main] INFO  org.restct.RESTCT -             key: 1 - [Enum=Av4fQ9XDFL4V7pk6Y0_gwG71JhO_ABjvJDdudpG8bztUgaHiWllH7Dmo9IYnwgVb]
2023-05-22 17:40:48.949 [main] INFO  org.restct.RESTCT -             latitude: 3 - [Random=89.68837616537729, Random=-6.797313559652565, Random=68.92218337079444]
2023-05-22 17:40:48.949 [main] INFO  org.restct.RESTCT -             longitude: 3 - [Random=-110.1817663952278, Random=-112.70599932798659, Random=-126.7922949575393]
2023-05-22 17:40:48.950 [main] INFO  org.restct.RESTCT -             interpolate: 3 - [Enum=false, Enum=true, NULL=null]
2023-05-22 17:40:48.950 [main] INFO  org.restct.RESTCT -             includeSpeedLimit: 3 - [Enum=false, Enum=true, NULL=null]
2023-05-22 17:40:48.950 [main] INFO  org.restct.RESTCT -             includeTruckSpeedLimit: 3 - [Enum=false, Enum=true, NULL=null]
2023-05-22 17:40:48.950 [main] INFO  org.restct.RESTCT -             speedUnit: 3 - [Enum=MPH, Enum=KPH, NULL=null]
2023-05-22 17:40:48.951 [main] INFO  org.restct.RESTCT -             travelMode: 3 - [Enum=driving, Enum=walking, NULL=null]
2023-05-22 17:40:48.951 [main] INFO  org.restct.RESTCT -             dimensionUnit: 5 - [Enum=meter, Enum=m, Enum=foot, Enum=ft, NULL=null]
2023-05-22 17:40:48.951 [main] INFO  org.restct.RESTCT -             weightUnit: 5 - [Enum=kilogram , Enum=kg, Enum=pound , Enum=lb, NULL=null]
2023-05-22 17:40:48.951 [main] INFO  org.restct.RESTCT -             vehicleHeight: 3 - [Random=8, Default=5, NULL=null]
2023-05-22 17:40:48.951 [main] INFO  org.restct.RESTCT -             vehicleWidth: 3 - [Random=3.5d, Default=3.5, NULL=null]
2023-05-22 17:40:48.951 [main] INFO  org.restct.RESTCT -             vehicleLength: 3 - [Random=5, Default=30, NULL=null]
2023-05-22 17:40:48.951 [main] INFO  org.restct.RESTCT -             vehicleWeight: 3 - [Random=2, Default=30000, NULL=null]
2023-05-22 17:40:48.952 [main] INFO  org.restct.RESTCT -             vehicleAxles: 3 - [Random=7, Default=3, NULL=null]
2023-05-22 17:40:48.952 [main] INFO  org.restct.RESTCT -             vehicleTrailers: 3 - [Random=2, Default=2, NULL=null]
2023-05-22 17:40:48.952 [main] INFO  org.restct.RESTCT -             vehicleSemi: 3 - [Enum=false, Enum=true, NULL=null]
2023-05-22 17:40:48.953 [main] INFO  org.restct.RESTCT -             vehicleMaxGradient: 3 - [Random=2, Default=10, NULL=null]
2023-05-22 17:40:48.953 [main] INFO  org.restct.RESTCT -             vehicleMinTurnRadius: 3 - [Random=9, Default=15, NULL=null]
2023-05-22 17:40:48.953 [main] INFO  org.restct.RESTCT -             vehicleAvoidCrossWind: 3 - [Enum=false, Enum=true, NULL=null]
2023-05-22 17:40:48.953 [main] INFO  org.restct.RESTCT -             vehicleAvoidGroundingRisk: 3 - [Enum=false, Enum=true, NULL=null]
2023-05-22 17:40:48.953 [main] INFO  org.restct.RESTCT -             vehicleHazardousMaterials: 25 - [Enum=Combustable, Enum=C, Enum=Corrosive, Enum=Cr, Enum=Explosive, Enum=E, Enum=Flammable, Enum=F, Enum=FlammableSolid, Enum=FS, Enum=Gas, Enum=G, Enum=GoodsHarmfulToWater, Enum=WH, Enum=Organic, Enum=O, Enum=Other, Enum=Poison, Enum=P, Enum=PoisonousInhalation, Enum=PI, Enum=Radioactive, Enum=R, Enum=None, NULL=null]
2023-05-22 17:40:48.954 [main] INFO  org.restct.RESTCT -             vehicleHazardousPermits: 23 - [Enum=AllAppropriateForLoad, Enum=Combustable, Enum=C, Enum=Corrosive, Enum=Cr, Enum=Explosive, Enum=E, Enum=Flammable, Enum=F, Enum=FlammableSolid, Enum=FS, Enum=Gas, Enum=G, Enum=Organic, Enum=O, Enum=Poison, Enum=P, Enum=PoisonousInhalation, Enum=PI, Enum=Radioactive, Enum=R, Enum=None, NULL=null]
2023-05-22 17:40:51.746 [main] INFO  org.restct.RESTCT -         9-th operation essential parameters covering array size: 3034, parameters: 23, constraints: 0
2023-05-22 17:40:54.323 [main] INFO  org.restct.RESTCT -         9-th operation all parameters covering array size: 577, parameters: 23
2023-05-22 17:40:54.323 [main] INFO  org.restct.RESTCT - ****************************************************************************************************
2023-05-22 17:40:54.501 [main] INFO  org.restct.RESTCT -         generate new domains...
2023-05-22 17:40:54.501 [main] INFO  org.restct.RESTCT -             key: 1 - [Enum=Av4fQ9XDFL4V7pk6Y0_gwG71JhO_ABjvJDdudpG8bztUgaHiWllH7Dmo9IYnwgVb]
2023-05-22 17:40:54.502 [main] INFO  org.restct.RESTCT -             latitude: 3 - [Random=89.68837616537729, Random=-6.797313559652565, Random=68.92218337079444]
2023-05-22 17:40:54.502 [main] INFO  org.restct.RESTCT -             longitude: 3 - [Random=-110.1817663952278, Random=-112.70599932798659, Random=-126.7922949575393]
2023-05-22 17:40:54.502 [main] INFO  org.restct.RESTCT -             interpolate: 3 - [Enum=false, Enum=true, NULL=null]
2023-05-22 17:40:54.502 [main] INFO  org.restct.RESTCT -             includeSpeedLimit: 3 - [Enum=false, Enum=true, NULL=null]
2023-05-22 17:40:54.502 [main] INFO  org.restct.RESTCT -             includeTruckSpeedLimit: 3 - [Enum=false, Enum=true, NULL=null]
2023-05-22 17:40:54.502 [main] INFO  org.restct.RESTCT -             speedUnit: 3 - [Enum=MPH, Enum=KPH, NULL=null]
2023-05-22 17:40:54.502 [main] INFO  org.restct.RESTCT -             travelMode: 3 - [Enum=driving, Enum=walking, NULL=null]
2023-05-22 17:40:54.502 [main] INFO  org.restct.RESTCT -             dimensionUnit: 5 - [Enum=meter, Enum=m, Enum=foot, Enum=ft, NULL=null]
2023-05-22 17:40:54.502 [main] INFO  org.restct.RESTCT -             weightUnit: 5 - [Enum=kilogram , Enum=kg, Enum=pound , Enum=lb, NULL=null]
2023-05-22 17:40:54.503 [main] INFO  org.restct.RESTCT -             vehicleHeight: 3 - [Random=8, Default=5, NULL=null]
2023-05-22 17:40:54.503 [main] INFO  org.restct.RESTCT -             vehicleWidth: 3 - [Random=3.5d, Default=3.5, NULL=null]
2023-05-22 17:40:54.503 [main] INFO  org.restct.RESTCT -             vehicleLength: 3 - [Random=5, Default=30, NULL=null]
2023-05-22 17:40:54.503 [main] INFO  org.restct.RESTCT -             vehicleWeight: 3 - [Random=2, Default=30000, NULL=null]
2023-05-22 17:40:54.503 [main] INFO  org.restct.RESTCT -             vehicleAxles: 3 - [Random=7, Default=3, NULL=null]
2023-05-22 17:40:54.503 [main] INFO  org.restct.RESTCT -             vehicleTrailers: 3 - [Random=2, Default=2, NULL=null]
2023-05-22 17:40:54.503 [main] INFO  org.restct.RESTCT -             vehicleSemi: 3 - [Enum=false, Enum=true, NULL=null]
2023-05-22 17:40:54.503 [main] INFO  org.restct.RESTCT -             vehicleMaxGradient: 3 - [Random=2, Default=10, NULL=null]
2023-05-22 17:40:54.503 [main] INFO  org.restct.RESTCT -             vehicleMinTurnRadius: 3 - [Random=9, Default=15, NULL=null]
2023-05-22 17:40:54.504 [main] INFO  org.restct.RESTCT -             vehicleAvoidCrossWind: 3 - [Enum=false, Enum=true, NULL=null]
2023-05-22 17:40:54.504 [main] INFO  org.restct.RESTCT -             vehicleAvoidGroundingRisk: 3 - [Enum=false, Enum=true, NULL=null]
2023-05-22 17:40:54.504 [main] INFO  org.restct.RESTCT -             vehicleHazardousMaterials: 25 - [Enum=Combustable, Enum=C, Enum=Corrosive, Enum=Cr, Enum=Explosive, Enum=E, Enum=Flammable, Enum=F, Enum=FlammableSolid, Enum=FS, Enum=Gas, Enum=G, Enum=GoodsHarmfulToWater, Enum=WH, Enum=Organic, Enum=O, Enum=Other, Enum=Poison, Enum=P, Enum=PoisonousInhalation, Enum=PI, Enum=Radioactive, Enum=R, Enum=None, NULL=null]
2023-05-22 17:40:54.504 [main] INFO  org.restct.RESTCT -             vehicleHazardousPermits: 23 - [Enum=AllAppropriateForLoad, Enum=Combustable, Enum=C, Enum=Corrosive, Enum=Cr, Enum=Explosive, Enum=E, Enum=Flammable, Enum=F, Enum=FlammableSolid, Enum=FS, Enum=Gas, Enum=G, Enum=Organic, Enum=O, Enum=Poison, Enum=P, Enum=PoisonousInhalation, Enum=PI, Enum=Radioactive, Enum=R, Enum=None, NULL=null]
2023-05-22 17:40:56.895 [main] INFO  org.restct.RESTCT -         9-th operation essential parameters covering array size: 3034, parameters: 23, constraints: 0
