2023-05-22 15:51:07.803 [main] INFO  org.restct.RESTCT - 4-th operation: get*http://dev.virtualearth.net/REST/v1/Locations/{point}
2023-05-22 15:51:07.810 [main] DEBUG org.restct.RESTCT -         generate new domains...
2023-05-22 15:51:07.811 [main] DEBUG org.restct.RESTCT -             key: 1 - [Enum]
2023-05-22 15:51:07.811 [main] DEBUG org.restct.RESTCT -             point: 2 - [Random, Default]
2023-05-22 15:51:08.200 [main] DEBUG org.restct.RESTCT - ACTS Exited with code 0
2023-05-22 15:51:08.201 [main] INFO  org.restct.RESTCT -         4-th operation essential parameters covering array size: 2, parameters: 2, constraints: 0
2023-05-22 15:51:08.748 [main] DEBUG org.restct.RESTCT -         generate new domains...
2023-05-22 15:51:08.749 [main] DEBUG org.restct.RESTCT -             key: 1 - [Enum=AlHl96AYbOKB8QxE_ETFXpSNVAFZP6wx0k30DlO7X8OIc3CzRtbUFThxUEj_byNG]
2023-05-22 15:51:08.749 [main] DEBUG org.restct.RESTCT -             point: 2 - [Random=47.64054,-122.1234, Default=47.64054,-122.12934]
2023-05-22 15:51:08.749 [main] DEBUG org.restct.RESTCT -             includeNeighborhood: 3 - [NULL=null, Enum=0, Enum=1]
2023-05-22 15:51:08.749 [main] DEBUG org.restct.RESTCT -             includeEntityTypes: 8 - [Enum=PopulatedPlace, Enum=Postcode1, Enum=AdminDivision1, Enum=CountryRegion, Enum=Address, NULL=null, Enum=Neighborhood, Enum=AdminDivision2]
2023-05-22 15:51:08.750 [main] DEBUG org.restct.RESTCT -             include: 2 - [Enum=ciso2, NULL=null]
2023-05-22 15:51:08.750 [main] DEBUG org.restct.RESTCT -             verboseplacenames: 3 - [Enum=false, NULL=null, Enum=true]
2023-05-22 15:51:09.300 [main] DEBUG org.restct.RESTCT - ACTS Exited with code 0
2023-05-22 15:51:09.302 [main] INFO  org.restct.RESTCT -         4-th operation all parameters covering array size: 24, parameters: 6
2023-05-22 15:51:09.302 [main] INFO  org.restct.RESTCT - ****************************************************************************************************
2023-05-22 15:51:16.888 [main] INFO  org.restct.RESTCT - 5-th operation: get*http://dev.virtualearth.net/REST/v1/LocalSearch
2023-05-22 15:51:16.889 [main] DEBUG org.restct.RESTCT -         generate new domains...
2023-05-22 15:51:16.889 [main] DEBUG org.restct.RESTCT -             key: 1 - [Enum]
2023-05-22 15:51:17.259 [main] DEBUG org.restct.RESTCT - ACTS Exited with code 0
2023-05-22 15:51:17.260 [main] INFO  org.restct.RESTCT -         5-th operation essential parameters covering array size: 1, parameters: 1, constraints: 0
2023-05-22 15:51:17.526 [main] DEBUG org.restct.RESTCT -         generate new domains...
2023-05-22 15:51:17.527 [main] DEBUG org.restct.RESTCT -             userLocation: 3 - [Default=48.604311,-122.981998,5000, Random=48.604311,-1a22.981998,5000, NULL=null]
2023-05-22 15:51:17.527 [main] DEBUG org.restct.RESTCT -             userCircularMapView: 3 - [Default=48.604311,-122.981998,5000, NULL=null, Random=48.604311,p-122.981998,5000]
2023-05-22 15:51:17.527 [main] DEBUG org.restct.RESTCT -             query: 3 - [Default=White%20House, Random=Whit%20House, NULL=null]
2023-05-22 15:51:17.527 [main] DEBUG org.restct.RESTCT -             userMapView: 3 - [Default=29.8171041,-122.981995,48.604311,-95.5413725, NULL=null, Random=29.8171041p,-122.981995,48.604311,-95.5413725]
2023-05-22 15:51:17.528 [main] DEBUG org.restct.RESTCT -             key: 1 - [Enum=AlHl96AYbOKB8QxE_ETFXpSNVAFZP6wx0k30DlO7X8OIc3CzRtbUFThxUEj_byNG]
2023-05-22 15:51:17.528 [main] DEBUG org.restct.RESTCT -             maxResults: 2 - [Default=5, NULL=null]
2023-05-22 15:51:17.528 [main] DEBUG org.restct.RESTCT -             type: 8 - [Enum=BanksAndCreditUnions, Enum=HotelsAndMotels, Enum=Parking, Enum=Shop, NULL=null, Enum=EatDrink, Enum=SeeDo, Enum=Hospitals]
2023-05-22 15:51:17.951 [main] DEBUG org.restct.RESTCT - ACTS Exited with code 0
2023-05-22 15:51:17.952 [main] INFO  org.restct.RESTCT -         5-th operation all parameters covering array size: 24, parameters: 7
2023-05-22 15:51:17.952 [main] INFO  org.restct.RESTCT - ****************************************************************************************************
2023-05-22 15:51:25.180 [main] INFO  org.restct.RESTCT -    unresolved parameters:
2023-05-22 15:51:25.182 [main] DEBUG org.restct.RESTCT - uncoveredSet remove 2
2023-05-22 15:51:25.182 [main] DEBUG org.restct.RESTCT - uncoveredSet remove 2
2023-05-22 15:51:25.183 [main] DEBUG org.restct.RESTCT - uncoveredSet remove 2
2023-05-22 15:51:25.183 [main] INFO  org.restct.RESTCT - Uncovered combinations: 0, sequence length: 4
2023-05-22 15:51:25.184 [main] DEBUG org.restct.RESTCT - budget 3600 , now cost: 108.151
2023-05-22 15:51:25.185 [main] INFO  org.restct.RESTCT - 1-th operation: get*http://dev.virtualearth.net/REST/v1/LocalSearch
2023-05-22 15:51:25.185 [main] DEBUG org.restct.RESTCT -         generate new domains...
2023-05-22 15:51:25.185 [main] DEBUG org.restct.RESTCT -             key: 1 - [Enum]
2023-05-22 15:51:25.624 [main] DEBUG org.restct.RESTCT - ACTS Exited with code 0
2023-05-22 15:51:25.625 [main] INFO  org.restct.RESTCT -         1-th operation essential parameters covering array size: 1, parameters: 1, constraints: 0
2023-05-22 15:51:25.898 [main] DEBUG org.restct.RESTCT -         generate new domains...
2023-05-22 15:51:25.898 [main] DEBUG org.restct.RESTCT -             userLocation: 3 - [Default=48.604311,-122.981998,5000, Random=48.604311,-1a22.981998,5000, NULL=null]
2023-05-22 15:51:25.898 [main] DEBUG org.restct.RESTCT -             userCircularMapView: 3 - [Default=48.604311,-122.981998,5000, NULL=null, Random=48.604311,p-122.981998,5000]
2023-05-22 15:51:25.898 [main] DEBUG org.restct.RESTCT -             query: 3 - [Default=White%20House, Random=Whit%20House, NULL=null]
2023-05-22 15:51:25.899 [main] DEBUG org.restct.RESTCT -             userMapView: 3 - [Default=29.8171041,-122.981995,48.604311,-95.5413725, NULL=null, Random=29.8171041p,-122.981995,48.604311,-95.5413725]
2023-05-22 15:51:25.901 [main] DEBUG org.restct.RESTCT -             key: 1 - [Enum=AlHl96AYbOKB8QxE_ETFXpSNVAFZP6wx0k30DlO7X8OIc3CzRtbUFThxUEj_byNG]
2023-05-22 15:51:25.902 [main] DEBUG org.restct.RESTCT -             maxResults: 2 - [Default=5, NULL=null]
2023-05-22 15:51:25.902 [main] DEBUG org.restct.RESTCT -             type: 8 - [Enum=BanksAndCreditUnions, Enum=HotelsAndMotels, Enum=Parking, Enum=Shop, NULL=null, Enum=EatDrink, Enum=SeeDo, Enum=Hospitals]
2023-05-22 15:51:26.659 [main] DEBUG org.restct.RESTCT - ACTS Exited with code 0
2023-05-22 15:51:26.660 [main] INFO  org.restct.RESTCT -         1-th operation all parameters covering array size: 24, parameters: 7
2023-05-22 15:51:26.661 [main] INFO  org.restct.RESTCT - ****************************************************************************************************
2023-05-22 15:51:33.346 [main] INFO  org.restct.RESTCT - 2-th operation: get*http://dev.virtualearth.net/REST/v1/Locations/{point}
2023-05-22 15:51:33.346 [main] DEBUG org.restct.RESTCT -         generate new domains...
2023-05-22 15:51:33.346 [main] DEBUG org.restct.RESTCT -             key: 1 - [Enum]
2023-05-22 15:51:33.347 [main] DEBUG org.restct.RESTCT -             point: 2 - [Random, Default]
2023-05-22 15:51:33.821 [main] DEBUG org.restct.RESTCT - ACTS Exited with code 0
2023-05-22 15:51:33.823 [main] INFO  org.restct.RESTCT -         2-th operation essential parameters covering array size: 2, parameters: 2, constraints: 0
2023-05-22 15:51:34.488 [main] DEBUG org.restct.RESTCT -         generate new domains...
2023-05-22 15:51:34.488 [main] DEBUG org.restct.RESTCT -             key: 1 - [Enum=AlHl96AYbOKB8QxE_ETFXpSNVAFZP6wx0k30DlO7X8OIc3CzRtbUFThxUEj_byNG]
2023-05-22 15:51:34.489 [main] DEBUG org.restct.RESTCT -             point: 2 - [Random=47.64054,-122.1234, Default=47.64054,-122.12934]
2023-05-22 15:51:34.489 [main] DEBUG org.restct.RESTCT -             includeNeighborhood: 3 - [NULL=null, Enum=0, Enum=1]
2023-05-22 15:51:34.489 [main] DEBUG org.restct.RESTCT -             includeEntityTypes: 8 - [Enum=PopulatedPlace, Enum=Postcode1, Enum=AdminDivision1, Enum=CountryRegion, Enum=Address, NULL=null, Enum=Neighborhood, Enum=AdminDivision2]
2023-05-22 15:51:34.490 [main] DEBUG org.restct.RESTCT -             include: 2 - [Enum=ciso2, NULL=null]
2023-05-22 15:51:34.491 [main] DEBUG org.restct.RESTCT -             verboseplacenames: 3 - [Enum=false, NULL=null, Enum=true]
2023-05-22 15:51:35.005 [main] DEBUG org.restct.RESTCT - ACTS Exited with code 0
2023-05-22 15:51:35.006 [main] INFO  org.restct.RESTCT -         2-th operation all parameters covering array size: 24, parameters: 6
2023-05-22 15:51:35.006 [main] INFO  org.restct.RESTCT - ****************************************************************************************************
2023-05-22 15:51:42.667 [main] INFO  org.restct.RESTCT - 3-th operation: get*http://dev.virtualearth.net/REST/v1/Locations/{query}
2023-05-22 15:51:42.668 [main] DEBUG org.restct.RESTCT -         generate new domains...
2023-05-22 15:51:42.668 [main] DEBUG org.restct.RESTCT -             key: 1 - [Enum]
2023-05-22 15:51:42.668 [main] DEBUG org.restct.RESTCT -             query: 1 - [Default]
2023-05-22 15:51:43.091 [main] DEBUG org.restct.RESTCT - ACTS Exited with code 0
2023-05-22 15:51:43.092 [main] INFO  org.restct.RESTCT -         3-th operation essential parameters covering array size: 1, parameters: 2, constraints: 0
2023-05-22 15:51:43.639 [main] DEBUG org.restct.RESTCT -         generate new domains...
2023-05-22 15:51:43.639 [main] DEBUG org.restct.RESTCT -             key: 1 - [Enum=AlHl96AYbOKB8QxE_ETFXpSNVAFZP6wx0k30DlO7X8OIc3CzRtbUFThxUEj_byNG]
2023-05-22 15:51:43.639 [main] DEBUG org.restct.RESTCT -             includeNeighborhood: 3 - [NULL=null, Enum=0, Enum=1]
2023-05-22 15:51:43.639 [main] DEBUG org.restct.RESTCT -             include: 5 - [Enum=ciso2, queryParse, Enum=ciso2, Enum=queryParse, Enum=queryParse, ciso2, NULL=null]
2023-05-22 15:51:43.640 [main] DEBUG org.restct.RESTCT -             query: 1 - [Default=White%20House]
2023-05-22 15:51:43.640 [main] DEBUG org.restct.RESTCT -             maxResults: 4 - [Random=6, Random=8, NULL=null, Random=18]
2023-05-22 15:51:44.136 [main] DEBUG org.restct.RESTCT - ACTS Exited with code 0
2023-05-22 15:51:44.137 [main] INFO  org.restct.RESTCT -         3-th operation all parameters covering array size: 20, parameters: 5
2023-05-22 15:51:44.137 [main] INFO  org.restct.RESTCT - ****************************************************************************************************
2023-05-22 15:51:53.581 [main] INFO  org.restct.RESTCT - 4-th operation: get*http://dev.virtualearth.net/REST/v1/LocationRecog/{point}
2023-05-22 15:51:53.583 [main] DEBUG org.restct.RESTCT -         generate new domains...
2023-05-22 15:51:53.584 [main] DEBUG org.restct.RESTCT -             point: 1 - [Default]
2023-05-22 15:51:53.584 [main] DEBUG org.restct.RESTCT -             key: 1 - [Enum]
2023-05-22 15:51:54.353 [main] DEBUG org.restct.RESTCT - ACTS Exited with code 0
2023-05-22 15:51:54.353 [main] INFO  org.restct.RESTCT -         4-th operation essential parameters covering array size: 1, parameters: 2, constraints: 0
2023-05-22 15:51:54.631 [main] DEBUG org.restct.RESTCT -         generate new domains...
2023-05-22 15:51:54.631 [main] DEBUG org.restct.RESTCT -             radius: 4 - [NULL=null, Random=1, Random=2]
2023-05-22 15:51:54.632 [main] DEBUG org.restct.RESTCT -             type: 8 - [Enum=BanksAndCreditUnions, Enum=HotelsAndMotels, Enum=Parking, Enum=Shop, NULL=null, Enum=EatDrink, Enum=SeeDo, Enum=Hospitals]
2023-05-22 15:51:54.632 [main] DEBUG org.restct.RESTCT -             includeEntityTypes: 4 - [Enum=address, Enum=naturalPOI, Enum=businessAndPOI, NULL=null]
2023-05-22 15:51:54.632 [main] DEBUG org.restct.RESTCT -             point: 1 - [Default=47.64054,-122.12934]
2023-05-22 15:51:54.632 [main] DEBUG org.restct.RESTCT -             top: 4 - [Random=8, NULL=null, Random=1, Random=18]
2023-05-22 15:51:54.633 [main] DEBUG org.restct.RESTCT -             key: 1 - [Enum=AlHl96AYbOKB8QxE_ETFXpSNVAFZP6wx0k30DlO7X8OIc3CzRtbUFThxUEj_byNG]
2023-05-22 15:51:54.633 [main] DEBUG org.restct.RESTCT -             dateTime: 3 - [Default=2018-05-09 13:34:42Z, Random=2018-05-09h 13:34:42Z, NULL=null]
2023-05-22 15:51:54.633 [main] DEBUG org.restct.RESTCT -             distanceUnit: 5 - [Enum=kilometer, Enum=km, Enum=mile, NULL=null, Enum=ml]
2023-05-22 15:51:54.633 [main] DEBUG org.restct.RESTCT -             output: 3 - [Enum=JSON, Enum=XML, NULL=null]
2023-05-22 15:51:54.633 [main] DEBUG org.restct.RESTCT -             verboseplacenames: 3 - [Enum=false, NULL=null, Enum=true]
2023-05-22 15:51:55.107 [main] DEBUG org.restct.RESTCT - ACTS Exited with code 0
2023-05-22 15:51:55.108 [main] INFO  org.restct.RESTCT -         4-th operation all parameters covering array size: 40, parameters: 10
2023-05-22 15:51:55.109 [main] INFO  org.restct.RESTCT - ****************************************************************************************************
