2023-05-22 15:41:01.288 [main] INFO  org.restct.RESTCT -    unresolved parameters:
2023-05-22 15:41:01.298 [main] DEBUG org.restct.RESTCT - uncoveredSet remove 2
2023-05-22 15:41:01.299 [main] DEBUG org.restct.RESTCT - uncoveredSet remove 2
2023-05-22 15:41:01.299 [main] DEBUG org.restct.RESTCT - uncoveredSet remove 2
2023-05-22 15:41:01.299 [main] DEBUG org.restct.RESTCT - uncoveredSet remove 2
2023-05-22 15:41:01.299 [main] DEBUG org.restct.RESTCT - uncoveredSet remove 2
2023-05-22 15:41:01.299 [main] DEBUG org.restct.RESTCT - uncoveredSet remove 2
2023-05-22 15:41:01.299 [main] DEBUG org.restct.RESTCT - uncoveredSet remove 2
2023-05-22 15:41:01.300 [main] DEBUG org.restct.RESTCT - uncoveredSet remove 2
2023-05-22 15:41:01.300 [main] INFO  org.restct.RESTCT - Uncovered combinations: 2, sequence length: 5
2023-05-22 15:41:01.302 [main] DEBUG org.restct.RESTCT - budget 3600 , now cost: 62.905
2023-05-22 15:41:01.303 [main] INFO  org.restct.RESTCT - 1-th operation: get*http://dev.virtualearth.net/REST/v1/LocationRecog/{point}
2023-05-22 15:41:01.303 [main] DEBUG org.restct.RESTCT -         generate new domains...
2023-05-22 15:41:01.303 [main] DEBUG org.restct.RESTCT -             point: 1 - [Default]
2023-05-22 15:41:01.304 [main] DEBUG org.restct.RESTCT -             key: 1 - [Enum]
2023-05-22 15:41:01.698 [main] DEBUG org.restct.RESTCT - ACTS Exited with code 0
2023-05-22 15:41:01.699 [main] INFO  org.restct.RESTCT -         1-th operation essential parameters covering array size: 1, parameters: 2, constraints: 0
2023-05-22 15:41:02.106 [main] DEBUG org.restct.RESTCT -         generate new domains...
2023-05-22 15:41:02.106 [main] DEBUG org.restct.RESTCT -             radius: 4 - [Random=0, NULL=null, Random=1]
2023-05-22 15:41:02.107 [main] DEBUG org.restct.RESTCT -             type: 8 - [Enum=Parking, NULL=null, Enum=EatDrink, Enum=HotelsAndMotels, Enum=Shop, Enum=SeeDo, Enum=BanksAndCreditUnions, Enum=Hospitals]
2023-05-22 15:41:02.107 [main] DEBUG org.restct.RESTCT -             includeEntityTypes: 4 - [Enum=businessAndPOI, NULL=null, Enum=address, Enum=naturalPOI]
2023-05-22 15:41:02.107 [main] DEBUG org.restct.RESTCT -             point: 1 - [Default=47.64054,-122.12934]
2023-05-22 15:41:02.108 [main] DEBUG org.restct.RESTCT -             top: 4 - [NULL=null, Random=12, Random=7, Random=9]
2023-05-22 15:41:02.108 [main] DEBUG org.restct.RESTCT -             key: 1 - [Enum=AlHl96AYbOKB8QxE_ETFXpSNVAFZP6wx0k30DlO7X8OIc3CzRtbUFThxUEj_byNG]
2023-05-22 15:41:02.108 [main] DEBUG org.restct.RESTCT -             dateTime: 3 - [Random=201y8-05-09 13:34:42Z, NULL=null, Default=2018-05-09 13:34:42Z]
2023-05-22 15:41:02.108 [main] DEBUG org.restct.RESTCT -             distanceUnit: 5 - [Enum=mile, Enum=kilometer, NULL=null, Enum=ml, Enum=km]
2023-05-22 15:41:02.109 [main] DEBUG org.restct.RESTCT -             output: 3 - [Enum=XML, NULL=null, Enum=JSON]
2023-05-22 15:41:02.109 [main] DEBUG org.restct.RESTCT -             verboseplacenames: 3 - [Enum=false, NULL=null, Enum=true]
2023-05-22 15:41:02.544 [main] DEBUG org.restct.RESTCT - ACTS Exited with code 0
2023-05-22 15:41:02.545 [main] INFO  org.restct.RESTCT -         1-th operation all parameters covering array size: 40, parameters: 10
2023-05-22 15:41:02.545 [main] INFO  org.restct.RESTCT - ****************************************************************************************************
2023-05-22 15:41:19.277 [main] INFO  org.restct.RESTCT - 2-th operation: get*http://dev.virtualearth.net/REST/v1/Locations/{query}
2023-05-22 15:41:19.277 [main] DEBUG org.restct.RESTCT -         generate new domains...
2023-05-22 15:41:19.277 [main] DEBUG org.restct.RESTCT -             key: 1 - [Enum]
2023-05-22 15:41:19.278 [main] DEBUG org.restct.RESTCT -             query: 1 - [Default]
2023-05-22 15:41:19.668 [main] DEBUG org.restct.RESTCT - ACTS Exited with code 0
2023-05-22 15:41:19.668 [main] INFO  org.restct.RESTCT -         2-th operation essential parameters covering array size: 1, parameters: 2, constraints: 0
2023-05-22 15:41:20.285 [main] DEBUG org.restct.RESTCT -         generate new domains...
2023-05-22 15:41:20.286 [main] DEBUG org.restct.RESTCT -             key: 1 - [Enum=AlHl96AYbOKB8QxE_ETFXpSNVAFZP6wx0k30DlO7X8OIc3CzRtbUFThxUEj_byNG]
2023-05-22 15:41:20.286 [main] DEBUG org.restct.RESTCT -             includeNeighborhood: 3 - [NULL=null, Enum=0, Enum=1]
2023-05-22 15:41:20.286 [main] DEBUG org.restct.RESTCT -             include: 5 - [Enum=queryParse, ciso2, NULL=null, Enum=queryParse, Enum=ciso2, Enum=ciso2, queryParse]
2023-05-22 15:41:20.287 [main] DEBUG org.restct.RESTCT -             query: 1 - [Default=White%20House]
2023-05-22 15:41:20.287 [main] DEBUG org.restct.RESTCT -             maxResults: 4 - [NULL=null, Random=1, Random=9]
2023-05-22 15:41:20.738 [main] DEBUG org.restct.RESTCT - ACTS Exited with code 0
2023-05-22 15:41:20.739 [main] INFO  org.restct.RESTCT -         2-th operation all parameters covering array size: 20, parameters: 5
2023-05-22 15:41:20.739 [main] INFO  org.restct.RESTCT - ****************************************************************************************************
2023-05-22 15:41:31.966 [main] INFO  org.restct.RESTCT - 3-th operation: get*http://dev.virtualearth.net/REST/v1/LocalSearch
2023-05-22 15:41:31.967 [main] DEBUG org.restct.RESTCT -         generate new domains...
2023-05-22 15:41:31.967 [main] DEBUG org.restct.RESTCT -             key: 1 - [Enum]
2023-05-22 15:41:32.333 [main] DEBUG org.restct.RESTCT - ACTS Exited with code 0
2023-05-22 15:41:32.334 [main] INFO  org.restct.RESTCT -         3-th operation essential parameters covering array size: 1, parameters: 1, constraints: 0
2023-05-22 15:41:32.789 [main] DEBUG org.restct.RESTCT -         generate new domains...
2023-05-22 15:41:32.790 [main] DEBUG org.restct.RESTCT -             userLocation: 3 - [NULL=null, Default=48.604311,-122.981998,5000, Random=48.604311,-1d22.981998,5000]
2023-05-22 15:41:32.790 [main] DEBUG org.restct.RESTCT -             userCircularMapView: 3 - [NULL=null, Default=48.604311,-122.981998,5000, Random=48.604311,-122.98i1998,5000]
2023-05-22 15:41:32.791 [main] DEBUG org.restct.RESTCT -             query: 3 - [Default=White%20House, NULL=null, Random=Whie%20House]
2023-05-22 15:41:32.791 [main] DEBUG org.restct.RESTCT -             userMapView: 3 - [Random=29.8171041,-122.98195,48.604311,-95.5413725, NULL=null, Default=29.8171041,-122.981995,48.604311,-95.5413725]
2023-05-22 15:41:32.791 [main] DEBUG org.restct.RESTCT -             key: 1 - [Enum=AlHl96AYbOKB8QxE_ETFXpSNVAFZP6wx0k30DlO7X8OIc3CzRtbUFThxUEj_byNG]
2023-05-22 15:41:32.791 [main] DEBUG org.restct.RESTCT -             maxResults: 2 - [NULL=null, Default=5]
2023-05-22 15:41:32.792 [main] DEBUG org.restct.RESTCT -             type: 8 - [Enum=Parking, NULL=null, Enum=EatDrink, Enum=HotelsAndMotels, Enum=Shop, Enum=SeeDo, Enum=BanksAndCreditUnions, Enum=Hospitals]
2023-05-22 15:41:33.187 [main] DEBUG org.restct.RESTCT - ACTS Exited with code 0
2023-05-22 15:41:33.188 [main] INFO  org.restct.RESTCT -         3-th operation all parameters covering array size: 24, parameters: 7
2023-05-22 15:41:33.188 [main] INFO  org.restct.RESTCT - ****************************************************************************************************
2023-05-22 15:41:43.111 [main] INFO  org.restct.RESTCT - 4-th operation: get*http://dev.virtualearth.net/REST/v1/Locations
2023-05-22 15:41:43.111 [main] DEBUG org.restct.RESTCT -         generate new domains...
2023-05-22 15:41:43.111 [main] DEBUG org.restct.RESTCT -             key: 1 - [Enum]
2023-05-22 15:41:43.466 [main] DEBUG org.restct.RESTCT - ACTS Exited with code 0
2023-05-22 15:41:43.467 [main] INFO  org.restct.RESTCT -         4-th operation essential parameters covering array size: 1, parameters: 1, constraints: 0
2023-05-22 15:41:44.258 [main] DEBUG org.restct.RESTCT -         generate new domains...
2023-05-22 15:41:44.259 [main] DEBUG org.restct.RESTCT -             include: 2 - [NULL=null, Enum=ciso2]
2023-05-22 15:41:44.259 [main] DEBUG org.restct.RESTCT -             key: 1 - [Enum=AlHl96AYbOKB8QxE_ETFXpSNVAFZP6wx0k30DlO7X8OIc3CzRtbUFThxUEj_byNG]
2023-05-22 15:41:44.259 [main] DEBUG org.restct.RESTCT -             postalCode: 3 - [NULL=null, Default=98178, Random=9878]
2023-05-22 15:41:44.262 [main] DEBUG org.restct.RESTCT -             maxResults: 4 - [Random=18, NULL=null, Random=17, Random=9]
2023-05-22 15:41:44.263 [main] DEBUG org.restct.RESTCT -             includeNeighborhood: 3 - [NULL=null, Enum=0, Enum=1]
2023-05-22 15:41:44.263 [main] DEBUG org.restct.RESTCT -             strictMatch: 3 - [NULL=null, Enum=0, Enum=1]
2023-05-22 15:41:44.263 [main] DEBUG org.restct.RESTCT -             adminDistrict: 3 - [Default=WA, NULL=null, Random=W]
2023-05-22 15:41:44.263 [main] DEBUG org.restct.RESTCT -             locality: 3 - [Random=Settle, Default=Seattle, NULL=null]
2023-05-22 15:41:44.264 [main] DEBUG org.restct.RESTCT -             countryRegion: 3 - [Random=mAU, NULL=null, Default=AU]
2023-05-22 15:41:44.264 [main] DEBUG org.restct.RESTCT -             addressLine: 3 - [NULL=null, Default=1 Microsoft Way, Random=1 Microsoft Wa]
2023-05-22 15:41:44.660 [main] DEBUG org.restct.RESTCT - ACTS Exited with code 0
2023-05-22 15:41:44.661 [main] INFO  org.restct.RESTCT -         4-th operation all parameters covering array size: 15, parameters: 10
2023-05-22 15:41:44.661 [main] INFO  org.restct.RESTCT - ****************************************************************************************************
2023-05-22 15:41:52.834 [main] INFO  org.restct.RESTCT - 5-th operation: get*http://dev.virtualearth.net/REST/v1/Locations/{point}
2023-05-22 15:41:52.835 [main] DEBUG org.restct.RESTCT -         generate new domains...
2023-05-22 15:41:52.835 [main] DEBUG org.restct.RESTCT -             key: 1 - [Enum]
2023-05-22 15:41:52.835 [main] DEBUG org.restct.RESTCT -             point: 2 - [Random, Default]
2023-05-22 15:41:53.217 [main] DEBUG org.restct.RESTCT - ACTS Exited with code 0
2023-05-22 15:41:53.218 [main] INFO  org.restct.RESTCT -         5-th operation essential parameters covering array size: 2, parameters: 2, constraints: 0
2023-05-22 15:41:54.318 [main] DEBUG org.restct.RESTCT -         generate new domains...
2023-05-22 15:41:54.318 [main] DEBUG org.restct.RESTCT -             key: 1 - [Enum=AlHl96AYbOKB8QxE_ETFXpSNVAFZP6wx0k30DlO7X8OIc3CzRtbUFThxUEj_byNG]
2023-05-22 15:41:54.319 [main] DEBUG org.restct.RESTCT -             point: 2 - [Default=47.64054,-122.12934, Random=47.64054,-122.f12934]
2023-05-22 15:41:54.319 [main] DEBUG org.restct.RESTCT -             includeNeighborhood: 3 - [NULL=null, Enum=0, Enum=1]
2023-05-22 15:41:54.319 [main] DEBUG org.restct.RESTCT -             includeEntityTypes: 8 - [Enum=Address, NULL=null, Enum=Neighborhood, Enum=AdminDivision1, Enum=PopulatedPlace, Enum=Postcode1, Enum=AdminDivision2, Enum=CountryRegion]
2023-05-22 15:41:54.319 [main] DEBUG org.restct.RESTCT -             include: 2 - [NULL=null, Enum=ciso2]
2023-05-22 15:41:54.320 [main] DEBUG org.restct.RESTCT -             verboseplacenames: 3 - [Enum=false, NULL=null, Enum=true]
2023-05-22 15:41:54.781 [main] DEBUG org.restct.RESTCT - ACTS Exited with code 0
2023-05-22 15:41:54.782 [main] INFO  org.restct.RESTCT -         5-th operation all parameters covering array size: 24, parameters: 6
2023-05-22 15:41:54.782 [main] INFO  org.restct.RESTCT - ****************************************************************************************************
