2023-05-22 16:11:03.367 [main] INFO  org.restct.RESTCT - 3-th operation: get*https://dev.virtualearth.net/REST/v1/TimeZone/{point}
2023-05-22 16:11:03.392 [main] DEBUG org.restct.RESTCT -         generate new domains...
2023-05-22 16:11:03.392 [main] DEBUG org.restct.RESTCT -             key: 1 - [Enum]
2023-05-22 16:11:03.392 [main] DEBUG org.restct.RESTCT -             point: 2 - [Default, Random]
2023-05-22 16:11:04.229 [main] DEBUG org.restct.RESTCT - ACTS Exited with code 0
2023-05-22 16:11:04.230 [main] INFO  org.restct.RESTCT -         3-th operation essential parameters covering array size: 2, parameters: 2, constraints: 0
2023-05-22 16:11:04.877 [main] DEBUG org.restct.RESTCT -         generate new domains...
2023-05-22 16:11:04.878 [main] DEBUG org.restct.RESTCT -             key: 1 - [Enum=AkZxRYtSbfisLxUcZO1-iXl9g0XNRBkq17TFotpXeNWFuERIJ1yqMcu2dbcolA0P]
2023-05-22 16:11:04.879 [main] DEBUG org.restct.RESTCT -             includeDstRules: 3 - [Enum=true, NULL=null, Enum=false]
2023-05-22 16:11:04.879 [main] DEBUG org.restct.RESTCT -             point: 2 - [Default=47.610679194331169,-122.10788659751415, Random=47.610679194331169,122.10788659751415]
2023-05-22 16:11:04.880 [main] DEBUG org.restct.RESTCT -             dateTime: 3 - [NULL=null, Random=2018-05-1T13:14:15Z, Default=2018-05-15T13:14:15Z]
2023-05-22 16:11:04.880 [main] DEBUG org.restct.RESTCT -             output: 3 - [NULL=null, Enum=JSON, Enum=XML]
2023-05-22 16:11:05.811 [main] DEBUG org.restct.RESTCT - ACTS Exited with code 0
2023-05-22 16:11:05.812 [main] INFO  org.restct.RESTCT -         3-th operation all parameters covering array size: 9, parameters: 5
2023-05-22 16:11:05.812 [main] INFO  org.restct.RESTCT - ****************************************************************************************************
2023-05-22 16:11:08.561 [main] INFO  org.restct.RESTCT - 4-th operation: get*https://dev.virtualearth.net/REST/v1/TimeZone
2023-05-22 16:11:08.562 [main] DEBUG org.restct.RESTCT -         generate new domains...
2023-05-22 16:11:08.562 [main] DEBUG org.restct.RESTCT -             key: 1 - [Enum]
2023-05-22 16:11:08.562 [main] DEBUG org.restct.RESTCT -             desttz: 21 - [Enum]
2023-05-22 16:11:08.563 [main] DEBUG org.restct.RESTCT -             timezonestandard: 2 - [Enum]
2023-05-22 16:11:09.010 [main] DEBUG org.restct.RESTCT - ACTS Exited with code 0
2023-05-22 16:11:09.012 [main] INFO  org.restct.RESTCT -         4-th operation essential parameters covering array size: 42, parameters: 3, constraints: 0
2023-05-22 16:11:21.236 [main] DEBUG org.restct.RESTCT -         generate new domains...
2023-05-22 16:11:21.237 [main] DEBUG org.restct.RESTCT -             includeDstRules: 3 - [Enum=true, NULL=null, Enum=false]
2023-05-22 16:11:21.237 [main] DEBUG org.restct.RESTCT -             output: 3 - [NULL=null, Enum=JSON, Enum=XML]
2023-05-22 16:11:21.238 [main] DEBUG org.restct.RESTCT -             key: 1 - [Enum=AkZxRYtSbfisLxUcZO1-iXl9g0XNRBkq17TFotpXeNWFuERIJ1yqMcu2dbcolA0P]
2023-05-22 16:11:21.238 [main] DEBUG org.restct.RESTCT -             desttz: 21 - [Enum=Central Standard Time, Enum=U.S. Eastern Standard Time, Enum=Newfoundland and Labrador Standard Time, Enum=Dateline Standard Time, Enum=Canada Central Standard Time, Enum=Mexico Standard Time 2, Enum=S.A. Eastern Standard Time, Enum=Atlantic Standard Time, Enum=Samoa Standard Time, Enum=Alaskan Standard Time, Enum=Pacific Standard Time, Enum=S.A. Western Standard Time, Enum=U.S. Mountain Standard Time, Enum=S.A. Pacific Standard Time, Enum=Mountain Standard Time, Enum=Central America Standard Time, Enum=Eastern Standard Time, Enum=Mexico Standard Time, Enum=Hawaiian Standard Time, Enum=E. South America Standard Time, Enum=Pacific S.A. Standard Time]
2023-05-22 16:11:21.238 [main] DEBUG org.restct.RESTCT -             timezonestandard: 2 - [Enum=Windows, Enum=IANA]
2023-05-22 16:11:21.969 [main] DEBUG org.restct.RESTCT - ACTS Exited with code 0
2023-05-22 16:11:21.970 [main] INFO  org.restct.RESTCT -         4-th operation all parameters covering array size: 63, parameters: 5
2023-05-22 16:11:21.971 [main] INFO  org.restct.RESTCT - ****************************************************************************************************
2023-05-22 16:11:40.274 [main] INFO  org.restct.RESTCT -    unresolved parameters:
2023-05-22 16:11:40.276 [main] DEBUG org.restct.RESTCT - uncoveredSet remove 2
2023-05-22 16:11:40.276 [main] DEBUG org.restct.RESTCT - uncoveredSet remove 2
2023-05-22 16:11:40.276 [main] DEBUG org.restct.RESTCT - uncoveredSet remove 2
2023-05-22 16:11:40.276 [main] INFO  org.restct.RESTCT - Uncovered combinations: 3, sequence length: 4
2023-05-22 16:11:40.278 [main] DEBUG org.restct.RESTCT - budget 3600 , now cost: 80.667
2023-05-22 16:11:40.278 [main] INFO  org.restct.RESTCT - 1-th operation: get*https://dev.virtualearth.net/REST/v1/TimeZone
2023-05-22 16:11:40.278 [main] DEBUG org.restct.RESTCT -         generate new domains...
2023-05-22 16:11:40.278 [main] DEBUG org.restct.RESTCT -             key: 1 - [Enum]
2023-05-22 16:11:40.279 [main] DEBUG org.restct.RESTCT -             desttz: 21 - [Enum]
2023-05-22 16:11:40.279 [main] DEBUG org.restct.RESTCT -             timezonestandard: 2 - [Enum]
2023-05-22 16:11:40.856 [main] DEBUG org.restct.RESTCT - ACTS Exited with code 0
2023-05-22 16:11:40.856 [main] INFO  org.restct.RESTCT -         1-th operation essential parameters covering array size: 42, parameters: 3, constraints: 0
2023-05-22 16:11:52.154 [main] DEBUG org.restct.RESTCT -         generate new domains...
2023-05-22 16:11:52.154 [main] DEBUG org.restct.RESTCT -             includeDstRules: 3 - [Enum=true, NULL=null, Enum=false]
2023-05-22 16:11:52.154 [main] DEBUG org.restct.RESTCT -             output: 3 - [NULL=null, Enum=JSON, Enum=XML]
2023-05-22 16:11:52.154 [main] DEBUG org.restct.RESTCT -             key: 1 - [Enum=AkZxRYtSbfisLxUcZO1-iXl9g0XNRBkq17TFotpXeNWFuERIJ1yqMcu2dbcolA0P]
2023-05-22 16:11:52.155 [main] DEBUG org.restct.RESTCT -             desttz: 21 - [Enum=Central Standard Time, Enum=U.S. Eastern Standard Time, Enum=Newfoundland and Labrador Standard Time, Enum=Dateline Standard Time, Enum=Canada Central Standard Time, Enum=Mexico Standard Time 2, Enum=S.A. Eastern Standard Time, Enum=Atlantic Standard Time, Enum=Samoa Standard Time, Enum=Alaskan Standard Time, Enum=Pacific Standard Time, Enum=S.A. Western Standard Time, Enum=U.S. Mountain Standard Time, Enum=S.A. Pacific Standard Time, Enum=Mountain Standard Time, Enum=Central America Standard Time, Enum=Eastern Standard Time, Enum=Mexico Standard Time, Enum=Hawaiian Standard Time, Enum=E. South America Standard Time, Enum=Pacific S.A. Standard Time]
2023-05-22 16:11:52.155 [main] DEBUG org.restct.RESTCT -             timezonestandard: 2 - [Enum=Windows, Enum=IANA]
2023-05-22 16:11:52.624 [main] DEBUG org.restct.RESTCT - ACTS Exited with code 0
2023-05-22 16:11:52.625 [main] INFO  org.restct.RESTCT -         1-th operation all parameters covering array size: 63, parameters: 5
2023-05-22 16:11:52.625 [main] INFO  org.restct.RESTCT - ****************************************************************************************************
