2023-05-22 15:34:06.162 [main] INFO  org.restct.RESTCT - 5-th operation: get*http://dev.virtualearth.net/REST/v1/Locations/{query}
2023-05-22 15:34:06.189 [main] DEBUG org.restct.RESTCT -         generate new domains...
2023-05-22 15:34:06.189 [main] DEBUG org.restct.RESTCT -             key: 1 - [Enum]
2023-05-22 15:34:06.190 [main] DEBUG org.restct.RESTCT -             query: 2 - [Default, Random]
2023-05-22 15:34:06.819 [main] DEBUG org.restct.RESTCT - ACTS Exited with code 0
2023-05-22 15:34:06.820 [main] INFO  org.restct.RESTCT -         5-th operation essential parameters covering array size: 2, parameters: 2, constraints: 0
2023-05-22 15:34:07.591 [main] DEBUG org.restct.RESTCT -         generate new domains...
2023-05-22 15:34:07.592 [main] DEBUG org.restct.RESTCT -             key: 1 - [Enum=AlHl96AYbOKB8QxE_ETFXpSNVAFZP6wx0k30DlO7X8OIc3CzRtbUFThxUEj_byNG]
2023-05-22 15:34:07.592 [main] DEBUG org.restct.RESTCT -             includeNeighborhood: 3 - [NULL=null, Enum=0, Enum=1]
2023-05-22 15:34:07.593 [main] DEBUG org.restct.RESTCT -             include: 5 - [Enum=queryParse, ciso2, Enum=queryParse, Enum=ciso2, NULL=null, Enum=ciso2, queryParse]
2023-05-22 15:34:07.593 [main] DEBUG org.restct.RESTCT -             query: 2 - [Random=Wite%20House, Default=White%20House]
2023-05-22 15:34:07.594 [main] DEBUG org.restct.RESTCT -             maxResults: 4 - [Random=7, NULL=null, Random=19, Random=3]
2023-05-22 15:34:08.034 [main] DEBUG org.restct.RESTCT - ACTS Exited with code 0
2023-05-22 15:34:08.036 [main] INFO  org.restct.RESTCT -         5-th operation all parameters covering array size: 20, parameters: 5
2023-05-22 15:34:08.037 [main] INFO  org.restct.RESTCT - ****************************************************************************************************
2023-05-22 15:34:16.909 [main] INFO  org.restct.RESTCT -    unresolved parameters:
2023-05-22 15:34:16.911 [main] DEBUG org.restct.RESTCT - uncoveredSet remove 2
2023-05-22 15:34:16.911 [main] DEBUG org.restct.RESTCT - uncoveredSet remove 2
2023-05-22 15:34:16.911 [main] DEBUG org.restct.RESTCT - uncoveredSet remove 2
2023-05-22 15:34:16.912 [main] DEBUG org.restct.RESTCT - uncoveredSet remove 2
2023-05-22 15:34:16.912 [main] DEBUG org.restct.RESTCT - uncoveredSet remove 2
2023-05-22 15:34:16.912 [main] DEBUG org.restct.RESTCT - uncoveredSet remove 2
2023-05-22 15:34:16.912 [main] DEBUG org.restct.RESTCT - uncoveredSet remove 2
2023-05-22 15:34:16.912 [main] DEBUG org.restct.RESTCT - uncoveredSet remove 2
2023-05-22 15:34:16.912 [main] DEBUG org.restct.RESTCT - uncoveredSet remove 2
2023-05-22 15:34:16.912 [main] DEBUG org.restct.RESTCT - uncoveredSet remove 2
2023-05-22 15:34:16.913 [main] INFO  org.restct.RESTCT - Uncovered combinations: 0, sequence length: 5
2023-05-22 15:34:16.914 [main] DEBUG org.restct.RESTCT - budget 3600 , now cost: 57.176
2023-05-22 15:34:16.914 [main] INFO  org.restct.RESTCT - 1-th operation: get*http://dev.virtualearth.net/REST/v1/Locations/{query}
2023-05-22 15:34:16.915 [main] DEBUG org.restct.RESTCT -         generate new domains...
2023-05-22 15:34:16.915 [main] DEBUG org.restct.RESTCT -             key: 1 - [Enum]
2023-05-22 15:34:16.915 [main] DEBUG org.restct.RESTCT -             query: 2 - [Default, Random]
2023-05-22 15:34:17.796 [main] INFO  org.restct.RESTCT - Start running program.
2023-05-22 15:34:17.916 [main] INFO  org.restct.RESTCT - Operations: 10
2023-05-22 15:34:17.916 [main] INFO  org.restct.RESTCT - Examples found: 12
2023-05-2023-05-22 15:34:18.755 [main] DEBUG org.restct.RESTCT -         generate new domains...
2023-05-22 15:34:18.755 [main] DEBUG org.restct.RESTCT -             key: 1 - [Enum=AlHl96AYbOKB8QxE_ETFXpSNVAFZP6wx0k30DlO7X8OIc3CzRtbUFThxUEj_byNG]
2023-05-22 15:34:18.756 [main] DEBUG org.restct.RESTCT -             includeNeighborhood: 3 - [NULL=null, Enum=0, Enum=1]
2023-05-22 15:34:18.756 [main] DEBUG org.restct.RESTCT -             include: 5 - [Enum=queryParse, ciso2, Enum=queryParse, Enum=ciso2, NULL=null, Enum=ciso2, queryParse]
2023-05-22 15:34:18.756 [main] DEBUG org.restct.RESTCT -             query: 2 - [Random=Wite%20House, Default=White%20House]
2023-05-22 15:34:18.756 [main] DEBUG org.restct.RESTCT -             maxResults: 4 - [Random=7, NULL=null, Random=19, Random=3]
2023-05-22 15:34:19.379 [main] DEBUG org.2023-05-22 15:34:34.567 [main] INFO  org.restct.RESTCT -         1-th operation all parameters covering array size: 84, parameters: 8
2023-05-22 15:34:34.581 [main] INFO  org.restct.RESTCT - ****************************************************************************************************
***************************************
2023-05-22 15:34:30.284 [main] INFO  org.restct.RESTCT - 2-th operation: get*http://dev.virtualearth.net/REST/v1/Locations/{point}
2023-05-22 15:34:30.285 [main] DEBUG org.restct.RESTCT -         generate new domains...
2023-05-22 15:34:30.285 [main] DEBUG org.restct.RESTCT -             key: 1 - [Enum]
2023-05-22 15:34:30.285 [main] DEBUG org.restct.RESTCT -             point: 2 - [Default, Random]
2023-05-22 15:34:30.650 [main] DEBUG org.restct.RESTCT - ACTS Exited with code 0
2023-05-22 15:34:30.651 [main] INFO  org.restct.RESTCT -         2-th operation essential parameters covering array size: 2, parameters: 2, constraints: 0
2023-05-22 15:34:31.618 [main] DEBUG org.restct.RESTCT -         generate new domains...
2023-05-22 15:34:31.618 [main] DEBUG org.restct.RESTCT -             key: 1 - [Enum=AlHl96AYbOKB8QxE_ETFXpSNVAFZP6wx0k30DlO7X8OIc3CzRtbUFThxUEj_byNG]
2023-05-22 15:34:31.619 [main] DEBUG org.restct.RESTCT -             point: 2 - [Random=47.64054,-122.1294, Default=47.64054,-122.12934]
2023-05-22 15:34:31.620 [main] DEBUG org.restct.RESTCT -             includeNeighborhood: 3 - [NULL=null, Enum=0, Enum=1]
2023-05-22 15:34:31.620 [main] DEBUG org.restct.RESTCT -             includeEntityTypes: 8 - [Enum=Address, Enum=Neighborhood, Enum=AdminDivision1, NULL=null, Enum=PopulatedPlace, Enum=Postcode1, Enum=AdminDivision2, Enum=CountryRegion]
2023-05-22 15:34:31.621 [main] DEBUG org.restct.RESTCT -             include: 2 - [Enum=ciso2, NULL=null]
2023-05-22 15:34:31.621 [main] DEBUG org.restct.RESTCT -             verboseplacenames: 3 - [Enum=false, NULL=null, Enum=true]
2023-05-22 15:34:32.201 [main] DEBUG org.restct.RESTCT - ACTS Exited with code 0
2023-05-22 15:34:32.202 [main] INFO  org.restct.RESTCT -         2-th operation all parameters covering array size: 24, parameters: 6
2023-05-22 15:34:32.202 [main] INFO  org.restct.RESTCT - ****************************************************************************************************
2023-05-22 15:34:43.152 [main] INFO  org.restct.RESTCT - 3-th operation: get*http://dev.virtualearth.net/REST/v1/LocalSearch
2023-05-22 15:34:43.153 [main] DEBUG org.restct.RESTCT -         generate new domains...
2023-05-22 15:34:43.153 [main] DEBUG org.restct.RESTCT -             key: 1 - [Enum]
2023-05-22 15:34:43.526 [main] DEBUG org.restct.RESTCT - ACTS Exited with code 0
2023-05-22 15:34:43.527 [main] INFO  org.restct.RESTCT -         3-th operation essential parameters covering array size: 1, parameters: 1, constraints: 0
2023-05-22 15:34:43.949 [main] DEBUG org.restct.RESTCT -         generate new domains...
2023-05-22 15:34:43.949 [main] DEBUG org.restct.RESTCT -             userLocation: 3 - [Default=48.604311,-122.981998,5000, NULL=null, Random=48.60431v1,-122.981998,5000]
2023-05-22 15:34:43.950 [main] DEBUG org.restct.RESTCT -             userCircularMapView: 3 - [Default=48.604311,-122.981998,5000, Random=48604311,-122.981998,5000, NULL=null]
2023-05-22 15:34:43.950 [main] DEBUG org.restct.RESTCT -             query: 3 - [NULL=null, Random=Wite%20House, Default=White%20House]
2023-05-22 15:34:43.950 [main] DEBUG org.restct.RESTCT -             userMapView: 3 - [Random=29.8171041,-122.981995,48.04311,-95.5413725, NULL=null, Default=29.8171041,-122.981995,48.604311,-95.5413725]
2023-05-22 15:34:43.951 [main] DEBUG org.restct.RESTCT -             key: 1 - [Enum=AlHl96AYbOKB8QxE_ETFXpSNVAFZP6wx0k30DlO7X8OIc3CzRtbUFThxUEj_byNG]
2023-05-22 15:34:43.951 [main] DEBUG org.restct.RESTCT -             maxResults: 2 - [NULL=null, Default=5]
2023-05-22 15:34:43.951 [main] DEBUG org.restct.RESTCT -             type: 8 - [Enum=Parking, Enum=EatDrink, Enum=HotelsAndMotels, NULL=null, Enum=Shop, Enum=SeeDo, Enum=BanksAndCreditUnions, Enum=Hospitals]
2023-05-22 15:34:44.359 [main] DEBUG org.restct.RESTCT - ACTS Exited with code 0
2023-05-22 15:34:44.360 [main] INFO  org.restct.RESTCT -         3-th operation all parameters covering array size: 24, parameters: 7
2023-05-22 15:34:44.360 [main] INFO  org.restct.RESTCT - ****************************************************************************************************
2023-05-22 15:34:54.907 [main] INFO  org.restct.RESTCT - 4-th operation: get*http://dev.virtualearth.net/REST/v1/LocationRecog/{point}
2023-05-22 15:34:54.909 [main] DEBUG org.restct.RESTCT -         generate new domains...
2023-05-22 15:34:54.909 [main] DEBUG org.restct.RESTCT -             point: 1 - [Default]
2023-05-22 15:34:54.910 [main] DEBUG org.restct.RESTCT -             key: 1 - [Enum]
2023-05-22 15:34:55.332 [main] DEBUG org.restct.RESTCT - ACTS Exited with code 0
2023-05-22 15:34:55.333 [main] INFO  org.restct.RESTCT -         4-th operation essential parameters covering array size: 1, parameters: 2, constraints: 0
2023-05-22 15:34:55.746 [main] DEBUG org.restct.RESTCT -         generate new domains...
2023-05-22 15:34:55.746 [main] DEBUG org.restct.RESTCT -             radius: 4 - [Random=2, Random=1, NULL=null]
2023-05-22 15:34:55.747 [main] DEBUG org.restct.RESTCT -             type: 8 - [Enum=Parking, Enum=EatDrink, Enum=HotelsAndMotels, NULL=null, Enum=Shop, Enum=SeeDo, Enum=BanksAndCreditUnions, Enum=Hospitals]
2023-05-22 15:34:55.747 [main] DEBUG org.restct.RESTCT -             includeEntityTypes: 4 - [Enum=businessAndPOI, Enum=address, NULL=null, Enum=naturalPOI]
2023-05-22 15:34:55.748 [main] DEBUG org.restct.RESTCT -             point: 1 - [Default=47.64054,-122.12934]
2023-05-22 15:34:55.748 [main] DEBUG org.restct.RESTCT -             top: 4 - [Random=14, NULL=null, Random=4, Random=6]
2023-05-22 15:34:55.749 [main] DEBUG org.restct.RESTCT -             key: 1 - [Enum=AlHl96AYbOKB8QxE_ETFXpSNVAFZP6wx0k30DlO7X8OIc3CzRtbUFThxUEj_byNG]
2023-05-22 15:34:55.749 [main] DEBUG org.restct.RESTCT -             dateTime: 3 - [NULL=null, Default=2018-05-09 13:34:42Z, Random=218-05-09 13:34:42Z]
2023-05-22 15:34:55.749 [main] DEBUG org.restct.RESTCT -             distanceUnit: 5 - [Enum=mile, Enum=kilometer, NULL=null, Enum=ml, Enum=km]
2023-05-22 15:34:55.749 [main] DEBUG org.restct.RESTCT -             output: 3 - [Enum=XML, Enum=JSON, NULL=null]
2023-05-22 15:34:55.750 [main] DEBUG org.restct.RESTCT -             verboseplacenames: 3 - [Enum=false, NULL=null, Enum=true]
2023-05-22 15:34:56.369 [main] DEBUG org.restct.RESTCT - ACTS Exited with code 0
2023-05-22 15:34:56.371 [main] INFO  org.restct.RESTCT -         4-th operation all parameters covering array size: 40, parameters: 10
2023-05-22 15:34:56.371 [main] INFO  org.restct.RESTCT - ****************************************************************************************************
