2023-05-22 16:50:06.310 [main] INFO  org.restct.RESTCT - 3-th operation: get*http://dev.virtualearth.net/REST/v1/Locations
2023-05-22 16:50:06.327 [main] INFO  org.restct.RESTCT -         generate new domains...
2023-05-22 16:50:06.327 [main] INFO  org.restct.RESTCT -             key: 1 - [Enum=AlHl96AYbOKB8QxE_ETFXpSNVAFZP6wx0k30DlO7X8OIc3CzRtbUFThxUEj_byNG]
2023-05-22 16:50:06.680 [main] INFO  org.restct.RESTCT -         3-th operation essential parameters covering array size: 1, parameters: 1, constraints: 0
2023-05-22 16:50:11.805 [main] INFO  org.restct.RESTCT -         3-th operation all parameters covering array size: 15, parameters: 10
2023-05-22 16:50:11.805 [main] INFO  org.restct.RESTCT - ****************************************************************************************************
2023-05-22 16:50:28.595 [main] INFO  org.restct.RESTCT - 4-th operation: get*http://dev.virtualearth.net/REST/v1/Locations/{point}
2023-05-22 16:50:28.596 [main] INFO  org.restct.RESTCT -         generate new domains...
2023-05-22 16:50:28.596 [main] INFO  org.restct.RESTCT -             key: 1 - [Enum=AlHl96AYbOKB8QxE_ETFXpSNVAFZP6wx0k30DlO7X8OIc3CzRtbUFThxUEj_byNG]
2023-05-22 16:50:28.597 [main] INFO  org.restct.RESTCT -             point: 2 - [Random=47.6054,-122.12934, Default=47.64054,-122.12934]
2023-05-22 16:50:28.946 [main] INFO  org.restct.RESTCT -         4-th operation essential parameters covering array size: 2, parameters: 2, constraints: 0
2023-05-22 16:50:30.419 [main] INFO  org.restct.RESTCT -         4-th operation all parameters covering array size: 24, parameters: 6
2023-05-22 16:50:30.420 [main] INFO  org.restct.RESTCT - ****************************************************************************************************
2023-05-22 16:50:46.346 [main] INFO  org.restct.RESTCT - 5-th operation: get*http://dev.virtualearth.net/REST/v1/Locations/{query}
2023-05-22 16:50:46.346 [main] INFO  org.restct.RESTCT -         generate new domains...
2023-05-22 16:50:46.346 [main] INFO  org.restct.RESTCT -             key: 1 - [Enum=AlHl96AYbOKB8QxE_ETFXpSNVAFZP6wx0k30DlO7X8OIc3CzRtbUFThxUEj_byNG]
2023-05-22 16:50:46.347 [main] INFO  org.restct.RESTCT -             query: 2 - [Random=Whte%20House, Default=White%20House]
2023-05-22 16:50:46.787 [main] INFO  org.restct.RESTCT -         5-th operation essential parameters covering array size: 2, parameters: 2, constraints: 0
2023-05-22 16:50:48.944 [main] INFO  org.restct.RESTCT -         5-th operation all parameters covering array size: 20, parameters: 5
2023-05-22 16:50:48.944 [main] INFO  org.restct.RESTCT - ****************************************************************************************************
