2023-05-22 14:53:05.182 [main] INFO  org.restct.RESTCT -         generate new domains...
2023-05-22 14:53:05.196 [main] INFO  org.restct.RESTCT -             centerPoint: 2 - [Random=47.i610,-122.107, Default=47.610,-122.107]
2023-05-22 14:53:05.196 [main] INFO  org.restct.RESTCT -             zoomLevel: 3 - [Random=10, Random=11, Random=0]
2023-05-22 14:53:05.196 [main] INFO  org.restct.RESTCT -             key: 1 - [Enum=Av4fQ9XDFL4V7pk6Y0_gwG71JhO_ABjvJDdudpG8bztUgaHiWllH7Dmo9IYnwgVb]
2023-05-22 14:53:05.534 [main] INFO  org.restct.RESTCT -         4-th operation essential parameters covering array size: 6, parameters: 3, constraints: 0
2023-05-22 14:53:08.539 [main] INFO  org.restct.RESTCT -         4-th operation all parameters covering array size: 25, parameters: 18
2023-05-22 14:53:08.539 [main] INFO  org.restct.RESTCT - ****************************************************************************************************
2023-05-22 14:53:15.262 [main] INFO  org.restct.RESTCT - 5-th operation: get*https://dev.virtualearth.net/REST/v1/Imagery/Map/{imagerySet}/{query}
2023-05-22 14:53:15.263 [main] INFO  org.restct.RESTCT -         generate new domains...
2023-05-22 14:53:15.263 [main] INFO  org.restct.RESTCT -             imagerySet: 10 - [Enum=Aerial, Enum=AerialWithLabels, Enum=AerialWithLabelsOnDemand, Enum=Birdseye, Enum=BirdseyeWithLabels, Enum=CanvasDark, Enum=CanvasLight, Enum=CanvasGray, Enum=Road, Enum=Streetside]
2023-05-22 14:53:15.264 [main] INFO  org.restct.RESTCT -             key: 1 - [Enum=Av4fQ9XDFL4V7pk6Y0_gwG71JhO_ABjvJDdudpG8bztUgaHiWllH7Dmo9IYnwgVb]
2023-05-22 14:53:15.616 [main] INFO  org.restct.RESTCT -         5-th operation essential parameters covering array size: 10, parameters: 2, constraints: 0
2023-05-22 14:53:20.161 [main] INFO  org.restct.RESTCT -         5-th operation all parameters covering array size: 44, parameters: 18
2023-05-22 14:53:20.161 [main] INFO  org.restct.RESTCT - ****************************************************************************************************
2023-05-22 14:53:34.559 [main] INFO  org.restct.RESTCT -         generate new domains...
2023-05-22 14:53:34.559 [main] INFO  org.restct.RESTCT -             imagerySet: 10 - [Enum=Aerial, Enum=AerialWithLabels, Enum=AerialWithLabelsOnDemand, Enum=Birdseye, Enum=BirdseyeWithLabels, Enum=CanvasDark, Enum=CanvasLight, Enum=CanvasGray, Enum=Road, Enum=Streetside]
2023-05-22 14:53:34.560 [main] INFO  org.restct.RESTCT -             key: 1 - [Enum=Av4fQ9XDFL4V7pk6Y0_gwG71JhO_ABjvJDdudpG8bztUgaHiWllH7Dmo9IYnwgVb]
2023-05-22 14:53:34.900 [main] INFO  org.restct.RESTCT -         5-th operation essential parameters covering array size: 10, parameters: 2, constraints: 0
2023-05-22 14:53:39.789 [main] INFO  org.restct.RESTCT -         5-th operation all parameters covering array size: 44, parameters: 18
2023-05-22 14:53:39.790 [main] INFO  org.restct.RESTCT - ****************************************************************************************************
