2023-05-22 16:47:05.469 [main] INFO  org.restct.RESTCT -         6-th operation all parameters covering array size: 84, parameters: 8
2023-05-22 16:47:05.473 [main] INFO  org.restct.RESTCT - ****************************************************************************************************
2023-05-22 16:47:39.044 [main] INFO  org.restct.RESTCT - Start running program.
2023-05-22 16:47:39.232 [main] INFO  org.restct.RESTCT - Operations: 5
2023-05-22 16:47:39.232 [main] INFO  org.restct.RESTCT - Examples found: 11
2023-05-22 16:47:39.272 [main] INFO  org.restct.RESTCT - Uncovered combinations: 10, sequence length: 5
2023-05-22 16:47:39.282 [main] INFO  org.restct.RESTCT - Uncovered combinations: 4, sequence length: 5
2023-05-22 16:47:39.284 [main] INFO  org.restct.RESTCT - Uncovered combinations: 2, sequence length: 4
2023-05-22 16:47:39.285 [main] INFO  org.restct.RESTCT - Uncovered combinations: 0, sequence length: 3
2023-05-22 16:47:39.295 [main] INFO  org.restct.RESTCT - 1-th operation: get*http://dev.virtualearth.net/REST/v1/Locations
2023-05-22 16:47:39.312 [main] INFO  org.restct.RESTCT -         generate new domains...
2023-05-22 16:47:39.313 [main] INFO  org.restct.RESTCT -             key: 1 - [Enum=AlHl96AYbOKB8QxE_ETFXpSNVAFZP6wx0k30DlO7X8OIc3CzRtbUFThxUEj_byNG]
2023-05-22 16:47:39.775 [main] INFO  org.restct.RESTCT -         1-th operation essential parameters covering array size: 1, parameters: 1, constraints: 0
2023-05-22 16:47:42.289 [main] INFO  org.restct.RESTCT -         1-th operation all parameters covering array size: 15, parameters: 10
2023-05-22 16:47:42.301 [main] INFO  org.restct.RESTCT - ****************************************************************************************************
2023-05-22 16:47:51.255 [main] INFO  org.restct.RESTCT - 2-th operation: get*http://dev.virtualearth.net/REST/v1/LocationRecog/{point}
2023-05-22 16:47:51.258 [main] INFO  org.restct.RESTCT -         generate new domains...
2023-05-22 16:47:51.258 [main] INFO  org.restct.RESTCT -             point: 2 - [Random=47.64054,-122.12m934, Default=47.64054,-122.12934]
2023-05-22 16:47:51.258 [main] INFO  org.restct.RESTCT -             key: 1 - [Enum=AlHl96AYbOKB8QxE_ETFXpSNVAFZP6wx0k30DlO7X8OIc3CzRtbUFThxUEj_byNG]
2023-05-22 16:47:51.892 [main] INFO  org.restct.RESTCT -         2-th operation essential parameters covering array size: 2, parameters: 2, constraints: 0
2023-05-22 16:47:53.286 [main] INFO  org.restct.RESTCT -         2-th operation all parameters covering array size: 40, parameters: 10
2023-05-22 16:47:53.287 [main] INFO  org.restct.RESTCT - ****************************************************************************************************
