2023-05-22 14:31:13.183 [main] INFO  org.restct.RESTCT -    unresolved parameters:
2023-05-22 14:31:13.192 [main] INFO  org.restct.RESTCT - 1-th operation: get*https://dev.virtualearth.net/REST/v1/TimeZone/Convert/
2023-05-22 14:31:13.193 [main] INFO  org.restct.RESTCT -         generate new domains...
2023-05-22 14:31:13.193 [main] INFO  org.restct.RESTCT -             desttz: 11 - [Enum=Dateline Standard Time, Enum=Samoa Standard Time, Enum=Hawaiian Standard Time, Enum=Alaskan Standard Time, Enum=Pacific Standard Time, Enum=Mountain Standard Time, Enum=Mexico Standard Time 2, Enum=U.S. Mountain Standard Time, Enum=Central Standard Time, Enum=Canada Central Standard Time, Enum=Mexico Standard Time]
2023-05-22 14:31:13.194 [main] INFO  org.restct.RESTCT -             key: 1 - [Enum=Av4fQ9XDFL4V7pk6Y0_gwG71JhO_ABjvJDdudpG8bztUgaHiWllH7Dmo9IYnwgVb]
2023-05-22 14:31:13.194 [main] INFO  org.restct.RESTCT -             dateTime: 2 - [Random=2018-05-15T1:14:15Z, Default=2018-05-15T13:14:15Z]
2023-05-22 14:31:13.541 [main] INFO  org.restct.RESTCT -         1-th operation essential parameters covering array size: 22, parameters: 3, constraints: 0
2023-05-22 14:31:22.760 [main] INFO  org.restct.RESTCT -         1-th operation all parameters covering array size: 33, parameters: 5
2023-05-22 14:31:22.761 [main] INFO  org.restct.RESTCT - ****************************************************************************************************
2023-05-22 14:31:36.325 [main] INFO  org.restct.RESTCT - 2-th operation: get*https://dev.virtualearth.net/REST/v1/TimeZone/
2023-05-22 14:31:36.325 [main] INFO  org.restct.RESTCT -         generate new domains...
2023-05-22 14:31:36.326 [main] INFO  org.restct.RESTCT -             query: 2 - [Random=bellevue,mwa,us, Default=bellevue,wa,us]
2023-05-22 14:31:36.326 [main] INFO  org.restct.RESTCT -             key: 1 - [Enum=Av4fQ9XDFL4V7pk6Y0_gwG71JhO_ABjvJDdudpG8bztUgaHiWllH7Dmo9IYnwgVb]
2023-05-22 14:31:36.648 [main] INFO  org.restct.RESTCT -         2-th operation essential parameters covering array size: 2, parameters: 2, constraints: 0
2023-05-22 14:31:37.959 [main] INFO  org.restct.RESTCT -         2-th operation all parameters covering array size: 9, parameters: 5
2023-05-22 14:31:37.960 [main] INFO  org.restct.RESTCT - ****************************************************************************************************
2023-05-22 14:31:42.574 [main] INFO  org.restct.RESTCT - 3-th operation: get*https://dev.virtualearth.net/REST/v1/TimeZone/{point}
2023-05-22 14:31:42.575 [main] INFO  org.restct.RESTCT -         generate new domains...
2023-05-22 14:31:42.575 [main] INFO  org.restct.RESTCT -             key: 1 - [Enum=Av4fQ9XDFL4V7pk6Y0_gwG71JhO_ABjvJDdudpG8bztUgaHiWllH7Dmo9IYnwgVb]
2023-05-22 14:31:42.575 [main] INFO  org.restct.RESTCT -             point: 2 - [Random=47.6106791943311n69,-122.10788659751415, Default=47.610679194331169,-122.10788659751415]
2023-05-22 14:31:42.895 [main] INFO  org.restct.RESTCT -         3-th operation essential parameters covering array size: 2, parameters: 2, constraints: 0
2023-05-22 14:31:44.124 [main] INFO  org.restct.RESTCT -         3-th operation all parameters covering array size: 9, parameters: 5
2023-05-22 14:31:44.124 [main] INFO  org.restct.RESTCT - ****************************************************************************************************
2023-05-22 14:31:48.062 [main] INFO  org.restct.RESTCT -    unresolved parameters:
2023-05-22 14:31:48.078 [main] INFO  org.restct.RESTCT - TimeZone,2,3,2,3.0,4.00,1.00,1.00,12,0,341,122,2.66

2023-05-22 14:31:48.078 [main] INFO  org.restct.RESTCT - Program execution time: 159456 ms.
