2023-05-22 17:46:11.811 [main] INFO  org.restct.RESTCT -         6-th operation all parameters covering array size: 51, parameters: 17
2023-05-22 17:46:11.816 [main] INFO  org.restct.RESTCT - ****************************************************************************************************
2023-05-22 17:46:11.835 [main] INFO  org.restct.RESTCT - 7-th operation: post*http://dev.virtualearth.net/REST/v1/Routes/OptimizeItineraryAsync
2023-05-22 17:46:12.802 [main] INFO  org.restct.RESTCT -         7-th operation essential parameters covering array size: 294, parameters: 21, constraints: 0
2023-05-22 17:46:13.393 [main] INFO  org.restct.RESTCT -         7-th operation all parameters covering array size: 42, parameters: 21
2023-05-22 17:46:13.393 [main] INFO  org.restct.RESTCT - ****************************************************************************************************
2023-05-22 17:46:13.404 [main] INFO  org.restct.RESTCT - 8-th operation: get*http://dev.virtualearth.net/REST/v1/Routes/{travelMode}
2023-05-22 17:46:13.845 [main] INFO  org.restct.RESTCT -         8-th operation essential parameters covering array size: 2, parameters: 2, constraints: 0
2023-05-22 17:46:14.390 [main] INFO  org.restct.RESTCT -         8-th operation all parameters covering array size: 51, parameters: 18
2023-05-22 17:46:14.390 [main] INFO  org.restct.RESTCT - ****************************************************************************************************
2023-05-22 17:46:14.405 [main] INFO  org.restct.RESTCT - 9-th operation: post*http://dev.virtualearth.net/REST/v1/Routes/SnapToRoadAsync
2023-05-22 17:46:16.098 [main] INFO  org.restct.RESTCT -         9-th operation essential parameters covering array size: 3034, parameters: 23, constraints: 0
2023-05-22 17:46:17.572 [main] INFO  org.restct.RESTCT -         9-th operation all parameters covering array size: 577, parameters: 23
2023-05-22 17:46:17.572 [main] INFO  org.restct.RESTCT - ****************************************************************************************************
2023-05-22 17:46:17.711 [main] INFO  org.restct.RESTCT - 10-th operation: post*http://dev.virtualearth.net/REST/v1/Routes/DistanceMatrixAsync
2023-05-22 17:46:18.280 [main] INFO  org.restct.RESTCT -         10-th operation essential parameters covering array size: 272, parameters: 9, constraints: 0
2023-05-22 17:46:18.877 [main] INFO  org.restct.RESTCT -         10-th operation all parameters covering array size: 50, parameters: 9
2023-05-22 17:46:18.878 [main] INFO  org.restct.RESTCT - ****************************************************************************************************
2023-05-22 17:46:18.886 [main] INFO  org.restct.RESTCT - 11-th operation: post*http://dev.virtualearth.net/REST/v1/Routes/OptimizeItinerary
2023-05-22 17:46:19.554 [main] INFO  org.restct.RESTCT -         11-th operation essential parameters covering array size: 294, parameters: 21, constraints: 0
2023-05-22 17:46:20.123 [main] INFO  org.restct.RESTCT -         11-th operation all parameters covering array size: 42, parameters: 21
2023-05-22 17:46:20.123 [main] INFO  org.restct.RESTCT - ****************************************************************************************************
2023-05-22 17:46:20.134 [main] INFO  org.restct.RESTCT - 12-th operation: get*http://dev.virtualearth.net/REST/v1/Routes/Isochrones
2023-05-22 17:46:20.569 [main] INFO  org.restct.RESTCT -         12-th operation essential parameters covering array size: 2, parameters: 2, constraints: 0
2023-05-22 17:46:21.073 [main] INFO  org.restct.RESTCT -         12-th operation all parameters covering array size: 25, parameters: 9
2023-05-22 17:46:21.073 [main] INFO  org.restct.RESTCT - ****************************************************************************************************
2023-05-22 17:46:21.078 [main] INFO  org.restct.RESTCT - 13-th operation: post*http://dev.virtualearth.net/REST/v1/Routes/DistanceMatrix
2023-05-22 17:46:21.977 [main] INFO  org.restct.RESTCT -         13-th operation essential parameters covering array size: 272, parameters: 9, constraints: 0
2023-05-22 17:46:25.722 [main] INFO  org.restct.RESTCT -         13-th operation all parameters covering array size: 50, parameters: 9
2023-05-22 17:46:25.723 [main] INFO  org.restct.RESTCT - ****************************************************************************************************
2023-05-22 17:46:25.814 [main] INFO  org.restct.RESTCT - 14-th operation: post*http://dev.virtualearth.net/REST/v1/Routes/SnapToRoadAsyncCallback
2023-05-22 17:46:32.006 [main] INFO  org.restct.RESTCT -         14-th operation essential parameters covering array size: 3034, parameters: 23, constraints: 0
2023-05-22 17:46:37.660 [main] INFO  org.restct.RESTCT -         14-th operation all parameters covering array size: 577, parameters: 23
2023-05-22 17:46:37.660 [main] INFO  org.restct.RESTCT - ****************************************************************************************************
2023-05-22 17:46:38.102 [main] INFO  org.restct.RESTCT -    unresolved parameters:
2023-05-22 17:46:38.103 [main] INFO  org.restct.RESTCT - 1-th operation: post*http://dev.virtualearth.net/REST/v1/Routes/SnapToRoadAsyncCallback
2023-05-22 17:46:43.420 [main] INFO  org.restct.RESTCT -         1-th operation essential parameters covering array size: 3034, parameters: 23, constraints: 0
2023-05-22 17:46:48.311 [main] INFO  org.restct.RESTCT -         1-th operation all parameters covering array size: 577, parameters: 23
2023-05-22 17:46:48.313 [main] INFO  org.restct.RESTCT - ****************************************************************************************************
2023-05-22 17:46:48.796 [main] INFO  org.restct.RESTCT - 2-th operation: get*http://dev.virtualearth.net/REST/v1/Routes/{travelMode}
2023-05-22 17:46:50.193 [main] INFO  org.restct.RESTCT -         2-th operation essential parameters covering array size: 2, parameters: 2, constraints: 0
2023-05-22 17:46:51.892 [main] INFO  org.restct.RESTCT -         2-th operation all parameters covering array size: 51, parameters: 18
2023-05-22 17:46:51.893 [main] INFO  org.restct.RESTCT - ****************************************************************************************************
2023-05-22 17:46:51.948 [main] INFO  org.restct.RESTCT - 3-th operation: get*http://dev.virtualearth.net/REST/v1/Routes/IsochronesAsyncCallback
2023-05-22 17:46:53.439 [main] INFO  org.restct.RESTCT -         3-th operation essential parameters covering array size: 2, parameters: 2, constraints: 0
2023-05-22 17:46:55.051 [main] INFO  org.restct.RESTCT -         3-th operation all parameters covering array size: 25, parameters: 9
2023-05-22 17:46:55.052 [main] INFO  org.restct.RESTCT - ****************************************************************************************************
2023-05-22 17:46:55.074 [main] INFO  org.restct.RESTCT - 4-th operation: get*http://dev.virtualearth.net/REST/v1/Routes/Truck
2023-05-22 17:46:56.453 [main] INFO  org.restct.RESTCT -         4-th operation essential parameters covering array size: 2, parameters: 2, constraints: 0
2023-05-22 17:46:59.203 [main] INFO  org.restct.RESTCT -         4-th operation all parameters covering array size: 579, parameters: 28
2023-05-22 17:46:59.204 [main] INFO  org.restct.RESTCT - ****************************************************************************************************
2023-05-22 17:46:59.791 [main] INFO  org.restct.RESTCT - 5-th operation: get*http://dev.virtualearth.net/REST/v1/Routes
