2023-05-22 17:54:39.331 [main] INFO  org.restct.RESTCT -         4-th operation all parameters covering array size: 579, parameters: 28
2023-05-22 17:54:39.341 [main] INFO  org.restct.RESTCT - ****************************************************************************************************
2023-05-22 17:54:39.763 [main] INFO  org.restct.RESTCT - 5-th operation: get*http://dev.virtualearth.net/REST/v1/Routes
2023-05-22 17:54:39.764 [main] INFO  org.restct.RESTCT -         generate new domains...
2023-05-22 17:54:39.764 [main] INFO  org.restct.RESTCT -             key: 1 - [Enum=Av4fQ9XDFL4V7pk6Y0_gwG71JhO_ABjvJDdudpG8bztUgaHiWllH7Dmo9IYnwgVb]
2023-05-22 17:54:39.764 [main] INFO  org.restct.RESTCT -             waypoint.1: 2 - [Random=Sattle, Default=Seattle]
2023-05-22 17:54:40.434 [main] INFO  org.restct.RESTCT -         5-th operation essential parameters covering array size: 2, parameters: 2, constraints: 0
2023-05-22 17:54:41.036 [main] INFO  org.restct.RESTCT -         5-th operation all parameters covering array size: 51, parameters: 17
2023-05-22 17:54:41.036 [main] INFO  org.restct.RESTCT - ****************************************************************************************************
2023-05-22 17:54:41.052 [main] INFO  org.restct.RESTCT - 6-th operation: post*http://dev.virtualearth.net/REST/v1/Routes/OptimizeItinerary
2023-05-22 17:54:41.052 [main] INFO  org.restct.RESTCT -         generate new domains...
2023-05-22 17:54:41.052 [main] INFO  org.restct.RESTCT -             key: 1 - [Enum=Av4fQ9XDFL4V7pk6Y0_gwG71JhO_ABjvJDdudpG8bztUgaHiWllH7Dmo9IYnwgVb]
2023-05-22 17:54:41.052 [main] INFO  org.restct.RESTCT -             name: 3 - [Random=GnzaVodLQHncAuxAZPAxXTLknQuk7ykW3j, Random=DurQ0G1On87ECx3OOF3vtayvcLQhwgMJRW, Random=jO6TFl5zPwE6OzZ4Rt]
2023-05-22 17:54:41.052 [main] INFO  org.restct.RESTCT -             startTime: 6 - [Random=Random, Random=2023-05-22T17:21:59, Random=Random, Random=2023-05-21T17:21:59, Random=Random, Random=2023-05-24T17:21:59]
2023-05-22 17:54:41.052 [main] INFO  org.restct.RESTCT -             latitude: 3 - [Random=-83.28036985215388, Random=-55.04370146247012, Random=14.945283899170505]
2023-05-22 17:54:41.052 [main] INFO  org.restct.RESTCT -             longitude: 3 - [Random=145.64876007543592, Random=68.30211406538041, Random=-32.07644360622183]
2023-05-22 17:54:41.052 [main] INFO  org.restct.RESTCT -             endTime: 6 - [Random=Random, Random=2023-05-22T17:21:59, Random=Random, Random=2023-05-21T17:21:59, Random=Random, Random=2023-05-24T17:21:59]
2023-05-22 17:54:41.052 [main] INFO  org.restct.RESTCT -             duration: 4 - [Random=cK0S5VpCWxwVeCxoOIPRwLPaQSNlNhmNg6, Random=ZiToIWDTI80nlirfTtMQ, Random=gI2GqJDbWHoqpF7oq, NULL=null]
2023-05-22 17:54:41.052 [main] INFO  org.restct.RESTCT -             fixedPrice: 3 - [Random=32.52604544115682, Random=43.706626938860936, Random=15.256324030384516]
2023-05-22 17:54:41.052 [main] INFO  org.restct.RESTCT -             pricePerKM: 3 - [Random=11.435121956280703, Random=25.184387300878107, Random=9.332589668198777]
2023-05-22 17:54:41.053 [main] INFO  org.restct.RESTCT -             pricePerHour: 3 - [Random=85.31422241812261, Random=94.97581470898416, Random=67.1622118242403]
2023-05-22 17:54:41.053 [main] INFO  org.restct.RESTCT -             capacity: 4 - [Random=68, Random=9, Random=79, NULL=null]
2023-05-22 17:54:41.053 [main] INFO  org.restct.RESTCT -             openingTime: 6 - [Random=Random, Random=2023-05-22T17:21:59, Random=Random, Random=2023-05-21T17:21:59, Random=Random, Random=2023-05-24T17:21:59]
2023-05-22 17:54:41.053 [main] INFO  org.restct.RESTCT -             closingTime: 6 - [Random=Random, Random=2023-05-22T17:21:59, Random=Random, Random=2023-05-21T17:21:59, Random=Random, Random=2023-05-24T17:21:59]
2023-05-22 17:54:41.053 [main] INFO  org.restct.RESTCT -             dwellTime: 3 - [Random=HXt52PwoTQ3eA6mptX8aK, Random=9DqU63DfOJDyceSaQayPZV4hRwLq, Random=npmghkxUTfuox82PeAlDSvSqYgo]
2023-05-22 17:54:41.053 [main] INFO  org.restct.RESTCT -             priority: 3 - [Random=36, Random=26, Random=51]
2023-05-22 17:54:41.053 [main] INFO  org.restct.RESTCT -             quantity: 4 - [Random=28, Random=15, Random=93, NULL=null]
2023-05-22 17:54:41.053 [main] INFO  org.restct.RESTCT -             depot: 3 - [Enum=false, Enum=true, NULL=null]
2023-05-22 17:54:41.053 [main] INFO  org.restct.RESTCT -             dropOffFrom: 4 - [Random=IG4zGcgi5, Random=qZpB7JnPupWACn2Cjc6Ou8AWPr2M6, Random=tQIAftHhe, NULL=null]
2023-05-22 17:54:41.053 [main] INFO  org.restct.RESTCT -             type: 3 - [Enum=SimpleRequest, Enum=TrafficRequest, NULL=null]
2023-05-22 17:54:41.053 [main] INFO  org.restct.RESTCT -             roadnetwork: 3 - [Enum=false, Enum=true, NULL=null]
2023-05-22 17:54:41.053 [main] INFO  org.restct.RESTCT -             costvalue: 4 - [Enum=TravelTime, Enum=Distance, Enum=Price, NULL=null]
2023-05-22 17:54:41.799 [main] INFO  org.restct.RESTCT -         6-th operation essential parameters covering array size: 294, parameters: 21, constraints: 0
2023-05-22 17:54:42.835 [main] INFO  org.restct.RESTCT -         6-th operation all parameters covering array size: 42, parameters: 21
2023-05-22 17:54:42.835 [main] INFO  org.restct.RESTCT - ****************************************************************************************************
2023-05-22 17:54:42.853 [main] INFO  org.restct.RESTCT - 7-th operation: get*http://dev.virtualearth.net/REST/v1/Routes/FromMajorRoads
2023-05-22 17:54:42.854 [main] INFO  org.restct.RESTCT -         generate new domains...
2023-05-22 17:54:42.854 [main] INFO  org.restct.RESTCT -             destination: 2 - [Random=4g7.610,-122.107, Default=47.610,-122.107]
2023-05-22 17:54:42.854 [main] INFO  org.restct.RESTCT -             key: 1 - [Enum=Av4fQ9XDFL4V7pk6Y0_gwG71JhO_ABjvJDdudpG8bztUgaHiWllH7Dmo9IYnwgVb]
2023-05-22 17:54:43.398 [main] INFO  org.restct.RESTCT -         7-th operation essential parameters covering array size: 2, parameters: 2, constraints: 0
2023-05-22 17:54:43.916 [main] INFO  org.restct.RESTCT -         7-th operation all parameters covering array size: 15, parameters: 6
2023-05-22 17:54:43.916 [main] INFO  org.restct.RESTCT - ****************************************************************************************************
2023-05-22 17:54:43.920 [main] INFO  org.restct.RESTCT - 8-th operation: get*http://dev.virtualearth.net/REST/v1/Routes/IsochronesAsyncCallback
2023-05-22 17:54:43.921 [main] INFO  org.restct.RESTCT -         generate new domains...
2023-05-22 17:54:43.921 [main] INFO  org.restct.RESTCT -             waypoint: 2 - [Random=47610,-122.107 , Default=47.610,-122.107 ]
2023-05-22 17:54:43.921 [main] INFO  org.restct.RESTCT -             key: 1 - [Enum=Av4fQ9XDFL4V7pk6Y0_gwG71JhO_ABjvJDdudpG8bztUgaHiWllH7Dmo9IYnwgVb]
2023-05-22 17:54:44.400 [main] INFO  org.restct.RESTCT -         8-th operation essential parameters covering array size: 2, parameters: 2, constraints: 0
2023-05-22 17:54:44.927 [main] INFO  org.restct.RESTCT -         8-th operation all parameters covering array size: 25, parameters: 9
2023-05-22 17:54:44.927 [main] INFO  org.restct.RESTCT - ****************************************************************************************************
2023-05-22 17:54:44.935 [main] INFO  org.restct.RESTCT - 9-th operation: get*http://dev.virtualearth.net/REST/v1/Routes/{travelMode}
2023-05-22 17:54:44.936 [main] INFO  org.restct.RESTCT -         generate new domains...
2023-05-22 17:54:44.936 [main] INFO  org.restct.RESTCT -             key: 1 - [Enum=Av4fQ9XDFL4V7pk6Y0_gwG71JhO_ABjvJDdudpG8bztUgaHiWllH7Dmo9IYnwgVb]
2023-05-22 17:54:44.936 [main] INFO  org.restct.RESTCT -             waypoint.1: 2 - [Random=Settle, Default=Seattle]
2023-05-22 17:54:45.493 [main] INFO  org.restct.RESTCT -         9-th operation essential parameters covering array size: 2, parameters: 2, constraints: 0
2023-05-22 17:54:46.162 [main] INFO  org.restct.RESTCT -         9-th operation all parameters covering array size: 51, parameters: 18
2023-05-22 17:54:46.162 [main] INFO  org.restct.RESTCT - ****************************************************************************************************
2023-05-22 17:54:46.176 [main] INFO  org.restct.RESTCT - 10-th operation: post*http://dev.virtualearth.net/REST/v1/Routes/SnapToRoadAsync
2023-05-22 17:54:46.176 [main] INFO  org.restct.RESTCT -         generate new domains...
2023-05-22 17:54:46.176 [main] INFO  org.restct.RESTCT -             key: 1 - [Enum=Av4fQ9XDFL4V7pk6Y0_gwG71JhO_ABjvJDdudpG8bztUgaHiWllH7Dmo9IYnwgVb]
2023-05-22 17:54:46.176 [main] INFO  org.restct.RESTCT -             latitude: 3 - [Random=89.68837616537729, Random=-6.797313559652565, Random=68.92218337079444]
2023-05-22 17:54:46.176 [main] INFO  org.restct.RESTCT -             longitude: 3 - [Random=-110.1817663952278, Random=-112.70599932798659, Random=-126.7922949575393]
2023-05-22 17:54:46.176 [main] INFO  org.restct.RESTCT -             interpolate: 3 - [Enum=false, Enum=true, NULL=null]
2023-05-22 17:54:46.176 [main] INFO  org.restct.RESTCT -             includeSpeedLimit: 3 - [Enum=false, Enum=true, NULL=null]
2023-05-22 17:54:46.176 [main] INFO  org.restct.RESTCT -             includeTruckSpeedLimit: 3 - [Enum=false, Enum=true, NULL=null]
2023-05-22 17:54:46.176 [main] INFO  org.restct.RESTCT -             speedUnit: 3 - [Enum=MPH, Enum=KPH, NULL=null]
2023-05-22 17:54:46.176 [main] INFO  org.restct.RESTCT -             travelMode: 3 - [Enum=driving, Enum=walking, NULL=null]
2023-05-22 17:54:46.176 [main] INFO  org.restct.RESTCT -             dimensionUnit: 5 - [Enum=meter, Enum=m, Enum=foot, Enum=ft, NULL=null]
2023-05-22 17:54:46.176 [main] INFO  org.restct.RESTCT -             weightUnit: 5 - [Enum=kilogram , Enum=kg, Enum=pound , Enum=lb, NULL=null]
2023-05-22 17:54:46.176 [main] INFO  org.restct.RESTCT -             vehicleHeight: 3 - [Random=8, Default=5, NULL=null]
2023-05-22 17:54:46.176 [main] INFO  org.restct.RESTCT -             vehicleWidth: 3 - [Random=3.5d, Default=3.5, NULL=null]
2023-05-22 17:54:46.176 [main] INFO  org.restct.RESTCT -             vehicleLength: 3 - [Random=5, Default=30, NULL=null]
2023-05-22 17:54:46.177 [main] INFO  org.restct.RESTCT -             vehicleWeight: 3 - [Random=2, Default=30000, NULL=null]
2023-05-22 17:54:46.177 [main] INFO  org.restct.RESTCT -             vehicleAxles: 3 - [Random=7, Default=3, NULL=null]
2023-05-22 17:54:46.177 [main] INFO  org.restct.RESTCT -             vehicleTrailers: 3 - [Random=2, Default=2, NULL=null]
2023-05-22 17:54:46.177 [main] INFO  org.restct.RESTCT -             vehicleSemi: 3 - [Enum=false, Enum=true, NULL=null]
2023-05-22 17:54:46.177 [main] INFO  org.restct.RESTCT -             vehicleMaxGradient: 3 - [Random=2, Default=10, NULL=null]
2023-05-22 17:54:46.177 [main] INFO  org.restct.RESTCT -             vehicleMinTurnRadius: 3 - [Random=9, Default=15, NULL=null]
2023-05-22 17:54:46.177 [main] INFO  org.restct.RESTCT -             vehicleAvoidCrossWind: 3 - [Enum=false, Enum=true, NULL=null]
2023-05-22 17:54:46.177 [main] INFO  org.restct.RESTCT -             vehicleAvoidGroundingRisk: 3 - [Enum=false, Enum=true, NULL=null]
2023-05-22 17:54:46.177 [main] INFO  org.restct.RESTCT -             vehicleHazardousMaterials: 25 - [Enum=Combustable, Enum=C, Enum=Corrosive, Enum=Cr, Enum=Explosive, Enum=E, Enum=Flammable, Enum=F, Enum=FlammableSolid, Enum=FS, Enum=Gas, Enum=G, Enum=GoodsHarmfulToWater, Enum=WH, Enum=Organic, Enum=O, Enum=Other, Enum=Poison, Enum=P, Enum=PoisonousInhalation, Enum=PI, Enum=Radioactive, Enum=R, Enum=None, NULL=null]
2023-05-22 17:54:46.177 [main] INFO  org.restct.RESTCT -             vehicleHazardousPermits: 23 - [Enum=AllAppropriateForLoad, Enum=Combustable, Enum=C, Enum=Corrosive, Enum=Cr, Enum=Explosive, Enum=E, Enum=Flammable, Enum=F, Enum=FlammableSolid, Enum=FS, Enum=Gas, Enum=G, Enum=Organic, Enum=O, Enum=Poison, Enum=P, Enum=PoisonousInhalation, Enum=PI, Enum=Radioactive, Enum=R, Enum=None, NULL=null]
2023-05-22 17:54:47.853 [main] INFO  org.restct.RESTCT -         10-th operation essential parameters covering array size: 3034, parameters: 23, constraints: 0
2023-05-22 17:54:52.531 [main] INFO  org.restct.RESTCT -         10-th operation all parameters covering array size: 577, parameters: 23
2023-05-22 17:54:52.532 [main] INFO  org.restct.RESTCT - ****************************************************************************************************
2023-05-22 17:54:53.580 [main] INFO  org.restct.RESTCT -    unresolved parameters:
2023-05-22 17:54:53.582 [main] INFO  org.restct.RESTCT - 1-th operation: get*http://dev.virtualearth.net/REST/v1/Routes/{travelMode}
2023-05-22 17:54:53.583 [main] INFO  org.restct.RESTCT -         generate new domains...
2023-05-22 17:54:53.583 [main] INFO  org.restct.RESTCT -             key: 1 - [Enum=Av4fQ9XDFL4V7pk6Y0_gwG71JhO_ABjvJDdudpG8bztUgaHiWllH7Dmo9IYnwgVb]
2023-05-22 17:54:53.583 [main] INFO  org.restct.RESTCT -             waypoint.1: 2 - [Random=Settle, Default=Seattle]
2023-05-22 17:54:56.204 [main] INFO  org.restct.RESTCT -         1-th operation essential parameters covering array size: 2, parameters: 2, constraints: 0
2023-05-22 17:54:58.018 [main] INFO  org.restct.RESTCT -         1-th operation all parameters covering array size: 51, parameters: 18
2023-05-22 17:54:58.019 [main] INFO  org.restct.RESTCT - ****************************************************************************************************
2023-05-22 17:54:58.067 [main] INFO  org.restct.RESTCT - 2-th operation: get*http://dev.virtualearth.net/REST/v1/Routes/FromMajorRoads
2023-05-22 17:54:58.068 [main] INFO  org.restct.RESTCT -         generate new domains...
2023-05-22 17:54:58.068 [main] INFO  org.restct.RESTCT -             destination: 2 - [Random=4g7.610,-122.107, Default=47.610,-122.107]
2023-05-22 17:54:58.068 [main] INFO  org.restct.RESTCT -             key: 1 - [Enum=Av4fQ9XDFL4V7pk6Y0_gwG71JhO_ABjvJDdudpG8bztUgaHiWllH7Dmo9IYnwgVb]
2023-05-22 17:54:59.564 [main] INFO  org.restct.RESTCT -         2-th operation essential parameters covering array size: 2, parameters: 2, constraints: 0
