2023-05-22 15:31:02.661 [main] INFO  org.restct.RESTCT -         5-th operation essential parameters covering array size: 10, parameters: 2, constraints: 0
2023-05-22 15:31:07.323 [main] INFO  org.restct.RESTCT -         5-th operation all parameters covering array size: 44, parameters: 18
2023-05-22 15:31:07.323 [main] INFO  org.restct.RESTCT - ****************************************************************************************************
2023-05-22 15:31:23.028 [main] INFO  org.restct.RESTCT - 6-th operation: get*https://dev.virtualearth.net/REST/v1/Imagery/Map/{imagerySet}/{centerPoint}/{zoomLevel}
2023-05-22 15:31:24.212 [main] INFO  org.restct.RESTCT -         6-th operation essential parameters covering array size: 60, parameters: 4, constraints: 0
2023-05-22 15:31:52.026 [main] INFO  org.restct.RESTCT -         6-th operation all parameters covering array size: 44, parameters: 20
2023-05-22 15:31:52.026 [main] INFO  org.restct.RESTCT - ****************************************************************************************************
d combinations: 45, sequence length: 10
2023-05-22 15:31:25.592 [main] INFO  org.restct.RESTCT - Uncovered combinations: 30, sequence length: 10
2023-05-22 15:31:25.601 [main] INFO  org.restct.RESTCT - Uncovered combinations: 14, sequence length: 9
2023-05-22 15:31:25.610 [main] INFO  org.restct.RESTCT - Uncovered combinations: 8, sequence length: 8
2023-05-22 15:31:25.613 [main] INFO  org.restct.RESTCT - Uncovered combinations: 4, sequence length: 7
2023-05-22 15:31:25.617 [main] INFO  org.restct.RESTCT - Uncovered combinations: 2, sequence length: 6
2023-05-22 15:31:25.620 [main] INFO  org.restct.RESTCT - Uncovered combinations: 0, sequence length: 4
2023-05-22 15:31:25.626 [main] INFO  org.restct.RESTCT - 1-th operation: get*https://dev.virtualearth.net/REST/v1/Imagery/Map/{imagerySet}/{centerPoint}/{zoomLevel}/Routes/{travelMode}
2023-05-22 15:31:25.638 [main] INFO  org.restct.RESTCT -         generate new domains...
2023-05-22 15:31:25.638 [main] INFO  org.restct.RESTCT -             centerPoint: 2 - [Random=47.610,-12.107, Default=47.610,-122.107]
2023-05-22 15:31:25.639 [main] INFO  org.restct.RESTCT -             key: 1 - [Enum=Av4fQ9XDFL4V7pk6Y0_gwG71JhO_ABjvJDdudpG8bztUgaHiWllH7Dmo9IYnwgVb]
2023-05-22 15:31:25.639 [main] INFO  org.restct.RESTCT -             waypoint.0: 2 - [Random=Seattlse,WA;64;1, Default=Seattle,WA;64;1]
2023-05-22 15:31:25.642 [main] INFO  org.restct.RESTCT -             zoomLevel: 3 - [Random=7, Random=8, Random=6]
2023-05-22 15:31:25.642 [main] INFO  org.restct.RESTCT -             imagerySet: 10 - [Enum=Aerial, Enum=AerialWithLabels, Enum=AerialWithLabelsOnDemand, Enum=Birdseye, Enum=BirdseyeWithLabels, Enum=CanvasDark, Enum=CanvasLight, Enum=CanvasGray, Enum=Road, Enum=Streetside]
2023-05-22 15:31:25.643 [main] INFO  org.restct.RESTCT -             waypoint.1: 2 - [Random=xRedmond,WA;66;2, Default=Redmond,WA;66;2]
2023-05-22 15:31:26.150 [main] INFO  org.restct.RESTCT -         1-th operation essential parameters covering array size: 60, parameters: 6, constraints: 0
2023-05-22 15:31:50.730 [main] INFO  org.restct.RESTCT -         1-th operation all parameters covering array size: 52, parameters: 19
2023-05-22 15:31:50.744 [main] INFO  org.restct.RESTCT - ****************************************************************************************************
