2023-05-22 01:58:31.139 [main] INFO  org.restct.RESTCT - Start running program.
2023-05-22 01:58:31.293 [main] INFO  org.restct.RESTCT - Operations: 14
2023-05-22 01:58:31.294 [main] INFO  org.restct.RESTCT - Examples found: 18
2023-05-22 01:58:31.376 [main] INFO  org.restct.RESTCT - Uncovered combinations: 91, sequence length: 14
2023-05-22 01:58:31.389 [main] INFO  org.restct.RESTCT - Uncovered combinations: 65, sequence length: 14
2023-05-22 01:58:31.397 [main] INFO  org.restct.RESTCT - Uncovered combinations: 42, sequence length: 13
2023-05-22 01:58:31.412 [main] INFO  org.restct.RESTCT - Uncovered combinations: 23, sequence length: 12
2023-05-22 01:58:31.416 [main] INFO  org.restct.RESTCT - Uncovered combinations: 4, sequence length: 10
2023-05-22 01:58:31.421 [main] INFO  org.restct.RESTCT - Uncovered combinations: 2, sequence length: 4
2023-05-22 01:58:31.423 [main] INFO  org.restct.RESTCT - Uncovered combinations: 0, sequence length: 3
2023-05-22 01:58:31.426 [main] INFO  org.restct.RESTCT - 1-th operation: get*http://dev.virtualearth.net/REST/v1/Routes/{travelMode}
2023-05-22 01:58:32.201 [main] INFO  org.restct.RESTCT -         1-th operation essential parameters covering array size: 2, parameters: 2, constraints: 0
2023-05-22 01:58:33.345 [main] INFO  org.restct.RESTCT -         1-th operation all parameters covering array size: 51, parameters: 18
2023-05-22 01:58:33.355 [main] INFO  org.restct.RESTCT - ****************************************************************************************************
2023-05-22 01:58:39.294 [main] INFO  org.restct.RESTCT - 2-th operation: get*http://dev.virtualearth.net/REST/v1/Routes/IsochronesAsyncCallback
2023-05-22 01:58:39.631 [main] INFO  org.restct.RESTCT -         2-th operation essential parameters covering array size: 2, parameters: 2, constraints: 0
2023-05-22 01:58:40.202 [main] INFO  org.restct.RESTCT -         2-th operation all parameters covering array size: 25, parameters: 9
2023-05-22 01:58:40.202 [main] INFO  org.restct.RESTCT - ****************************************************************************************************
2023-05-22 01:58:42.822 [main] INFO  org.restct.RESTCT - 3-th operation: post*http://dev.virtualearth.net/REST/v1/Routes/DistanceMatrixAsync
2023-05-22 01:58:44.136 [main] INFO  org.restct.RESTCT -         3-th operation essential parameters covering array size: 272, parameters: 9, constraints: 0
