2023-05-21 19:28:02.718 [main] INFO  org.restct.RESTCT - Start running program.
2023-05-21 19:28:02.871 [main] ERROR org.restct.RESTCT - Program execution failed: java.lang.Integer cannot be cast to java.lang.String
java.lang.ClassCastException: java.lang.Integer cannot be cast to java.lang.String
	at org.restct.dto.param.Parameter.buildParam(Parameter.java:64) ~[classes/:?]
	at org.restct.ParseJson._parsePaths(ParseJson.java:104) ~[classes/:?]
	at org.restct.ParseJson.parse(ParseJson.java:61) ~[classes/:?]
	at org.restct.RESTCT.run(RESTCT.java:104) [classes/:?]
	at org.restct.Main.main(Main.java:11) [classes/:?]
2023-05-21 19:28:02.882 [main] INFO  org.restct.RESTCT - Program execution time: 1865 ms.
2023-05-21 19:28:34.079 [main] INFO  org.restct.RESTCT - Start running program.
2023-05-21 19:28:34.184 [main] INFO  org.restct.RESTCT - Operations: 5
2023-05-21 19:28:34.185 [main] INFO  org.restct.RESTCT - Examples found: 11
2023-05-21 19:28:34.223 [main] INFO  org.restct.RESTCT - Uncovered combinations: 10, sequence length: 5
2023-05-21 19:28:34.225 [main] INFO  org.restct.RESTCT - Uncovered combinations: 5, sequence length: 5
2023-05-21 19:28:34.227 [main] INFO  org.restct.RESTCT - Uncovered combinations: 1, sequence length: 4
2023-05-21 19:28:34.228 [main] INFO  org.restct.RESTCT - Uncovered combinations: 0, sequence length: 2
2023-05-21 19:28:34.234 [main] DEBUG org.restct.RESTCT - budget 3600 , now cost: 1.639
2023-05-21 19:28:34.237 [main] DEBUG org.restct.RESTCT - 1-th operation: get*http://dev.virtualearth.net/REST/v1/Locations/{query}
2023-05-21 19:28:34.255 [main] DEBUG org.restct.RESTCT -         generate new domains...
2023-05-21 19:28:34.256 [main] DEBUG org.restct.RESTCT -             query: 2 - [Default, Random]
2023-05-21 19:28:34.257 [main] DEBUG org.restct.RESTCT -             key: 1 - [Enum]
2023-05-21 19:28:35.020 [main] DEBUG org.restct.RESTCT - ACTS Exited with code 0
2023-05-21 19:28:35.023 [main] INFO  org.restct.RESTCT -         1-th operation essential parameters covering array size: 2, parameters: 2, constraints: 0
2023-05-21 19:28:35.903 [main] ERROR org.restct.RESTCT - response fail {"authenticationResultCode":"DeniedCredentials","brandLogoUri":"http:\/\/dev.virtualearth.net\/Branding\/logo_powered_by.png","copyright":"Copyright © 2023 Microsoft and its suppliers. All rights reserved. This API cannot be accessed and the content and any results may not be used, reproduced or transmitted in any manner without express written permission from Microsoft Corporation.","errorDetails":["The request was forbidden.  Your credentials may be denied or suspended."],"resourceSets":[],"statusCode":403,"statusDescription":"Forbidden","traceId":"665e2753d29e4399a642e5a0e1df679e|PUS000DE22|0.0.0.1"} 403
2023-05-21 19:28:36.005 [main] ERROR org.restct.RESTCT - response fail {"authenticationResultCode":"DeniedCredentials","brandLogoUri":"http:\/\/dev.virtualearth.net\/Branding\/logo_powered_by.png","copyright":"Copyright © 2023 Microsoft and its suppliers. All rights reserved. This API cannot be accessed and the content and any results may not be used, reproduced or transmitted in any manner without express written permission from Microsoft Corporation.","errorDetails":["The request was forbidden.  Your credentials may be denied or suspended."],"resourceSets":[],"statusCode":403,"statusDescription":"Forbidden","traceId":"18e22149218f4698875892076979001f|PUS000DE22|0.0.0.1"} 403
2023-05-21 19:28:36.011 [main] DEBUG org.restct.RESTCT -         generate new domains...
2023-05-21 19:28:36.011 [main] DEBUG org.restct.RESTCT -             query: 2 - [Default=White%20House, Random=White%20Hocuse]
2023-05-21 19:28:36.011 [main] DEBUG org.restct.RESTCT -             includeNeighborhood: 3 - [Enum=1, Enum=0, NULL=null]
2023-05-21 19:28:36.012 [main] DEBUG org.restct.RESTCT -             maxResults: 4 - [Random=2, Random=20, NULL=null, Random=12]
2023-05-21 19:28:36.012 [main] DEBUG org.restct.RESTCT -             include: 5 - [Enum=queryParse, ciso2, NULL=null, Enum=ciso2, queryParse, Enum=queryParse, Enum=ciso2]
2023-05-21 19:28:36.012 [main] DEBUG org.restct.RESTCT -             key: 1 - [Enum=AtI47DZkFsqZK_2Ks7A_68EwjlpTLNI2imXFZey-6jt_YnFE1n3SXVZ6umljRFch]
2023-05-21 19:28:36.459 [main] DEBUG org.restct.RESTCT - ACTS Exited with code 0
2023-05-21 19:28:36.460 [main] INFO  org.restct.RESTCT -         1-th operation all parameters covering array size: 20, parameters: 5
2023-05-21 19:28:36.471 [main] INFO  org.restct.RESTCT - ****************************************************************************************************
2023-05-21 19:28:36.577 [main] ERROR org.restct.RESTCT - response fail {"authenticationResultCode":"DeniedCredentials","brandLogoUri":"http:\/\/dev.virtualearth.net\/Branding\/logo_powered_by.png","copyright":"Copyright © 2023 Microsoft and its suppliers. All rights reserved. This API cannot be accessed and the content and any results may not be used, reproduced or transmitted in any manner without express written permission from Microsoft Corporation.","errorDetails":["The request was forbidden.  Your credentials may be denied or suspended."],"resourceSets":[],"statusCode":403,"statusDescription":"Forbidden","traceId":"ec9f7319e9dc4bc69dbce13362c8ed17|PUS000DE22|0.0.0.1"} 403
2023-05-21 19:28:36.678 [main] ERROR org.restct.RESTCT - response fail {"authenticationResultCode":"DeniedCredentials","brandLogoUri":"http:\/\/dev.virtualearth.net\/Branding\/logo_powered_by.png","copyright":"Copyright © 2023 Microsoft and its suppliers. All rights reserved. This API cannot be accessed and the content and any results may not be used, reproduced or transmitted in any manner without express written permission from Microsoft Corporation.","errorDetails":["The request was forbidden.  Your credentials may be denied or suspended."],"resourceSets":[],"statusCode":403,"statusDescription":"Forbidden","traceId":"6f828cf532f040f88fb8e3efe14e6ec0|PUS000DE22|0.0.0.1"} 403
2023-05-21 19:28:36.779 [main] ERROR org.restct.RESTCT - response fail {"authenticationResultCode":"DeniedCredentials","brandLogoUri":"http:\/\/dev.virtualearth.net\/Branding\/logo_powered_by.png","copyright":"Copyright © 2023 Microsoft and its suppliers. All rights reserved. This API cannot be accessed and the content and any results may not be used, reproduced or transmitted in any manner without express written permission from Microsoft Corporation.","errorDetails":["The request was forbidden.  Your credentials may be denied or suspended."],"resourceSets":[],"statusCode":403,"statusDescription":"Forbidden","traceId":"3d4d160ee9114e0298f640ee85c16af2|PUS000DE22|0.0.0.1"} 403
2023-05-21 19:28:36.880 [main] ERROR org.restct.RESTCT - response fail {"authenticationResultCode":"DeniedCredentials","brandLogoUri":"http:\/\/dev.virtualearth.net\/Branding\/logo_powered_by.png","copyright":"Copyright © 2023 Microsoft and its suppliers. All rights reserved. This API cannot be accessed and the content and any results may not be used, reproduced or transmitted in any manner without express written permission from Microsoft Corporation.","errorDetails":["The request was forbidden.  Your credentials may be denied or suspended."],"resourceSets":[],"statusCode":403,"statusDescription":"Forbidden","traceId":"c0c76bb730e941a79fbaf7731b30a48f|PUS000DE22|0.0.0.1"} 403
2023-05-21 19:28:36.982 [main] ERROR org.restct.RESTCT - response fail {"authenticationResultCode":"DeniedCredentials","brandLogoUri":"http:\/\/dev.virtualearth.net\/Branding\/logo_powered_by.png","copyright":"Copyright © 2023 Microsoft and its suppliers. All rights reserved. This API cannot be accessed and the content and any results may not be used, reproduced or transmitted in any manner without express written permission from Microsoft Corporation.","errorDetails":["The request was forbidden.  Your credentials may be denied or suspended."],"resourceSets":[],"statusCode":403,"statusDescription":"Forbidden","traceId":"1bc1152c68a245dca4adaefb4cb870c5|PUS000DE22|0.0.0.1"} 403
2023-05-21 19:28:37.083 [main] ERROR org.restct.RESTCT - response fail {"authenticationResultCode":"DeniedCredentials","brandLogoUri":"http:\/\/dev.virtualearth.net\/Branding\/logo_powered_by.png","copyright":"Copyright © 2023 Microsoft and its suppliers. All rights reserved. This API cannot be accessed and the content and any results may not be used, reproduced or transmitted in any manner without express written permission from Microsoft Corporation.","errorDetails":["The request was forbidden.  Your credentials may be denied or suspended."],"resourceSets":[],"statusCode":403,"statusDescription":"Forbidden","traceId":"52ac6c48165e44a0b8444390e24e09f3|PUS000DE22|0.0.0.1"} 403
2023-05-21 19:28:37.185 [main] ERROR org.restct.RESTCT - response fail {"authenticationResultCode":"DeniedCredentials","brandLogoUri":"http:\/\/dev.virtualearth.net\/Branding\/logo_powered_by.png","copyright":"Copyright © 2023 Microsoft and its suppliers. All rights reserved. This API cannot be accessed and the content and any results may not be used, reproduced or transmitted in any manner without express written permission from Microsoft Corporation.","errorDetails":["The request was forbidden.  Your credentials may be denied or suspended."],"resourceSets":[],"statusCode":403,"statusDescription":"Forbidden","traceId":"e4d94a088af94e2589eeab324e9350eb|PUS000DE22|0.0.0.1"} 403
2023-05-21 19:28:37.286 [main] ERROR org.restct.RESTCT - response fail {"authenticationResultCode":"DeniedCredentials","brandLogoUri":"http:\/\/dev.virtualearth.net\/Branding\/logo_powered_by.png","copyright":"Copyright © 2023 Microsoft and its suppliers. All rights reserved. This API cannot be accessed and the content and any results may not be used, reproduced or transmitted in any manner without express written permission from Microsoft Corporation.","errorDetails":["The request was forbidden.  Your credentials may be denied or suspended."],"resourceSets":[],"statusCode":403,"statusDescription":"Forbidden","traceId":"d9d8d5da05f241c190d4a2e9743bc15d|PUS000DE22|0.0.0.1"} 403
2023-05-21 19:28:37.389 [main] ERROR org.restct.RESTCT - Program execution failed: closed
java.lang.IllegalStateException: closed
	at okio.RealBufferedSource.select(RealBufferedSource.kt:218) ~[okio-2.8.0.jar:?]
	at okhttp3.internal.Util.readBomAsCharset(Util.kt:265) ~[okhttp-4.9.2.jar:?]
	at okhttp3.ResponseBody.string(ResponseBody.kt:187) ~[okhttp-4.9.2.jar:?]
	at org.restct.utils.SendRequest.send(SendRequest.java:205) ~[classes/:?]
	at org.restct.utils.SendRequest.run(SendRequest.java:88) ~[classes/:?]
	at org.restct.CoveringArray.run(CoveringArray.java:121) ~[classes/:?]
	at org.restct.RESTCT.run(RESTCT.java:121) [classes/:?]
	at org.restct.Main.main(Main.java:11) [classes/:?]
2023-05-21 19:28:37.402 [main] INFO  org.restct.RESTCT - Program execution time: 4807 ms.
