2023-05-21 17:57:05.469 [main] INFO  org.restct.RESTCT - Start running program.
2023-05-21 17:57:05.945 [main] INFO  org.restct.RESTCT - Operations: 31
2023-05-21 17:57:05.945 [main] INFO  org.restct.RESTCT - Examples found: 576
2023-05-21 17:57:06.564 [main] INFO  org.restct.RESTCT - Uncovered combinations: 606, sequence length: 24
2023-05-21 17:57:06.983 [main] INFO  org.restct.RESTCT - Uncovered combinations: 392, sequence length: 30
2023-05-21 17:57:07.156 [main] INFO  org.restct.RESTCT - Uncovered combinations: 328, sequence length: 31
2023-05-21 17:57:07.257 [main] INFO  org.restct.RESTCT - Uncovered combinations: 266, sequence length: 30
2023-05-21 17:57:07.327 [main] INFO  org.restct.RESTCT - Uncovered combinations: 208, sequence length: 29
2023-05-21 17:57:07.380 [main] INFO  org.restct.RESTCT - Uncovered combinations: 167, sequence length: 28
2023-05-21 17:57:07.418 [main] INFO  org.restct.RESTCT - Uncovered combinations: 128, sequence length: 26
2023-05-21 17:57:07.440 [main] INFO  org.restct.RESTCT - Uncovered combinations: 104, sequence length: 22
2023-05-21 17:57:07.463 [main] INFO  org.restct.RESTCT - Uncovered combinations: 87, sequence length: 20
2023-05-21 17:57:07.486 [main] INFO  org.restct.RESTCT - Uncovered combinations: 63, sequence length: 24
2023-05-21 17:57:07.496 [main] INFO  org.restct.RESTCT - Uncovered combinations: 54, sequence length: 17
2023-05-21 17:57:07.516 [main] INFO  org.restct.RESTCT - Uncovered combinations: 41, sequence length: 22
2023-05-21 17:57:07.531 [main] INFO  org.restct.RESTCT - Uncovered combinations: 28, sequence length: 19
2023-05-21 17:57:07.546 [main] INFO  org.restct.RESTCT - Uncovered combinations: 14, sequence length: 20
2023-05-21 17:57:07.553 [main] INFO  org.restct.RESTCT - Uncovered combinations: 7, sequence length: 16
2023-05-21 17:57:07.560 [main] INFO  org.restct.RESTCT - Uncovered combinations: 3, sequence length: 11
2023-05-21 17:57:07.563 [main] INFO  org.restct.RESTCT - Uncovered combinations: 0, sequence length: 6
2023-05-21 17:57:07.567 [main] DEBUG org.restct.RESTCT - budget 3600 , now cost: 6.323
2023-05-21 17:57:07.568 [main] DEBUG org.restct.RESTCT - 1-th operation: get*http://localhost:30000/api/v4/users/{user_id}/starred_projects
2023-05-21 17:57:07.584 [main] DEBUG org.restct.RESTCT -         generate new domains...
2023-05-21 17:57:07.585 [main] DEBUG org.restct.RESTCT -             user_id: 3 - [Random]
2023-05-21 17:57:09.020 [main] DEBUG org.restct.RESTCT - ACTS Exited with code 0
2023-05-21 17:57:09.026 [main] INFO  org.restct.RESTCT -         1-th operation essential parameters covering array size: 3, parameters: 1, constraints: 0
2023-05-21 17:57:09.768 [main] DEBUG org.restct.RESTCT -         generate new domains...
2023-05-21 17:57:09.768 [main] DEBUG org.restct.RESTCT -             search: 4 - [Random=o6PqsxJDft7tl, Random=6Jp0ReVpGRHgk1, Random=1V, NULL=null]
2023-05-21 17:57:09.768 [main] DEBUG org.restct.RESTCT -             simple: 12 - [Enum=true, Enum=false, NULL=null]
2023-05-21 17:57:09.768 [main] DEBUG org.restct.RESTCT -             starred: 12 - [Enum=true, Enum=false, NULL=null]
2023-05-21 17:57:09.769 [main] DEBUG org.restct.RESTCT -             archived: 12 - [Enum=true, Enum=false, NULL=null]
2023-05-21 17:57:09.769 [main] DEBUG org.restct.RESTCT -             sort: 3 - [Enum=asc, Enum=desc, NULL=null]
2023-05-21 17:57:09.769 [main] DEBUG org.restct.RESTCT -             visibility: 4 - [Enum=public, Enum=private, Enum=internal, NULL=null]
2023-05-21 17:57:09.769 [main] DEBUG org.restct.RESTCT -             statistics: 12 - [Enum=true, Enum=false, NULL=null]
2023-05-21 17:57:09.769 [main] DEBUG org.restct.RESTCT -             with_issues_enabled: 12 - [Enum=true, Enum=false, NULL=null]
2023-05-21 17:57:09.770 [main] DEBUG org.restct.RESTCT -             membership: 12 - [Enum=true, Enum=false, NULL=null]
2023-05-21 17:57:09.770 [main] DEBUG org.restct.RESTCT -             user_id: 3 - [Random=WLWGG8wRW9HM08mEYhtSK, Random=, Random=N4dpGVsyATqNQ1rINgX7iDSIE]
2023-05-21 17:57:09.770 [main] DEBUG org.restct.RESTCT -             owned: 12 - [Enum=true, Enum=false, NULL=null]
2023-05-21 17:57:09.770 [main] DEBUG org.restct.RESTCT -             with_merge_requests_enabled: 12 - [Enum=true, Enum=false, NULL=null]
2023-05-21 17:57:09.771 [main] DEBUG org.restct.RESTCT -             with_custom_attributes: 12 - [Enum=true, Enum=false, NULL=null]
2023-05-21 17:57:09.771 [main] DEBUG org.restct.RESTCT -             order_by: 7 - [Enum=path, Enum=last_activity_at, Enum=name, Enum=created_at, Enum=id, Enum=updated_at, NULL=null]
2023-05-21 17:57:09.771 [main] DEBUG org.restct.RESTCT -             min_access_level: 7 - [Enum=30, Enum=0, Enum=50, Enum=20, Enum=40, Enum=10, NULL=null]
2023-05-21 17:57:10.349 [main] DEBUG org.restct.RESTCT - ACTS Exited with code 0
2023-05-21 17:57:10.355 [main] INFO  org.restct.RESTCT -         1-th operation all parameters covering array size: 223, parameters: 15
2023-05-21 17:57:10.369 [main] INFO  org.restct.RESTCT - ****************************************************************************************************
2023-05-21 17:57:10.675 [main] DEBUG org.restct.RESTCT - 2-th operation: get*http://localhost:30000/api/v4/projects/{id}/users
2023-05-21 17:57:10.675 [main] DEBUG org.restct.RESTCT -         generate new domains...
2023-05-21 17:57:10.676 [main] DEBUG org.restct.RESTCT -             id: 2 - [Random, Default]
2023-05-21 17:57:11.064 [main] DEBUG org.restct.RESTCT - ACTS Exited with code 0
2023-05-21 17:57:11.065 [main] INFO  org.restct.RESTCT -         2-th operation essential parameters covering array size: 2, parameters: 1, constraints: 0
2023-05-21 17:57:11.068 [main] DEBUG org.restct.RESTCT -         generate new domains...
2023-05-21 17:57:11.068 [main] DEBUG org.restct.RESTCT -             search: 4 - [Random=iejGYWJeqcTmCwKyt, Random=ignAXJB1FVSGQuuRHsQQhsf9I, NULL=null, Random=nZHUuZIkMhkqpjSfqCS5DosmXztsEXlFzA]
2023-05-21 17:57:11.068 [main] DEBUG org.restct.RESTCT -             skip_users: 4 - [Random=78, Random=77, Random=88, NULL=null]
2023-05-21 17:57:11.068 [main] DEBUG org.restct.RESTCT -             id: 2 - [Random=a1e8f8d745cc87e3a9248358d9352bb7f9a0aeba, Default=31405c5ddef582c5a9b7a85230413ff90e2fe720]
2023-05-21 17:57:11.494 [main] DEBUG org.restct.RESTCT - ACTS Exited with code 0
2023-05-21 17:57:11.495 [main] INFO  org.restct.RESTCT -         2-th operation all parameters covering array size: 16, parameters: 3
2023-05-21 17:57:11.495 [main] INFO  org.restct.RESTCT - ****************************************************************************************************
2023-05-21 17:57:11.521 [main] DEBUG org.restct.RESTCT - 3-th operation: put*http://localhost:30000/api/v4/projects/{id}
2023-05-21 17:57:11.522 [main] DEBUG org.restct.RESTCT -         generate new domains...
2023-05-21 17:57:11.522 [main] DEBUG org.restct.RESTCT -             id: 2 - [Random, Default]
2023-05-21 17:57:11.955 [main] DEBUG org.restct.RESTCT - ACTS Exited with code 0
2023-05-21 17:57:11.956 [main] INFO  org.restct.RESTCT -         3-th operation essential parameters covering array size: 2, parameters: 1, constraints: 0
2023-05-21 17:57:11.963 [main] DEBUG org.restct.RESTCT -         generate new domains...
2023-05-21 17:57:11.963 [main] DEBUG org.restct.RESTCT -             import_url: 4 - [Random=2CcBDOqKqb8ekxgIGhBS7fxdvoy5cBc4CUdZ, Random=CG98svRbamF7ugBwmEfbYQ5kS3gGj42JW5, NULL=null, Random=sLVvKfj8DRBySL1x]
2023-05-21 17:57:11.964 [main] DEBUG org.restct.RESTCT -             emails_disabled: 9 - [Enum=true, Enum=false, NULL=null]
2023-05-21 17:57:11.964 [main] DEBUG org.restct.RESTCT -             service_desk_enabled: 9 - [Enum=true, Enum=false, NULL=null]
2023-05-21 17:57:11.965 [main] DEBUG org.restct.RESTCT -             ci_config_path: 4 - [Random=HGW1JOk7VtRXgIozhjSPm8a, Random=y0sIdte3jCl4gBR9uZDh, Random=ocNMrIP12acAN3BXGRK1xc, NULL=null]
2023-05-21 17:57:11.965 [main] DEBUG org.restct.RESTCT -             request_access_enabled: 9 - [Enum=true, Enum=false, NULL=null]
2023-05-21 17:57:11.965 [main] DEBUG org.restct.RESTCT -             resolve_outdated_diff_discussions: 9 - [Enum=true, Enum=false, NULL=null]
2023-05-21 17:57:11.965 [main] DEBUG org.restct.RESTCT -             snippets_access_level: 4 - [Enum=enabled, Enum=private, Enum=disabled, NULL=null]
2023-05-21 17:57:11.966 [main] DEBUG org.restct.RESTCT -             lfs_enabled: 9 - [Enum=true, Enum=false, NULL=null]
2023-05-21 17:57:11.966 [main] DEBUG org.restct.RESTCT -             name: 3 - [Random=Jody Baumbach, Default=GNU Lesser General Public License v3.0, NULL=null]
2023-05-21 17:57:11.966 [main] DEBUG org.restct.RESTCT -             forking_access_level: 4 - [Enum=enabled, Enum=private, Enum=disabled, NULL=null]
2023-05-21 17:57:11.966 [main] DEBUG org.restct.RESTCT -             pages_access_level: 5 - [Enum=enabled, Enum=public, Enum=private, Enum=disabled, NULL=null]
2023-05-21 17:57:11.967 [main] DEBUG org.restct.RESTCT -             only_allow_merge_if_pipeline_succeeds: 9 - [Enum=true, Enum=false, NULL=null]
2023-05-21 17:57:11.967 [main] DEBUG org.restct.RESTCT -             snippets_enabled: 9 - [Enum=true, Enum=false, NULL=null]
2023-05-21 17:57:11.967 [main] DEBUG org.restct.RESTCT -             ci_default_git_depth: 2 - [Default=50, NULL=null]
2023-05-21 17:57:11.968 [main] DEBUG org.restct.RESTCT -             ci_forward_deployment_enabled: 9 - [Enum=true, Enum=false, NULL=null]
2023-05-21 17:57:11.968 [main] DEBUG org.restct.RESTCT -             requirements_access_level: 5 - [Enum=enabled, Enum=public, Enum=private, Enum=disabled, NULL=null]
2023-05-21 17:57:11.968 [main] DEBUG org.restct.RESTCT -             wiki_enabled: 9 - [Enum=true, Enum=false, NULL=null]
2023-05-21 17:57:11.968 [main] DEBUG org.restct.RESTCT -             auto_cancel_pending_pipelines: 3 - [Enum=enabled, Enum=disabled, NULL=null]
2023-05-21 17:57:11.969 [main] DEBUG org.restct.RESTCT -             merge_requests_access_level: 4 - [Enum=enabled, Enum=private, Enum=disabled, NULL=null]
2023-05-21 17:57:11.969 [main] DEBUG org.restct.RESTCT -             id: 2 - [Random=a1e8f8d745cc87e3a9248358d9352bb7f9a0aeba, Default=31405c5ddef582c5a9b7a85230413ff90e2fe720]
2023-05-21 17:57:11.969 [main] DEBUG org.restct.RESTCT -             repository_storage: 3 - [Random=dnefault, Default=default, NULL=null]
2023-05-21 17:57:11.970 [main] DEBUG org.restct.RESTCT -             issues_access_level: 4 - [Enum=enabled, Enum=private, Enum=disabled, NULL=null]
2023-05-21 17:57:11.970 [main] DEBUG org.restct.RESTCT -             allow_merge_on_skipped_pipeline: 9 - [Enum=true, Enum=false, NULL=null]
2023-05-21 17:57:11.970 [main] DEBUG org.restct.RESTCT -             remove_source_branch_after_merge: 9 - [Enum=true, Enum=false, NULL=null]
2023-05-21 17:57:11.970 [main] DEBUG org.restct.RESTCT -             path: 3 - [Default=files/markdown, NULL=null, Random=diaspora-project-site]
2023-05-21 17:57:11.970 [main] DEBUG org.restct.RESTCT -             build_git_strategy: 2 - [Default=fetch, NULL=null]
2023-05-21 17:57:11.970 [main] DEBUG org.restct.RESTCT -             default_branch: 2 - [Default=master, NULL=null]
2023-05-21 17:57:11.971 [main] DEBUG org.restct.RESTCT -             merge_requests_enabled: 9 - [Enum=true, Enum=false, NULL=null]
2023-05-21 17:57:11.971 [main] DEBUG org.restct.RESTCT -             issues_enabled: 9 - [Enum=true, Enum=false, NULL=null]
2023-05-21 17:57:11.971 [main] DEBUG org.restct.RESTCT -             show_default_award_emojis: 9 - [Enum=true, Enum=false, NULL=null]
2023-05-21 17:57:11.971 [main] DEBUG org.restct.RESTCT -             public_builds: 9 - [Enum=true, Enum=false, NULL=null]
2023-05-21 17:57:11.971 [main] DEBUG org.restct.RESTCT -             merge_method: 4 - [Enum=ff, Enum=rebase_merge, Enum=merge, NULL=null]
2023-05-21 17:57:11.971 [main] DEBUG org.restct.RESTCT -             packages_enabled: 9 - [Enum=true, Enum=false, NULL=null]
2023-05-21 17:57:11.972 [main] DEBUG org.restct.RESTCT -             build_coverage_regex: 4 - [Random=, Random=rQ6CspyLNhiAASYvqTOzj61kWGBUaw8, Random=8DQ4B6t, NULL=null]
2023-05-21 17:57:11.972 [main] DEBUG org.restct.RESTCT -             auto_devops_enabled: 9 - [Enum=true, Enum=false, NULL=null]
2023-05-21 17:57:11.972 [main] DEBUG org.restct.RESTCT -             tag_list: 3 - [Default=[example, puppet], Random=[example, disapora client], NULL=null]
2023-05-21 17:57:11.972 [main] DEBUG org.restct.RESTCT -             avatar: 2 - [Random=long random long random, NULL=null]
2023-05-21 17:57:11.972 [main] DEBUG org.restct.RESTCT -             cadence: 3 - [Default=7d, Random=d, NULL=null]
2023-05-21 17:57:11.972 [main] DEBUG org.restct.RESTCT -             enabled: 9 - [Enum=true, Enum=false, NULL=null]
2023-05-21 17:57:11.973 [main] DEBUG org.restct.RESTCT -             keep_n: 4 - [Random=45, Random=23, Random=51, NULL=null]
2023-05-21 17:57:11.973 [main] DEBUG org.restct.RESTCT -             older_than: 4 - [Random=ZR2M2Toa1thx30Wo5df9TD, Random=ChQe8KH9oEIx8kbch6JDAZtVAq, Random=U, NULL=null]
2023-05-21 17:57:11.973 [main] DEBUG org.restct.RESTCT -             name_regex: 4 - [Random=vZV06bhBPaicHIximv4YVesZpD77qhmQC, Random=7, Random=UzYFkFWxlcHJWhf, NULL=null]
2023-05-21 17:57:11.974 [main] DEBUG org.restct.RESTCT -             name_regex_delete: 4 - [Random=IdxFk5Gj, Random=ubfq4W0H1etXM, Random=9p, NULL=null]
2023-05-21 17:57:11.974 [main] DEBUG org.restct.RESTCT -             name_regex_keep: 4 - [Random=Q, Random=Dyo3GpGpkwurjpMQT, Random=EEQndR10tIVsdLX2ISYSHK7ZR89maGlY, NULL=null]
2023-05-21 17:57:11.974 [main] DEBUG org.restct.RESTCT -             next_run_at: 3 - [Random=2020-05-04T06:13:22.654Z, Default=2020-01-07T21:42:58.658Z, NULL=null]
2023-05-21 17:57:11.975 [main] DEBUG org.restct.RESTCT -             suggestion_commit_message: 4 - [Random=, Random=9PNpRKALdqvvH9Y4bDr3T0AwwqJY8OIMFHM, Random=nRNz8NQ, NULL=null]
2023-05-21 17:57:11.975 [main] DEBUG org.restct.RESTCT -             build_timeout: 3 - [Default=3600, NULL=null, Random=2]
2023-05-21 17:57:11.975 [main] DEBUG org.restct.RESTCT -             only_allow_merge_if_all_discussions_are_resolved: 9 - [Enum=true, Enum=false, NULL=null]
2023-05-21 17:57:11.975 [main] DEBUG org.restct.RESTCT -             autoclose_referenced_issues: 9 - [Enum=true, Enum=false, NULL=null]
2023-05-21 17:57:11.975 [main] DEBUG org.restct.RESTCT -             description: 3 - [Random=Shared project for Html5 Boilerplate, Default=GitLab Community Edition, NULL=null]
2023-05-21 17:57:11.976 [main] DEBUG org.restct.RESTCT -             auto_devops_deploy_strategy: 4 - [Enum=timed_incremental, Enum=manual, Enum=continuous, NULL=null]
2023-05-21 17:57:11.976 [main] DEBUG org.restct.RESTCT -             repository_access_level: 4 - [Enum=enabled, Enum=private, Enum=disabled, NULL=null]
2023-05-21 17:57:11.977 [main] DEBUG org.restct.RESTCT -             jobs_enabled: 9 - [Enum=true, Enum=false, NULL=null]
2023-05-21 17:57:11.978 [main] DEBUG org.restct.RESTCT -             visibility: 4 - [Enum=public, Enum=private, Enum=internal, NULL=null]
2023-05-21 17:57:11.978 [main] DEBUG org.restct.RESTCT -             shared_runners_enabled: 9 - [Enum=true, Enum=false, NULL=null]
2023-05-21 17:57:11.979 [main] DEBUG org.restct.RESTCT -             container_registry_enabled: 9 - [Enum=true, Enum=false, NULL=null]
2023-05-21 17:57:11.979 [main] DEBUG org.restct.RESTCT -             builds_access_level: 4 - [Enum=enabled, Enum=private, Enum=disabled, NULL=null]
2023-05-21 17:57:11.979 [main] DEBUG org.restct.RESTCT -             wiki_access_level: 4 - [Enum=enabled, Enum=private, Enum=disabled, NULL=null]
2023-05-21 17:57:12.960 [main] DEBUG org.restct.RESTCT - ACTS Exited with code 0
2023-05-21 17:57:12.969 [main] INFO  org.restct.RESTCT -         3-th operation all parameters covering array size: 181, parameters: 58
2023-05-21 17:57:12.969 [main] INFO  org.restct.RESTCT - ****************************************************************************************************
2023-05-21 17:57:13.359 [main] DEBUG org.restct.RESTCT - 4-th operation: get*http://localhost:30000/api/v4/projects/{id}/starrers
2023-05-21 17:57:13.360 [main] DEBUG org.restct.RESTCT -         generate new domains...
2023-05-21 17:57:13.360 [main] DEBUG org.restct.RESTCT -             id: 2 - [Random, Default]
2023-05-21 17:57:13.789 [main] DEBUG org.restct.RESTCT - ACTS Exited with code 0
2023-05-21 17:57:13.789 [main] INFO  org.restct.RESTCT -         4-th operation essential parameters covering array size: 2, parameters: 1, constraints: 0
2023-05-21 17:57:13.791 [main] DEBUG org.restct.RESTCT -         generate new domains...
2023-05-21 17:57:13.792 [main] DEBUG org.restct.RESTCT -             id: 2 - [Random=a1e8f8d745cc87e3a9248358d9352bb7f9a0aeba, Default=31405c5ddef582c5a9b7a85230413ff90e2fe720]
2023-05-21 17:57:13.792 [main] DEBUG org.restct.RESTCT -             search: 4 - [Random=7yi3nBZj0MIfDeuoALgJFG, Random=MSo2vSMgnBThs60ocqerqAV9rNmXlfX, Random=X2wfCW0dtzyxyF, NULL=null]
2023-05-21 17:57:14.184 [main] DEBUG org.restct.RESTCT - ACTS Exited with code 0
2023-05-21 17:57:14.184 [main] INFO  org.restct.RESTCT -         4-th operation all parameters covering array size: 8, parameters: 2
2023-05-21 17:57:14.185 [main] INFO  org.restct.RESTCT - ****************************************************************************************************
2023-05-21 17:57:14.193 [main] DEBUG org.restct.RESTCT - 5-th operation: put*http://localhost:30000/api/v4/projects/{id}/hooks/{hook_id}
2023-05-21 17:57:14.194 [main] DEBUG org.restct.RESTCT -         generate new domains...
2023-05-21 17:57:14.194 [main] DEBUG org.restct.RESTCT -             id: 2 - [Random, Default]
2023-05-21 17:57:14.195 [main] DEBUG org.restct.RESTCT -             hook_id: 3 - [Random]
2023-05-21 17:57:14.195 [main] DEBUG org.restct.RESTCT -             url: 2 - [Random, Default]
2023-05-21 17:57:14.596 [main] DEBUG org.restct.RESTCT - ACTS Exited with code 0
2023-05-21 17:57:14.597 [main] INFO  org.restct.RESTCT -         5-th operation essential parameters covering array size: 12, parameters: 3, constraints: 0
2023-05-21 17:57:14.613 [main] DEBUG org.restct.RESTCT -         generate new domains...
2023-05-21 17:57:14.614 [main] DEBUG org.restct.RESTCT -             issues_events: 39 - [Enum=true, Enum=false, NULL=null]
2023-05-21 17:57:14.614 [main] DEBUG org.restct.RESTCT -             merge_requests_events: 39 - [Enum=true, Enum=false, NULL=null]
2023-05-21 17:57:14.614 [main] DEBUG org.restct.RESTCT -             confidential_issues_events: 39 - [Enum=true, Enum=false, NULL=null]
2023-05-21 17:57:14.614 [main] DEBUG org.restct.RESTCT -             push_events: 39 - [Enum=true, Enum=false, NULL=null]
2023-05-21 17:57:14.614 [main] DEBUG org.restct.RESTCT -             tag_push_events: 39 - [Enum=true, Enum=false, NULL=null]
2023-05-21 17:57:14.614 [main] DEBUG org.restct.RESTCT -             confidential_note_events: 39 - [Enum=true, Enum=false, NULL=null]
2023-05-21 17:57:14.615 [main] DEBUG org.restct.RESTCT -             note_events: 39 - [Enum=true, Enum=false, NULL=null]
2023-05-21 17:57:14.615 [main] DEBUG org.restct.RESTCT -             deployment_events: 39 - [Enum=true, Enum=false, NULL=null]
2023-05-21 17:57:14.615 [main] DEBUG org.restct.RESTCT -             releases_events: 39 - [Enum=true, Enum=false, NULL=null]
2023-05-21 17:57:14.615 [main] DEBUG org.restct.RESTCT -             hook_id: 3 - [Random=0, Random=61, Random=35]
2023-05-21 17:57:14.615 [main] DEBUG org.restct.RESTCT -             url: 2 - [Default=/uploads/66dbcd21ec5d24ed6ea225176098d52b/dk.png, Random=http://example.com/hook]
2023-05-21 17:57:14.615 [main] DEBUG org.restct.RESTCT -             wiki_events: 39 - [Enum=true, Enum=false, NULL=null]
2023-05-21 17:57:14.615 [main] DEBUG org.restct.RESTCT -             job_events: 39 - [Enum=true, Enum=false, NULL=null]
2023-05-21 17:57:14.616 [main] DEBUG org.restct.RESTCT -             push_events_branch_filter: 4 - [Random=f8asFyuJrwdaJUe7HUIJvYypWDXrTnz0fjD, Random=MjM, Random=2yYJRYe, NULL=null]
2023-05-21 17:57:14.616 [main] DEBUG org.restct.RESTCT -             pipeline_events: 39 - [Enum=true, Enum=false, NULL=null]
2023-05-21 17:57:14.616 [main] DEBUG org.restct.RESTCT -             id: 2 - [Random=a1e8f8d745cc87e3a9248358d9352bb7f9a0aeba, Default=31405c5ddef582c5a9b7a85230413ff90e2fe720]
2023-05-21 17:57:14.616 [main] DEBUG org.restct.RESTCT -             token: 4 - [Random=b0SLP17AVwi, Random=ONtlveeih, Random=1BNiaW3j5xe9k9MO3yj4JIihI, NULL=null]
2023-05-21 17:57:14.616 [main] DEBUG org.restct.RESTCT -             enable_ssl_verification: 39 - [Enum=true, Enum=false, NULL=null]
2023-05-21 17:57:16.261 [main] DEBUG org.restct.RESTCT - ACTS Exited with code 0
2023-05-21 17:57:16.279 [main] INFO  org.restct.RESTCT -         5-th operation all parameters covering array size: 2382, parameters: 18
2023-05-21 17:57:16.279 [main] INFO  org.restct.RESTCT - ****************************************************************************************************
2023-05-21 17:57:18.146 [main] DEBUG org.restct.RESTCT - 6-th operation: post*http://localhost:30000/api/v4/projects
2023-05-21 17:57:18.147 [main] INFO  org.restct.RESTCT -         6-th operation essential parameters covering array size: 1, parameters: 0, constraints: 0
2023-05-21 17:57:18.151 [main] DEBUG org.restct.RESTCT -         generate new domains...
2023-05-21 17:57:18.151 [main] DEBUG org.restct.RESTCT -             requirements_access_level: 5 - [Enum=enabled, Enum=public, Enum=private, Enum=disabled, NULL=null]
2023-05-21 17:57:18.152 [main] DEBUG org.restct.RESTCT -             remove_source_branch_after_merge: 6 - [Enum=true, Enum=false, NULL=null]
2023-05-21 17:57:18.152 [main] DEBUG org.restct.RESTCT -             wiki_access_level: 4 - [Enum=enabled, Enum=private, Enum=disabled, NULL=null]
2023-05-21 17:57:18.152 [main] DEBUG org.restct.RESTCT -             auto_devops_deploy_strategy: 4 - [Enum=timed_incremental, Enum=manual, Enum=continuous, NULL=null]
2023-05-21 17:57:18.152 [main] DEBUG org.restct.RESTCT -             cadence: 3 - [Default=7d, Random=7, NULL=null]
2023-05-21 17:57:18.152 [main] DEBUG org.restct.RESTCT -             enabled: 6 - [Enum=true, Enum=false, NULL=null]
2023-05-21 17:57:18.153 [main] DEBUG org.restct.RESTCT -             keep_n: 4 - [Random=16, Random=27, Random=70, NULL=null]
2023-05-21 17:57:18.153 [main] DEBUG org.restct.RESTCT -             older_than: 4 - [Random=jdrlyO8x9TTjglJx3g7wfcr, Random=AgKh5Pm7MZw, Random=tWKDCUi2JhX51Weviu, NULL=null]
2023-05-21 17:57:18.153 [main] DEBUG org.restct.RESTCT -             name_regex: 4 - [Random=vJ6GAA, Random=Z4WtnzGJYsgXdtUEadE19PmU600ZdQfTMdj, Random=C, NULL=null]
2023-05-21 17:57:18.153 [main] DEBUG org.restct.RESTCT -             name_regex_delete: 4 - [Random=CRnoPEsquRoOIX, Random=H6V52ybuChNnquqPqOty1HDuvnDZ8, Random=106lzZJIkhahc23UoqbmbyMi, NULL=null]
2023-05-21 17:57:18.153 [main] DEBUG org.restct.RESTCT -             name_regex_keep: 4 - [Random=MOwzF4bL43YMR95Ch42fMeeCaIVWeiu, Random=TOQHmOy3h3mkDlbFNuBCC, Random=wdYi3uWwV7tM5QwLiU7hJJ6UT16PfWfaV, NULL=null]
2023-05-21 17:57:18.153 [main] DEBUG org.restct.RESTCT -             next_run_at: 3 - [Random=2020-05-04T06:13:22.654Z, Default=2020-01-07T21:42:58.658Z, NULL=null]
2023-05-21 17:57:18.154 [main] DEBUG org.restct.RESTCT -             template_name: 4 - [Random=3PVkapyIrdO1MzysKxOmoo, Random=ULHiirfN, Random=TYFeP2vTkVl1zMYP, NULL=null]
2023-05-21 17:57:18.154 [main] DEBUG org.restct.RESTCT -             default_branch: 2 - [Default=master, NULL=null]
2023-05-21 17:57:18.154 [main] DEBUG org.restct.RESTCT -             pages_access_level: 5 - [Enum=enabled, Enum=public, Enum=private, Enum=disabled, NULL=null]
2023-05-21 17:57:18.154 [main] DEBUG org.restct.RESTCT -             merge_method: 4 - [Enum=ff, Enum=rebase_merge, Enum=merge, NULL=null]
2023-05-21 17:57:18.154 [main] DEBUG org.restct.RESTCT -             auto_cancel_pending_pipelines: 3 - [Enum=enabled, Enum=disabled, NULL=null]
2023-05-21 17:57:18.154 [main] DEBUG org.restct.RESTCT -             build_git_strategy: 2 - [Default=fetch, NULL=null]
2023-05-21 17:57:18.154 [main] DEBUG org.restct.RESTCT -             shared_runners_enabled: 6 - [Enum=true, Enum=false, NULL=null]
2023-05-21 17:57:18.155 [main] DEBUG org.restct.RESTCT -             repository_storage: 3 - [Random=dehfault, Default=default, NULL=null]
2023-05-21 17:57:18.155 [main] DEBUG org.restct.RESTCT -             resolve_outdated_diff_discussions: 6 - [Enum=true, Enum=false, NULL=null]
2023-05-21 17:57:18.156 [main] DEBUG org.restct.RESTCT -             build_timeout: 3 - [Random=6, Default=3600, NULL=null]
2023-05-21 17:57:18.156 [main] DEBUG org.restct.RESTCT -             container_registry_enabled: 6 - [Enum=true, Enum=false, NULL=null]
2023-05-21 17:57:18.156 [main] DEBUG org.restct.RESTCT -             tag_list: 3 - [Default=[example, puppet], Random=[example, disapora client], NULL=null]
2023-05-21 17:57:18.156 [main] DEBUG org.restct.RESTCT -             only_allow_merge_if_pipeline_succeeds: 6 - [Enum=true, Enum=false, NULL=null]
2023-05-21 17:57:18.156 [main] DEBUG org.restct.RESTCT -             visibility: 4 - [Enum=public, Enum=private, Enum=internal, NULL=null]
2023-05-21 17:57:18.156 [main] DEBUG org.restct.RESTCT -             only_allow_merge_if_all_discussions_are_resolved: 6 - [Enum=true, Enum=false, NULL=null]
2023-05-21 17:57:18.156 [main] DEBUG org.restct.RESTCT -             build_coverage_regex: 4 - [Random=OgvftfkT94rxXyEhZUCS8SZto0t6fif3Q2X, Random=be, NULL=null, Random=oU7dJKNjh2A]
2023-05-21 17:57:18.157 [main] DEBUG org.restct.RESTCT -             issues_access_level: 4 - [Enum=enabled, Enum=private, Enum=disabled, NULL=null]
2023-05-21 17:57:18.157 [main] DEBUG org.restct.RESTCT -             merge_requests_enabled: 6 - [Enum=true, Enum=false, NULL=null]
2023-05-21 17:57:18.157 [main] DEBUG org.restct.RESTCT -             show_default_award_emojis: 6 - [Enum=true, Enum=false, NULL=null]
2023-05-21 17:57:18.157 [main] DEBUG org.restct.RESTCT -             jobs_enabled: 6 - [Enum=true, Enum=false, NULL=null]
2023-05-21 17:57:18.157 [main] DEBUG org.restct.RESTCT -             merge_requests_access_level: 4 - [Enum=enabled, Enum=private, Enum=disabled, NULL=null]
2023-05-21 17:57:18.157 [main] DEBUG org.restct.RESTCT -             namespace_id: 4 - [Random=81, Random=26, Random=39, NULL=null]
2023-05-21 17:57:18.157 [main] DEBUG org.restct.RESTCT -             path: 3 - [Default=files/markdown, NULL=null, Random=diaspora-project-site]
2023-05-21 17:57:18.158 [main] DEBUG org.restct.RESTCT -             avatar: 2 - [Random=, NULL=null]
2023-05-21 17:57:18.158 [main] DEBUG org.restct.RESTCT -             description: 3 - [Random=Shared project for Html5 Boilerplate, Default=GitLab Community Edition, NULL=null]
2023-05-21 17:57:18.158 [main] DEBUG org.restct.RESTCT -             forking_access_level: 4 - [Enum=enabled, Enum=private, Enum=disabled, NULL=null]
2023-05-21 17:57:18.158 [main] DEBUG org.restct.RESTCT -             wiki_enabled: 6 - [Enum=true, Enum=false, NULL=null]
2023-05-21 17:57:18.158 [main] DEBUG org.restct.RESTCT -             issues_enabled: 6 - [Enum=true, Enum=false, NULL=null]
2023-05-21 17:57:18.158 [main] DEBUG org.restct.RESTCT -             allow_merge_on_skipped_pipeline: 6 - [Enum=true, Enum=false, NULL=null]
2023-05-21 17:57:18.158 [main] DEBUG org.restct.RESTCT -             autoclose_referenced_issues: 6 - [Enum=true, Enum=false, NULL=null]
2023-05-21 17:57:18.159 [main] DEBUG org.restct.RESTCT -             packages_enabled: 6 - [Enum=true, Enum=false, NULL=null]
2023-05-21 17:57:18.159 [main] DEBUG org.restct.RESTCT -             public_builds: 6 - [Enum=true, Enum=false, NULL=null]
2023-05-21 17:57:18.159 [main] DEBUG org.restct.RESTCT -             repository_access_level: 4 - [Enum=enabled, Enum=private, Enum=disabled, NULL=null]
2023-05-21 17:57:18.159 [main] DEBUG org.restct.RESTCT -             name: 3 - [Random=Jody Baumbach, Default=GNU Lesser General Public License v3.0, NULL=null]
2023-05-21 17:57:18.159 [main] DEBUG org.restct.RESTCT -             ci_config_path: 4 - [Random=fy3Tti3, Random=hgJe3AFgU8rpA4vPsUSrvijug3OF3Sl, NULL=null, Random=uvhfFKh]
2023-05-21 17:57:18.159 [main] DEBUG org.restct.RESTCT -             request_access_enabled: 6 - [Enum=true, Enum=false, NULL=null]
2023-05-21 17:57:18.160 [main] DEBUG org.restct.RESTCT -             import_url: 4 - [Random=ZrLeZCgQw7MLKgvuNSB5A8SiVVC987ogPk, Random=aoGlWio1VE3Q3CHnwJ4kbh4lHhVcMceX1, Random=FMS, NULL=null]
2023-05-21 17:57:18.160 [main] DEBUG org.restct.RESTCT -             snippets_enabled: 6 - [Enum=true, Enum=false, NULL=null]
2023-05-21 17:57:18.160 [main] DEBUG org.restct.RESTCT -             snippets_access_level: 4 - [Enum=enabled, Enum=private, Enum=disabled, NULL=null]
2023-05-21 17:57:18.160 [main] DEBUG org.restct.RESTCT -             builds_access_level: 4 - [Enum=enabled, Enum=private, Enum=disabled, NULL=null]
2023-05-21 17:57:18.160 [main] DEBUG org.restct.RESTCT -             auto_devops_enabled: 6 - [Enum=true, Enum=false, NULL=null]
2023-05-21 17:57:18.160 [main] DEBUG org.restct.RESTCT -             initialize_with_readme: 6 - [Enum=true, Enum=false, NULL=null]
2023-05-21 17:57:18.161 [main] DEBUG org.restct.RESTCT -             lfs_enabled: 6 - [Enum=true, Enum=false, NULL=null]
2023-05-21 17:57:18.161 [main] DEBUG org.restct.RESTCT -             printing_merge_request_link_enabled: 6 - [Enum=true, Enum=false, NULL=null]
2023-05-21 17:57:18.161 [main] DEBUG org.restct.RESTCT -             emails_disabled: 6 - [Enum=true, Enum=false, NULL=null]
2023-05-21 17:57:19.049 [main] DEBUG org.restct.RESTCT - ACTS Exited with code 0
2023-05-21 17:57:19.052 [main] INFO  org.restct.RESTCT -         6-th operation all parameters covering array size: 84, parameters: 57
2023-05-21 17:57:19.053 [main] INFO  org.restct.RESTCT - ****************************************************************************************************
2023-05-21 17:57:19.157 [main] DEBUG org.restct.RESTCT - 7-th operation: post*http://localhost:30000/api/v4/projects/{id}/restore
2023-05-21 17:57:19.157 [main] DEBUG org.restct.RESTCT -         generate new domains...
2023-05-21 17:57:19.158 [main] DEBUG org.restct.RESTCT -             id: 2 - [Random, Default]
2023-05-21 17:57:19.586 [main] DEBUG org.restct.RESTCT - ACTS Exited with code 0
2023-05-21 17:57:19.587 [main] INFO  org.restct.RESTCT -         7-th operation essential parameters covering array size: 2, parameters: 1, constraints: 0
2023-05-21 17:57:19.589 [main] DEBUG org.restct.RESTCT -         generate new domains...
2023-05-21 17:57:19.589 [main] DEBUG org.restct.RESTCT -             id: 2 - [Random=a1e8f8d745cc87e3a9248358d9352bb7f9a0aeba, Default=31405c5ddef582c5a9b7a85230413ff90e2fe720]
2023-05-21 17:57:20.165 [main] DEBUG org.restct.RESTCT - ACTS Exited with code 0
2023-05-21 17:57:20.166 [main] INFO  org.restct.RESTCT -         7-th operation all parameters covering array size: 2, parameters: 1
2023-05-21 17:57:20.166 [main] INFO  org.restct.RESTCT - ****************************************************************************************************
2023-05-21 17:57:20.167 [main] DEBUG org.restct.RESTCT - 8-th operation: get*http://localhost:30000/api/v4/projects/{id}/languages
2023-05-21 17:57:20.168 [main] DEBUG org.restct.RESTCT -         generate new domains...
2023-05-21 17:57:20.168 [main] DEBUG org.restct.RESTCT -             id: 2 - [Random, Default]
2023-05-21 17:57:20.602 [main] DEBUG org.restct.RESTCT - ACTS Exited with code 0
2023-05-21 17:57:20.603 [main] INFO  org.restct.RESTCT -         8-th operation essential parameters covering array size: 2, parameters: 1, constraints: 0
2023-05-21 17:57:20.604 [main] DEBUG org.restct.RESTCT -         generate new domains...
2023-05-21 17:57:20.605 [main] DEBUG org.restct.RESTCT -             id: 2 - [Random=a1e8f8d745cc87e3a9248358d9352bb7f9a0aeba, Default=31405c5ddef582c5a9b7a85230413ff90e2fe720]
2023-05-21 17:57:21.013 [main] DEBUG org.restct.RESTCT - ACTS Exited with code 0
2023-05-21 17:57:21.014 [main] INFO  org.restct.RESTCT -         8-th operation all parameters covering array size: 2, parameters: 1
2023-05-21 17:57:21.014 [main] INFO  org.restct.RESTCT - ****************************************************************************************************
2023-05-21 17:57:21.016 [main] DEBUG org.restct.RESTCT - 9-th operation: post*http://localhost:30000/api/v4/projects/{id}/fork
2023-05-21 17:57:21.016 [main] DEBUG org.restct.RESTCT -         generate new domains...
2023-05-21 17:57:21.016 [main] DEBUG org.restct.RESTCT -             id: 2 - [Random, Default]
2023-05-21 17:57:21.478 [main] DEBUG org.restct.RESTCT - ACTS Exited with code 0
2023-05-21 17:57:21.478 [main] INFO  org.restct.RESTCT -         9-th operation essential parameters covering array size: 2, parameters: 1, constraints: 0
2023-05-21 17:57:21.480 [main] DEBUG org.restct.RESTCT -         generate new domains...
2023-05-21 17:57:21.480 [main] DEBUG org.restct.RESTCT -             namespace_id: 4 - [Random=59, Random=70, Random=85, NULL=null]
2023-05-21 17:57:21.481 [main] DEBUG org.restct.RESTCT -             id: 2 - [Random=a1e8f8d745cc87e3a9248358d9352bb7f9a0aeba, Default=31405c5ddef582c5a9b7a85230413ff90e2fe720]
2023-05-21 17:57:21.481 [main] DEBUG org.restct.RESTCT -             name: 3 - [Random=Jody Baumbach, Default=GNU Lesser General Public License v3.0, NULL=null]
2023-05-21 17:57:21.482 [main] DEBUG org.restct.RESTCT -             namespace: 4 - [Random=13, Random=91, Random=51, NULL=null]
2023-05-21 17:57:21.482 [main] DEBUG org.restct.RESTCT -             path: 3 - [Default=files/markdown, NULL=null, Random=diaspora-project-site]
2023-05-21 17:57:21.482 [main] DEBUG org.restct.RESTCT -             namespace_path: 4 - [Random=liHIs3ZbpCSs9v0h, Random=7LXv5kJF7CovC1efrF66M, Random=5Ssn6fkXD3ax, NULL=null]
2023-05-21 17:57:22.008 [main] DEBUG org.restct.RESTCT - ACTS Exited with code 0
2023-05-21 17:57:22.009 [main] INFO  org.restct.RESTCT -         9-th operation all parameters covering array size: 16, parameters: 6
2023-05-21 17:57:22.009 [main] INFO  org.restct.RESTCT - ****************************************************************************************************
2023-05-21 17:57:22.018 [main] DEBUG org.restct.RESTCT - 10-th operation: delete*http://localhost:30000/api/v4/projects/{id}
2023-05-21 17:57:22.019 [main] DEBUG org.restct.RESTCT -         generate new domains...
2023-05-21 17:57:22.019 [main] DEBUG org.restct.RESTCT -             id: 2 - [Random, Default]
2023-05-21 17:57:22.643 [main] DEBUG org.restct.RESTCT - ACTS Exited with code 0
2023-05-21 17:57:22.643 [main] INFO  org.restct.RESTCT -         10-th operation essential parameters covering array size: 2, parameters: 1, constraints: 0
2023-05-21 17:57:22.646 [main] DEBUG org.restct.RESTCT -         generate new domains...
2023-05-21 17:57:22.646 [main] DEBUG org.restct.RESTCT -             id: 2 - [Random=a1e8f8d745cc87e3a9248358d9352bb7f9a0aeba, Default=31405c5ddef582c5a9b7a85230413ff90e2fe720]
2023-05-21 17:57:23.223 [main] DEBUG org.restct.RESTCT - ACTS Exited with code 0
2023-05-21 17:57:23.224 [main] INFO  org.restct.RESTCT -         10-th operation all parameters covering array size: 2, parameters: 1
2023-05-21 17:57:23.224 [main] INFO  org.restct.RESTCT - ****************************************************************************************************
2023-05-21 17:57:23.225 [main] DEBUG org.restct.RESTCT - 11-th operation: post*http://localhost:30000/api/v4/projects/user/{user_id}
2023-05-21 17:57:23.226 [main] DEBUG org.restct.RESTCT -         generate new domains...
2023-05-21 17:57:23.226 [main] DEBUG org.restct.RESTCT -             user_id: 3 - [Random]
2023-05-21 17:57:23.705 [main] DEBUG org.restct.RESTCT - ACTS Exited with code 0
2023-05-21 17:57:23.705 [main] INFO  org.restct.RESTCT -         11-th operation essential parameters covering array size: 3, parameters: 1, constraints: 0
2023-05-21 17:57:23.710 [main] DEBUG org.restct.RESTCT -         generate new domains...
2023-05-21 17:57:23.710 [main] DEBUG org.restct.RESTCT -             container_registry_enabled: 12 - [Enum=true, Enum=false, NULL=null]
2023-05-21 17:57:23.711 [main] DEBUG org.restct.RESTCT -             builds_access_level: 4 - [Enum=enabled, Enum=private, Enum=disabled, NULL=null]
2023-05-21 17:57:23.711 [main] DEBUG org.restct.RESTCT -             allow_merge_on_skipped_pipeline: 12 - [Enum=true, Enum=false, NULL=null]
2023-05-21 17:57:23.711 [main] DEBUG org.restct.RESTCT -             autoclose_referenced_issues: 12 - [Enum=true, Enum=false, NULL=null]
2023-05-21 17:57:23.711 [main] DEBUG org.restct.RESTCT -             suggestion_commit_message: 4 - [Random=LltI, Random=xsAsBJ0iwL8mCtmk, Random=pOJubTfZwCk0XfVgu25NtN3tyyjhO, NULL=null]
2023-05-21 17:57:23.711 [main] DEBUG org.restct.RESTCT -             name: 3 - [Random=Jody Baumbach, Default=GNU Lesser General Public License v3.0, NULL=null]
2023-05-21 17:57:23.711 [main] DEBUG org.restct.RESTCT -             avatar: 2 - [Random=, NULL=null]
2023-05-21 17:57:23.711 [main] DEBUG org.restct.RESTCT -             pages_access_level: 5 - [Enum=enabled, Enum=public, Enum=private, Enum=disabled, NULL=null]
2023-05-21 17:57:23.711 [main] DEBUG org.restct.RESTCT -             repository_storage: 3 - [Random=defadult, Default=default, NULL=null]
2023-05-21 17:57:23.711 [main] DEBUG org.restct.RESTCT -             build_coverage_regex: 4 - [Random=u8NqkRSFgyVpqjbo8, Random=MKpVaUW1Bu6kHFdtga9BDvX89TjRB4Zd, Random=TfkfJyNUuwJM8YYCL, NULL=null]
2023-05-21 17:57:23.712 [main] DEBUG org.restct.RESTCT -             resolve_outdated_diff_discussions: 12 - [Enum=true, Enum=false, NULL=null]
2023-05-21 17:57:23.712 [main] DEBUG org.restct.RESTCT -             template_name: 4 - [Random=bQ2k4ht8SiuYd2gFD, Random=Dg, NULL=null, Random=WpuTpNEVxmq]
2023-05-21 17:57:23.712 [main] DEBUG org.restct.RESTCT -             remove_source_branch_after_merge: 12 - [Enum=true, Enum=false, NULL=null]
2023-05-21 17:57:23.712 [main] DEBUG org.restct.RESTCT -             only_allow_merge_if_pipeline_succeeds: 12 - [Enum=true, Enum=false, NULL=null]
2023-05-21 17:57:23.712 [main] DEBUG org.restct.RESTCT -             auto_cancel_pending_pipelines: 3 - [Enum=enabled, Enum=disabled, NULL=null]
2023-05-21 17:57:23.712 [main] DEBUG org.restct.RESTCT -             auto_devops_deploy_strategy: 4 - [Enum=timed_incremental, Enum=manual, Enum=continuous, NULL=null]
2023-05-21 17:57:23.712 [main] DEBUG org.restct.RESTCT -             import_url: 4 - [Random=iKs741bQPE4MvNP2CztT88YNR2Ysso8JlO, Random=NEbduZZD5ynio6mzCMv55xIDUXBmFzxJ, Random=fXrC, NULL=null]
2023-05-21 17:57:23.712 [main] DEBUG org.restct.RESTCT -             merge_requests_access_level: 4 - [Enum=enabled, Enum=private, Enum=disabled, NULL=null]
2023-05-21 17:57:23.712 [main] DEBUG org.restct.RESTCT -             forking_access_level: 4 - [Enum=enabled, Enum=private, Enum=disabled, NULL=null]
2023-05-21 17:57:23.713 [main] DEBUG org.restct.RESTCT -             only_allow_merge_if_all_discussions_are_resolved: 12 - [Enum=true, Enum=false, NULL=null]
2023-05-21 17:57:23.713 [main] DEBUG org.restct.RESTCT -             request_access_enabled: 12 - [Enum=true, Enum=false, NULL=null]
2023-05-21 17:57:23.713 [main] DEBUG org.restct.RESTCT -             ci_config_path: 4 - [Random=w6ThSyhoh8U1z00, Random=PnPBQ7MQPDac3rhD0OTQix5Q, Random=BAAZOZ1Rd9fdewL9CABznX, NULL=null]
2023-05-21 17:57:23.713 [main] DEBUG org.restct.RESTCT -             wiki_enabled: 12 - [Enum=true, Enum=false, NULL=null]
2023-05-21 17:57:23.713 [main] DEBUG org.restct.RESTCT -             show_default_award_emojis: 12 - [Enum=true, Enum=false, NULL=null]
2023-05-21 17:57:23.713 [main] DEBUG org.restct.RESTCT -             snippets_access_level: 4 - [Enum=enabled, Enum=private, Enum=disabled, NULL=null]
2023-05-21 17:57:23.713 [main] DEBUG org.restct.RESTCT -             namespace_id: 4 - [Random=79, Random=78, Random=85, NULL=null]
2023-05-21 17:57:23.713 [main] DEBUG org.restct.RESTCT -             visibility: 4 - [Enum=public, Enum=private, Enum=internal, NULL=null]
2023-05-21 17:57:23.713 [main] DEBUG org.restct.RESTCT -             build_timeout: 3 - [Default=3600, Random=3, NULL=null]
2023-05-21 17:57:23.713 [main] DEBUG org.restct.RESTCT -             initialize_with_readme: 12 - [Enum=true, Enum=false, NULL=null]
2023-05-21 17:57:23.714 [main] DEBUG org.restct.RESTCT -             auto_devops_enabled: 12 - [Enum=true, Enum=false, NULL=null]
2023-05-21 17:57:23.714 [main] DEBUG org.restct.RESTCT -             repository_access_level: 4 - [Enum=enabled, Enum=private, Enum=disabled, NULL=null]
2023-05-21 17:57:23.714 [main] DEBUG org.restct.RESTCT -             requirements_access_level: 5 - [Enum=enabled, Enum=public, Enum=private, Enum=disabled, NULL=null]
2023-05-21 17:57:23.714 [main] DEBUG org.restct.RESTCT -             description: 3 - [Random=Shared project for Html5 Boilerplate, Default=GitLab Community Edition, NULL=null]
2023-05-21 17:57:23.714 [main] DEBUG org.restct.RESTCT -             wiki_access_level: 4 - [Enum=enabled, Enum=private, Enum=disabled, NULL=null]
2023-05-21 17:57:23.714 [main] DEBUG org.restct.RESTCT -             printing_merge_request_link_enabled: 12 - [Enum=true, Enum=false, NULL=null]
2023-05-21 17:57:23.714 [main] DEBUG org.restct.RESTCT -             merge_method: 4 - [Enum=ff, Enum=rebase_merge, Enum=merge, NULL=null]
2023-05-21 17:57:23.714 [main] DEBUG org.restct.RESTCT -             build_git_strategy: 2 - [Default=fetch, NULL=null]
2023-05-21 17:57:23.714 [main] DEBUG org.restct.RESTCT -             snippets_enabled: 12 - [Enum=true, Enum=false, NULL=null]
2023-05-21 17:57:23.714 [main] DEBUG org.restct.RESTCT -             packages_enabled: 12 - [Enum=true, Enum=false, NULL=null]
2023-05-21 17:57:23.715 [main] DEBUG org.restct.RESTCT -             issues_access_level: 4 - [Enum=enabled, Enum=private, Enum=disabled, NULL=null]
2023-05-21 17:57:23.715 [main] DEBUG org.restct.RESTCT -             user_id: 3 - [Random=65, Random=95, Random=39]
2023-05-21 17:57:23.715 [main] DEBUG org.restct.RESTCT -             emails_disabled: 12 - [Enum=true, Enum=false, NULL=null]
2023-05-21 17:57:23.715 [main] DEBUG org.restct.RESTCT -             issues_enabled: 12 - [Enum=true, Enum=false, NULL=null]
2023-05-21 17:57:23.715 [main] DEBUG org.restct.RESTCT -             public_builds: 12 - [Enum=true, Enum=false, NULL=null]
2023-05-21 17:57:23.715 [main] DEBUG org.restct.RESTCT -             tag_list: 3 - [Default=[example, puppet], Random=[example, disapora client], NULL=null]
2023-05-21 17:57:23.716 [main] DEBUG org.restct.RESTCT -             merge_requests_enabled: 12 - [Enum=true, Enum=false, NULL=null]
2023-05-21 17:57:23.716 [main] DEBUG org.restct.RESTCT -             jobs_enabled: 12 - [Enum=true, Enum=false, NULL=null]
2023-05-21 17:57:23.716 [main] DEBUG org.restct.RESTCT -             path: 3 - [Default=files/markdown, NULL=null, Random=diaspora-project-site]
2023-05-21 17:57:23.716 [main] DEBUG org.restct.RESTCT -             lfs_enabled: 12 - [Enum=true, Enum=false, NULL=null]
2023-05-21 17:57:23.716 [main] DEBUG org.restct.RESTCT -             shared_runners_enabled: 12 - [Enum=true, Enum=false, NULL=null]
2023-05-21 17:57:24.620 [main] DEBUG org.restct.RESTCT - ACTS Exited with code 0
2023-05-21 17:57:24.623 [main] INFO  org.restct.RESTCT -         11-th operation all parameters covering array size: 316, parameters: 50
2023-05-21 17:57:24.623 [main] INFO  org.restct.RESTCT - ****************************************************************************************************
2023-05-21 17:57:24.818 [main] DEBUG org.restct.RESTCT - 12-th operation: get*http://localhost:30000/api/v4/users/{user_id}/projects
2023-05-21 17:57:24.818 [main] DEBUG org.restct.RESTCT -         generate new domains...
2023-05-21 17:57:24.818 [main] DEBUG org.restct.RESTCT -             user_id: 3 - [Random]
2023-05-21 17:57:25.200 [main] DEBUG org.restct.RESTCT - ACTS Exited with code 0
2023-05-21 17:57:25.201 [main] INFO  org.restct.RESTCT -         12-th operation essential parameters covering array size: 3, parameters: 1, constraints: 0
2023-05-21 17:57:25.204 [main] DEBUG org.restct.RESTCT -         generate new domains...
2023-05-21 17:57:25.204 [main] DEBUG org.restct.RESTCT -             search: 4 - [Random=, Random=X9lMj6ic, Random=X8a7, NULL=null]
2023-05-21 17:57:25.204 [main] DEBUG org.restct.RESTCT -             archived: 12 - [Enum=true, Enum=false, NULL=null]
2023-05-21 17:57:25.204 [main] DEBUG org.restct.RESTCT -             order_by: 7 - [Enum=path, Enum=last_activity_at, Enum=name, Enum=created_at, Enum=id, Enum=updated_at, NULL=null]
2023-05-21 17:57:25.204 [main] DEBUG org.restct.RESTCT -             statistics: 12 - [Enum=true, Enum=false, NULL=null]
2023-05-21 17:57:25.204 [main] DEBUG org.restct.RESTCT -             owned: 12 - [Enum=true, Enum=false, NULL=null]
2023-05-21 17:57:25.205 [main] DEBUG org.restct.RESTCT -             with_merge_requests_enabled: 12 - [Enum=true, Enum=false, NULL=null]
2023-05-21 17:57:25.205 [main] DEBUG org.restct.RESTCT -             sort: 3 - [Enum=asc, Enum=desc, NULL=null]
2023-05-21 17:57:25.205 [main] DEBUG org.restct.RESTCT -             visibility: 4 - [Enum=public, Enum=private, Enum=internal, NULL=null]
2023-05-21 17:57:25.205 [main] DEBUG org.restct.RESTCT -             with_issues_enabled: 12 - [Enum=true, Enum=false, NULL=null]
2023-05-21 17:57:25.205 [main] DEBUG org.restct.RESTCT -             min_access_level: 7 - [Enum=30, Enum=0, Enum=50, Enum=20, Enum=40, Enum=10, NULL=null]
2023-05-21 17:57:25.206 [main] DEBUG org.restct.RESTCT -             id_after: 4 - [Random=45, Random=88, Random=39, NULL=null]
2023-05-21 17:57:25.206 [main] DEBUG org.restct.RESTCT -             simple: 12 - [Enum=true, Enum=false, NULL=null]
2023-05-21 17:57:25.206 [main] DEBUG org.restct.RESTCT -             membership: 12 - [Enum=true, Enum=false, NULL=null]
2023-05-21 17:57:25.206 [main] DEBUG org.restct.RESTCT -             starred: 12 - [Enum=true, Enum=false, NULL=null]
2023-05-21 17:57:25.206 [main] DEBUG org.restct.RESTCT -             with_custom_attributes: 12 - [Enum=true, Enum=false, NULL=null]
2023-05-21 17:57:25.206 [main] DEBUG org.restct.RESTCT -             id_before: 4 - [Random=95, Random=74, Random=73, NULL=null]
2023-05-21 17:57:25.206 [main] DEBUG org.restct.RESTCT -             user_id: 3 - [Random=tdKRjcyJc4mHqDPOY5RGf5ZYu6, Random=1GtazqOlOWhZGW9alF5OI, Random=xGcf5]
2023-05-21 17:57:25.206 [main] DEBUG org.restct.RESTCT -             with_programming_language: 4 - [Random=QCD2FNExTx5ZU, Random=4DYfr7Ps4RSI, Random=YgqG, NULL=null]
2023-05-21 17:57:25.786 [main] DEBUG org.restct.RESTCT - ACTS Exited with code 0
2023-05-21 17:57:25.787 [main] INFO  org.restct.RESTCT -         12-th operation all parameters covering array size: 223, parameters: 18
2023-05-21 17:57:25.788 [main] INFO  org.restct.RESTCT - ****************************************************************************************************
2023-05-21 17:57:25.940 [main] DEBUG org.restct.RESTCT - 13-th operation: get*http://localhost:30000/api/v4/projects
2023-05-21 17:57:25.940 [main] INFO  org.restct.RESTCT -         13-th operation essential parameters covering array size: 1, parameters: 0, constraints: 0
2023-05-21 17:57:25.941 [main] DEBUG org.restct.RESTCT -         generate new domains...
2023-05-21 17:57:25.942 [main] DEBUG org.restct.RESTCT -             sort: 3 - [Enum=asc, Enum=desc, NULL=null]
2023-05-21 17:57:25.942 [main] DEBUG org.restct.RESTCT -             membership: 6 - [Enum=true, Enum=false, NULL=null]
2023-05-21 17:57:25.942 [main] DEBUG org.restct.RESTCT -             order_by: 11 - [Enum=path, Enum=last_activity_at, Enum=packages_size, Enum=wiki_size, Enum=storage_size, Enum=name, Enum=created_at, Enum=repository_size, Enum=id, Enum=updated_at, NULL=null]
2023-05-21 17:57:25.942 [main] DEBUG org.restct.RESTCT -             archived: 6 - [Enum=true, Enum=false, NULL=null]
2023-05-21 17:57:25.943 [main] DEBUG org.restct.RESTCT -             last_activity_after: 7 - [Random=Random, Random=2023-05-20T17:57:25, Random=2023-05-23T17:57:25, Random=2023-05-21T17:57:25, NULL=null]
2023-05-21 17:57:25.943 [main] DEBUG org.restct.RESTCT -             id_after: 4 - [Random=1, Random=90, Random=68, NULL=null]
2023-05-21 17:57:25.943 [main] DEBUG org.restct.RESTCT -             min_access_level: 7 - [Enum=30, Enum=0, Enum=50, Enum=20, Enum=40, Enum=10, NULL=null]
2023-05-21 17:57:25.943 [main] DEBUG org.restct.RESTCT -             repository_storage: 3 - [Random=degfault, Default=default, NULL=null]
2023-05-21 17:57:25.943 [main] DEBUG org.restct.RESTCT -             with_programming_language: 4 - [Random=EwrFbsP5Z0A3xFZX4HFOfDq6gkurUWhcqW2, Random=8G2JOur6cUX6tOSm, Random=xdY82YsHO, NULL=null]
2023-05-21 17:57:25.943 [main] DEBUG org.restct.RESTCT -             statistics: 6 - [Enum=true, Enum=false, NULL=null]
2023-05-21 17:57:25.944 [main] DEBUG org.restct.RESTCT -             simple: 6 - [Enum=true, Enum=false, NULL=null]
2023-05-21 17:57:25.944 [main] DEBUG org.restct.RESTCT -             with_issues_enabled: 6 - [Enum=true, Enum=false, NULL=null]
2023-05-21 17:57:25.944 [main] DEBUG org.restct.RESTCT -             starred: 6 - [Enum=true, Enum=false, NULL=null]
2023-05-21 17:57:25.944 [main] DEBUG org.restct.RESTCT -             with_merge_requests_enabled: 6 - [Enum=true, Enum=false, NULL=null]
2023-05-21 17:57:25.944 [main] DEBUG org.restct.RESTCT -             last_activity_before: 7 - [Random=Random, Random=2023-05-20T17:57:25, Random=2023-05-23T17:57:25, Random=2023-05-21T17:57:25, NULL=null]
2023-05-21 17:57:25.944 [main] DEBUG org.restct.RESTCT -             visibility: 4 - [Enum=public, Enum=private, Enum=internal, NULL=null]
2023-05-21 17:57:25.945 [main] DEBUG org.restct.RESTCT -             with_custom_attributes: 6 - [Enum=true, Enum=false, NULL=null]
2023-05-21 17:57:25.945 [main] DEBUG org.restct.RESTCT -             search_namespaces: 6 - [Enum=true, Enum=false, NULL=null]
2023-05-21 17:57:25.945 [main] DEBUG org.restct.RESTCT -             owned: 6 - [Enum=true, Enum=false, NULL=null]
2023-05-21 17:57:25.945 [main] DEBUG org.restct.RESTCT -             search: 4 - [Random=lkCdzatLfRML3gc5OWGu8Fb, Random=nj3, Random=GRigUJd, NULL=null]
2023-05-21 17:57:25.945 [main] DEBUG org.restct.RESTCT -             id_before: 4 - [Random=64, Random=79, Random=6, NULL=null]
2023-05-21 17:57:26.487 [main] DEBUG org.restct.RESTCT - ACTS Exited with code 0
2023-05-21 17:57:26.488 [main] INFO  org.restct.RESTCT -         13-th operation all parameters covering array size: 93, parameters: 21
2023-05-21 17:57:26.488 [main] INFO  org.restct.RESTCT - ****************************************************************************************************
2023-05-21 17:57:26.530 [main] DEBUG org.restct.RESTCT - 14-th operation: post*http://localhost:30000/api/v4/projects/{id}/uploads
2023-05-21 17:57:26.530 [main] DEBUG org.restct.RESTCT -         generate new domains...
2023-05-21 17:57:26.531 [main] DEBUG org.restct.RESTCT -             id: 2 - [Random, Default]
2023-05-21 17:57:26.531 [main] DEBUG org.restct.RESTCT -             file: 1 - [Random]
2023-05-21 17:57:26.945 [main] DEBUG org.restct.RESTCT - ACTS Exited with code 0
2023-05-21 17:57:26.945 [main] INFO  org.restct.RESTCT -         14-th operation essential parameters covering array size: 2, parameters: 2, constraints: 0
2023-05-21 17:57:26.948 [main] DEBUG org.restct.RESTCT -         generate new domains...
2023-05-21 17:57:26.948 [main] DEBUG org.restct.RESTCT -             id: 2 - [Random=a1e8f8d745cc87e3a9248358d9352bb7f9a0aeba, Default=31405c5ddef582c5a9b7a85230413ff90e2fe720]
2023-05-21 17:57:26.948 [main] DEBUG org.restct.RESTCT -             file: 1 - [Random=random]
2023-05-21 17:57:27.365 [main] DEBUG org.restct.RESTCT - ACTS Exited with code 0
2023-05-21 17:57:27.366 [main] INFO  org.restct.RESTCT -         14-th operation all parameters covering array size: 2, parameters: 2
2023-05-21 17:57:27.366 [main] INFO  org.restct.RESTCT - ****************************************************************************************************
2023-05-21 17:57:27.367 [main] DEBUG org.restct.RESTCT - 15-th operation: post*http://localhost:30000/api/v4/projects/{id}/fork/{forked_from_id}
2023-05-21 17:57:27.368 [main] DEBUG org.restct.RESTCT -         generate new domains...
2023-05-21 17:57:27.368 [main] DEBUG org.restct.RESTCT -             forked_from_id: 3 - [Random]
2023-05-21 17:57:27.368 [main] DEBUG org.restct.RESTCT -             id: 2 - [Random, Default]
2023-05-21 17:57:27.761 [main] DEBUG org.restct.RESTCT - ACTS Exited with code 0
2023-05-21 17:57:27.761 [main] INFO  org.restct.RESTCT -         15-th operation essential parameters covering array size: 6, parameters: 2, constraints: 0
2023-05-21 17:57:27.765 [main] DEBUG org.restct.RESTCT -         generate new domains...
2023-05-21 17:57:27.766 [main] DEBUG org.restct.RESTCT -             forked_from_id: 3 - [Random=48, Random=88, Random=18]
2023-05-21 17:57:27.766 [main] DEBUG org.restct.RESTCT -             id: 2 - [Random=a1e8f8d745cc87e3a9248358d9352bb7f9a0aeba, Default=31405c5ddef582c5a9b7a85230413ff90e2fe720]
2023-05-21 17:57:28.174 [main] DEBUG org.restct.RESTCT - ACTS Exited with code 0
2023-05-21 17:57:28.175 [main] INFO  org.restct.RESTCT -         15-th operation all parameters covering array size: 6, parameters: 2
2023-05-21 17:57:28.175 [main] INFO  org.restct.RESTCT - ****************************************************************************************************
2023-05-21 17:57:28.177 [main] DEBUG org.restct.RESTCT - 16-th operation: post*http://localhost:30000/api/v4/projects/{id}/unarchive
2023-05-21 17:57:28.178 [main] DEBUG org.restct.RESTCT -         generate new domains...
2023-05-21 17:57:28.178 [main] DEBUG org.restct.RESTCT -             id: 2 - [Random, Default]
2023-05-21 17:57:28.566 [main] DEBUG org.restct.RESTCT - ACTS Exited with code 0
2023-05-21 17:57:28.566 [main] INFO  org.restct.RESTCT -         16-th operation essential parameters covering array size: 2, parameters: 1, constraints: 0
2023-05-21 17:57:28.567 [main] DEBUG org.restct.RESTCT -         generate new domains...
2023-05-21 17:57:28.567 [main] DEBUG org.restct.RESTCT -             id: 2 - [Random=a1e8f8d745cc87e3a9248358d9352bb7f9a0aeba, Default=31405c5ddef582c5a9b7a85230413ff90e2fe720]
2023-05-21 17:57:28.938 [main] DEBUG org.restct.RESTCT - ACTS Exited with code 0
2023-05-21 17:57:28.938 [main] INFO  org.restct.RESTCT -         16-th operation all parameters covering array size: 2, parameters: 1
2023-05-21 17:57:28.938 [main] INFO  org.restct.RESTCT - ****************************************************************************************************
2023-05-21 17:57:28.939 [main] DEBUG org.restct.RESTCT - 17-th operation: put*http://localhost:30000/api/v4/projects/{id}/transfer
2023-05-21 17:57:28.940 [main] DEBUG org.restct.RESTCT -         generate new domains...
2023-05-21 17:57:28.940 [main] DEBUG org.restct.RESTCT -             namespace: 3 - [Random]
2023-05-21 17:57:28.940 [main] DEBUG org.restct.RESTCT -             id: 2 - [Random, Default]
2023-05-21 17:57:29.365 [main] DEBUG org.restct.RESTCT - ACTS Exited with code 0
2023-05-21 17:57:29.365 [main] INFO  org.restct.RESTCT -         17-th operation essential parameters covering array size: 6, parameters: 2, constraints: 0
2023-05-21 17:57:29.368 [main] DEBUG org.restct.RESTCT -         generate new domains...
2023-05-21 17:57:29.368 [main] DEBUG org.restct.RESTCT -             namespace: 3 - [Random=75, Random=22, Random=34]
2023-05-21 17:57:29.369 [main] DEBUG org.restct.RESTCT -             id: 2 - [Random=a1e8f8d745cc87e3a9248358d9352bb7f9a0aeba, Default=31405c5ddef582c5a9b7a85230413ff90e2fe720]
2023-05-21 17:57:29.838 [main] DEBUG org.restct.RESTCT - ACTS Exited with code 0
2023-05-21 17:57:29.839 [main] INFO  org.restct.RESTCT -         17-th operation all parameters covering array size: 6, parameters: 2
2023-05-21 17:57:29.839 [main] INFO  org.restct.RESTCT - ****************************************************************************************************
2023-05-21 17:57:29.841 [main] DEBUG org.restct.RESTCT - 18-th operation: post*http://localhost:30000/api/v4/projects/{id}/share
2023-05-21 17:57:29.842 [main] DEBUG org.restct.RESTCT -         generate new domains...
2023-05-21 17:57:29.842 [main] DEBUG org.restct.RESTCT -             group_id: 2 - [Random, Default]
2023-05-21 17:57:29.842 [main] DEBUG org.restct.RESTCT -             id: 2 - [Random, Default]
2023-05-21 17:57:29.842 [main] DEBUG org.restct.RESTCT -             group_access: 5 - [Enum]
2023-05-21 17:57:30.407 [main] DEBUG org.restct.RESTCT - ACTS Exited with code 0
2023-05-21 17:57:30.408 [main] INFO  org.restct.RESTCT -         18-th operation essential parameters covering array size: 20, parameters: 3, constraints: 0
2023-05-21 17:57:30.421 [main] DEBUG org.restct.RESTCT -         generate new domains...
2023-05-21 17:57:30.421 [main] DEBUG org.restct.RESTCT -             group_id: 2 - [Default=28, Random=3]
2023-05-21 17:57:30.421 [main] DEBUG org.restct.RESTCT -             id: 2 - [Random=a1e8f8d745cc87e3a9248358d9352bb7f9a0aeba, Default=31405c5ddef582c5a9b7a85230413ff90e2fe720]
2023-05-21 17:57:30.421 [main] DEBUG org.restct.RESTCT -             expires_at: 3 - [Random=018-08-14, Default=2018-08-14, NULL=null]
2023-05-21 17:57:30.421 [main] DEBUG org.restct.RESTCT -             group_access: 5 - [Enum=30, Enum=50, Enum=20, Enum=40, Enum=10]
2023-05-21 17:57:30.939 [main] DEBUG org.restct.RESTCT - ACTS Exited with code 0
2023-05-21 17:57:30.939 [main] INFO  org.restct.RESTCT -         18-th operation all parameters covering array size: 15, parameters: 4
2023-05-21 17:57:30.940 [main] INFO  org.restct.RESTCT - ****************************************************************************************************
2023-05-21 17:57:31.065 [main] DEBUG org.restct.RESTCT - 19-th operation: post*http://localhost:30000/api/v4/projects/{id}/star
2023-05-21 17:57:31.065 [main] DEBUG org.restct.RESTCT -         generate new domains...
2023-05-21 17:57:31.065 [main] DEBUG org.restct.RESTCT -             id: 2 - [Random, Default]
2023-05-21 17:57:31.634 [main] DEBUG org.restct.RESTCT - ACTS Exited with code 0
2023-05-21 17:57:31.635 [main] INFO  org.restct.RESTCT -         19-th operation essential parameters covering array size: 2, parameters: 1, constraints: 0
2023-05-21 17:57:31.636 [main] DEBUG org.restct.RESTCT -         generate new domains...
2023-05-21 17:57:31.637 [main] DEBUG org.restct.RESTCT -             id: 2 - [Random=a1e8f8d745cc87e3a9248358d9352bb7f9a0aeba, Default=31405c5ddef582c5a9b7a85230413ff90e2fe720]
2023-05-21 17:57:32.123 [main] DEBUG org.restct.RESTCT - ACTS Exited with code 0
2023-05-21 17:57:32.123 [main] INFO  org.restct.RESTCT -         19-th operation all parameters covering array size: 2, parameters: 1
2023-05-21 17:57:32.123 [main] INFO  org.restct.RESTCT - ****************************************************************************************************
2023-05-21 17:57:32.125 [main] DEBUG org.restct.RESTCT - 20-th operation: delete*http://localhost:30000/api/v4/projects/{id}/share/{group_id}
2023-05-21 17:57:32.125 [main] DEBUG org.restct.RESTCT -         generate new domains...
2023-05-21 17:57:32.125 [main] DEBUG org.restct.RESTCT -             id: 2 - [Random, Default]
2023-05-21 17:57:32.125 [main] DEBUG org.restct.RESTCT -             group_id: 2 - [Random, Default]
2023-05-21 17:57:32.536 [main] DEBUG org.restct.RESTCT - ACTS Exited with code 0
2023-05-21 17:57:32.537 [main] INFO  org.restct.RESTCT -         20-th operation essential parameters covering array size: 4, parameters: 2, constraints: 0
2023-05-21 17:57:32.540 [main] DEBUG org.restct.RESTCT -         generate new domains...
2023-05-21 17:57:32.540 [main] DEBUG org.restct.RESTCT -             id: 2 - [Random=a1e8f8d745cc87e3a9248358d9352bb7f9a0aeba, Default=31405c5ddef582c5a9b7a85230413ff90e2fe720]
2023-05-21 17:57:32.540 [main] DEBUG org.restct.RESTCT -             group_id: 2 - [Default=28, Random=3]
2023-05-21 17:57:33.081 [main] DEBUG org.restct.RESTCT - ACTS Exited with code 0
2023-05-21 17:57:33.081 [main] INFO  org.restct.RESTCT -         20-th operation all parameters covering array size: 4, parameters: 2
2023-05-21 17:57:33.082 [main] INFO  org.restct.RESTCT - ****************************************************************************************************
2023-05-21 17:57:33.086 [main] DEBUG org.restct.RESTCT - 21-th operation: post*http://localhost:30000/api/v4/projects/{id}/housekeeping
2023-05-21 17:57:33.087 [main] DEBUG org.restct.RESTCT -         generate new domains...
2023-05-21 17:57:33.087 [main] DEBUG org.restct.RESTCT -             id: 2 - [Random, Default]
2023-05-21 17:57:33.523 [main] DEBUG org.restct.RESTCT - ACTS Exited with code 0
2023-05-21 17:57:33.524 [main] INFO  org.restct.RESTCT -         21-th operation essential parameters covering array size: 2, parameters: 1, constraints: 0
2023-05-21 17:57:33.525 [main] DEBUG org.restct.RESTCT -         generate new domains...
2023-05-21 17:57:33.525 [main] DEBUG org.restct.RESTCT -             id: 2 - [Random=a1e8f8d745cc87e3a9248358d9352bb7f9a0aeba, Default=31405c5ddef582c5a9b7a85230413ff90e2fe720]
2023-05-21 17:57:33.965 [main] DEBUG org.restct.RESTCT - ACTS Exited with code 0
2023-05-21 17:57:33.965 [main] INFO  org.restct.RESTCT -         21-th operation all parameters covering array size: 2, parameters: 1
2023-05-21 17:57:33.965 [main] INFO  org.restct.RESTCT - ****************************************************************************************************
2023-05-21 17:57:33.967 [main] DEBUG org.restct.RESTCT - 22-th operation: post*http://localhost:30000/api/v4/projects/{id}/unstar
2023-05-21 17:57:33.967 [main] DEBUG org.restct.RESTCT -         generate new domains...
2023-05-21 17:57:33.967 [main] DEBUG org.restct.RESTCT -             id: 2 - [Random, Default]
2023-05-21 17:57:34.368 [main] DEBUG org.restct.RESTCT - ACTS Exited with code 0
2023-05-21 17:57:34.368 [main] INFO  org.restct.RESTCT -         22-th operation essential parameters covering array size: 2, parameters: 1, constraints: 0
2023-05-21 17:57:34.369 [main] DEBUG org.restct.RESTCT -         generate new domains...
2023-05-21 17:57:34.369 [main] DEBUG org.restct.RESTCT -             id: 2 - [Random=a1e8f8d745cc87e3a9248358d9352bb7f9a0aeba, Default=31405c5ddef582c5a9b7a85230413ff90e2fe720]
2023-05-21 17:57:34.772 [main] DEBUG org.restct.RESTCT - ACTS Exited with code 0
2023-05-21 17:57:34.772 [main] INFO  org.restct.RESTCT -         22-th operation all parameters covering array size: 2, parameters: 1
2023-05-21 17:57:34.772 [main] INFO  org.restct.RESTCT - ****************************************************************************************************
2023-05-21 17:57:34.773 [main] DEBUG org.restct.RESTCT - 23-th operation: delete*http://localhost:30000/api/v4/projects/{id}/fork
2023-05-21 17:57:34.774 [main] DEBUG org.restct.RESTCT -         generate new domains...
2023-05-21 17:57:34.774 [main] DEBUG org.restct.RESTCT -             id: 2 - [Random, Default]
2023-05-21 17:57:35.169 [main] DEBUG org.restct.RESTCT - ACTS Exited with code 0
2023-05-21 17:57:35.170 [main] INFO  org.restct.RESTCT -         23-th operation essential parameters covering array size: 2, parameters: 1, constraints: 0
2023-05-21 17:57:35.171 [main] DEBUG org.restct.RESTCT -         generate new domains...
2023-05-21 17:57:35.171 [main] DEBUG org.restct.RESTCT -             id: 2 - [Random=a1e8f8d745cc87e3a9248358d9352bb7f9a0aeba, Default=31405c5ddef582c5a9b7a85230413ff90e2fe720]
2023-05-21 17:57:35.605 [main] DEBUG org.restct.RESTCT - ACTS Exited with code 0
2023-05-21 17:57:35.605 [main] INFO  org.restct.RESTCT -         23-th operation all parameters covering array size: 2, parameters: 1
2023-05-21 17:57:35.605 [main] INFO  org.restct.RESTCT - ****************************************************************************************************
2023-05-21 17:57:35.607 [main] DEBUG org.restct.RESTCT - 24-th operation: post*http://localhost:30000/api/v4/projects/{id}/archive
2023-05-21 17:57:35.607 [main] DEBUG org.restct.RESTCT -         generate new domains...
2023-05-21 17:57:35.607 [main] DEBUG org.restct.RESTCT -             id: 2 - [Random, Default]
2023-05-21 17:57:36.000 [main] DEBUG org.restct.RESTCT - ACTS Exited with code 0
2023-05-21 17:57:36.000 [main] INFO  org.restct.RESTCT -         24-th operation essential parameters covering array size: 2, parameters: 1, constraints: 0
2023-05-21 17:57:36.002 [main] DEBUG org.restct.RESTCT -         generate new domains...
2023-05-21 17:57:36.002 [main] DEBUG org.restct.RESTCT -             id: 2 - [Random=a1e8f8d745cc87e3a9248358d9352bb7f9a0aeba, Default=31405c5ddef582c5a9b7a85230413ff90e2fe720]
2023-05-21 17:57:36.397 [main] DEBUG org.restct.RESTCT - ACTS Exited with code 0
2023-05-21 17:57:36.397 [main] INFO  org.restct.RESTCT -         24-th operation all parameters covering array size: 2, parameters: 1
2023-05-21 17:57:36.397 [main] INFO  org.restct.RESTCT - ****************************************************************************************************
2023-05-21 17:57:36.399 [main] INFO  org.restct.RESTCT -    unresolved parameters:
2023-05-21 17:57:36.400 [main] DEBUG org.restct.RESTCT - budget 3600 , now cost: 35.156
2023-05-21 17:57:36.401 [main] DEBUG org.restct.RESTCT - 1-th operation: get*http://localhost:30000/api/v4/projects/{id}
2023-05-21 17:57:36.401 [main] DEBUG org.restct.RESTCT -         generate new domains...
2023-05-21 17:57:36.402 [main] DEBUG org.restct.RESTCT -             id: 2 - [Random, Default]
2023-05-21 17:57:36.803 [main] DEBUG org.restct.RESTCT - ACTS Exited with code 0
2023-05-21 17:57:36.803 [main] INFO  org.restct.RESTCT -         1-th operation essential parameters covering array size: 2, parameters: 1, constraints: 0
2023-05-21 17:57:36.806 [main] DEBUG org.restct.RESTCT -         generate new domains...
2023-05-21 17:57:36.807 [main] DEBUG org.restct.RESTCT -             with_custom_attributes: 9 - [Enum=true, Enum=false, NULL=null]
2023-05-21 17:57:36.807 [main] DEBUG org.restct.RESTCT -             statistics: 9 - [Enum=true, Enum=false, NULL=null]
2023-05-21 17:57:36.807 [main] DEBUG org.restct.RESTCT -             license: 9 - [Enum=true, Enum=false, NULL=null]
2023-05-21 17:57:36.807 [main] DEBUG org.restct.RESTCT -             id: 2 - [Random=a1e8f8d745cc87e3a9248358d9352bb7f9a0aeba, Default=31405c5ddef582c5a9b7a85230413ff90e2fe720]
2023-05-21 17:57:37.266 [main] DEBUG org.restct.RESTCT - ACTS Exited with code 0
2023-05-21 17:57:37.266 [main] INFO  org.restct.RESTCT -         1-th operation all parameters covering array size: 81, parameters: 4
2023-05-21 17:57:37.266 [main] INFO  org.restct.RESTCT - ****************************************************************************************************
2023-05-21 17:57:37.299 [main] DEBUG org.restct.RESTCT - 2-th operation: get*http://localhost:30000/api/v4/projects/{id}/languages
2023-05-21 17:57:37.299 [main] DEBUG org.restct.RESTCT -         generate new domains...
2023-05-21 17:57:37.299 [main] DEBUG org.restct.RESTCT -             id: 2 - [Random, Default]
2023-05-21 17:57:37.828 [main] DEBUG org.restct.RESTCT - ACTS Exited with code 0
2023-05-21 17:57:37.828 [main] INFO  org.restct.RESTCT -         2-th operation essential parameters covering array size: 2, parameters: 1, constraints: 0
2023-05-21 17:57:37.830 [main] DEBUG org.restct.RESTCT -         generate new domains...
2023-05-21 17:57:37.831 [main] DEBUG org.restct.RESTCT -             id: 2 - [Random=a1e8f8d745cc87e3a9248358d9352bb7f9a0aeba, Default=31405c5ddef582c5a9b7a85230413ff90e2fe720]
2023-05-21 17:57:38.253 [main] DEBUG org.restct.RESTCT - ACTS Exited with code 0
2023-05-21 17:57:38.253 [main] INFO  org.restct.RESTCT -         2-th operation all parameters covering array size: 2, parameters: 1
2023-05-21 17:57:38.253 [main] INFO  org.restct.RESTCT - ****************************************************************************************************
2023-05-21 17:57:38.255 [main] DEBUG org.restct.RESTCT - 3-th operation: post*http://localhost:30000/api/v4/projects
2023-05-21 17:57:38.255 [main] INFO  org.restct.RESTCT -         3-th operation essential parameters covering array size: 1, parameters: 0, constraints: 0
2023-05-21 17:57:38.256 [main] DEBUG org.restct.RESTCT -         generate new domains...
2023-05-21 17:57:38.256 [main] DEBUG org.restct.RESTCT -             requirements_access_level: 5 - [Enum=enabled, Enum=public, Enum=private, Enum=disabled, NULL=null]
2023-05-21 17:57:38.257 [main] DEBUG org.restct.RESTCT -             remove_source_branch_after_merge: 264 - [Enum=true, Enum=false, NULL=null]
2023-05-21 17:57:38.257 [main] DEBUG org.restct.RESTCT -             wiki_access_level: 4 - [Enum=enabled, Enum=private, Enum=disabled, NULL=null]
2023-05-21 17:57:38.257 [main] DEBUG org.restct.RESTCT -             auto_devops_deploy_strategy: 4 - [Enum=timed_incremental, Enum=manual, Enum=continuous, NULL=null]
2023-05-21 17:57:38.257 [main] DEBUG org.restct.RESTCT -             cadence: 3 - [Default=7d, Random=7, NULL=null]
2023-05-21 17:57:38.257 [main] DEBUG org.restct.RESTCT -             enabled: 264 - [Enum=true, Enum=false, NULL=null]
2023-05-21 17:57:38.257 [main] DEBUG org.restct.RESTCT -             keep_n: 4 - [Random=16, Random=27, Random=70, NULL=null]
2023-05-21 17:57:38.257 [main] DEBUG org.restct.RESTCT -             older_than: 4 - [Random=jdrlyO8x9TTjglJx3g7wfcr, Random=AgKh5Pm7MZw, Random=tWKDCUi2JhX51Weviu, NULL=null]
2023-05-21 17:57:38.257 [main] DEBUG org.restct.RESTCT -             name_regex: 4 - [Random=vJ6GAA, Random=Z4WtnzGJYsgXdtUEadE19PmU600ZdQfTMdj, Random=C, NULL=null]
2023-05-21 17:57:38.257 [main] DEBUG org.restct.RESTCT -             name_regex_delete: 4 - [Random=CRnoPEsquRoOIX, Random=H6V52ybuChNnquqPqOty1HDuvnDZ8, Random=106lzZJIkhahc23UoqbmbyMi, NULL=null]
2023-05-21 17:57:38.257 [main] DEBUG org.restct.RESTCT -             name_regex_keep: 4 - [Random=MOwzF4bL43YMR95Ch42fMeeCaIVWeiu, Random=TOQHmOy3h3mkDlbFNuBCC, Random=wdYi3uWwV7tM5QwLiU7hJJ6UT16PfWfaV, NULL=null]
2023-05-21 17:57:38.257 [main] DEBUG org.restct.RESTCT -             next_run_at: 3 - [Random=2020-05-04T06:13:22.654Z, Default=2020-01-07T21:42:58.658Z, NULL=null]
2023-05-21 17:57:38.257 [main] DEBUG org.restct.RESTCT -             template_name: 4 - [Random=3PVkapyIrdO1MzysKxOmoo, Random=ULHiirfN, Random=TYFeP2vTkVl1zMYP, NULL=null]
2023-05-21 17:57:38.257 [main] DEBUG org.restct.RESTCT -             default_branch: 2 - [Default=master, NULL=null]
2023-05-21 17:57:38.258 [main] DEBUG org.restct.RESTCT -             pages_access_level: 5 - [Enum=enabled, Enum=public, Enum=private, Enum=disabled, NULL=null]
2023-05-21 17:57:38.258 [main] DEBUG org.restct.RESTCT -             merge_method: 4 - [Enum=ff, Enum=rebase_merge, Enum=merge, NULL=null]
2023-05-21 17:57:38.258 [main] DEBUG org.restct.RESTCT -             auto_cancel_pending_pipelines: 3 - [Enum=enabled, Enum=disabled, NULL=null]
2023-05-21 17:57:38.258 [main] DEBUG org.restct.RESTCT -             build_git_strategy: 2 - [Default=fetch, NULL=null]
2023-05-21 17:57:38.258 [main] DEBUG org.restct.RESTCT -             shared_runners_enabled: 264 - [Enum=true, Enum=false, NULL=null]
2023-05-21 17:57:38.258 [main] DEBUG org.restct.RESTCT -             repository_storage: 3 - [Random=dehfault, Default=default, NULL=null]
2023-05-21 17:57:38.258 [main] DEBUG org.restct.RESTCT -             resolve_outdated_diff_discussions: 264 - [Enum=true, Enum=false, NULL=null]
2023-05-21 17:57:38.258 [main] DEBUG org.restct.RESTCT -             build_timeout: 3 - [Random=6, Default=3600, NULL=null]
2023-05-21 17:57:38.258 [main] DEBUG org.restct.RESTCT -             container_registry_enabled: 264 - [Enum=true, Enum=false, NULL=null]
2023-05-21 17:57:38.258 [main] DEBUG org.restct.RESTCT -             tag_list: 3 - [Default=[example, puppet], Random=[example, disapora client], NULL=null]
2023-05-21 17:57:38.258 [main] DEBUG org.restct.RESTCT -             only_allow_merge_if_pipeline_succeeds: 264 - [Enum=true, Enum=false, NULL=null]
2023-05-21 17:57:38.259 [main] DEBUG org.restct.RESTCT -             visibility: 4 - [Enum=public, Enum=private, Enum=internal, NULL=null]
2023-05-21 17:57:38.259 [main] DEBUG org.restct.RESTCT -             only_allow_merge_if_all_discussions_are_resolved: 264 - [Enum=true, Enum=false, NULL=null]
2023-05-21 17:57:38.259 [main] DEBUG org.restct.RESTCT -             build_coverage_regex: 4 - [Random=OgvftfkT94rxXyEhZUCS8SZto0t6fif3Q2X, Random=be, NULL=null, Random=oU7dJKNjh2A]
2023-05-21 17:57:38.259 [main] DEBUG org.restct.RESTCT -             issues_access_level: 4 - [Enum=enabled, Enum=private, Enum=disabled, NULL=null]
2023-05-21 17:57:38.259 [main] DEBUG org.restct.RESTCT -             merge_requests_enabled: 264 - [Enum=true, Enum=false, NULL=null]
2023-05-21 17:57:38.259 [main] DEBUG org.restct.RESTCT -             show_default_award_emojis: 264 - [Enum=true, Enum=false, NULL=null]
2023-05-21 17:57:38.259 [main] DEBUG org.restct.RESTCT -             jobs_enabled: 264 - [Enum=true, Enum=false, NULL=null]
2023-05-21 17:57:38.259 [main] DEBUG org.restct.RESTCT -             merge_requests_access_level: 4 - [Enum=enabled, Enum=private, Enum=disabled, NULL=null]
2023-05-21 17:57:38.259 [main] DEBUG org.restct.RESTCT -             namespace_id: 4 - [Random=81, Random=26, Random=39, NULL=null]
2023-05-21 17:57:38.259 [main] DEBUG org.restct.RESTCT -             path: 3 - [Default=files/markdown, NULL=null, Random=diaspora-project-site]
2023-05-21 17:57:38.260 [main] DEBUG org.restct.RESTCT -             avatar: 2 - [Random=, NULL=null]
2023-05-21 17:57:38.260 [main] DEBUG org.restct.RESTCT -             description: 3 - [Random=Shared project for Html5 Boilerplate, Default=GitLab Community Edition, NULL=null]
2023-05-21 17:57:38.260 [main] DEBUG org.restct.RESTCT -             forking_access_level: 4 - [Enum=enabled, Enum=private, Enum=disabled, NULL=null]
2023-05-21 17:57:38.260 [main] DEBUG org.restct.RESTCT -             wiki_enabled: 264 - [Enum=true, Enum=false, NULL=null]
2023-05-21 17:57:38.260 [main] DEBUG org.restct.RESTCT -             issues_enabled: 264 - [Enum=true, Enum=false, NULL=null]
2023-05-21 17:57:38.260 [main] DEBUG org.restct.RESTCT -             allow_merge_on_skipped_pipeline: 264 - [Enum=true, Enum=false, NULL=null]
2023-05-21 17:57:38.260 [main] DEBUG org.restct.RESTCT -             autoclose_referenced_issues: 264 - [Enum=true, Enum=false, NULL=null]
2023-05-21 17:57:38.260 [main] DEBUG org.restct.RESTCT -             packages_enabled: 264 - [Enum=true, Enum=false, NULL=null]
2023-05-21 17:57:38.260 [main] DEBUG org.restct.RESTCT -             public_builds: 264 - [Enum=true, Enum=false, NULL=null]
2023-05-21 17:57:38.260 [main] DEBUG org.restct.RESTCT -             repository_access_level: 4 - [Enum=enabled, Enum=private, Enum=disabled, NULL=null]
2023-05-21 17:57:38.260 [main] DEBUG org.restct.RESTCT -             name: 3 - [Random=Jody Baumbach, Default=GNU Lesser General Public License v3.0, NULL=null]
2023-05-21 17:57:38.260 [main] DEBUG org.restct.RESTCT -             ci_config_path: 4 - [Random=fy3Tti3, Random=hgJe3AFgU8rpA4vPsUSrvijug3OF3Sl, NULL=null, Random=uvhfFKh]
2023-05-21 17:57:38.260 [main] DEBUG org.restct.RESTCT -             request_access_enabled: 264 - [Enum=true, Enum=false, NULL=null]
2023-05-21 17:57:38.260 [main] DEBUG org.restct.RESTCT -             import_url: 4 - [Random=ZrLeZCgQw7MLKgvuNSB5A8SiVVC987ogPk, Random=aoGlWio1VE3Q3CHnwJ4kbh4lHhVcMceX1, Random=FMS, NULL=null]
2023-05-21 17:57:38.260 [main] DEBUG org.restct.RESTCT -             snippets_enabled: 264 - [Enum=true, Enum=false, NULL=null]
2023-05-21 17:57:38.261 [main] DEBUG org.restct.RESTCT -             snippets_access_level: 4 - [Enum=enabled, Enum=private, Enum=disabled, NULL=null]
2023-05-21 17:57:38.261 [main] DEBUG org.restct.RESTCT -             builds_access_level: 4 - [Enum=enabled, Enum=private, Enum=disabled, NULL=null]
2023-05-21 17:57:38.261 [main] DEBUG org.restct.RESTCT -             auto_devops_enabled: 264 - [Enum=true, Enum=false, NULL=null]
2023-05-21 17:57:38.261 [main] DEBUG org.restct.RESTCT -             initialize_with_readme: 264 - [Enum=true, Enum=false, NULL=null]
2023-05-21 17:57:38.261 [main] DEBUG org.restct.RESTCT -             lfs_enabled: 264 - [Enum=true, Enum=false, NULL=null]
2023-05-21 17:57:38.261 [main] DEBUG org.restct.RESTCT -             printing_merge_request_link_enabled: 264 - [Enum=true, Enum=false, NULL=null]
2023-05-21 17:57:38.261 [main] DEBUG org.restct.RESTCT -             emails_disabled: 264 - [Enum=true, Enum=false, NULL=null]
