2023-05-21 17:25:06.973 [main] INFO  org.restct.RESTCT - Start running program.
2023-05-21 17:25:07.393 [main] INFO  org.restct.RESTCT - Operations: 31
2023-05-21 17:25:07.393 [main] INFO  org.restct.RESTCT - Examples found: 576
2023-05-21 17:25:07.859 [main] INFO  org.restct.RESTCT - Uncovered combinations: 690, sequence length: 20
2023-05-21 17:25:08.158 [main] INFO  org.restct.RESTCT - Uncovered combinations: 447, sequence length: 29
2023-05-21 17:25:08.225 [main] INFO  org.restct.RESTCT - Uncovered combinations: 414, sequence length: 20
2023-05-21 17:25:08.371 [main] INFO  org.restct.RESTCT - Uncovered combinations: 338, sequence length: 31
2023-05-21 17:25:08.487 [main] INFO  org.restct.RESTCT - Uncovered combinations: 274, sequence length: 31
2023-05-21 17:25:08.549 [main] INFO  org.restct.RESTCT - Uncovered combinations: 224, sequence length: 30
2023-05-21 17:25:08.624 [main] INFO  org.restct.RESTCT - Uncovered combinations: 181, sequence length: 29
2023-05-21 17:25:08.667 [main] INFO  org.restct.RESTCT - Uncovered combinations: 144, sequence length: 28
2023-05-21 17:25:08.704 [main] INFO  org.restct.RESTCT - Uncovered combinations: 117, sequence length: 24
2023-05-21 17:25:08.723 [main] INFO  org.restct.RESTCT - Uncovered combinations: 105, sequence length: 18
2023-05-21 17:25:08.754 [main] INFO  org.restct.RESTCT - Uncovered combinations: 82, sequence length: 27
2023-05-21 17:25:08.782 [main] INFO  org.restct.RESTCT - Uncovered combinations: 61, sequence length: 25
2023-05-21 17:25:08.800 [main] INFO  org.restct.RESTCT - Uncovered combinations: 44, sequence length: 23
2023-05-21 17:25:08.811 [main] INFO  org.restct.RESTCT - Uncovered combinations: 33, sequence length: 18
2023-05-21 17:25:08.825 [main] INFO  org.restct.RESTCT - Uncovered combinations: 26, sequence length: 17
2023-05-21 17:25:08.839 [main] INFO  org.restct.RESTCT - Uncovered combinations: 20, sequence length: 17
2023-05-21 17:25:08.853 [main] INFO  org.restct.RESTCT - Uncovered combinations: 15, sequence length: 15
2023-05-21 17:25:08.866 [main] INFO  org.restct.RESTCT - Uncovered combinations: 12, sequence length: 12
2023-05-21 17:25:08.878 [main] INFO  org.restct.RESTCT - Uncovered combinations: 8, sequence length: 10
2023-05-21 17:25:08.890 [main] INFO  org.restct.RESTCT - Uncovered combinations: 6, sequence length: 8
2023-05-21 17:25:08.895 [main] INFO  org.restct.RESTCT - Uncovered combinations: 4, sequence length: 7
2023-05-21 17:25:08.901 [main] INFO  org.restct.RESTCT - Uncovered combinations: 2, sequence length: 6
2023-05-21 17:25:08.907 [main] INFO  org.restct.RESTCT - Uncovered combinations: 0, sequence length: 4
2023-05-21 17:25:08.913 [main] DEBUG org.restct.RESTCT - budget 3600 , now cost: 4.458
2023-05-21 17:25:08.913 [main] DEBUG org.restct.RESTCT - 1-th operation: get*http://localhost:30000/api/v4/users/{user_id}/starred_projects
2023-05-21 17:25:08.951 [main] DEBUG org.restct.RESTCT -         generate new domains...
2023-05-21 17:25:08.952 [main] DEBUG org.restct.RESTCT -             user_id: 3 - [Random]
2023-05-21 17:25:11.032 [main] DEBUG org.restct.RESTCT - ACTS Exited with code 0
2023-05-21 17:25:11.039 [main] INFO  org.restct.RESTCT -         1-th operation essential parameters covering array size: 3, parameters: 1, constraints: 0
2023-05-21 17:25:11.832 [main] DEBUG org.restct.RESTCT -         generate new domains...
2023-05-21 17:25:11.832 [main] DEBUG org.restct.RESTCT -             search: 4 - [Random=hjfV7atZcP, Random=6lkHc310pcawsIi8P3aFBkzr7ZyYFJD9C, NULL=null, Random=uIOwr3BdkDjHHSpoz0vlVVd]
2023-05-21 17:25:11.832 [main] DEBUG org.restct.RESTCT -             simple: 12 - [Enum=true, NULL=null, Enum=false]
2023-05-21 17:25:11.833 [main] DEBUG org.restct.RESTCT -             starred: 12 - [Enum=true, NULL=null, Enum=false]
2023-05-21 17:25:11.833 [main] DEBUG org.restct.RESTCT -             archived: 12 - [Enum=true, NULL=null, Enum=false]
2023-05-21 17:25:11.833 [main] DEBUG org.restct.RESTCT -             sort: 3 - [Enum=asc, NULL=null, Enum=desc]
2023-05-21 17:25:11.833 [main] DEBUG org.restct.RESTCT -             visibility: 4 - [Enum=internal, Enum=private, Enum=public, NULL=null]
2023-05-21 17:25:11.834 [main] DEBUG org.restct.RESTCT -             statistics: 12 - [Enum=true, NULL=null, Enum=false]
2023-05-21 17:25:11.834 [main] DEBUG org.restct.RESTCT -             with_issues_enabled: 12 - [Enum=true, NULL=null, Enum=false]
2023-05-21 17:25:11.834 [main] DEBUG org.restct.RESTCT -             membership: 12 - [Enum=true, NULL=null, Enum=false]
2023-05-21 17:25:11.835 [main] DEBUG org.restct.RESTCT -             user_id: 3 - [Random=TCJsxvJ79oqMY8QtC, Random=WvcRTBO1qxPqDMZYZ3Y83Y1m, Random=PqgpQLs1HmgAx3Ws89L1]
2023-05-21 17:25:11.835 [main] DEBUG org.restct.RESTCT -             owned: 12 - [Enum=true, NULL=null, Enum=false]
2023-05-21 17:25:11.835 [main] DEBUG org.restct.RESTCT -             with_merge_requests_enabled: 12 - [Enum=true, NULL=null, Enum=false]
2023-05-21 17:25:11.835 [main] DEBUG org.restct.RESTCT -             with_custom_attributes: 12 - [Enum=true, NULL=null, Enum=false]
2023-05-21 17:25:11.836 [main] DEBUG org.restct.RESTCT -             order_by: 7 - [Enum=path, Enum=last_activity_at, Enum=id, Enum=updated_at, NULL=null, Enum=name, Enum=created_at]
2023-05-21 17:25:11.836 [main] DEBUG org.restct.RESTCT -             min_access_level: 7 - [Enum=0, Enum=30, NULL=null, Enum=10, Enum=40, Enum=20, Enum=50]
2023-05-21 17:25:12.520 [main] DEBUG org.restct.RESTCT - ACTS Exited with code 0
2023-05-21 17:25:12.525 [main] INFO  org.restct.RESTCT -         1-th operation all parameters covering array size: 223, parameters: 15
2023-05-21 17:25:12.544 [main] INFO  org.restct.RESTCT - ****************************************************************************************************
2023-05-21 17:25:12.999 [main] DEBUG org.restct.RESTCT - 2-th operation: get*http://localhost:30000/api/v4/projects/{id}
2023-05-21 17:25:13.000 [main] DEBUG org.restct.RESTCT -         generate new domains...
2023-05-21 17:25:13.000 [main] DEBUG org.restct.RESTCT -             id: 2 - [Random, Default]
2023-05-21 17:25:13.582 [main] DEBUG org.restct.RESTCT - ACTS Exited with code 0
2023-05-21 17:25:13.583 [main] INFO  org.restct.RESTCT -         2-th operation essential parameters covering array size: 2, parameters: 1, constraints: 0
2023-05-21 17:25:13.585 [main] DEBUG org.restct.RESTCT -         generate new domains...
2023-05-21 17:25:13.586 [main] DEBUG org.restct.RESTCT -             with_custom_attributes: 9 - [Enum=true, NULL=null, Enum=false]
2023-05-21 17:25:13.586 [main] DEBUG org.restct.RESTCT -             statistics: 9 - [Enum=true, NULL=null, Enum=false]
2023-05-21 17:25:13.586 [main] DEBUG org.restct.RESTCT -             license: 9 - [Enum=true, NULL=null, Enum=false]
2023-05-21 17:25:13.587 [main] DEBUG org.restct.RESTCT -             id: 2 - [Default=31405c5ddef582c5a9b7a85230413ff90e2fe720, Random=a1e8f8d745cc87e3a9248358d9352bb7f9a0aeba]
2023-05-21 17:25:14.160 [main] DEBUG org.restct.RESTCT - ACTS Exited with code 0
2023-05-21 17:25:14.161 [main] INFO  org.restct.RESTCT -         2-th operation all parameters covering array size: 81, parameters: 4
2023-05-21 17:25:14.162 [main] INFO  org.restct.RESTCT - ****************************************************************************************************
2023-05-21 17:25:14.270 [main] DEBUG org.restct.RESTCT - 3-th operation: post*http://localhost:30000/api/v4/projects
2023-05-21 17:25:14.271 [main] INFO  org.restct.RESTCT -         3-th operation essential parameters covering array size: 1, parameters: 0, constraints: 0
2023-05-21 17:25:14.277 [main] DEBUG org.restct.RESTCT -         generate new domains...
2023-05-21 17:25:14.277 [main] DEBUG org.restct.RESTCT -             requirements_access_level: 5 - [Enum=private, Enum=public, NULL=null, Enum=disabled, Enum=enabled]
2023-05-21 17:25:14.278 [main] DEBUG org.restct.RESTCT -             remove_source_branch_after_merge: 6 - [Enum=true, NULL=null, Enum=false]
2023-05-21 17:25:14.278 [main] DEBUG org.restct.RESTCT -             wiki_access_level: 4 - [Enum=private, NULL=null, Enum=disabled, Enum=enabled]
2023-05-21 17:25:14.278 [main] DEBUG org.restct.RESTCT -             auto_devops_deploy_strategy: 4 - [Enum=timed_incremental, NULL=null, Enum=continuous, Enum=manual]
2023-05-21 17:25:14.279 [main] DEBUG org.restct.RESTCT -             cadence: 3 - [Random=7, NULL=null, Default=7d]
2023-05-21 17:25:14.279 [main] DEBUG org.restct.RESTCT -             enabled: 6 - [Enum=true, NULL=null, Enum=false]
2023-05-21 17:25:14.279 [main] DEBUG org.restct.RESTCT -             keep_n: 4 - [Random=10, NULL=null, Random=69, Random=78]
2023-05-21 17:25:14.279 [main] DEBUG org.restct.RESTCT -             older_than: 4 - [Random=zzXcyJhUrPUA6Vkcmi, NULL=null, Random=YUvI8wCtF9VafZM28Y3I, Random=c39Rmam7OTq8roUbI4x6UcGudkc]
2023-05-21 17:25:14.279 [main] DEBUG org.restct.RESTCT -             name_regex: 4 - [Random=UBm7VLhacCJSNvQg4rAzQwnbVvqTTWMxF, Random=226QZ, NULL=null, Random=Xs0]
2023-05-21 17:25:14.280 [main] DEBUG org.restct.RESTCT -             name_regex_delete: 4 - [NULL=null, Random=Fuc3PqrgyWNW4a3, Random=bW, Random=Y6x3qqFqattzgrr7LqFMWCd]
2023-05-21 17:25:14.280 [main] DEBUG org.restct.RESTCT -             name_regex_keep: 4 - [Random=mTMs, NULL=null, Random=7lFPmycnQlNcbeNISq9aTlYZ7zr, Random=4VkFRLL29NpyOgzpAb4SJYRYG]
2023-05-21 17:25:14.280 [main] DEBUG org.restct.RESTCT -             next_run_at: 3 - [Default=2020-01-07T21:42:58.658Z, NULL=null, Random=2020-05-04T06:13:22.654Z]
2023-05-21 17:25:14.281 [main] DEBUG org.restct.RESTCT -             template_name: 4 - [Random=OPQAyAZxFEZLFSfSoQyg9, NULL=null, Random=R0, Random=P9rQ6iw9wThw]
2023-05-21 17:25:14.281 [main] DEBUG org.restct.RESTCT -             default_branch: 2 - [NULL=null, Default=master]
2023-05-21 17:25:14.281 [main] DEBUG org.restct.RESTCT -             pages_access_level: 5 - [Enum=private, Enum=public, NULL=null, Enum=disabled, Enum=enabled]
2023-05-21 17:25:14.281 [main] DEBUG org.restct.RESTCT -             merge_method: 4 - [Enum=ff, NULL=null, Enum=rebase_merge, Enum=merge]
2023-05-21 17:25:14.282 [main] DEBUG org.restct.RESTCT -             auto_cancel_pending_pipelines: 3 - [NULL=null, Enum=disabled, Enum=enabled]
2023-05-21 17:25:14.282 [main] DEBUG org.restct.RESTCT -             build_git_strategy: 2 - [Default=fetch, NULL=null]
2023-05-21 17:25:14.282 [main] DEBUG org.restct.RESTCT -             shared_runners_enabled: 6 - [Enum=true, NULL=null, Enum=false]
2023-05-21 17:25:14.282 [main] DEBUG org.restct.RESTCT -             repository_storage: 3 - [Default=default, NULL=null, Random=defult]
2023-05-21 17:25:14.282 [main] DEBUG org.restct.RESTCT -             resolve_outdated_diff_discussions: 6 - [Enum=true, NULL=null, Enum=false]
2023-05-21 17:25:14.283 [main] DEBUG org.restct.RESTCT -             build_timeout: 3 - [Default=3600, NULL=null, Random=6]
2023-05-21 17:25:14.283 [main] DEBUG org.restct.RESTCT -             container_registry_enabled: 6 - [Enum=true, NULL=null, Enum=false]
2023-05-21 17:25:14.283 [main] DEBUG org.restct.RESTCT -             tag_list: 3 - [Random=[example, disapora client], NULL=null, Default=[example, puppet]]
2023-05-21 17:25:14.283 [main] DEBUG org.restct.RESTCT -             only_allow_merge_if_pipeline_succeeds: 6 - [Enum=true, NULL=null, Enum=false]
2023-05-21 17:25:14.283 [main] DEBUG org.restct.RESTCT -             visibility: 4 - [Enum=private, Enum=internal, Enum=public, NULL=null]
2023-05-21 17:25:14.284 [main] DEBUG org.restct.RESTCT -             only_allow_merge_if_all_discussions_are_resolved: 6 - [Enum=true, NULL=null, Enum=false]
2023-05-21 17:25:14.284 [main] DEBUG org.restct.RESTCT -             build_coverage_regex: 4 - [NULL=null, Random=CTRg, Random=onxF6fZN, Random=sqOVVpINuA75efafi]
2023-05-21 17:25:14.284 [main] DEBUG org.restct.RESTCT -             issues_access_level: 4 - [Enum=private, NULL=null, Enum=disabled, Enum=enabled]
2023-05-21 17:25:14.284 [main] DEBUG org.restct.RESTCT -             merge_requests_enabled: 6 - [Enum=true, NULL=null, Enum=false]
2023-05-21 17:25:14.284 [main] DEBUG org.restct.RESTCT -             show_default_award_emojis: 6 - [Enum=true, NULL=null, Enum=false]
2023-05-21 17:25:14.284 [main] DEBUG org.restct.RESTCT -             jobs_enabled: 6 - [Enum=true, NULL=null, Enum=false]
2023-05-21 17:25:14.285 [main] DEBUG org.restct.RESTCT -             merge_requests_access_level: 4 - [Enum=private, NULL=null, Enum=disabled, Enum=enabled]
2023-05-21 17:25:14.285 [main] DEBUG org.restct.RESTCT -             namespace_id: 4 - [Random=28, Random=74, NULL=null, Random=22]
2023-05-21 17:25:14.285 [main] DEBUG org.restct.RESTCT -             path: 3 - [NULL=null, Random=diaspora-project-site, Default=files/markdown]
2023-05-21 17:25:14.285 [main] DEBUG org.restct.RESTCT -             avatar: 2 - [NULL=null, Random=long random long random]
2023-05-21 17:25:14.285 [main] DEBUG org.restct.RESTCT -             description: 3 - [Random=Shared project for Html5 Boilerplate, NULL=null, Default=GitLab Community Edition]
2023-05-21 17:25:14.286 [main] DEBUG org.restct.RESTCT -             forking_access_level: 4 - [Enum=private, NULL=null, Enum=disabled, Enum=enabled]
2023-05-21 17:25:14.286 [main] DEBUG org.restct.RESTCT -             wiki_enabled: 6 - [Enum=true, NULL=null, Enum=false]
2023-05-21 17:25:14.286 [main] DEBUG org.restct.RESTCT -             issues_enabled: 6 - [Enum=true, NULL=null, Enum=false]
2023-05-21 17:25:14.286 [main] DEBUG org.restct.RESTCT -             allow_merge_on_skipped_pipeline: 6 - [Enum=true, NULL=null, Enum=false]
2023-05-21 17:25:14.286 [main] DEBUG org.restct.RESTCT -             autoclose_referenced_issues: 6 - [Enum=true, NULL=null, Enum=false]
2023-05-21 17:25:14.286 [main] DEBUG org.restct.RESTCT -             packages_enabled: 6 - [Enum=true, NULL=null, Enum=false]
2023-05-21 17:25:14.287 [main] DEBUG org.restct.RESTCT -             public_builds: 6 - [Enum=true, NULL=null, Enum=false]
2023-05-21 17:25:14.287 [main] DEBUG org.restct.RESTCT -             repository_access_level: 4 - [Enum=private, NULL=null, Enum=disabled, Enum=enabled]
2023-05-21 17:25:14.287 [main] DEBUG org.restct.RESTCT -             name: 3 - [NULL=null, Default=GNU Lesser General Public License v3.0, Random=Jody Baumbach]
2023-05-21 17:25:14.287 [main] DEBUG org.restct.RESTCT -             ci_config_path: 4 - [Random=SneMUivrgOk81b9fb34bRu, NULL=null, Random=RJ82EiiaK4NEsOXrHSPujE4GiNTSSyDYAUF, Random=o9rm2f686]
2023-05-21 17:25:14.288 [main] DEBUG org.restct.RESTCT -             request_access_enabled: 6 - [Enum=true, NULL=null, Enum=false]
2023-05-21 17:25:14.289 [main] DEBUG org.restct.RESTCT -             import_url: 4 - [NULL=null, Random=U, Random=rkLQrgG71JbvFgpT09ahxwiFKxm, Random=3HqSElGyzEk]
2023-05-21 17:25:14.289 [main] DEBUG org.restct.RESTCT -             snippets_enabled: 6 - [Enum=true, NULL=null, Enum=false]
2023-05-21 17:25:14.289 [main] DEBUG org.restct.RESTCT -             snippets_access_level: 4 - [Enum=private, NULL=null, Enum=disabled, Enum=enabled]
2023-05-21 17:25:14.290 [main] DEBUG org.restct.RESTCT -             builds_access_level: 4 - [Enum=private, NULL=null, Enum=disabled, Enum=enabled]
2023-05-21 17:25:14.290 [main] DEBUG org.restct.RESTCT -             auto_devops_enabled: 6 - [Enum=true, NULL=null, Enum=false]
2023-05-21 17:25:14.290 [main] DEBUG org.restct.RESTCT -             initialize_with_readme: 6 - [Enum=true, NULL=null, Enum=false]
2023-05-21 17:25:14.290 [main] DEBUG org.restct.RESTCT -             lfs_enabled: 6 - [Enum=true, NULL=null, Enum=false]
2023-05-21 17:25:14.290 [main] DEBUG org.restct.RESTCT -             printing_merge_request_link_enabled: 6 - [Enum=true, NULL=null, Enum=false]
2023-05-21 17:25:14.290 [main] DEBUG org.restct.RESTCT -             emails_disabled: 6 - [Enum=true, NULL=null, Enum=false]
2023-05-21 17:25:15.126 [main] DEBUG org.restct.RESTCT - ACTS Exited with code 0
2023-05-21 17:25:15.129 [main] INFO  org.restct.RESTCT -         3-th operation all parameters covering array size: 84, parameters: 57
2023-05-21 17:25:15.130 [main] INFO  org.restct.RESTCT - ****************************************************************************************************
2023-05-21 17:25:15.410 [main] DEBUG org.restct.RESTCT - 4-th operation: post*http://localhost:30000/api/v4/projects/{id}/housekeeping
2023-05-21 17:25:15.410 [main] DEBUG org.restct.RESTCT -         generate new domains...
2023-05-21 17:25:15.411 [main] DEBUG org.restct.RESTCT -             id: 2 - [Random, Default]
2023-05-21 17:25:15.947 [main] DEBUG org.restct.RESTCT - ACTS Exited with code 0
2023-05-21 17:25:15.948 [main] INFO  org.restct.RESTCT -         4-th operation essential parameters covering array size: 2, parameters: 1, constraints: 0
2023-05-21 17:25:15.951 [main] DEBUG org.restct.RESTCT -         generate new domains...
2023-05-21 17:25:15.951 [main] DEBUG org.restct.RESTCT -             id: 2 - [Default=31405c5ddef582c5a9b7a85230413ff90e2fe720, Random=a1e8f8d745cc87e3a9248358d9352bb7f9a0aeba]
2023-05-21 17:25:16.441 [main] DEBUG org.restct.RESTCT - ACTS Exited with code 0
2023-05-21 17:25:16.442 [main] INFO  org.restct.RESTCT -         4-th operation all parameters covering array size: 2, parameters: 1
2023-05-21 17:25:16.442 [main] INFO  org.restct.RESTCT - ****************************************************************************************************
2023-05-21 17:25:16.446 [main] DEBUG org.restct.RESTCT - 5-th operation: post*http://localhost:30000/api/v4/projects/{id}/share
2023-05-21 17:25:16.446 [main] DEBUG org.restct.RESTCT -         generate new domains...
2023-05-21 17:25:16.446 [main] DEBUG org.restct.RESTCT -             group_id: 2 - [Random, Default]
2023-05-21 17:25:16.446 [main] DEBUG org.restct.RESTCT -             id: 2 - [Random, Default]
2023-05-21 17:25:16.446 [main] DEBUG org.restct.RESTCT -             group_access: 5 - [Enum]
2023-05-21 17:25:17.115 [main] DEBUG org.restct.RESTCT - ACTS Exited with code 0
2023-05-21 17:25:17.117 [main] INFO  org.restct.RESTCT -         5-th operation essential parameters covering array size: 20, parameters: 3, constraints: 0
2023-05-21 17:25:17.141 [main] DEBUG org.restct.RESTCT -         generate new domains...
2023-05-21 17:25:17.142 [main] DEBUG org.restct.RESTCT -             group_id: 2 - [Random=3, Default=28]
2023-05-21 17:25:17.142 [main] DEBUG org.restct.RESTCT -             id: 2 - [Default=31405c5ddef582c5a9b7a85230413ff90e2fe720, Random=a1e8f8d745cc87e3a9248358d9352bb7f9a0aeba]
2023-05-21 17:25:17.142 [main] DEBUG org.restct.RESTCT -             expires_at: 3 - [NULL=null, Random=2018-08-f14, Default=2018-08-14]
2023-05-21 17:25:17.142 [main] DEBUG org.restct.RESTCT -             group_access: 5 - [Enum=30, Enum=10, Enum=40, Enum=20, Enum=50]
2023-05-21 17:25:17.829 [main] DEBUG org.restct.RESTCT - ACTS Exited with code 0
2023-05-21 17:25:17.831 [main] INFO  org.restct.RESTCT -         5-th operation all parameters covering array size: 15, parameters: 4
2023-05-21 17:25:17.831 [main] INFO  org.restct.RESTCT - ****************************************************************************************************
2023-05-21 17:25:17.850 [main] ERROR org.restct.RESTCT - Program execution failed: null
java.lang.NullPointerException: null
	at org.restct.dto.param.Date.getMutate(AbstractParam.java:774) ~[classes/:?]
	at org.restct.dto.param.Date.printableValue(AbstractParam.java:796) ~[classes/:?]
	at org.restct.utils.SendRequest.assemble(SendRequest.java:233) ~[classes/:?]
	at org.restct.utils.SendRequest.run(SendRequest.java:87) ~[classes/:?]
	at org.restct.CoveringArray.run(CoveringArray.java:121) ~[classes/:?]
	at org.restct.RESTCT.run(RESTCT.java:121) [classes/:?]
	at org.restct.Main.main(Main.java:11) [classes/:?]
2023-05-21 17:25:17.861 [main] INFO  org.restct.RESTCT - Program execution time: 13406 ms.
