2023-05-21 23:50:24.162 [main] INFO  org.restct.RESTCT - Start running program.
2023-05-21 23:50:24.370 [main] INFO  org.restct.RESTCT - Operations: 14
2023-05-21 23:50:24.370 [main] INFO  org.restct.RESTCT - Examples found: 18
2023-05-21 23:50:24.523 [main] INFO  org.restct.RESTCT - Uncovered combinations: 91, sequence length: 14
2023-05-21 23:50:24.534 [main] INFO  org.restct.RESTCT - Uncovered combinations: 55, sequence length: 14
2023-05-21 23:50:24.554 [main] INFO  org.restct.RESTCT - Uncovered combinations: 29, sequence length: 13
2023-05-21 23:50:24.572 [main] INFO  org.restct.RESTCT - Uncovered combinations: 10, sequence length: 12
2023-05-21 23:50:24.584 [main] INFO  org.restct.RESTCT - Uncovered combinations: 3, sequence length: 9
2023-05-21 23:50:24.587 [main] INFO  org.restct.RESTCT - Uncovered combinations: 0, sequence length: 4
2023-05-21 23:50:24.596 [main] INFO  org.restct.RESTCT - 1-th operation: get*http://dev.virtualearth.net/REST/v1/Routes/LocalInsightsAsync
2023-05-21 23:50:25.515 [main] INFO  org.restct.RESTCT -         1-th operation essential parameters covering array size: 14, parameters: 3, constraints: 0
2023-05-21 23:50:29.190 [main] INFO  org.restct.RESTCT -         1-th operation all parameters covering array size: 35, parameters: 10
2023-05-21 23:50:29.207 [main] INFO  org.restct.RESTCT - ****************************************************************************************************
2023-05-21 23:50:37.775 [main] INFO  org.restct.RESTCT - 2-th operation: get*http://dev.virtualearth.net/REST/v1/Routes/FromMajorRoads
2023-05-21 23:50:38.076 [main] INFO  org.restct.RESTCT -         2-th operation essential parameters covering array size: 2, parameters: 2, constraints: 0
2023-05-21 23:50:39.591 [main] INFO  org.restct.RESTCT -         2-th operation all parameters covering array size: 15, parameters: 6
2023-05-21 23:50:39.591 [main] INFO  org.restct.RESTCT - ****************************************************************************************************
2023-05-21 23:50:45.276 [main] INFO  org.restct.RESTCT - 3-th operation: post*http://dev.virtualearth.net/REST/v1/Routes/OptimizeItineraryAsync
2023-05-21 23:50:45.619 [main] ERROR org.restct.RESTCT - Program execution failed: Index: 1, Size: 1
java.lang.IndexOutOfBoundsException: Index: 1, Size: 1
	at java.util.ArrayList.rangeCheck(ArrayList.java:657) ~[?:1.8.0_231]
	at java.util.ArrayList.get(ArrayList.java:433) ~[?:1.8.0_231]
	at org.restct.ACTS.parseOutput(CoveringArray.java:623) ~[classes/:?]
	at org.restct.ACTS.run(CoveringArray.java:644) ~[classes/:?]
	at org.restct.CoveringArray.genEssentialParamsCase(CoveringArray.java:193) ~[classes/:?]
	at org.restct.CoveringArray.run(CoveringArray.java:99) ~[classes/:?]
	at org.restct.RESTCT.run(RESTCT.java:121) [classes/:?]
	at org.restct.Main.main(Main.java:11) [classes/:?]
2023-05-21 23:50:45.632 [main] INFO  org.restct.RESTCT - Program execution time: 22795 ms.
