2023-05-21 18:35:00.308 [main] DEBUG org.restct.RESTCT - ACTS Exited with code 0
2023-05-21 18:35:00.314 [main] INFO  org.restct.RESTCT -         1-th operation all parameters covering array size: 6, parameters: 3
2023-05-21 18:35:00.314 [main] INFO  org.restct.RESTCT - ****************************************************************************************************
2023-05-21 18:35:00.948 [main] DEBUG org.restct.RESTCT - 2-th operation: get*http://dev.virtualearth.net/REST/v1/Elevation/Polyline
2023-05-21 18:35:00.949 [main] DEBUG org.restct.RESTCT -         generate new domains...
2023-05-21 18:35:00.949 [main] DEBUG org.restct.RESTCT -             key: 2 - [Enum]
2023-05-21 18:35:00.949 [main] DEBUG org.restct.RESTCT -             points: 2 - [Random, Default]
2023-05-21 18:35:00.949 [main] DEBUG org.restct.RESTCT -             samples: 2 - [Random, Default]
2023-05-21 18:35:01.352 [main] DEBUG org.restct.RESTCT - ACTS Exited with code 0
2023-05-21 18:35:01.352 [main] INFO  org.restct.RESTCT -         2-th operation essential parameters covering array size: 8, parameters: 3, constraints: 0
2023-05-21 18:35:02.187 [main] DEBUG org.restct.RESTCT -         generate new domains...
2023-05-21 18:35:02.188 [main] DEBUG org.restct.RESTCT -             heights: 3 - [Enum=sealevel, NULL=null, Enum=ellipsoid]
2023-05-21 18:35:02.188 [main] DEBUG org.restct.RESTCT -             key: 2 - [Enum=AlHl96AYbOKB8QxE_ETFXpSNVAFZP6wx0k30DlO7X8OIc3CzRtbUFThxUEj_byNG, Enum=AtI47DZkFsqZK_2Ks7A_68EwjlpTLNI2imXFZey-6jt_YnFE1n3SXVZ6umljRFch]
2023-05-21 18:35:02.188 [main] DEBUG org.restct.RESTCT -             points: 2 - [Default=35.89431,-110.72522,35.89393,-110.72578,35.89374, Random=35.89431,-110.72522,35.89393,-110.72578,35.8374]
2023-05-21 18:35:02.188 [main] DEBUG org.restct.RESTCT -             samples: 2 - [Default=30, Random=7]
2023-05-21 18:35:02.572 [main] DEBUG org.restct.RESTCT - ACTS Exited with code 0
2023-05-21 18:35:02.573 [main] INFO  org.restct.RESTCT -         2-th operation all parameters covering array size: 6, parameters: 4
2023-05-21 18:35:02.573 [main] INFO  org.restct.RESTCT - ****************************************************************************************************
2023-05-21 18:35:03.200 [main] DEBUG org.restct.RESTCT - 3-th operation: get*http://dev.virtualearth.net/REST/v1/Elevation/Bounds
2023-05-21 18:35:03.200 [main] DEBUG org.restct.RESTCT -         generate new domains...
2023-05-21 18:35:03.201 [main] DEBUG org.restct.RESTCT -             bounds: 2 - [Random, Default]
2023-05-21 18:35:03.201 [main] DEBUG org.restct.RESTCT -             rows: 2 - [Random, Default]
2023-05-21 18:35:03.201 [main] DEBUG org.restct.RESTCT -             key: 2 - [Enum]
2023-05-21 18:35:03.202 [main] DEBUG org.restct.RESTCT -             cols: 2 - [Random, Default]
2023-05-21 18:35:03.595 [main] DEBUG org.restct.RESTCT - ACTS Exited with code 0
2023-05-21 18:35:03.596 [main] INFO  org.restct.RESTCT -         3-th operation essential parameters covering array size: 8, parameters: 4, constraints: 0
2023-05-21 18:35:05.608 [main] DEBUG org.restct.RESTCT -         generate new domains...
2023-05-21 18:35:05.608 [main] DEBUG org.restct.RESTCT -             heights: 3 - [Enum=sealevel, NULL=null, Enum=ellipsoid]
2023-05-21 18:35:05.608 [main] DEBUG org.restct.RESTCT -             bounds: 2 - [Random=45.219,-122.234,4a7.61,-122.07, Default=45.219,-122.234,47.61,-122.07]
2023-05-21 18:35:05.609 [main] DEBUG org.restct.RESTCT -             rows: 2 - [Default=30, Random=9]
2023-05-21 18:35:05.609 [main] DEBUG org.restct.RESTCT -             key: 2 - [Enum=AlHl96AYbOKB8QxE_ETFXpSNVAFZP6wx0k30DlO7X8OIc3CzRtbUFThxUEj_byNG, Enum=AtI47DZkFsqZK_2Ks7A_68EwjlpTLNI2imXFZey-6jt_YnFE1n3SXVZ6umljRFch]
2023-05-21 18:35:05.609 [main] DEBUG org.restct.RESTCT -             cols: 2 - [Default=15, Random=9]
2023-05-21 18:35:05.983 [main] DEBUG org.restct.RESTCT - ACTS Exited with code 0
2023-05-21 18:35:05.984 [main] INFO  org.restct.RESTCT -         3-th operation all parameters covering array size: 6, parameters: 5
2023-05-21 18:35:05.984 [main] INFO  org.restct.RESTCT - ****************************************************************************************************
2023-05-21 18:35:07.515 [main] INFO  org.restct.RESTCT -    unresolved parameters:
2023-05-21 18:35:07.521 [main] DEBUG org.restct.RESTCT - SequenceInfo [3, 4]
 Sequence Tested [1, 11, 0, 15, 12]
, bug 0
, total 214
 cost 0.89495

2023-05-21 18:35:07.526 [main] INFO  org.restct.RESTCT - Elevations,2,3,2,3.0,4.00,0.09,0.00,12.0,0.0,214.0,0,0.89

2023-05-21 18:35:07.526 [main] INFO  org.restct.RESTCT - Program execution time: 53708 ms.
