2023-05-21 23:44:05.811 [main] INFO  org.restct.RESTCT - Start running program.
2023-05-21 23:44:05.967 [main] INFO  org.restct.RESTCT - Operations: 14
2023-05-21 23:44:05.968 [main] INFO  org.restct.RESTCT - Examples found: 18
2023-05-21 23:44:06.052 [main] INFO  org.restct.RESTCT - Uncovered combinations: 91, sequence length: 14
2023-05-21 23:44:06.062 [main] INFO  org.restct.RESTCT - Uncovered combinations: 56, sequence length: 14
2023-05-21 23:44:06.069 [main] INFO  org.restct.RESTCT - Uncovered combinations: 27, sequence length: 13
2023-05-21 23:44:06.086 [main] INFO  org.restct.RESTCT - Uncovered combinations: 14, sequence length: 12
2023-05-21 23:44:06.089 [main] INFO  org.restct.RESTCT - Uncovered combinations: 8, sequence length: 10
2023-05-21 23:44:06.092 [main] INFO  org.restct.RESTCT - Uncovered combinations: 4, sequence length: 7
2023-05-21 23:44:06.106 [main] INFO  org.restct.RESTCT - Uncovered combinations: 1, sequence length: 5
2023-05-21 23:44:06.108 [main] INFO  org.restct.RESTCT - Uncovered combinations: 0, sequence length: 2
2023-05-21 23:44:06.119 [main] INFO  org.restct.RESTCT - 1-th operation: get*http://dev.virtualearth.net/REST/v1/Routes/LocalInsightsAsync
2023-05-21 23:44:06.567 [main] INFO  org.restct.RESTCT -         1-th operation essential parameters covering array size: 14, parameters: 3, constraints: 0
2023-05-21 23:44:08.941 [main] INFO  org.restct.RESTCT -         1-th operation all parameters covering array size: 35, parameters: 10
2023-05-21 23:44:08.950 [main] INFO  org.restct.RESTCT - ****************************************************************************************************
2023-05-21 23:44:16.888 [main] INFO  org.restct.RESTCT - 2-th operation: post*http://dev.virtualearth.net/REST/v1/Routes/SnapToRoadAsyncCallback
2023-05-21 23:44:17.203 [main] ERROR org.restct.RESTCT - Program execution failed: Index: 3, Size: 3
java.lang.IndexOutOfBoundsException: Index: 3, Size: 3
	at java.util.ArrayList.rangeCheck(ArrayList.java:657) ~[?:1.8.0_231]
	at java.util.ArrayList.get(ArrayList.java:433) ~[?:1.8.0_231]
	at org.restct.ACTS.parseOutput(CoveringArray.java:623) ~[classes/:?]
	at org.restct.ACTS.run(CoveringArray.java:644) ~[classes/:?]
	at org.restct.CoveringArray.genEssentialParamsCase(CoveringArray.java:193) ~[classes/:?]
	at org.restct.CoveringArray.run(CoveringArray.java:99) ~[classes/:?]
	at org.restct.RESTCT.run(RESTCT.java:121) [classes/:?]
	at org.restct.Main.main(Main.java:11) [classes/:?]
2023-05-21 23:44:17.224 [main] INFO  org.restct.RESTCT - Program execution time: 12752 ms.
2023-05-21 23:44:38.226 [main] INFO  org.restct.RESTCT - Start running program.
2023-05-21 23:44:38.369 [main] INFO  org.restct.RESTCT - Operations: 14
2023-05-21 23:44:38.369 [main] INFO  org.restct.RESTCT - Examples found: 18
2023-05-21 23:44:38.434 [main] INFO  org.restct.RESTCT - Uncovered combinations: 91, sequence length: 14
2023-05-21 23:44:38.454 [main] INFO  org.restct.RESTCT - Uncovered combinations: 62, sequence length: 14
2023-05-21 23:44:38.462 [main] INFO  org.restct.RESTCT - Uncovered combinations: 36, sequence length: 13
2023-05-21 23:44:38.482 [main] INFO  org.restct.RESTCT - Uncovered combinations: 23, sequence length: 11
2023-05-21 23:44:38.487 [main] INFO  org.restct.RESTCT - Uncovered combinations: 14, sequence length: 10
2023-05-21 23:44:38.490 [main] INFO  org.restct.RESTCT - Uncovered combinations: 9, sequence length: 8
2023-05-21 23:44:38.493 [main] INFO  org.restct.RESTCT - Uncovered combinations: 6, sequence length: 6
2023-05-21 23:44:38.495 [main] INFO  org.restct.RESTCT - Uncovered combinations: 3, sequence length: 5
2023-05-21 23:44:38.497 [main] INFO  org.restct.RESTCT - Uncovered combinations: 0, sequence length: 4
2023-05-21 23:44:38.502 [main] INFO  org.restct.RESTCT - 1-th operation: get*http://dev.virtualearth.net/REST/v1/Routes/{travelMode}
2023-05-21 23:44:39.256 [main] INFO  org.restct.RESTCT -         1-th operation essential parameters covering array size: 2, parameters: 2, constraints: 0
2023-05-21 23:44:40.457 [main] INFO  org.restct.RESTCT -         1-th operation all parameters covering array size: 51, parameters: 18
2023-05-21 23:44:40.469 [main] INFO  org.restct.RESTCT - ****************************************************************************************************
2023-05-21 23:44:49.086 [main] INFO  org.restct.RESTCT - 2-th operation: post*http://dev.virtualearth.net/REST/v1/Routes/DistanceMatrix
2023-05-21 23:44:49.489 [main] ERROR org.restct.RESTCT - Program execution failed: 15
java.lang.ArrayIndexOutOfBoundsException: 15
	at org.restct.ACTS.getName(CoveringArray.java:508) ~[classes/:?]
	at org.restct.ACTS.lambda$parseOutput$0(CoveringArray.java:612) ~[classes/:?]
	at java.util.stream.ReferencePipeline$3$1.accept(ReferencePipeline.java:193) ~[?:1.8.0_231]
	at java.util.Spliterators$ArraySpliterator.forEachRemaining(Spliterators.java:948) ~[?:1.8.0_231]
	at java.util.stream.AbstractPipeline.copyInto(AbstractPipeline.java:482) ~[?:1.8.0_231]
	at java.util.stream.AbstractPipeline.wrapAndCopyInto(AbstractPipeline.java:472) ~[?:1.8.0_231]
	at java.util.stream.ReduceOps$ReduceOp.evaluateSequential(ReduceOps.java:708) ~[?:1.8.0_231]
	at java.util.stream.AbstractPipeline.evaluate(AbstractPipeline.java:234) ~[?:1.8.0_231]
	at java.util.stream.ReferencePipeline.collect(ReferencePipeline.java:499) ~[?:1.8.0_231]
	at org.restct.ACTS.parseOutput(CoveringArray.java:613) ~[classes/:?]
	at org.restct.ACTS.run(CoveringArray.java:644) ~[classes/:?]
	at org.restct.CoveringArray.genEssentialParamsCase(CoveringArray.java:193) ~[classes/:?]
	at org.restct.CoveringArray.run(CoveringArray.java:99) ~[classes/:?]
	at org.restct.RESTCT.run(RESTCT.java:121) [classes/:?]
	at org.restct.Main.main(Main.java:11) [classes/:?]
2023-05-21 23:44:49.499 [main] INFO  org.restct.RESTCT - Program execution time: 12569 ms.
