2023-05-21 22:27:02.812 [main] INFO  org.restct.RESTCT - Start running program.
2023-05-21 22:27:03.050 [main] INFO  org.restct.RESTCT - Operations: 14
2023-05-21 22:27:03.051 [main] INFO  org.restct.RESTCT - Examples found: 18
2023-05-21 22:27:03.131 [main] INFO  org.restct.RESTCT - Uncovered combinations: 91, sequence length: 14
2023-05-21 22:27:03.147 [main] INFO  org.restct.RESTCT - Uncovered combinations: 59, sequence length: 14
2023-05-21 22:27:03.156 [main] INFO  org.restct.RESTCT - Uncovered combinations: 36, sequence length: 13
2023-05-21 22:27:03.177 [main] INFO  org.restct.RESTCT - Uncovered combinations: 21, sequence length: 12
2023-05-21 22:27:03.185 [main] INFO  org.restct.RESTCT - Uncovered combinations: 7, sequence length: 11
2023-05-21 22:27:03.188 [main] INFO  org.restct.RESTCT - Uncovered combinations: 1, sequence length: 8
2023-05-21 22:27:03.189 [main] INFO  org.restct.RESTCT - Uncovered combinations: 0, sequence length: 2
2023-05-21 22:27:03.198 [main] INFO  org.restct.RESTCT - 1-th operation: post*http://dev.virtualearth.net/REST/v1/Routes/SnapToRoadAsyncCallback
2023-05-21 22:27:03.590 [main] ERROR org.restct.RESTCT - Program execution failed: Index: 3, Size: 3
java.lang.IndexOutOfBoundsException: Index: 3, Size: 3
	at java.util.ArrayList.rangeCheck(ArrayList.java:657) ~[?:1.8.0_231]
	at java.util.ArrayList.get(ArrayList.java:433) ~[?:1.8.0_231]
	at org.restct.ACTS.parseOutput(CoveringArray.java:623) ~[classes/:?]
	at org.restct.ACTS.run(CoveringArray.java:644) ~[classes/:?]
	at org.restct.CoveringArray.genEssentialParamsCase(CoveringArray.java:193) ~[classes/:?]
	at org.restct.CoveringArray.run(CoveringArray.java:99) ~[classes/:?]
	at org.restct.RESTCT.run(RESTCT.java:121) [classes/:?]
	at org.restct.Main.main(Main.java:11) [classes/:?]
2023-05-21 22:27:03.598 [main] INFO  org.restct.RESTCT - Program execution time: 2167 ms.
