2023-05-21 18:38:11.683 [main] INFO  org.restct.RESTCT - Start running program.
2023-05-21 18:38:11.811 [main] INFO  org.restct.RESTCT - Operations: 4
2023-05-21 18:38:11.812 [main] INFO  org.restct.RESTCT - Examples found: 5
2023-05-21 18:38:11.836 [main] INFO  org.restct.RESTCT - Uncovered combinations: 6, sequence length: 4
2023-05-21 18:38:11.837 [main] INFO  org.restct.RESTCT - Uncovered combinations: 2, sequence length: 4
2023-05-21 18:38:11.839 [main] INFO  org.restct.RESTCT - Uncovered combinations: 1, sequence length: 3
2023-05-21 18:38:11.840 [main] INFO  org.restct.RESTCT - Uncovered combinations: 0, sequence length: 2
2023-05-21 18:38:11.844 [main] DEBUG org.restct.RESTCT - budget 3600 , now cost: 1.657
2023-05-21 18:38:11.848 [main] DEBUG org.restct.RESTCT - 1-th operation: get*http://dev.virtualearth.net/REST/v1/Elevation/Polyline
2023-05-21 18:38:11.864 [main] DEBUG org.restct.RESTCT -         generate new domains...
2023-05-21 18:38:11.865 [main] DEBUG org.restct.RESTCT -             key: 2 - [Enum]
2023-05-21 18:38:11.867 [main] DEBUG org.restct.RESTCT -             points: 2 - [Random, Default]
2023-05-21 18:38:11.868 [main] DEBUG org.restct.RESTCT -             samples: 2 - [Random, Default]
2023-05-21 18:38:12.608 [main] DEBUG org.restct.RESTCT - ACTS Exited with code 0
2023-05-21 18:38:12.610 [main] INFO  org.restct.RESTCT -         1-th operation essential parameters covering array size: 8, parameters: 3, constraints: 0
2023-05-21 18:38:14.092 [main] DEBUG org.restct.RESTCT -         generate new domains...
2023-05-21 18:38:14.093 [main] DEBUG org.restct.RESTCT -             heights: 3 - [Enum=ellipsoid, Enum=sealevel, NULL=null]
2023-05-21 18:38:14.093 [main] DEBUG org.restct.RESTCT -             key: 2 - [Enum=AlHl96AYbOKB8QxE_ETFXpSNVAFZP6wx0k30DlO7X8OIc3CzRtbUFThxUEj_byNG, Enum=AtI47DZkFsqZK_2Ks7A_68EwjlpTLNI2imXFZey-6jt_YnFE1n3SXVZ6umljRFch]
2023-05-21 18:38:14.093 [main] DEBUG org.restct.RESTCT -             points: 2 - [Random=35.89431,-110.72522,35.89393,-110.72578,35.9374, Default=35.89431,-110.72522,35.89393,-110.72578,35.89374]
2023-05-21 18:38:14.094 [main] DEBUG org.restct.RESTCT -             samples: 2 - [Random=5, Default=30]
2023-05-21 18:38:14.492 [main] DEBUG org.restct.RESTCT - ACTS Exited with code 0
2023-05-21 18:38:14.493 [main] INFO  org.restct.RESTCT -         1-th operation all parameters covering array size: 6, parameters: 4
2023-05-21 18:38:14.505 [main] INFO  org.restct.RESTCT - ****************************************************************************************************
2023-05-21 18:38:15.133 [main] DEBUG org.restct.RESTCT - 2-th operation: get*http://dev.virtualearth.net/REST/v1/Elevation/SeaLevel
2023-05-21 18:38:15.134 [main] DEBUG org.restct.RESTCT -         generate new domains...
2023-05-21 18:38:15.134 [main] DEBUG org.restct.RESTCT -             points: 2 - [Random, Default]
2023-05-21 18:38:15.135 [main] DEBUG org.restct.RESTCT -             key: 2 - [Enum]
2023-05-21 18:38:15.524 [main] DEBUG org.restct.RESTCT - ACTS Exited with code 0
2023-05-21 18:38:15.525 [main] INFO  org.restct.RESTCT -         2-th operation essential parameters covering array size: 4, parameters: 2, constraints: 0
2023-05-21 18:38:15.945 [main] DEBUG org.restct.RESTCT -         generate new domains...
2023-05-21 18:38:15.946 [main] DEBUG org.restct.RESTCT -             points: 2 - [Random=35.89431,-110.7252,35.89393,-110.72578,35.89374, Default=35.89431,-110.72522,35.89393,-110.72578,35.89374]
2023-05-21 18:38:15.946 [main] DEBUG org.restct.RESTCT -             key: 2 - [Enum=AlHl96AYbOKB8QxE_ETFXpSNVAFZP6wx0k30DlO7X8OIc3CzRtbUFThxUEj_byNG, Enum=AtI47DZkFsqZK_2Ks7A_68EwjlpTLNI2imXFZey-6jt_YnFE1n3SXVZ6umljRFch]
2023-05-21 18:38:16.280 [main] DEBUG org.restct.RESTCT - ACTS Exited with code 0
2023-05-21 18:38:16.281 [main] INFO  org.restct.RESTCT -         2-th operation all parameters covering array size: 4, parameters: 2
2023-05-21 18:38:16.281 [main] INFO  org.restct.RESTCT - ****************************************************************************************************
2023-05-21 18:38:16.700 [main] DEBUG org.restct.RESTCT - 3-th operation: get*http://dev.virtualearth.net/REST/v1/Elevation/Bounds
2023-05-21 18:38:16.701 [main] DEBUG org.restct.RESTCT -         generate new domains...
2023-05-21 18:38:16.701 [main] DEBUG org.restct.RESTCT -             bounds: 2 - [Random, Default]
2023-05-21 18:38:16.702 [main] DEBUG org.restct.RESTCT -             rows: 2 - [Random, Default]
2023-05-21 18:38:16.702 [main] DEBUG org.restct.RESTCT -             key: 2 - [Enum]
2023-05-21 18:38:16.703 [main] DEBUG org.restct.RESTCT -             cols: 2 - [Random, Default]
2023-05-21 18:38:17.078 [main] DEBUG org.restct.RESTCT - ACTS Exited with code 0
2023-05-21 18:38:17.079 [main] INFO  org.restct.RESTCT -         3-th operation essential parameters covering array size: 8, parameters: 4, constraints: 0
2023-05-21 18:38:20.226 [main] DEBUG org.restct.RESTCT -         generate new domains...
2023-05-21 18:38:20.226 [main] DEBUG org.restct.RESTCT -             heights: 3 - [Enum=ellipsoid, Enum=sealevel, NULL=null]
2023-05-21 18:38:20.227 [main] DEBUG org.restct.RESTCT -             bounds: 2 - [Random=45.219,-122.234,47.61,-12207, Default=45.219,-122.234,47.61,-122.07]
2023-05-21 18:38:20.227 [main] DEBUG org.restct.RESTCT -             rows: 2 - [Default=30, Random=1]
2023-05-21 18:38:20.228 [main] DEBUG org.restct.RESTCT -             key: 2 - [Enum=AlHl96AYbOKB8QxE_ETFXpSNVAFZP6wx0k30DlO7X8OIc3CzRtbUFThxUEj_byNG, Enum=AtI47DZkFsqZK_2Ks7A_68EwjlpTLNI2imXFZey-6jt_YnFE1n3SXVZ6umljRFch]
2023-05-21 18:38:20.228 [main] DEBUG org.restct.RESTCT -             cols: 2 - [Random=9, Default=15]
2023-05-21 18:38:20.617 [main] DEBUG org.restct.RESTCT - ACTS Exited with code 0
2023-05-21 18:38:20.618 [main] INFO  org.restct.RESTCT -         3-th operation all parameters covering array size: 6, parameters: 5
2023-05-21 18:38:20.618 [main] INFO  org.restct.RESTCT - ****************************************************************************************************
2023-05-21 18:38:22.167 [main] DEBUG org.restct.RESTCT - 4-th operation: get*http://dev.virtualearth.net/REST/v1/Elevation/List
2023-05-21 18:38:22.168 [main] DEBUG org.restct.RESTCT -         generate new domains...
2023-05-21 18:38:22.168 [main] DEBUG org.restct.RESTCT -             points: 2 - [Random, Default]
2023-05-21 18:38:22.168 [main] DEBUG org.restct.RESTCT -             key: 2 - [Enum]
2023-05-21 18:38:22.521 [main] DEBUG org.restct.RESTCT - ACTS Exited with code 0
2023-05-21 18:38:22.522 [main] INFO  org.restct.RESTCT -         4-th operation essential parameters covering array size: 4, parameters: 2, constraints: 0
2023-05-21 18:38:22.939 [main] DEBUG org.restct.RESTCT -         generate new domains...
2023-05-21 18:38:22.940 [main] DEBUG org.restct.RESTCT -             points: 2 - [Random=35.89431,-110.72522,35.89393,-1d10.72578,35.89374, Default=35.89431,-110.72522,35.89393,-110.72578,35.89374]
2023-05-21 18:38:22.940 [main] DEBUG org.restct.RESTCT -             heights: 3 - [Enum=ellipsoid, Enum=sealevel, NULL=null]
2023-05-21 18:38:22.941 [main] DEBUG org.restct.RESTCT -             key: 2 - [Enum=AlHl96AYbOKB8QxE_ETFXpSNVAFZP6wx0k30DlO7X8OIc3CzRtbUFThxUEj_byNG, Enum=AtI47DZkFsqZK_2Ks7A_68EwjlpTLNI2imXFZey-6jt_YnFE1n3SXVZ6umljRFch]
2023-05-21 18:38:23.302 [main] DEBUG org.restct.RESTCT - ACTS Exited with code 0
2023-05-21 18:38:23.303 [main] INFO  org.restct.RESTCT -         4-th operation all parameters covering array size: 6, parameters: 3
2023-05-21 18:38:23.304 [main] INFO  org.restct.RESTCT - ****************************************************************************************************
2023-05-21 18:38:23.930 [main] DEBUG org.restct.RESTCT -         generate new domains...
2023-05-21 18:38:23.930 [main] DEBUG org.restct.RESTCT -             points: 2 - [Random, Default]
2023-05-21 18:38:23.931 [main] DEBUG org.restct.RESTCT -             key: 2 - [Enum]
2023-05-21 18:38:24.289 [main] DEBUG org.restct.RESTCT - ACTS Exited with code 0
2023-05-21 18:38:24.290 [main] INFO  org.restct.RESTCT -         4-th operation essential parameters covering array size: 4, parameters: 2, constraints: 0
2023-05-21 18:38:24.707 [main] DEBUG org.restct.RESTCT -         generate new domains...
2023-05-21 18:38:24.708 [main] DEBUG org.restct.RESTCT -             points: 2 - [Random=35.89431,-110.72522,35.89393,-1d10.72578,35.89374, Default=35.89431,-110.72522,35.89393,-110.72578,35.89374]
2023-05-21 18:38:24.708 [main] DEBUG org.restct.RESTCT -             heights: 3 - [Enum=ellipsoid, Enum=sealevel, NULL=null]
2023-05-21 18:38:24.709 [main] DEBUG org.restct.RESTCT -             key: 2 - [Enum=AlHl96AYbOKB8QxE_ETFXpSNVAFZP6wx0k30DlO7X8OIc3CzRtbUFThxUEj_byNG, Enum=AtI47DZkFsqZK_2Ks7A_68EwjlpTLNI2imXFZey-6jt_YnFE1n3SXVZ6umljRFch]
2023-05-21 18:38:25.109 [main] DEBUG org.restct.RESTCT - ACTS Exited with code 0
2023-05-21 18:38:25.110 [main] INFO  org.restct.RESTCT -         4-th operation all parameters covering array size: 6, parameters: 3
2023-05-21 18:38:25.110 [main] INFO  org.restct.RESTCT - ****************************************************************************************************
2023-05-21 18:38:25.733 [main] DEBUG org.restct.RESTCT -         generate new domains...
2023-05-21 18:38:25.733 [main] DEBUG org.restct.RESTCT -             points: 2 - [Random, Default]
2023-05-21 18:38:25.734 [main] DEBUG org.restct.RESTCT -             key: 2 - [Enum]
2023-05-21 18:38:26.098 [main] DEBUG org.restct.RESTCT - ACTS Exited with code 0
2023-05-21 18:38:26.098 [main] INFO  org.restct.RESTCT -         4-th operation essential parameters covering array size: 4, parameters: 2, constraints: 0
2023-05-21 18:38:26.513 [main] DEBUG org.restct.RESTCT -         generate new domains...
2023-05-21 18:38:26.513 [main] DEBUG org.restct.RESTCT -             points: 2 - [Random=35.89431,-110.72522,35.89393,-1d10.72578,35.89374, Default=35.89431,-110.72522,35.89393,-110.72578,35.89374]
2023-05-21 18:38:26.514 [main] DEBUG org.restct.RESTCT -             heights: 3 - [Enum=ellipsoid, Enum=sealevel, NULL=null]
2023-05-21 18:38:26.514 [main] DEBUG org.restct.RESTCT -             key: 2 - [Enum=AlHl96AYbOKB8QxE_ETFXpSNVAFZP6wx0k30DlO7X8OIc3CzRtbUFThxUEj_byNG, Enum=AtI47DZkFsqZK_2Ks7A_68EwjlpTLNI2imXFZey-6jt_YnFE1n3SXVZ6umljRFch]
2023-05-21 18:38:26.877 [main] DEBUG org.restct.RESTCT - ACTS Exited with code 0
2023-05-21 18:38:26.878 [main] INFO  org.restct.RESTCT -         4-th operation all parameters covering array size: 6, parameters: 3
2023-05-21 18:38:26.878 [main] INFO  org.restct.RESTCT - ****************************************************************************************************
2023-05-21 18:38:27.497 [main] INFO  org.restct.RESTCT -    unresolved parameters:
2023-05-21 18:38:27.498 [main] DEBUG org.restct.RESTCT - budget 3600 , now cost: 17.311
2023-05-21 18:38:27.498 [main] DEBUG org.restct.RESTCT - 1-th operation: get*http://dev.virtualearth.net/REST/v1/Elevation/List
2023-05-21 18:38:27.499 [main] DEBUG org.restct.RESTCT -         generate new domains...
2023-05-21 18:38:27.499 [main] DEBUG org.restct.RESTCT -             points: 2 - [Random, Default]
2023-05-21 18:38:27.500 [main] DEBUG org.restct.RESTCT -             key: 2 - [Enum]
2023-05-21 18:38:27.891 [main] DEBUG org.restct.RESTCT - ACTS Exited with code 0
2023-05-21 18:38:27.893 [main] INFO  org.restct.RESTCT -         1-th operation essential parameters covering array size: 4, parameters: 2, constraints: 0
2023-05-21 18:38:28.306 [main] DEBUG org.restct.RESTCT -         generate new domains...
2023-05-21 18:38:28.307 [main] DEBUG org.restct.RESTCT -             points: 2 - [Random=35.89431,-110.72522,35.89393,-1d10.72578,35.89374, Default=35.89431,-110.72522,35.89393,-110.72578,35.89374]
2023-05-21 18:38:28.307 [main] DEBUG org.restct.RESTCT -             heights: 3 - [Enum=ellipsoid, Enum=sealevel, NULL=null]
2023-05-21 18:38:28.307 [main] DEBUG org.restct.RESTCT -             key: 2 - [Enum=AlHl96AYbOKB8QxE_ETFXpSNVAFZP6wx0k30DlO7X8OIc3CzRtbUFThxUEj_byNG, Enum=AtI47DZkFsqZK_2Ks7A_68EwjlpTLNI2imXFZey-6jt_YnFE1n3SXVZ6umljRFch]
2023-05-21 18:38:28.687 [main] DEBUG org.restct.RESTCT - ACTS Exited with code 0
2023-05-21 18:38:28.688 [main] INFO  org.restct.RESTCT -         1-th operation all parameters covering array size: 6, parameters: 3
2023-05-21 18:38:28.688 [main] INFO  org.restct.RESTCT - ****************************************************************************************************
2023-05-21 18:38:29.310 [main] DEBUG org.restct.RESTCT - 2-th operation: get*http://dev.virtualearth.net/REST/v1/Elevation/Polyline
2023-05-21 18:38:29.312 [main] DEBUG org.restct.RESTCT -         generate new domains...
2023-05-21 18:38:29.312 [main] DEBUG org.restct.RESTCT -             key: 2 - [Enum]
2023-05-21 18:38:29.312 [main] DEBUG org.restct.RESTCT -             points: 2 - [Random, Default]
2023-05-21 18:38:29.313 [main] DEBUG org.restct.RESTCT -             samples: 2 - [Random, Default]
2023-05-21 18:38:29.718 [main] DEBUG org.restct.RESTCT - ACTS Exited with code 0
2023-05-21 18:38:29.718 [main] INFO  org.restct.RESTCT -         2-th operation essential parameters covering array size: 8, parameters: 3, constraints: 0
2023-05-21 18:38:30.541 [main] DEBUG org.restct.RESTCT -         generate new domains...
2023-05-21 18:38:30.542 [main] DEBUG org.restct.RESTCT -             heights: 3 - [Enum=ellipsoid, Enum=sealevel, NULL=null]
2023-05-21 18:38:30.542 [main] DEBUG org.restct.RESTCT -             key: 2 - [Enum=AlHl96AYbOKB8QxE_ETFXpSNVAFZP6wx0k30DlO7X8OIc3CzRtbUFThxUEj_byNG, Enum=AtI47DZkFsqZK_2Ks7A_68EwjlpTLNI2imXFZey-6jt_YnFE1n3SXVZ6umljRFch]
2023-05-21 18:38:30.543 [main] DEBUG org.restct.RESTCT -             points: 2 - [Random=35.89431,-110.72522,35.89393,-110.72578,35.9374, Default=35.89431,-110.72522,35.89393,-110.72578,35.89374]
2023-05-21 18:38:30.543 [main] DEBUG org.restct.RESTCT -             samples: 2 - [Random=5, Default=30]
2023-05-21 18:38:30.905 [main] DEBUG org.restct.RESTCT - ACTS Exited with code 0
2023-05-21 18:38:30.906 [main] INFO  org.restct.RESTCT -         2-th operation all parameters covering array size: 6, parameters: 4
2023-05-21 18:38:30.906 [main] INFO  org.restct.RESTCT - ****************************************************************************************************
2023-05-21 18:38:31.529 [main] DEBUG org.restct.RESTCT - 3-th operation: get*http://dev.virtualearth.net/REST/v1/Elevation/Bounds
2023-05-21 18:38:31.530 [main] DEBUG org.restct.RESTCT -         generate new domains...
2023-05-21 18:38:31.530 [main] DEBUG org.restct.RESTCT -             bounds: 2 - [Random, Default]
2023-05-21 18:38:31.530 [main] DEBUG org.restct.RESTCT -             rows: 2 - [Random, Default]
2023-05-21 18:38:31.531 [main] DEBUG org.restct.RESTCT -             key: 2 - [Enum]
2023-05-21 18:38:31.531 [main] DEBUG org.restct.RESTCT -             cols: 2 - [Random, Default]
2023-05-21 18:38:31.903 [main] DEBUG org.restct.RESTCT - ACTS Exited with code 0
2023-05-21 18:38:31.903 [main] INFO  org.restct.RESTCT -         3-th operation essential parameters covering array size: 8, parameters: 4, constraints: 0
2023-05-21 18:38:33.638 [main] DEBUG org.restct.RESTCT -         generate new domains...
2023-05-21 18:38:33.639 [main] DEBUG org.restct.RESTCT -             heights: 3 - [Enum=ellipsoid, Enum=sealevel, NULL=null]
2023-05-21 18:38:33.639 [main] DEBUG org.restct.RESTCT -             bounds: 2 - [Random=45.219,-122.234,47.61,-12207, Default=45.219,-122.234,47.61,-122.07]
2023-05-21 18:38:33.639 [main] DEBUG org.restct.RESTCT -             rows: 2 - [Default=30, Random=1]
2023-05-21 18:38:33.640 [main] DEBUG org.restct.RESTCT -             key: 2 - [Enum=AlHl96AYbOKB8QxE_ETFXpSNVAFZP6wx0k30DlO7X8OIc3CzRtbUFThxUEj_byNG, Enum=AtI47DZkFsqZK_2Ks7A_68EwjlpTLNI2imXFZey-6jt_YnFE1n3SXVZ6umljRFch]
2023-05-21 18:38:33.640 [main] DEBUG org.restct.RESTCT -             cols: 2 - [Random=9, Default=15]
2023-05-21 18:38:34.014 [main] DEBUG org.restct.RESTCT - ACTS Exited with code 0
2023-05-21 18:38:34.015 [main] INFO  org.restct.RESTCT -         3-th operation all parameters covering array size: 6, parameters: 5
2023-05-21 18:38:34.015 [main] INFO  org.restct.RESTCT - ****************************************************************************************************
2023-05-21 18:38:35.377 [main] DEBUG org.restct.RESTCT - 4-th operation: get*http://dev.virtualearth.net/REST/v1/Elevation/SeaLevel
2023-05-21 18:38:35.378 [main] DEBUG org.restct.RESTCT -         generate new domains...
2023-05-21 18:38:35.379 [main] DEBUG org.restct.RESTCT -             points: 2 - [Random, Default]
2023-05-21 18:38:35.379 [main] DEBUG org.restct.RESTCT -             key: 2 - [Enum]
2023-05-21 18:38:35.736 [main] DEBUG org.restct.RESTCT - ACTS Exited with code 0
2023-05-21 18:38:35.737 [main] INFO  org.restct.RESTCT -         4-th operation essential parameters covering array size: 4, parameters: 2, constraints: 0
2023-05-21 18:38:36.154 [main] DEBUG org.restct.RESTCT -         generate new domains...
2023-05-21 18:38:36.155 [main] DEBUG org.restct.RESTCT -             points: 2 - [Random=35.89431,-110.7252,35.89393,-110.72578,35.89374, Default=35.89431,-110.72522,35.89393,-110.72578,35.89374]
2023-05-21 18:38:36.155 [main] DEBUG org.restct.RESTCT -             key: 2 - [Enum=AlHl96AYbOKB8QxE_ETFXpSNVAFZP6wx0k30DlO7X8OIc3CzRtbUFThxUEj_byNG, Enum=AtI47DZkFsqZK_2Ks7A_68EwjlpTLNI2imXFZey-6jt_YnFE1n3SXVZ6umljRFch]
2023-05-21 18:38:36.512 [main] DEBUG org.restct.RESTCT - ACTS Exited with code 0
2023-05-21 18:38:36.513 [main] INFO  org.restct.RESTCT -         4-th operation all parameters covering array size: 4, parameters: 2
2023-05-21 18:38:36.513 [main] INFO  org.restct.RESTCT - ****************************************************************************************************
2023-05-21 18:38:36.929 [main] DEBUG org.restct.RESTCT -         generate new domains...
2023-05-21 18:38:36.929 [main] DEBUG org.restct.RESTCT -             points: 2 - [Random, Default]
2023-05-21 18:38:36.930 [main] DEBUG org.restct.RESTCT -             key: 2 - [Enum]
2023-05-21 18:38:37.291 [main] DEBUG org.restct.RESTCT - ACTS Exited with code 0
2023-05-21 18:38:37.291 [main] INFO  org.restct.RESTCT -         4-th operation essential parameters covering array size: 4, parameters: 2, constraints: 0
2023-05-21 18:38:37.709 [main] DEBUG org.restct.RESTCT -         generate new domains...
2023-05-21 18:38:37.709 [main] DEBUG org.restct.RESTCT -             points: 2 - [Random=35.89431,-110.7252,35.89393,-110.72578,35.89374, Default=35.89431,-110.72522,35.89393,-110.72578,35.89374]
2023-05-21 18:38:37.709 [main] DEBUG org.restct.RESTCT -             key: 2 - [Enum=AlHl96AYbOKB8QxE_ETFXpSNVAFZP6wx0k30DlO7X8OIc3CzRtbUFThxUEj_byNG, Enum=AtI47DZkFsqZK_2Ks7A_68EwjlpTLNI2imXFZey-6jt_YnFE1n3SXVZ6umljRFch]
2023-05-21 18:38:38.074 [main] DEBUG org.restct.RESTCT - ACTS Exited with code 0
2023-05-21 18:38:38.075 [main] INFO  org.restct.RESTCT -         4-th operation all parameters covering array size: 4, parameters: 2
2023-05-21 18:38:38.075 [main] INFO  org.restct.RESTCT - ****************************************************************************************************
2023-05-21 18:38:38.503 [main] DEBUG org.restct.RESTCT -         generate new domains...
2023-05-21 18:38:38.504 [main] DEBUG org.restct.RESTCT -             points: 2 - [Random, Default]
2023-05-21 18:38:38.504 [main] DEBUG org.restct.RESTCT -             key: 2 - [Enum]
2023-05-21 18:38:38.868 [main] DEBUG org.restct.RESTCT - ACTS Exited with code 0
2023-05-21 18:38:38.869 [main] INFO  org.restct.RESTCT -         4-th operation essential parameters covering array size: 4, parameters: 2, constraints: 0
2023-05-21 18:38:39.284 [main] DEBUG org.restct.RESTCT -         generate new domains...
2023-05-21 18:38:39.284 [main] DEBUG org.restct.RESTCT -             points: 2 - [Random=35.89431,-110.7252,35.89393,-110.72578,35.89374, Default=35.89431,-110.72522,35.89393,-110.72578,35.89374]
2023-05-21 18:38:39.284 [main] DEBUG org.restct.RESTCT -             key: 2 - [Enum=AlHl96AYbOKB8QxE_ETFXpSNVAFZP6wx0k30DlO7X8OIc3CzRtbUFThxUEj_byNG, Enum=AtI47DZkFsqZK_2Ks7A_68EwjlpTLNI2imXFZey-6jt_YnFE1n3SXVZ6umljRFch]
2023-05-21 18:38:39.637 [main] DEBUG org.restct.RESTCT - ACTS Exited with code 0
2023-05-21 18:38:39.637 [main] INFO  org.restct.RESTCT -         4-th operation all parameters covering array size: 4, parameters: 2
2023-05-21 18:38:39.638 [main] INFO  org.restct.RESTCT - ****************************************************************************************************
2023-05-21 18:38:40.055 [main] INFO  org.restct.RESTCT -    unresolved parameters:
2023-05-21 18:38:40.055 [main] DEBUG org.restct.RESTCT - budget 3600 , now cost: 29.868
2023-05-21 18:38:40.056 [main] DEBUG org.restct.RESTCT - 1-th operation: get*http://dev.virtualearth.net/REST/v1/Elevation/Bounds
2023-05-21 18:38:40.056 [main] DEBUG org.restct.RESTCT -         use reuseSeq info: 1, parameters: 4
2023-05-21 18:38:40.056 [main] INFO  org.restct.RESTCT -         1-th operation essential parameters covering array size: 1, parameters: 4, constraints: 0
2023-05-21 18:38:40.403 [main] DEBUG org.restct.RESTCT -         use reuseSeq info: 1, parameters: 5
2023-05-21 18:38:40.403 [main] INFO  org.restct.RESTCT -         1-th operation all parameters covering array size: 1, parameters: 5
2023-05-21 18:38:40.404 [main] INFO  org.restct.RESTCT - ****************************************************************************************************
2023-05-21 18:38:40.804 [main] DEBUG org.restct.RESTCT - 2-th operation: get*http://dev.virtualearth.net/REST/v1/Elevation/Polyline
2023-05-21 18:38:40.804 [main] DEBUG org.restct.RESTCT -         generate new domains...
2023-05-21 18:38:40.805 [main] DEBUG org.restct.RESTCT -             key: 2 - [Enum]
2023-05-21 18:38:40.805 [main] DEBUG org.restct.RESTCT -             points: 2 - [Random, Default]
2023-05-21 18:38:40.805 [main] DEBUG org.restct.RESTCT -             samples: 2 - [Random, Default]
2023-05-21 18:38:41.300 [main] DEBUG org.restct.RESTCT - ACTS Exited with code 0
2023-05-21 18:38:41.300 [main] INFO  org.restct.RESTCT -         2-th operation essential parameters covering array size: 8, parameters: 3, constraints: 0
2023-05-21 18:38:42.123 [main] DEBUG org.restct.RESTCT -         generate new domains...
2023-05-21 18:38:42.124 [main] DEBUG org.restct.RESTCT -             heights: 3 - [Enum=ellipsoid, Enum=sealevel, NULL=null]
2023-05-21 18:38:42.124 [main] DEBUG org.restct.RESTCT -             key: 2 - [Enum=AlHl96AYbOKB8QxE_ETFXpSNVAFZP6wx0k30DlO7X8OIc3CzRtbUFThxUEj_byNG, Enum=AtI47DZkFsqZK_2Ks7A_68EwjlpTLNI2imXFZey-6jt_YnFE1n3SXVZ6umljRFch]
2023-05-21 18:38:42.124 [main] DEBUG org.restct.RESTCT -             points: 2 - [Random=35.89431,-110.72522,35.89393,-110.72578,35.9374, Default=35.89431,-110.72522,35.89393,-110.72578,35.89374]
2023-05-21 18:38:42.124 [main] DEBUG org.restct.RESTCT -             samples: 2 - [Random=5, Default=30]
2023-05-21 18:38:42.483 [main] DEBUG org.restct.RESTCT - ACTS Exited with code 0
2023-05-21 18:38:42.483 [main] INFO  org.restct.RESTCT -         2-th operation all parameters covering array size: 6, parameters: 4
2023-05-21 18:38:42.484 [main] INFO  org.restct.RESTCT - ****************************************************************************************************
2023-05-21 18:38:43.102 [main] DEBUG org.restct.RESTCT -         generate new domains...
2023-05-21 18:38:43.103 [main] DEBUG org.restct.RESTCT -             key: 2 - [Enum]
2023-05-21 18:38:43.103 [main] DEBUG org.restct.RESTCT -             points: 2 - [Random, Default]
2023-05-21 18:38:43.104 [main] DEBUG org.restct.RESTCT -             samples: 2 - [Random, Default]
2023-05-21 18:38:43.445 [main] DEBUG org.restct.RESTCT - ACTS Exited with code 0
2023-05-21 18:38:43.446 [main] INFO  org.restct.RESTCT -         2-th operation essential parameters covering array size: 8, parameters: 3, constraints: 0
2023-05-21 18:38:44.270 [main] DEBUG org.restct.RESTCT -         generate new domains...
2023-05-21 18:38:44.271 [main] DEBUG org.restct.RESTCT -             heights: 3 - [Enum=ellipsoid, Enum=sealevel, NULL=null]
2023-05-21 18:38:44.271 [main] DEBUG org.restct.RESTCT -             key: 2 - [Enum=AlHl96AYbOKB8QxE_ETFXpSNVAFZP6wx0k30DlO7X8OIc3CzRtbUFThxUEj_byNG, Enum=AtI47DZkFsqZK_2Ks7A_68EwjlpTLNI2imXFZey-6jt_YnFE1n3SXVZ6umljRFch]
2023-05-21 18:38:44.271 [main] DEBUG org.restct.RESTCT -             points: 2 - [Random=35.89431,-110.72522,35.89393,-110.72578,35.9374, Default=35.89431,-110.72522,35.89393,-110.72578,35.89374]
2023-05-21 18:38:44.271 [main] DEBUG org.restct.RESTCT -             samples: 2 - [Random=5, Default=30]
2023-05-21 18:38:44.663 [main] DEBUG org.restct.RESTCT - ACTS Exited with code 0
2023-05-21 18:38:44.664 [main] INFO  org.restct.RESTCT -         2-th operation all parameters covering array size: 6, parameters: 4
2023-05-21 18:38:44.664 [main] INFO  org.restct.RESTCT - ****************************************************************************************************
2023-05-21 18:38:45.282 [main] DEBUG org.restct.RESTCT -         generate new domains...
2023-05-21 18:38:45.282 [main] DEBUG org.restct.RESTCT -             key: 2 - [Enum]
2023-05-21 18:38:45.283 [main] DEBUG org.restct.RESTCT -             points: 2 - [Random, Default]
2023-05-21 18:38:45.283 [main] DEBUG org.restct.RESTCT -             samples: 2 - [Random, Default]
2023-05-21 18:38:45.655 [main] DEBUG org.restct.RESTCT - ACTS Exited with code 0
2023-05-21 18:38:45.655 [main] INFO  org.restct.RESTCT -         2-th operation essential parameters covering array size: 8, parameters: 3, constraints: 0
2023-05-21 18:38:46.473 [main] DEBUG org.restct.RESTCT -         generate new domains...
2023-05-21 18:38:46.473 [main] DEBUG org.restct.RESTCT -             heights: 3 - [Enum=ellipsoid, Enum=sealevel, NULL=null]
2023-05-21 18:38:46.473 [main] DEBUG org.restct.RESTCT -             key: 2 - [Enum=AlHl96AYbOKB8QxE_ETFXpSNVAFZP6wx0k30DlO7X8OIc3CzRtbUFThxUEj_byNG, Enum=AtI47DZkFsqZK_2Ks7A_68EwjlpTLNI2imXFZey-6jt_YnFE1n3SXVZ6umljRFch]
2023-05-21 18:38:46.474 [main] DEBUG org.restct.RESTCT -             points: 2 - [Random=35.89431,-110.72522,35.89393,-110.72578,35.9374, Default=35.89431,-110.72522,35.89393,-110.72578,35.89374]
2023-05-21 18:38:46.474 [main] DEBUG org.restct.RESTCT -             samples: 2 - [Random=5, Default=30]
2023-05-21 18:38:46.846 [main] DEBUG org.restct.RESTCT - ACTS Exited with code 0
2023-05-21 18:38:46.846 [main] INFO  org.restct.RESTCT -         2-th operation all parameters covering array size: 6, parameters: 4
2023-05-21 18:38:46.846 [main] INFO  org.restct.RESTCT - ****************************************************************************************************
2023-05-21 18:38:47.467 [main] DEBUG org.restct.RESTCT - 3-th operation: get*http://dev.virtualearth.net/REST/v1/Elevation/SeaLevel
2023-05-21 18:38:47.467 [main] DEBUG org.restct.RESTCT -         generate new domains...
2023-05-21 18:38:47.468 [main] DEBUG org.restct.RESTCT -             points: 2 - [Random, Default]
2023-05-21 18:38:47.468 [main] DEBUG org.restct.RESTCT -             key: 2 - [Enum]
2023-05-21 18:38:47.821 [main] DEBUG org.restct.RESTCT - ACTS Exited with code 0
2023-05-21 18:38:47.822 [main] INFO  org.restct.RESTCT -         3-th operation essential parameters covering array size: 4, parameters: 2, constraints: 0
2023-05-21 18:38:48.237 [main] DEBUG org.restct.RESTCT -         generate new domains...
2023-05-21 18:38:48.237 [main] DEBUG org.restct.RESTCT -             points: 2 - [Random=35.89431,-110.7252,35.89393,-110.72578,35.89374, Default=35.89431,-110.72522,35.89393,-110.72578,35.89374]
2023-05-21 18:38:48.237 [main] DEBUG org.restct.RESTCT -             key: 2 - [Enum=AlHl96AYbOKB8QxE_ETFXpSNVAFZP6wx0k30DlO7X8OIc3CzRtbUFThxUEj_byNG, Enum=AtI47DZkFsqZK_2Ks7A_68EwjlpTLNI2imXFZey-6jt_YnFE1n3SXVZ6umljRFch]
2023-05-21 18:38:48.580 [main] DEBUG org.restct.RESTCT - ACTS Exited with code 0
2023-05-21 18:38:48.581 [main] INFO  org.restct.RESTCT -         3-th operation all parameters covering array size: 4, parameters: 2
2023-05-21 18:38:48.581 [main] INFO  org.restct.RESTCT - ****************************************************************************************************
2023-05-21 18:38:48.992 [main] DEBUG org.restct.RESTCT -         generate new domains...
2023-05-21 18:38:48.992 [main] DEBUG org.restct.RESTCT -             points: 2 - [Random, Default]
2023-05-21 18:38:48.992 [main] DEBUG org.restct.RESTCT -             key: 2 - [Enum]
2023-05-21 18:38:49.335 [main] DEBUG org.restct.RESTCT - ACTS Exited with code 0
2023-05-21 18:38:49.336 [main] INFO  org.restct.RESTCT -         3-th operation essential parameters covering array size: 4, parameters: 2, constraints: 0
2023-05-21 18:38:49.748 [main] DEBUG org.restct.RESTCT -         generate new domains...
2023-05-21 18:38:49.749 [main] DEBUG org.restct.RESTCT -             points: 2 - [Random=35.89431,-110.7252,35.89393,-110.72578,35.89374, Default=35.89431,-110.72522,35.89393,-110.72578,35.89374]
2023-05-21 18:38:49.749 [main] DEBUG org.restct.RESTCT -             key: 2 - [Enum=AlHl96AYbOKB8QxE_ETFXpSNVAFZP6wx0k30DlO7X8OIc3CzRtbUFThxUEj_byNG, Enum=AtI47DZkFsqZK_2Ks7A_68EwjlpTLNI2imXFZey-6jt_YnFE1n3SXVZ6umljRFch]
2023-05-21 18:38:50.095 [main] DEBUG org.restct.RESTCT - ACTS Exited with code 0
2023-05-21 18:38:50.096 [main] INFO  org.restct.RESTCT -         3-th operation all parameters covering array size: 4, parameters: 2
2023-05-21 18:38:50.096 [main] INFO  org.restct.RESTCT - ****************************************************************************************************
2023-05-21 18:38:50.510 [main] DEBUG org.restct.RESTCT -         generate new domains...
2023-05-21 18:38:50.510 [main] DEBUG org.restct.RESTCT -             points: 2 - [Random, Default]
2023-05-21 18:38:50.511 [main] DEBUG org.restct.RESTCT -             key: 2 - [Enum]
2023-05-21 18:38:50.860 [main] DEBUG org.restct.RESTCT - ACTS Exited with code 0
2023-05-21 18:38:50.861 [main] INFO  org.restct.RESTCT -         3-th operation essential parameters covering array size: 4, parameters: 2, constraints: 0
2023-05-21 18:38:51.275 [main] DEBUG org.restct.RESTCT -         generate new domains...
2023-05-21 18:38:51.275 [main] DEBUG org.restct.RESTCT -             points: 2 - [Random=35.89431,-110.7252,35.89393,-110.72578,35.89374, Default=35.89431,-110.72522,35.89393,-110.72578,35.89374]
2023-05-21 18:38:51.276 [main] DEBUG org.restct.RESTCT -             key: 2 - [Enum=AlHl96AYbOKB8QxE_ETFXpSNVAFZP6wx0k30DlO7X8OIc3CzRtbUFThxUEj_byNG, Enum=AtI47DZkFsqZK_2Ks7A_68EwjlpTLNI2imXFZey-6jt_YnFE1n3SXVZ6umljRFch]
2023-05-21 18:38:51.623 [main] DEBUG org.restct.RESTCT - ACTS Exited with code 0
2023-05-21 18:38:51.623 [main] INFO  org.restct.RESTCT -         3-th operation all parameters covering array size: 4, parameters: 2
2023-05-21 18:38:51.624 [main] INFO  org.restct.RESTCT - ****************************************************************************************************
2023-05-21 18:38:52.037 [main] INFO  org.restct.RESTCT -    unresolved parameters:
2023-05-21 18:38:52.039 [main] DEBUG org.restct.RESTCT - budget 3600 , now cost: 41.852
2023-05-21 18:38:52.039 [main] DEBUG org.restct.RESTCT - 1-th operation: get*http://dev.virtualearth.net/REST/v1/Elevation/SeaLevel
2023-05-21 18:38:52.039 [main] DEBUG org.restct.RESTCT -         generate new domains...
2023-05-21 18:38:52.039 [main] DEBUG org.restct.RESTCT -             points: 2 - [Random, Default]
2023-05-21 18:38:52.040 [main] DEBUG org.restct.RESTCT -             key: 2 - [Enum]
2023-05-21 18:38:52.415 [main] DEBUG org.restct.RESTCT - ACTS Exited with code 0
2023-05-21 18:38:52.416 [main] INFO  org.restct.RESTCT -         1-th operation essential parameters covering array size: 4, parameters: 2, constraints: 0
2023-05-21 18:38:52.829 [main] DEBUG org.restct.RESTCT -         generate new domains...
2023-05-21 18:38:52.829 [main] DEBUG org.restct.RESTCT -             points: 2 - [Random=35.89431,-110.7252,35.89393,-110.72578,35.89374, Default=35.89431,-110.72522,35.89393,-110.72578,35.89374]
2023-05-21 18:38:52.829 [main] DEBUG org.restct.RESTCT -             key: 2 - [Enum=AlHl96AYbOKB8QxE_ETFXpSNVAFZP6wx0k30DlO7X8OIc3CzRtbUFThxUEj_byNG, Enum=AtI47DZkFsqZK_2Ks7A_68EwjlpTLNI2imXFZey-6jt_YnFE1n3SXVZ6umljRFch]
2023-05-21 18:38:53.199 [main] DEBUG org.restct.RESTCT - ACTS Exited with code 0
2023-05-21 18:38:53.199 [main] INFO  org.restct.RESTCT -         1-th operation all parameters covering array size: 4, parameters: 2
2023-05-21 18:38:53.200 [main] INFO  org.restct.RESTCT - ****************************************************************************************************
2023-05-21 18:38:53.615 [main] DEBUG org.restct.RESTCT - 2-th operation: get*http://dev.virtualearth.net/REST/v1/Elevation/Polyline
2023-05-21 18:38:53.615 [main] DEBUG org.restct.RESTCT -         generate new domains...
2023-05-21 18:38:53.615 [main] DEBUG org.restct.RESTCT -             key: 2 - [Enum]
2023-05-21 18:38:53.616 [main] DEBUG org.restct.RESTCT -             points: 2 - [Random, Default]
2023-05-21 18:38:53.616 [main] DEBUG org.restct.RESTCT -             samples: 2 - [Random, Default]
2023-05-21 18:38:53.987 [main] DEBUG org.restct.RESTCT - ACTS Exited with code 0
2023-05-21 18:38:53.987 [main] INFO  org.restct.RESTCT -         2-th operation essential parameters covering array size: 8, parameters: 3, constraints: 0
2023-05-21 18:38:54.861 [main] DEBUG org.restct.RESTCT -         generate new domains...
2023-05-21 18:38:54.861 [main] DEBUG org.restct.RESTCT -             heights: 3 - [Enum=ellipsoid, Enum=sealevel, NULL=null]
2023-05-21 18:38:54.861 [main] DEBUG org.restct.RESTCT -             key: 2 - [Enum=AlHl96AYbOKB8QxE_ETFXpSNVAFZP6wx0k30DlO7X8OIc3CzRtbUFThxUEj_byNG, Enum=AtI47DZkFsqZK_2Ks7A_68EwjlpTLNI2imXFZey-6jt_YnFE1n3SXVZ6umljRFch]
2023-05-21 18:38:54.862 [main] DEBUG org.restct.RESTCT -             points: 2 - [Random=35.89431,-110.72522,35.89393,-110.72578,35.9374, Default=35.89431,-110.72522,35.89393,-110.72578,35.89374]
2023-05-21 18:38:54.862 [main] DEBUG org.restct.RESTCT -             samples: 2 - [Random=5, Default=30]
2023-05-21 18:38:55.311 [main] DEBUG org.restct.RESTCT - ACTS Exited with code 0
2023-05-21 18:38:55.312 [main] INFO  org.restct.RESTCT -         2-th operation all parameters covering array size: 6, parameters: 4
2023-05-21 18:38:55.312 [main] INFO  org.restct.RESTCT - ****************************************************************************************************
2023-05-21 18:38:55.931 [main] INFO  org.restct.RESTCT -    unresolved parameters:
2023-05-21 18:38:55.938 [main] DEBUG org.restct.RESTCT - SequenceInfo [4, 3]
 Sequence Tested [1, 13, 0, 16, 12]
, bug 0
, total 218
 cost 0.7624

2023-05-21 18:38:55.942 [main] INFO  org.restct.RESTCT - Elevations,2,3,2,4.0,3.00,0.08,0.00,12,0,218,15,0.76

2023-05-21 18:38:55.942 [main] INFO  org.restct.RESTCT - Program execution time: 45755 ms.
